{"/Users/jason/Documents/GitHub/DatingApp/.detoxrc.js": {"path":"/Users/jason/Documents/GitHub/DatingApp/.detoxrc.js","statementMap":{"0":{"start":{"line":1,"column":0},"end":{"line":41,"column":2}}},"fnMap":{},"branchMap":{},"s":{"0":0},"f":{},"b":{}}
,"/Users/jason/Documents/GitHub/DatingApp/.eslintrc.js": {"path":"/Users/jason/Documents/GitHub/DatingApp/.eslintrc.js","statementMap":{"0":{"start":{"line":1,"column":0},"end":{"line":32,"column":2}}},"fnMap":{},"branchMap":{},"s":{"0":0},"f":{},"b":{}}
,"/Users/jason/Documents/GitHub/DatingApp/App.tsx": {"path":"/Users/jason/Documents/GitHub/DatingApp/App.tsx","statementMap":{"0":{"start":{"line":12,"column":2},"end":{"line":22,"column":4}},"1":{"start":{"line":27,"column":21},"end":{"line":27,"column":31}},"2":{"start":{"line":29,"column":2},"end":{"line":34,"column":3}}},"fnMap":{"0":{"name":"App","decl":{"start":{"line":11,"column":24},"end":{"line":11,"column":27}},"loc":{"start":{"line":11,"column":30},"end":{"line":23,"column":1}},"line":11},"1":{"name":"AppContent","decl":{"start":{"line":26,"column":9},"end":{"line":26,"column":19}},"loc":{"start":{"line":26,"column":22},"end":{"line":35,"column":1}},"line":26}},"branchMap":{"0":{"loc":{"start":{"line":31,"column":24},"end":{"line":31,"column":49}},"type":"cond-expr","locations":[{"start":{"line":31,"column":33},"end":{"line":31,"column":40}},{"start":{"line":31,"column":43},"end":{"line":31,"column":49}}],"line":31}},"s":{"0":0,"1":0,"2":0},"f":{"0":0,"1":0},"b":{"0":[0,0]}}
,"/Users/jason/Documents/GitHub/DatingApp/empty-module.js": {"path":"/Users/jason/Documents/GitHub/DatingApp/empty-module.js","statementMap":{"0":{"start":{"line":2,"column":0},"end":{"line":2,"column":20}}},"fnMap":{},"branchMap":{},"s":{"0":0},"f":{},"b":{}}
,"/Users/jason/Documents/GitHub/DatingApp/index.ts": {"path":"/Users/jason/Documents/GitHub/DatingApp/index.ts","statementMap":{"0":{"start":{"line":8,"column":0},"end":{"line":8,"column":27}}},"fnMap":{},"branchMap":{},"s":{"0":0},"f":{},"b":{}}
,"/Users/jason/Documents/GitHub/DatingApp/jest.config.js": {"path":"/Users/jason/Documents/GitHub/DatingApp/jest.config.js","statementMap":{"0":{"start":{"line":1,"column":0},"end":{"line":28,"column":2}}},"fnMap":{},"branchMap":{},"s":{"0":0},"f":{},"b":{}}
,"/Users/jason/Documents/GitHub/DatingApp/e2e/authFlow.e2e.js": {"path":"/Users/jason/Documents/GitHub/DatingApp/e2e/authFlow.e2e.js","statementMap":{"0":{"start":{"line":1,"column":0},"end":{"line":68,"column":3}},"1":{"start":{"line":2,"column":2},"end":{"line":4,"column":5}},"2":{"start":{"line":3,"column":4},"end":{"line":3,"column":50}},"3":{"start":{"line":6,"column":2},"end":{"line":8,"column":5}},"4":{"start":{"line":7,"column":4},"end":{"line":7,"column":37}},"5":{"start":{"line":10,"column":2},"end":{"line":15,"column":5}},"6":{"start":{"line":11,"column":4},"end":{"line":11,"column":63}},"7":{"start":{"line":12,"column":4},"end":{"line":12,"column":76}},"8":{"start":{"line":13,"column":4},"end":{"line":13,"column":60}},"9":{"start":{"line":14,"column":4},"end":{"line":14,"column":59}},"10":{"start":{"line":17,"column":2},"end":{"line":22,"column":5}},"11":{"start":{"line":18,"column":4},"end":{"line":18,"column":44}},"12":{"start":{"line":19,"column":4},"end":{"line":19,"column":67}},"13":{"start":{"line":20,"column":4},"end":{"line":20,"column":46}},"14":{"start":{"line":21,"column":4},"end":{"line":21,"column":63}},"15":{"start":{"line":24,"column":2},"end":{"line":29,"column":5}},"16":{"start":{"line":25,"column":4},"end":{"line":25,"column":43}},"17":{"start":{"line":26,"column":4},"end":{"line":26,"column":59}},"18":{"start":{"line":27,"column":4},"end":{"line":27,"column":46}},"19":{"start":{"line":28,"column":4},"end":{"line":28,"column":63}},"20":{"start":{"line":31,"column":2},"end":{"line":49,"column":5}},"21":{"start":{"line":32,"column":4},"end":{"line":32,"column":44}},"22":{"start":{"line":35,"column":4},"end":{"line":35,"column":69}},"23":{"start":{"line":36,"column":4},"end":{"line":36,"column":67}},"24":{"start":{"line":37,"column":4},"end":{"line":37,"column":75}},"25":{"start":{"line":40,"column":4},"end":{"line":40,"column":49}},"26":{"start":{"line":41,"column":4},"end":{"line":41,"column":52}},"27":{"start":{"line":44,"column":4},"end":{"line":44,"column":48}},"28":{"start":{"line":47,"column":4},"end":{"line":47,"column":62}},"29":{"start":{"line":48,"column":4},"end":{"line":48,"column":79}},"30":{"start":{"line":51,"column":2},"end":{"line":67,"column":5}},"31":{"start":{"line":53,"column":4},"end":{"line":53,"column":37}},"32":{"start":{"line":55,"column":4},"end":{"line":55,"column":43}},"33":{"start":{"line":58,"column":4},"end":{"line":58,"column":69}},"34":{"start":{"line":59,"column":4},"end":{"line":59,"column":67}},"35":{"start":{"line":62,"column":4},"end":{"line":62,"column":47}},"36":{"start":{"line":65,"column":4},"end":{"line":65,"column":62}},"37":{"start":{"line":66,"column":4},"end":{"line":66,"column":79}}},"fnMap":{"0":{"name":"(anonymous_0)","decl":{"start":{"line":1,"column":32},"end":{"line":1,"column":33}},"loc":{"start":{"line":1,"column":38},"end":{"line":68,"column":1}},"line":1},"1":{"name":"(anonymous_1)","decl":{"start":{"line":2,"column":12},"end":{"line":2,"column":13}},"loc":{"start":{"line":2,"column":24},"end":{"line":4,"column":3}},"line":2},"2":{"name":"(anonymous_2)","decl":{"start":{"line":6,"column":13},"end":{"line":6,"column":14}},"loc":{"start":{"line":6,"column":25},"end":{"line":8,"column":3}},"line":6},"3":{"name":"(anonymous_3)","decl":{"start":{"line":10,"column":56},"end":{"line":10,"column":57}},"loc":{"start":{"line":10,"column":68},"end":{"line":15,"column":3}},"line":10},"4":{"name":"(anonymous_4)","decl":{"start":{"line":17,"column":51},"end":{"line":17,"column":52}},"loc":{"start":{"line":17,"column":63},"end":{"line":22,"column":3}},"line":17},"5":{"name":"(anonymous_5)","decl":{"start":{"line":24,"column":50},"end":{"line":24,"column":51}},"loc":{"start":{"line":24,"column":62},"end":{"line":29,"column":3}},"line":24},"6":{"name":"(anonymous_6)","decl":{"start":{"line":31,"column":64},"end":{"line":31,"column":65}},"loc":{"start":{"line":31,"column":76},"end":{"line":49,"column":3}},"line":31},"7":{"name":"(anonymous_7)","decl":{"start":{"line":51,"column":62},"end":{"line":51,"column":63}},"loc":{"start":{"line":51,"column":74},"end":{"line":67,"column":3}},"line":51}},"branchMap":{},"s":{"0":0,"1":0,"2":0,"3":0,"4":0,"5":0,"6":0,"7":0,"8":0,"9":0,"10":0,"11":0,"12":0,"13":0,"14":0,"15":0,"16":0,"17":0,"18":0,"19":0,"20":0,"21":0,"22":0,"23":0,"24":0,"25":0,"26":0,"27":0,"28":0,"29":0,"30":0,"31":0,"32":0,"33":0,"34":0,"35":0,"36":0,"37":0},"f":{"0":0,"1":0,"2":0,"3":0,"4":0,"5":0,"6":0,"7":0},"b":{}}
,"/Users/jason/Documents/GitHub/DatingApp/e2e/jest.config.js": {"path":"/Users/jason/Documents/GitHub/DatingApp/e2e/jest.config.js","statementMap":{"0":{"start":{"line":1,"column":0},"end":{"line":10,"column":2}}},"fnMap":{},"branchMap":{},"s":{"0":0},"f":{},"b":{}}
,"/Users/jason/Documents/GitHub/DatingApp/scripts/checkProfiles.ts": {"path":"/Users/jason/Documents/GitHub/DatingApp/scripts/checkProfiles.ts","statementMap":{"0":{"start":{"line":5,"column":2},"end":{"line":23,"column":3}},"1":{"start":{"line":6,"column":4},"end":{"line":6,"column":55}},"2":{"start":{"line":7,"column":24},"end":{"line":7,"column":50}},"3":{"start":{"line":8,"column":21},"end":{"line":8,"column":47}},"4":{"start":{"line":10,"column":4},"end":{"line":13,"column":5}},"5":{"start":{"line":11,"column":6},"end":{"line":11,"column":56}},"6":{"start":{"line":12,"column":6},"end":{"line":12,"column":13}},"7":{"start":{"line":15,"column":4},"end":{"line":15,"column":52}},"8":{"start":{"line":16,"column":4},"end":{"line":19,"column":7}},"9":{"start":{"line":17,"column":6},"end":{"line":17,"column":45}},"10":{"start":{"line":18,"column":6},"end":{"line":18,"column":64}},"11":{"start":{"line":22,"column":4},"end":{"line":22,"column":53}},"12":{"start":{"line":27,"column":0},"end":{"line":27,"column":16}}},"fnMap":{"0":{"name":"checkProfiles","decl":{"start":{"line":4,"column":15},"end":{"line":4,"column":28}},"loc":{"start":{"line":4,"column":31},"end":{"line":24,"column":1}},"line":4},"1":{"name":"(anonymous_1)","decl":{"start":{"line":16,"column":21},"end":{"line":16,"column":22}},"loc":{"start":{"line":16,"column":28},"end":{"line":19,"column":5}},"line":16}},"branchMap":{"0":{"loc":{"start":{"line":10,"column":4},"end":{"line":13,"column":5}},"type":"if","locations":[{"start":{"line":10,"column":4},"end":{"line":13,"column":5}},{"start":{},"end":{}}],"line":10}},"s":{"0":0,"1":0,"2":0,"3":0,"4":0,"5":0,"6":0,"7":0,"8":0,"9":0,"10":0,"11":0,"12":0},"f":{"0":0,"1":0},"b":{"0":[0,0]}}
,"/Users/jason/Documents/GitHub/DatingApp/scripts/createTestUsers.js": {"path":"/Users/jason/Documents/GitHub/DatingApp/scripts/createTestUsers.js","statementMap":{"0":{"start":{"line":1,"column":0},"end":{"line":1,"column":46}},"1":{"start":{"line":2,"column":26},"end":{"line":2,"column":49}},"2":{"start":{"line":3,"column":65},"end":{"line":3,"column":94}},"3":{"start":{"line":4,"column":52},"end":{"line":4,"column":76}},"4":{"start":{"line":7,"column":23},"end":{"line":14,"column":1}},"5":{"start":{"line":17,"column":24},"end":{"line":24,"column":1}},"6":{"start":{"line":26,"column":23},"end":{"line":26,"column":79}},"7":{"start":{"line":26,"column":57},"end":{"line":26,"column":78}},"8":{"start":{"line":27,"column":0},"end":{"line":31,"column":1}},"9":{"start":{"line":28,"column":2},"end":{"line":28,"column":86}},"10":{"start":{"line":29,"column":2},"end":{"line":29,"column":83}},"11":{"start":{"line":30,"column":2},"end":{"line":30,"column":18}},"12":{"start":{"line":33,"column":12},"end":{"line":33,"column":41}},"13":{"start":{"line":34,"column":11},"end":{"line":34,"column":28}},"14":{"start":{"line":35,"column":13},"end":{"line":35,"column":25}},"15":{"start":{"line":38,"column":18},"end":{"line":451,"column":1}},"16":{"start":{"line":454,"column":2},"end":{"line":454,"column":48}},"17":{"start":{"line":456,"column":2},"end":{"line":498,"column":3}},"18":{"start":{"line":457,"column":4},"end":{"line":497,"column":5}},"19":{"start":{"line":459,"column":29},"end":{"line":463,"column":7}},"20":{"start":{"line":465,"column":18},"end":{"line":465,"column":41}},"21":{"start":{"line":466,"column":6},"end":{"line":466,"column":75}},"22":{"start":{"line":469,"column":26},"end":{"line":486,"column":7}},"23":{"start":{"line":488,"column":6},"end":{"line":488,"column":58}},"24":{"start":{"line":489,"column":6},"end":{"line":489,"column":74}},"25":{"start":{"line":492,"column":6},"end":{"line":492,"column":69}},"26":{"start":{"line":494,"column":6},"end":{"line":496,"column":7}},"27":{"start":{"line":495,"column":8},"end":{"line":495,"column":74}},"28":{"start":{"line":500,"column":2},"end":{"line":500,"column":46}},"29":{"start":{"line":501,"column":2},"end":{"line":501,"column":18}},"30":{"start":{"line":505,"column":0},"end":{"line":505,"column":39}}},"fnMap":{"0":{"name":"(anonymous_0)","decl":{"start":{"line":26,"column":46},"end":{"line":26,"column":47}},"loc":{"start":{"line":26,"column":57},"end":{"line":26,"column":78}},"line":26},"1":{"name":"createTestUsers","decl":{"start":{"line":453,"column":15},"end":{"line":453,"column":30}},"loc":{"start":{"line":453,"column":33},"end":{"line":502,"column":1}},"line":453}},"branchMap":{"0":{"loc":{"start":{"line":27,"column":0},"end":{"line":31,"column":1}},"type":"if","locations":[{"start":{"line":27,"column":0},"end":{"line":31,"column":1}},{"start":{},"end":{}}],"line":27},"1":{"loc":{"start":{"line":494,"column":6},"end":{"line":496,"column":7}},"type":"if","locations":[{"start":{"line":494,"column":6},"end":{"line":496,"column":7}},{"start":{},"end":{}}],"line":494}},"s":{"0":0,"1":0,"2":0,"3":0,"4":0,"5":0,"6":0,"7":0,"8":0,"9":0,"10":0,"11":0,"12":0,"13":0,"14":0,"15":0,"16":0,"17":0,"18":0,"19":0,"20":0,"21":0,"22":0,"23":0,"24":0,"25":0,"26":0,"27":0,"28":0,"29":0,"30":0},"f":{"0":0,"1":0},"b":{"0":[0,0],"1":[0,0]}}
,"/Users/jason/Documents/GitHub/DatingApp/scripts/createTestUsers.ts": {"path":"/Users/jason/Documents/GitHub/DatingApp/scripts/createTestUsers.ts","statementMap":{"0":{"start":{"line":8,"column":0},"end":{"line":8,"column":35}},"1":{"start":{"line":42,"column":23},"end":{"line":49,"column":1}},"2":{"start":{"line":52,"column":24},"end":{"line":59,"column":1}},"3":{"start":{"line":61,"column":23},"end":{"line":61,"column":79}},"4":{"start":{"line":61,"column":57},"end":{"line":61,"column":78}},"5":{"start":{"line":62,"column":0},"end":{"line":66,"column":1}},"6":{"start":{"line":63,"column":2},"end":{"line":63,"column":86}},"7":{"start":{"line":64,"column":2},"end":{"line":64,"column":83}},"8":{"start":{"line":65,"column":2},"end":{"line":65,"column":18}},"9":{"start":{"line":68,"column":12},"end":{"line":68,"column":41}},"10":{"start":{"line":69,"column":11},"end":{"line":69,"column":28}},"11":{"start":{"line":70,"column":13},"end":{"line":70,"column":25}},"12":{"start":{"line":74,"column":16},"end":{"line":74,"column":35}},"13":{"start":{"line":75,"column":16},"end":{"line":75,"column":26}},"14":{"start":{"line":76,"column":12},"end":{"line":76,"column":53}},"15":{"start":{"line":77,"column":20},"end":{"line":77,"column":55}},"16":{"start":{"line":79,"column":2},"end":{"line":81,"column":3}},"17":{"start":{"line":80,"column":4},"end":{"line":80,"column":10}},"18":{"start":{"line":83,"column":2},"end":{"line":83,"column":13}},"19":{"start":{"line":93,"column":30},"end":{"line":525,"column":1}},"20":{"start":{"line":528,"column":2},"end":{"line":528,"column":48}},"21":{"start":{"line":530,"column":2},"end":{"line":556,"column":3}},"22":{"start":{"line":531,"column":4},"end":{"line":555,"column":5}},"23":{"start":{"line":533,"column":29},"end":{"line":537,"column":7}},"24":{"start":{"line":539,"column":18},"end":{"line":539,"column":41}},"25":{"start":{"line":540,"column":6},"end":{"line":540,"column":75}},"26":{"start":{"line":543,"column":39},"end":{"line":548,"column":7}},"27":{"start":{"line":550,"column":6},"end":{"line":550,"column":58}},"28":{"start":{"line":551,"column":6},"end":{"line":551,"column":74}},"29":{"start":{"line":554,"column":6},"end":{"line":554,"column":69}},"30":{"start":{"line":558,"column":2},"end":{"line":558,"column":46}},"31":{"start":{"line":562,"column":0},"end":{"line":562,"column":39}}},"fnMap":{"0":{"name":"(anonymous_0)","decl":{"start":{"line":61,"column":46},"end":{"line":61,"column":47}},"loc":{"start":{"line":61,"column":57},"end":{"line":61,"column":78}},"line":61},"1":{"name":"calculateAge","decl":{"start":{"line":73,"column":9},"end":{"line":73,"column":21}},"loc":{"start":{"line":73,"column":49},"end":{"line":84,"column":1}},"line":73},"2":{"name":"createTestUsers","decl":{"start":{"line":527,"column":15},"end":{"line":527,"column":30}},"loc":{"start":{"line":527,"column":33},"end":{"line":559,"column":1}},"line":527}},"branchMap":{"0":{"loc":{"start":{"line":62,"column":0},"end":{"line":66,"column":1}},"type":"if","locations":[{"start":{"line":62,"column":0},"end":{"line":66,"column":1}},{"start":{},"end":{}}],"line":62},"1":{"loc":{"start":{"line":79,"column":2},"end":{"line":81,"column":3}},"type":"if","locations":[{"start":{"line":79,"column":2},"end":{"line":81,"column":3}},{"start":{},"end":{}}],"line":79},"2":{"loc":{"start":{"line":79,"column":6},"end":{"line":79,"column":77}},"type":"binary-expr","locations":[{"start":{"line":79,"column":6},"end":{"line":79,"column":19}},{"start":{"line":79,"column":24},"end":{"line":79,"column":39}},{"start":{"line":79,"column":43},"end":{"line":79,"column":76}}],"line":79}},"s":{"0":0,"1":0,"2":0,"3":0,"4":0,"5":0,"6":0,"7":0,"8":0,"9":0,"10":0,"11":0,"12":0,"13":0,"14":0,"15":0,"16":0,"17":0,"18":0,"19":0,"20":0,"21":0,"22":0,"23":0,"24":0,"25":0,"26":0,"27":0,"28":0,"29":0,"30":0,"31":0},"f":{"0":0,"1":0,"2":0},"b":{"0":[0,0],"1":[0,0],"2":[0,0,0]}}
,"/Users/jason/Documents/GitHub/DatingApp/scripts/migrateUserPreferences.ts": {"path":"/Users/jason/Documents/GitHub/DatingApp/scripts/migrateUserPreferences.ts","statementMap":{"0":{"start":{"line":6,"column":23},"end":{"line":6,"column":58}},"1":{"start":{"line":8,"column":0},"end":{"line":10,"column":3}},"2":{"start":{"line":12,"column":11},"end":{"line":12,"column":25}},"3":{"start":{"line":17,"column":28},"end":{"line":20,"column":38}},"4":{"start":{"line":23,"column":18},"end":{"line":23,"column":64}},"5":{"start":{"line":24,"column":17},"end":{"line":24,"column":42}},"6":{"start":{"line":25,"column":17},"end":{"line":25,"column":44}},"7":{"start":{"line":28,"column":21},"end":{"line":28,"column":46}},"8":{"start":{"line":28,"column":27},"end":{"line":28,"column":46}},"9":{"start":{"line":29,"column":26},"end":{"line":29,"column":89}},"10":{"start":{"line":29,"column":46},"end":{"line":29,"column":89}},"11":{"start":{"line":30,"column":34},"end":{"line":34,"column":3}},"12":{"start":{"line":31,"column":18},"end":{"line":31,"column":67}},"13":{"start":{"line":32,"column":21},"end":{"line":32,"column":61}},"14":{"start":{"line":32,"column":41},"end":{"line":32,"column":60}},"15":{"start":{"line":33,"column":4},"end":{"line":33,"column":36}},"16":{"start":{"line":37,"column":41},"end":{"line":128,"column":3}},"17":{"start":{"line":130,"column":2},"end":{"line":130,"column":21}},"18":{"start":{"line":134,"column":16},"end":{"line":134,"column":35}},"19":{"start":{"line":135,"column":16},"end":{"line":135,"column":26}},"20":{"start":{"line":136,"column":12},"end":{"line":136,"column":53}},"21":{"start":{"line":137,"column":20},"end":{"line":137,"column":55}},"22":{"start":{"line":139,"column":2},"end":{"line":141,"column":3}},"23":{"start":{"line":140,"column":4},"end":{"line":140,"column":10}},"24":{"start":{"line":143,"column":2},"end":{"line":143,"column":13}},"25":{"start":{"line":147,"column":2},"end":{"line":147,"column":56}},"26":{"start":{"line":149,"column":2},"end":{"line":194,"column":3}},"27":{"start":{"line":151,"column":29},"end":{"line":151,"column":66}},"28":{"start":{"line":152,"column":4},"end":{"line":152,"column":69}},"29":{"start":{"line":154,"column":23},"end":{"line":154,"column":24}},"30":{"start":{"line":155,"column":21},"end":{"line":155,"column":22}},"31":{"start":{"line":158,"column":4},"end":{"line":185,"column":5}},"32":{"start":{"line":159,"column":6},"end":{"line":184,"column":7}},"33":{"start":{"line":160,"column":24},"end":{"line":160,"column":34}},"34":{"start":{"line":161,"column":28},"end":{"line":161,"column":63}},"35":{"start":{"line":164,"column":8},"end":{"line":167,"column":11}},"36":{"start":{"line":170,"column":24},"end":{"line":170,"column":70}},"37":{"start":{"line":171,"column":8},"end":{"line":176,"column":9}},"38":{"start":{"line":172,"column":10},"end":{"line":175,"column":13}},"39":{"start":{"line":178,"column":8},"end":{"line":178,"column":23}},"40":{"start":{"line":179,"column":8},"end":{"line":179,"column":82}},"41":{"start":{"line":182,"column":8},"end":{"line":182,"column":21}},"42":{"start":{"line":183,"column":8},"end":{"line":183,"column":68}},"43":{"start":{"line":187,"column":4},"end":{"line":187,"column":42}},"44":{"start":{"line":188,"column":4},"end":{"line":188,"column":66}},"45":{"start":{"line":189,"column":4},"end":{"line":189,"column":41}},"46":{"start":{"line":192,"column":4},"end":{"line":192,"column":46}},"47":{"start":{"line":193,"column":4},"end":{"line":193,"column":20}},"48":{"start":{"line":198,"column":0},"end":{"line":206,"column":5}},"49":{"start":{"line":200,"column":4},"end":{"line":200,"column":51}},"50":{"start":{"line":201,"column":4},"end":{"line":201,"column":20}},"51":{"start":{"line":204,"column":4},"end":{"line":204,"column":45}},"52":{"start":{"line":205,"column":4},"end":{"line":205,"column":20}}},"fnMap":{"0":{"name":"generatePreferencesForUser","decl":{"start":{"line":15,"column":9},"end":{"line":15,"column":35}},"loc":{"start":{"line":15,"column":69},"end":{"line":131,"column":1}},"line":15},"1":{"name":"(anonymous_1)","decl":{"start":{"line":28,"column":21},"end":{"line":28,"column":22}},"loc":{"start":{"line":28,"column":27},"end":{"line":28,"column":46}},"line":28},"2":{"name":"(anonymous_2)","decl":{"start":{"line":29,"column":26},"end":{"line":29,"column":27}},"loc":{"start":{"line":29,"column":46},"end":{"line":29,"column":89}},"line":29},"3":{"name":"(anonymous_3)","decl":{"start":{"line":30,"column":34},"end":{"line":30,"column":35}},"loc":{"start":{"line":30,"column":82},"end":{"line":34,"column":3}},"line":30},"4":{"name":"(anonymous_4)","decl":{"start":{"line":32,"column":35},"end":{"line":32,"column":36}},"loc":{"start":{"line":32,"column":41},"end":{"line":32,"column":60}},"line":32},"5":{"name":"calculateAge","decl":{"start":{"line":133,"column":9},"end":{"line":133,"column":21}},"loc":{"start":{"line":133,"column":49},"end":{"line":144,"column":1}},"line":133},"6":{"name":"migrateUserPreferences","decl":{"start":{"line":146,"column":15},"end":{"line":146,"column":37}},"loc":{"start":{"line":146,"column":40},"end":{"line":195,"column":1}},"line":146},"7":{"name":"(anonymous_7)","decl":{"start":{"line":199,"column":8},"end":{"line":199,"column":9}},"loc":{"start":{"line":199,"column":14},"end":{"line":202,"column":3}},"line":199},"8":{"name":"(anonymous_8)","decl":{"start":{"line":203,"column":9},"end":{"line":203,"column":10}},"loc":{"start":{"line":203,"column":20},"end":{"line":206,"column":3}},"line":203}},"branchMap":{"0":{"loc":{"start":{"line":17,"column":28},"end":{"line":20,"column":38}},"type":"binary-expr","locations":[{"start":{"line":17,"column":28},"end":{"line":17,"column":48}},{"start":{"line":18,"column":5},"end":{"line":20,"column":37}}],"line":17},"1":{"loc":{"start":{"line":18,"column":5},"end":{"line":20,"column":37}},"type":"cond-expr","locations":[{"start":{"line":18,"column":33},"end":{"line":18,"column":43}},{"start":{"line":19,"column":5},"end":{"line":20,"column":37}}],"line":18},"2":{"loc":{"start":{"line":19,"column":5},"end":{"line":20,"column":37}},"type":"cond-expr","locations":[{"start":{"line":19,"column":35},"end":{"line":19,"column":43}},{"start":{"line":20,"column":5},"end":{"line":20,"column":37}}],"line":19},"3":{"loc":{"start":{"line":23,"column":18},"end":{"line":23,"column":64}},"type":"binary-expr","locations":[{"start":{"line":23,"column":18},"end":{"line":23,"column":29}},{"start":{"line":23,"column":33},"end":{"line":23,"column":64}}],"line":23},"4":{"loc":{"start":{"line":45,"column":18},"end":{"line":45,"column":55}},"type":"binary-expr","locations":[{"start":{"line":45,"column":18},"end":{"line":45,"column":44}},{"start":{"line":45,"column":48},"end":{"line":45,"column":55}}],"line":45},"5":{"loc":{"start":{"line":46,"column":19},"end":{"line":46,"column":59}},"type":"binary-expr","locations":[{"start":{"line":46,"column":19},"end":{"line":46,"column":46}},{"start":{"line":46,"column":50},"end":{"line":46,"column":59}}],"line":46},"6":{"loc":{"start":{"line":67,"column":13},"end":{"line":67,"column":88}},"type":"cond-expr","locations":[{"start":{"line":67,"column":35},"end":{"line":67,"column":37}},{"start":{"line":67,"column":40},"end":{"line":67,"column":88}}],"line":67},"7":{"loc":{"start":{"line":68,"column":15},"end":{"line":68,"column":93}},"type":"cond-expr","locations":[{"start":{"line":68,"column":37},"end":{"line":68,"column":42}},{"start":{"line":68,"column":45},"end":{"line":68,"column":93}}],"line":68},"8":{"loc":{"start":{"line":73,"column":13},"end":{"line":73,"column":87}},"type":"cond-expr","locations":[{"start":{"line":73,"column":35},"end":{"line":73,"column":37}},{"start":{"line":73,"column":40},"end":{"line":73,"column":87}}],"line":73},"9":{"loc":{"start":{"line":74,"column":15},"end":{"line":74,"column":92}},"type":"cond-expr","locations":[{"start":{"line":74,"column":37},"end":{"line":74,"column":42}},{"start":{"line":74,"column":45},"end":{"line":74,"column":92}}],"line":74},"10":{"loc":{"start":{"line":89,"column":11},"end":{"line":89,"column":73}},"type":"cond-expr","locations":[{"start":{"line":89,"column":41},"end":{"line":89,"column":61}},{"start":{"line":89,"column":64},"end":{"line":89,"column":73}}],"line":89},"11":{"loc":{"start":{"line":90,"column":11},"end":{"line":90,"column":71}},"type":"cond-expr","locations":[{"start":{"line":90,"column":39},"end":{"line":90,"column":59}},{"start":{"line":90,"column":62},"end":{"line":90,"column":71}}],"line":90},"12":{"loc":{"start":{"line":102,"column":18},"end":{"line":104,"column":46}},"type":"cond-expr","locations":[{"start":{"line":103,"column":8},"end":{"line":103,"column":33}},{"start":{"line":104,"column":8},"end":{"line":104,"column":46}}],"line":102},"13":{"loc":{"start":{"line":110,"column":18},"end":{"line":112,"column":64}},"type":"cond-expr","locations":[{"start":{"line":111,"column":8},"end":{"line":111,"column":35}},{"start":{"line":112,"column":8},"end":{"line":112,"column":64}}],"line":110},"14":{"loc":{"start":{"line":118,"column":18},"end":{"line":120,"column":50}},"type":"cond-expr","locations":[{"start":{"line":119,"column":8},"end":{"line":119,"column":39}},{"start":{"line":120,"column":8},"end":{"line":120,"column":50}}],"line":118},"15":{"loc":{"start":{"line":139,"column":2},"end":{"line":141,"column":3}},"type":"if","locations":[{"start":{"line":139,"column":2},"end":{"line":141,"column":3}},{"start":{},"end":{}}],"line":139},"16":{"loc":{"start":{"line":139,"column":6},"end":{"line":139,"column":77}},"type":"binary-expr","locations":[{"start":{"line":139,"column":6},"end":{"line":139,"column":19}},{"start":{"line":139,"column":24},"end":{"line":139,"column":39}},{"start":{"line":139,"column":43},"end":{"line":139,"column":76}}],"line":139},"17":{"loc":{"start":{"line":171,"column":8},"end":{"line":176,"column":9}},"type":"if","locations":[{"start":{"line":171,"column":8},"end":{"line":176,"column":9}},{"start":{},"end":{}}],"line":171},"18":{"loc":{"start":{"line":179,"column":49},"end":{"line":179,"column":78}},"type":"binary-expr","locations":[{"start":{"line":179,"column":49},"end":{"line":179,"column":68}},{"start":{"line":179,"column":72},"end":{"line":179,"column":78}}],"line":179}},"s":{"0":0,"1":0,"2":0,"3":0,"4":0,"5":0,"6":0,"7":0,"8":0,"9":0,"10":0,"11":0,"12":0,"13":0,"14":0,"15":0,"16":0,"17":0,"18":0,"19":0,"20":0,"21":0,"22":0,"23":0,"24":0,"25":0,"26":0,"27":0,"28":0,"29":0,"30":0,"31":0,"32":0,"33":0,"34":0,"35":0,"36":0,"37":0,"38":0,"39":0,"40":0,"41":0,"42":0,"43":0,"44":0,"45":0,"46":0,"47":0,"48":0,"49":0,"50":0,"51":0,"52":0},"f":{"0":0,"1":0,"2":0,"3":0,"4":0,"5":0,"6":0,"7":0,"8":0},"b":{"0":[0,0],"1":[0,0],"2":[0,0],"3":[0,0],"4":[0,0],"5":[0,0],"6":[0,0],"7":[0,0],"8":[0,0],"9":[0,0],"10":[0,0],"11":[0,0],"12":[0,0],"13":[0,0],"14":[0,0],"15":[0,0],"16":[0,0,0],"17":[0,0],"18":[0,0]}}
,"/Users/jason/Documents/GitHub/DatingApp/scripts/testPreferencesQueries.ts": {"path":"/Users/jason/Documents/GitHub/DatingApp/scripts/testPreferencesQueries.ts","statementMap":{"0":{"start":{"line":6,"column":0},"end":{"line":6,"column":35}},"1":{"start":{"line":9,"column":23},"end":{"line":16,"column":1}},"2":{"start":{"line":18,"column":12},"end":{"line":18,"column":41}},"3":{"start":{"line":19,"column":11},"end":{"line":19,"column":28}},"4":{"start":{"line":23,"column":2},"end":{"line":23,"column":50}},"5":{"start":{"line":25,"column":2},"end":{"line":149,"column":3}},"6":{"start":{"line":27,"column":29},"end":{"line":27,"column":70}},"7":{"start":{"line":28,"column":26},"end":{"line":28,"column":50}},"8":{"start":{"line":29,"column":23},"end":{"line":29,"column":43}},"9":{"start":{"line":31,"column":4},"end":{"line":31,"column":79}},"10":{"start":{"line":32,"column":4},"end":{"line":32,"column":87}},"11":{"start":{"line":33,"column":4},"end":{"line":33,"column":27}},"12":{"start":{"line":36,"column":4},"end":{"line":36,"column":63}},"13":{"start":{"line":37,"column":24},"end":{"line":40,"column":5}},"14":{"start":{"line":42,"column":26},"end":{"line":42,"column":52}},"15":{"start":{"line":43,"column":4},"end":{"line":43,"column":82}},"16":{"start":{"line":46,"column":4},"end":{"line":46,"column":78}},"17":{"start":{"line":48,"column":27},"end":{"line":48,"column":29}},"18":{"start":{"line":50,"column":4},"end":{"line":92,"column":5}},"19":{"start":{"line":51,"column":22},"end":{"line":51,"column":39}},"20":{"start":{"line":54,"column":6},"end":{"line":54,"column":55}},"21":{"start":{"line":54,"column":46},"end":{"line":54,"column":55}},"22":{"start":{"line":57,"column":33},"end":{"line":57,"column":37}},"23":{"start":{"line":60,"column":6},"end":{"line":66,"column":7}},"24":{"start":{"line":61,"column":27},"end":{"line":61,"column":58}},"25":{"start":{"line":62,"column":8},"end":{"line":65,"column":9}},"26":{"start":{"line":64,"column":10},"end":{"line":64,"column":39}},"27":{"start":{"line":69,"column":6},"end":{"line":75,"column":7}},"28":{"start":{"line":70,"column":24},"end":{"line":70,"column":58}},"29":{"start":{"line":71,"column":8},"end":{"line":74,"column":9}},"30":{"start":{"line":73,"column":10},"end":{"line":73,"column":39}},"31":{"start":{"line":78,"column":6},"end":{"line":82,"column":7}},"32":{"start":{"line":79,"column":8},"end":{"line":81,"column":9}},"33":{"start":{"line":80,"column":10},"end":{"line":80,"column":39}},"34":{"start":{"line":84,"column":6},"end":{"line":91,"column":7}},"35":{"start":{"line":85,"column":8},"end":{"line":90,"column":11}},"36":{"start":{"line":94,"column":4},"end":{"line":94,"column":78}},"37":{"start":{"line":95,"column":4},"end":{"line":97,"column":7}},"38":{"start":{"line":96,"column":6},"end":{"line":96,"column":49}},"39":{"start":{"line":100,"column":4},"end":{"line":100,"column":90}},"40":{"start":{"line":103,"column":32},"end":{"line":107,"column":5}},"41":{"start":{"line":109,"column":4},"end":{"line":114,"column":5}},"42":{"start":{"line":110,"column":24},"end":{"line":110,"column":58}},"43":{"start":{"line":111,"column":6},"end":{"line":111,"column":70}},"44":{"start":{"line":113,"column":6},"end":{"line":113,"column":95}},"45":{"start":{"line":117,"column":4},"end":{"line":117,"column":46}},"46":{"start":{"line":119,"column":16},"end":{"line":130,"column":5}},"47":{"start":{"line":132,"column":4},"end":{"line":143,"column":7}},"48":{"start":{"line":133,"column":19},"end":{"line":133,"column":29}},"49":{"start":{"line":134,"column":6},"end":{"line":142,"column":7}},"50":{"start":{"line":135,"column":8},"end":{"line":135,"column":31}},"51":{"start":{"line":136,"column":8},"end":{"line":136,"column":77}},"52":{"start":{"line":136,"column":52},"end":{"line":136,"column":77}},"53":{"start":{"line":137,"column":8},"end":{"line":137,"column":85}},"54":{"start":{"line":137,"column":55},"end":{"line":137,"column":85}},"55":{"start":{"line":138,"column":8},"end":{"line":138,"column":74}},"56":{"start":{"line":138,"column":48},"end":{"line":138,"column":74}},"57":{"start":{"line":139,"column":8},"end":{"line":139,"column":80}},"58":{"start":{"line":139,"column":51},"end":{"line":139,"column":80}},"59":{"start":{"line":140,"column":8},"end":{"line":140,"column":82}},"60":{"start":{"line":140,"column":52},"end":{"line":140,"column":82}},"61":{"start":{"line":141,"column":8},"end":{"line":141,"column":89}},"62":{"start":{"line":141,"column":58},"end":{"line":141,"column":89}},"63":{"start":{"line":145,"column":4},"end":{"line":145,"column":48}},"64":{"start":{"line":148,"column":4},"end":{"line":148,"column":51}},"65":{"start":{"line":153,"column":16},"end":{"line":153,"column":35}},"66":{"start":{"line":154,"column":16},"end":{"line":154,"column":26}},"67":{"start":{"line":155,"column":12},"end":{"line":155,"column":53}},"68":{"start":{"line":156,"column":20},"end":{"line":156,"column":55}},"69":{"start":{"line":158,"column":2},"end":{"line":160,"column":3}},"70":{"start":{"line":159,"column":4},"end":{"line":159,"column":10}},"71":{"start":{"line":162,"column":2},"end":{"line":162,"column":13}},"72":{"start":{"line":166,"column":0},"end":{"line":174,"column":5}},"73":{"start":{"line":168,"column":4},"end":{"line":168,"column":43}},"74":{"start":{"line":169,"column":4},"end":{"line":169,"column":20}},"75":{"start":{"line":172,"column":4},"end":{"line":172,"column":40}},"76":{"start":{"line":173,"column":4},"end":{"line":173,"column":20}}},"fnMap":{"0":{"name":"testPreferencesQueries","decl":{"start":{"line":22,"column":15},"end":{"line":22,"column":37}},"loc":{"start":{"line":22,"column":40},"end":{"line":150,"column":1}},"line":22},"1":{"name":"(anonymous_1)","decl":{"start":{"line":95,"column":29},"end":{"line":95,"column":30}},"loc":{"start":{"line":95,"column":34},"end":{"line":97,"column":5}},"line":95},"2":{"name":"(anonymous_2)","decl":{"start":{"line":132,"column":34},"end":{"line":132,"column":35}},"loc":{"start":{"line":132,"column":41},"end":{"line":143,"column":5}},"line":132},"3":{"name":"calculateAge","decl":{"start":{"line":152,"column":9},"end":{"line":152,"column":21}},"loc":{"start":{"line":152,"column":49},"end":{"line":163,"column":1}},"line":152},"4":{"name":"(anonymous_4)","decl":{"start":{"line":167,"column":8},"end":{"line":167,"column":9}},"loc":{"start":{"line":167,"column":14},"end":{"line":170,"column":3}},"line":167},"5":{"name":"(anonymous_5)","decl":{"start":{"line":171,"column":9},"end":{"line":171,"column":10}},"loc":{"start":{"line":171,"column":20},"end":{"line":174,"column":3}},"line":171}},"branchMap":{"0":{"loc":{"start":{"line":39,"column":28},"end":{"line":39,"column":93}},"type":"binary-expr","locations":[{"start":{"line":39,"column":28},"end":{"line":39,"column":71}},{"start":{"line":39,"column":75},"end":{"line":39,"column":93}}],"line":39},"1":{"loc":{"start":{"line":54,"column":6},"end":{"line":54,"column":55}},"type":"if","locations":[{"start":{"line":54,"column":6},"end":{"line":54,"column":55}},{"start":{},"end":{}}],"line":54},"2":{"loc":{"start":{"line":60,"column":6},"end":{"line":66,"column":7}},"type":"if","locations":[{"start":{"line":60,"column":6},"end":{"line":66,"column":7}},{"start":{},"end":{}}],"line":60},"3":{"loc":{"start":{"line":62,"column":8},"end":{"line":65,"column":9}},"type":"if","locations":[{"start":{"line":62,"column":8},"end":{"line":65,"column":9}},{"start":{},"end":{}}],"line":62},"4":{"loc":{"start":{"line":62,"column":12},"end":{"line":63,"column":60}},"type":"binary-expr","locations":[{"start":{"line":62,"column":12},"end":{"line":62,"column":60}},{"start":{"line":63,"column":12},"end":{"line":63,"column":60}}],"line":62},"5":{"loc":{"start":{"line":69,"column":6},"end":{"line":75,"column":7}},"type":"if","locations":[{"start":{"line":69,"column":6},"end":{"line":75,"column":7}},{"start":{},"end":{}}],"line":69},"6":{"loc":{"start":{"line":71,"column":8},"end":{"line":74,"column":9}},"type":"if","locations":[{"start":{"line":71,"column":8},"end":{"line":74,"column":9}},{"start":{},"end":{}}],"line":71},"7":{"loc":{"start":{"line":71,"column":12},"end":{"line":72,"column":54}},"type":"binary-expr","locations":[{"start":{"line":71,"column":12},"end":{"line":71,"column":54}},{"start":{"line":72,"column":12},"end":{"line":72,"column":54}}],"line":71},"8":{"loc":{"start":{"line":78,"column":6},"end":{"line":82,"column":7}},"type":"if","locations":[{"start":{"line":78,"column":6},"end":{"line":82,"column":7}},{"start":{},"end":{}}],"line":78},"9":{"loc":{"start":{"line":79,"column":8},"end":{"line":81,"column":9}},"type":"if","locations":[{"start":{"line":79,"column":8},"end":{"line":81,"column":9}},{"start":{},"end":{}}],"line":79},"10":{"loc":{"start":{"line":84,"column":6},"end":{"line":91,"column":7}},"type":"if","locations":[{"start":{"line":84,"column":6},"end":{"line":91,"column":7}},{"start":{},"end":{}}],"line":84},"11":{"loc":{"start":{"line":134,"column":6},"end":{"line":142,"column":7}},"type":"if","locations":[{"start":{"line":134,"column":6},"end":{"line":142,"column":7}},{"start":{},"end":{}}],"line":134},"12":{"loc":{"start":{"line":136,"column":8},"end":{"line":136,"column":77}},"type":"if","locations":[{"start":{"line":136,"column":8},"end":{"line":136,"column":77}},{"start":{},"end":{}}],"line":136},"13":{"loc":{"start":{"line":137,"column":8},"end":{"line":137,"column":85}},"type":"if","locations":[{"start":{"line":137,"column":8},"end":{"line":137,"column":85}},{"start":{},"end":{}}],"line":137},"14":{"loc":{"start":{"line":138,"column":8},"end":{"line":138,"column":74}},"type":"if","locations":[{"start":{"line":138,"column":8},"end":{"line":138,"column":74}},{"start":{},"end":{}}],"line":138},"15":{"loc":{"start":{"line":139,"column":8},"end":{"line":139,"column":80}},"type":"if","locations":[{"start":{"line":139,"column":8},"end":{"line":139,"column":80}},{"start":{},"end":{}}],"line":139},"16":{"loc":{"start":{"line":140,"column":8},"end":{"line":140,"column":82}},"type":"if","locations":[{"start":{"line":140,"column":8},"end":{"line":140,"column":82}},{"start":{},"end":{}}],"line":140},"17":{"loc":{"start":{"line":141,"column":8},"end":{"line":141,"column":89}},"type":"if","locations":[{"start":{"line":141,"column":8},"end":{"line":141,"column":89}},{"start":{},"end":{}}],"line":141},"18":{"loc":{"start":{"line":158,"column":2},"end":{"line":160,"column":3}},"type":"if","locations":[{"start":{"line":158,"column":2},"end":{"line":160,"column":3}},{"start":{},"end":{}}],"line":158},"19":{"loc":{"start":{"line":158,"column":6},"end":{"line":158,"column":77}},"type":"binary-expr","locations":[{"start":{"line":158,"column":6},"end":{"line":158,"column":19}},{"start":{"line":158,"column":24},"end":{"line":158,"column":39}},{"start":{"line":158,"column":43},"end":{"line":158,"column":76}}],"line":158}},"s":{"0":0,"1":0,"2":0,"3":0,"4":0,"5":0,"6":0,"7":0,"8":0,"9":0,"10":0,"11":0,"12":0,"13":0,"14":0,"15":0,"16":0,"17":0,"18":0,"19":0,"20":0,"21":0,"22":0,"23":0,"24":0,"25":0,"26":0,"27":0,"28":0,"29":0,"30":0,"31":0,"32":0,"33":0,"34":0,"35":0,"36":0,"37":0,"38":0,"39":0,"40":0,"41":0,"42":0,"43":0,"44":0,"45":0,"46":0,"47":0,"48":0,"49":0,"50":0,"51":0,"52":0,"53":0,"54":0,"55":0,"56":0,"57":0,"58":0,"59":0,"60":0,"61":0,"62":0,"63":0,"64":0,"65":0,"66":0,"67":0,"68":0,"69":0,"70":0,"71":0,"72":0,"73":0,"74":0,"75":0,"76":0},"f":{"0":0,"1":0,"2":0,"3":0,"4":0,"5":0},"b":{"0":[0,0],"1":[0,0],"2":[0,0],"3":[0,0],"4":[0,0],"5":[0,0],"6":[0,0],"7":[0,0],"8":[0,0],"9":[0,0],"10":[0,0],"11":[0,0],"12":[0,0],"13":[0,0],"14":[0,0],"15":[0,0],"16":[0,0],"17":[0,0],"18":[0,0],"19":[0,0,0]}}
,"/Users/jason/Documents/GitHub/DatingApp/scripts/updateTestUsersWithPreferences.ts": {"path":"/Users/jason/Documents/GitHub/DatingApp/scripts/updateTestUsersWithPreferences.ts","statementMap":{"0":{"start":{"line":26,"column":23},"end":{"line":26,"column":83}},"1":{"start":{"line":26,"column":65},"end":{"line":26,"column":83}},"2":{"start":{"line":29,"column":0},"end":{"line":29,"column":35}},"3":{"start":{"line":32,"column":23},"end":{"line":39,"column":1}},"4":{"start":{"line":41,"column":12},"end":{"line":41,"column":41}},"5":{"start":{"line":42,"column":11},"end":{"line":42,"column":28}},"6":{"start":{"line":46,"column":16},"end":{"line":46,"column":35}},"7":{"start":{"line":47,"column":16},"end":{"line":47,"column":26}},"8":{"start":{"line":48,"column":12},"end":{"line":48,"column":53}},"9":{"start":{"line":49,"column":20},"end":{"line":49,"column":55}},"10":{"start":{"line":51,"column":2},"end":{"line":53,"column":3}},"11":{"start":{"line":52,"column":4},"end":{"line":52,"column":10}},"12":{"start":{"line":55,"column":2},"end":{"line":55,"column":13}},"13":{"start":{"line":60,"column":18},"end":{"line":60,"column":64}},"14":{"start":{"line":61,"column":17},"end":{"line":61,"column":42}},"15":{"start":{"line":62,"column":19},"end":{"line":62,"column":46}},"16":{"start":{"line":65,"column":15},"end":{"line":65,"column":17}},"17":{"start":{"line":66,"column":15},"end":{"line":66,"column":18}},"18":{"start":{"line":68,"column":2},"end":{"line":77,"column":3}},"19":{"start":{"line":69,"column":4},"end":{"line":69,"column":39}},"20":{"start":{"line":70,"column":4},"end":{"line":70,"column":40}},"21":{"start":{"line":71,"column":9},"end":{"line":77,"column":3}},"22":{"start":{"line":72,"column":4},"end":{"line":72,"column":39}},"23":{"start":{"line":73,"column":4},"end":{"line":73,"column":40}},"24":{"start":{"line":75,"column":4},"end":{"line":75,"column":39}},"25":{"start":{"line":76,"column":4},"end":{"line":76,"column":40}},"26":{"start":{"line":80,"column":41},"end":{"line":167,"column":3}},"27":{"start":{"line":170,"column":2},"end":{"line":188,"column":3}},"28":{"start":{"line":172,"column":4},"end":{"line":172,"column":41}},"29":{"start":{"line":173,"column":4},"end":{"line":173,"column":43}},"30":{"start":{"line":174,"column":4},"end":{"line":174,"column":58}},"31":{"start":{"line":175,"column":9},"end":{"line":188,"column":3}},"32":{"start":{"line":177,"column":4},"end":{"line":177,"column":53}},"33":{"start":{"line":178,"column":4},"end":{"line":178,"column":50}},"34":{"start":{"line":179,"column":9},"end":{"line":188,"column":3}},"35":{"start":{"line":181,"column":4},"end":{"line":181,"column":42}},"36":{"start":{"line":182,"column":4},"end":{"line":182,"column":41}},"37":{"start":{"line":183,"column":4},"end":{"line":183,"column":79}},"38":{"start":{"line":184,"column":9},"end":{"line":188,"column":3}},"39":{"start":{"line":186,"column":4},"end":{"line":186,"column":40}},"40":{"start":{"line":187,"column":4},"end":{"line":187,"column":48}},"41":{"start":{"line":190,"column":2},"end":{"line":190,"column":21}},"42":{"start":{"line":194,"column":2},"end":{"line":194,"column":66}},"43":{"start":{"line":196,"column":2},"end":{"line":231,"column":3}},"44":{"start":{"line":198,"column":29},"end":{"line":198,"column":70}},"45":{"start":{"line":199,"column":4},"end":{"line":199,"column":69}},"46":{"start":{"line":201,"column":23},"end":{"line":201,"column":24}},"47":{"start":{"line":202,"column":21},"end":{"line":202,"column":22}},"48":{"start":{"line":204,"column":4},"end":{"line":222,"column":5}},"49":{"start":{"line":205,"column":6},"end":{"line":221,"column":7}},"50":{"start":{"line":206,"column":24},"end":{"line":206,"column":41}},"51":{"start":{"line":207,"column":28},"end":{"line":207,"column":56}},"52":{"start":{"line":210,"column":8},"end":{"line":213,"column":11}},"53":{"start":{"line":215,"column":8},"end":{"line":215,"column":23}},"54":{"start":{"line":216,"column":8},"end":{"line":216,"column":89}},"55":{"start":{"line":219,"column":8},"end":{"line":219,"column":21}},"56":{"start":{"line":220,"column":8},"end":{"line":220,"column":75}},"57":{"start":{"line":224,"column":4},"end":{"line":224,"column":39}},"58":{"start":{"line":225,"column":4},"end":{"line":225,"column":66}},"59":{"start":{"line":226,"column":4},"end":{"line":226,"column":41}},"60":{"start":{"line":229,"column":4},"end":{"line":229,"column":43}},"61":{"start":{"line":230,"column":4},"end":{"line":230,"column":20}},"62":{"start":{"line":235,"column":0},"end":{"line":243,"column":5}},"63":{"start":{"line":237,"column":4},"end":{"line":237,"column":55}},"64":{"start":{"line":238,"column":4},"end":{"line":238,"column":20}},"65":{"start":{"line":241,"column":4},"end":{"line":241,"column":35}},"66":{"start":{"line":242,"column":4},"end":{"line":242,"column":20}}},"fnMap":{"0":{"name":"(anonymous_0)","decl":{"start":{"line":26,"column":23},"end":{"line":26,"column":24}},"loc":{"start":{"line":26,"column":65},"end":{"line":26,"column":83}},"line":26},"1":{"name":"calculateAge","decl":{"start":{"line":45,"column":9},"end":{"line":45,"column":21}},"loc":{"start":{"line":45,"column":49},"end":{"line":56,"column":1}},"line":45},"2":{"name":"generatePreferences","decl":{"start":{"line":59,"column":9},"end":{"line":59,"column":28}},"loc":{"start":{"line":59,"column":62},"end":{"line":191,"column":1}},"line":59},"3":{"name":"updateAllUsersWithPreferences","decl":{"start":{"line":193,"column":15},"end":{"line":193,"column":44}},"loc":{"start":{"line":193,"column":47},"end":{"line":232,"column":1}},"line":193},"4":{"name":"(anonymous_4)","decl":{"start":{"line":236,"column":8},"end":{"line":236,"column":9}},"loc":{"start":{"line":236,"column":14},"end":{"line":239,"column":3}},"line":236},"5":{"name":"(anonymous_5)","decl":{"start":{"line":240,"column":9},"end":{"line":240,"column":10}},"loc":{"start":{"line":240,"column":20},"end":{"line":243,"column":3}},"line":240}},"branchMap":{"0":{"loc":{"start":{"line":51,"column":2},"end":{"line":53,"column":3}},"type":"if","locations":[{"start":{"line":51,"column":2},"end":{"line":53,"column":3}},{"start":{},"end":{}}],"line":51},"1":{"loc":{"start":{"line":51,"column":6},"end":{"line":51,"column":77}},"type":"binary-expr","locations":[{"start":{"line":51,"column":6},"end":{"line":51,"column":19}},{"start":{"line":51,"column":24},"end":{"line":51,"column":39}},{"start":{"line":51,"column":43},"end":{"line":51,"column":76}}],"line":51},"2":{"loc":{"start":{"line":60,"column":18},"end":{"line":60,"column":64}},"type":"binary-expr","locations":[{"start":{"line":60,"column":18},"end":{"line":60,"column":29}},{"start":{"line":60,"column":33},"end":{"line":60,"column":64}}],"line":60},"3":{"loc":{"start":{"line":68,"column":2},"end":{"line":77,"column":3}},"type":"if","locations":[{"start":{"line":68,"column":2},"end":{"line":77,"column":3}},{"start":{"line":71,"column":9},"end":{"line":77,"column":3}}],"line":68},"4":{"loc":{"start":{"line":71,"column":9},"end":{"line":77,"column":3}},"type":"if","locations":[{"start":{"line":71,"column":9},"end":{"line":77,"column":3}},{"start":{"line":74,"column":9},"end":{"line":77,"column":3}}],"line":71},"5":{"loc":{"start":{"line":82,"column":13},"end":{"line":82,"column":115}},"type":"binary-expr","locations":[{"start":{"line":82,"column":13},"end":{"line":82,"column":33}},{"start":{"line":82,"column":38},"end":{"line":82,"column":114}}],"line":82},"6":{"loc":{"start":{"line":82,"column":38},"end":{"line":82,"column":114}},"type":"cond-expr","locations":[{"start":{"line":82,"column":47},"end":{"line":82,"column":57}},{"start":{"line":82,"column":60},"end":{"line":82,"column":114}}],"line":82},"7":{"loc":{"start":{"line":82,"column":60},"end":{"line":82,"column":114}},"type":"cond-expr","locations":[{"start":{"line":82,"column":71},"end":{"line":82,"column":79}},{"start":{"line":82,"column":82},"end":{"line":82,"column":114}}],"line":82},"8":{"loc":{"start":{"line":88,"column":18},"end":{"line":88,"column":81}},"type":"binary-expr","locations":[{"start":{"line":88,"column":18},"end":{"line":88,"column":40}},{"start":{"line":88,"column":44},"end":{"line":88,"column":70}},{"start":{"line":88,"column":74},"end":{"line":88,"column":81}}],"line":88},"9":{"loc":{"start":{"line":89,"column":19},"end":{"line":89,"column":86}},"type":"binary-expr","locations":[{"start":{"line":89,"column":19},"end":{"line":89,"column":42}},{"start":{"line":89,"column":46},"end":{"line":89,"column":73}},{"start":{"line":89,"column":77},"end":{"line":89,"column":86}}],"line":89},"10":{"loc":{"start":{"line":98,"column":13},"end":{"line":98,"column":55}},"type":"cond-expr","locations":[{"start":{"line":98,"column":28},"end":{"line":98,"column":30}},{"start":{"line":98,"column":33},"end":{"line":98,"column":55}}],"line":98},"11":{"loc":{"start":{"line":98,"column":33},"end":{"line":98,"column":55}},"type":"cond-expr","locations":[{"start":{"line":98,"column":48},"end":{"line":98,"column":50}},{"start":{"line":98,"column":53},"end":{"line":98,"column":55}}],"line":98},"12":{"loc":{"start":{"line":117,"column":15},"end":{"line":117,"column":96}},"type":"cond-expr","locations":[{"start":{"line":117,"column":30},"end":{"line":117,"column":88}},{"start":{"line":117,"column":91},"end":{"line":117,"column":96}}],"line":117},"13":{"loc":{"start":{"line":122,"column":13},"end":{"line":122,"column":84}},"type":"cond-expr","locations":[{"start":{"line":122,"column":28},"end":{"line":122,"column":54}},{"start":{"line":122,"column":57},"end":{"line":122,"column":84}}],"line":122},"14":{"loc":{"start":{"line":127,"column":13},"end":{"line":129,"column":43}},"type":"cond-expr","locations":[{"start":{"line":127,"column":28},"end":{"line":127,"column":65}},{"start":{"line":128,"column":14},"end":{"line":129,"column":43}}],"line":127},"15":{"loc":{"start":{"line":128,"column":14},"end":{"line":129,"column":43}},"type":"cond-expr","locations":[{"start":{"line":128,"column":29},"end":{"line":128,"column":58}},{"start":{"line":129,"column":14},"end":{"line":129,"column":43}}],"line":128},"16":{"loc":{"start":{"line":134,"column":10},"end":{"line":134,"column":55}},"type":"cond-expr","locations":[{"start":{"line":134,"column":21},"end":{"line":134,"column":50}},{"start":{"line":134,"column":53},"end":{"line":134,"column":55}}],"line":134},"17":{"loc":{"start":{"line":135,"column":10},"end":{"line":135,"column":54}},"type":"cond-expr","locations":[{"start":{"line":135,"column":19},"end":{"line":135,"column":49}},{"start":{"line":135,"column":52},"end":{"line":135,"column":54}}],"line":135},"18":{"loc":{"start":{"line":140,"column":15},"end":{"line":140,"column":52}},"type":"cond-expr","locations":[{"start":{"line":140,"column":30},"end":{"line":140,"column":34}},{"start":{"line":140,"column":37},"end":{"line":140,"column":52}}],"line":140},"19":{"loc":{"start":{"line":141,"column":17},"end":{"line":141,"column":69}},"type":"cond-expr","locations":[{"start":{"line":141,"column":32},"end":{"line":141,"column":39}},{"start":{"line":141,"column":42},"end":{"line":141,"column":69}}],"line":141},"20":{"loc":{"start":{"line":141,"column":42},"end":{"line":141,"column":69}},"type":"cond-expr","locations":[{"start":{"line":141,"column":57},"end":{"line":141,"column":62}},{"start":{"line":141,"column":65},"end":{"line":141,"column":69}}],"line":141},"21":{"loc":{"start":{"line":153,"column":18},"end":{"line":153,"column":88}},"type":"cond-expr","locations":[{"start":{"line":153,"column":33},"end":{"line":153,"column":76}},{"start":{"line":153,"column":79},"end":{"line":153,"column":88}}],"line":153},"22":{"loc":{"start":{"line":164,"column":15},"end":{"line":164,"column":89}},"type":"cond-expr","locations":[{"start":{"line":164,"column":30},"end":{"line":164,"column":43}},{"start":{"line":164,"column":46},"end":{"line":164,"column":89}}],"line":164},"23":{"loc":{"start":{"line":164,"column":46},"end":{"line":164,"column":89}},"type":"cond-expr","locations":[{"start":{"line":164,"column":61},"end":{"line":164,"column":75}},{"start":{"line":164,"column":78},"end":{"line":164,"column":89}}],"line":164},"24":{"loc":{"start":{"line":170,"column":2},"end":{"line":188,"column":3}},"type":"if","locations":[{"start":{"line":170,"column":2},"end":{"line":188,"column":3}},{"start":{"line":175,"column":9},"end":{"line":188,"column":3}}],"line":170},"25":{"loc":{"start":{"line":175,"column":9},"end":{"line":188,"column":3}},"type":"if","locations":[{"start":{"line":175,"column":9},"end":{"line":188,"column":3}},{"start":{"line":179,"column":9},"end":{"line":188,"column":3}}],"line":175},"26":{"loc":{"start":{"line":179,"column":9},"end":{"line":188,"column":3}},"type":"if","locations":[{"start":{"line":179,"column":9},"end":{"line":188,"column":3}},{"start":{"line":184,"column":9},"end":{"line":188,"column":3}}],"line":179},"27":{"loc":{"start":{"line":184,"column":9},"end":{"line":188,"column":3}},"type":"if","locations":[{"start":{"line":184,"column":9},"end":{"line":188,"column":3}},{"start":{},"end":{}}],"line":184},"28":{"loc":{"start":{"line":216,"column":49},"end":{"line":216,"column":85}},"type":"binary-expr","locations":[{"start":{"line":216,"column":49},"end":{"line":216,"column":68}},{"start":{"line":216,"column":72},"end":{"line":216,"column":85}}],"line":216}},"s":{"0":0,"1":0,"2":0,"3":0,"4":0,"5":0,"6":0,"7":0,"8":0,"9":0,"10":0,"11":0,"12":0,"13":0,"14":0,"15":0,"16":0,"17":0,"18":0,"19":0,"20":0,"21":0,"22":0,"23":0,"24":0,"25":0,"26":0,"27":0,"28":0,"29":0,"30":0,"31":0,"32":0,"33":0,"34":0,"35":0,"36":0,"37":0,"38":0,"39":0,"40":0,"41":0,"42":0,"43":0,"44":0,"45":0,"46":0,"47":0,"48":0,"49":0,"50":0,"51":0,"52":0,"53":0,"54":0,"55":0,"56":0,"57":0,"58":0,"59":0,"60":0,"61":0,"62":0,"63":0,"64":0,"65":0,"66":0},"f":{"0":0,"1":0,"2":0,"3":0,"4":0,"5":0},"b":{"0":[0,0],"1":[0,0,0],"2":[0,0],"3":[0,0],"4":[0,0],"5":[0,0],"6":[0,0],"7":[0,0],"8":[0,0,0],"9":[0,0,0],"10":[0,0],"11":[0,0],"12":[0,0],"13":[0,0],"14":[0,0],"15":[0,0],"16":[0,0],"17":[0,0],"18":[0,0],"19":[0,0],"20":[0,0],"21":[0,0],"22":[0,0],"23":[0,0],"24":[0,0],"25":[0,0],"26":[0,0],"27":[0,0],"28":[0,0]}}
,"/Users/jason/Documents/GitHub/DatingApp/src/components/CachedImage.tsx": {"path":"/Users/jason/Documents/GitHub/DatingApp/src/components/CachedImage.tsx","statementMap":{"0":{"start":{"line":46,"column":55},"end":{"line":200,"column":1}},"1":{"start":{"line":61,"column":42},"end":{"line":61,"column":80}},"2":{"start":{"line":62,"column":36},"end":{"line":62,"column":50}},"3":{"start":{"line":63,"column":34},"end":{"line":63,"column":49}},"4":{"start":{"line":64,"column":34},"end":{"line":64,"column":49}},"5":{"start":{"line":65,"column":27},"end":{"line":65,"column":40}},"6":{"start":{"line":68,"column":2},"end":{"line":130,"column":40}},"7":{"start":{"line":69,"column":20},"end":{"line":69,"column":24}},"8":{"start":{"line":70,"column":4},"end":{"line":70,"column":23}},"9":{"start":{"line":73,"column":22},"end":{"line":118,"column":5}},"10":{"start":{"line":75,"column":6},"end":{"line":80,"column":7}},"11":{"start":{"line":76,"column":8},"end":{"line":78,"column":9}},"12":{"start":{"line":77,"column":10},"end":{"line":77,"column":30}},"13":{"start":{"line":79,"column":8},"end":{"line":79,"column":15}},"14":{"start":{"line":83,"column":6},"end":{"line":83,"column":38}},"15":{"start":{"line":85,"column":6},"end":{"line":117,"column":7}},"16":{"start":{"line":86,"column":8},"end":{"line":86,"column":27}},"17":{"start":{"line":87,"column":8},"end":{"line":87,"column":27}},"18":{"start":{"line":90,"column":26},"end":{"line":94,"column":10}},"19":{"start":{"line":93,"column":37},"end":{"line":93,"column":74}},"20":{"start":{"line":93,"column":54},"end":{"line":93,"column":69}},"21":{"start":{"line":96,"column":8},"end":{"line":107,"column":9}},"22":{"start":{"line":98,"column":10},"end":{"line":98,"column":28}},"23":{"start":{"line":99,"column":10},"end":{"line":99,"column":46}},"24":{"start":{"line":102,"column":10},"end":{"line":106,"column":17}},"25":{"start":{"line":103,"column":12},"end":{"line":105,"column":13}},"26":{"start":{"line":104,"column":14},"end":{"line":104,"column":34}},"27":{"start":{"line":109,"column":8},"end":{"line":109,"column":53}},"28":{"start":{"line":110,"column":8},"end":{"line":116,"column":9}},"29":{"start":{"line":111,"column":10},"end":{"line":111,"column":28}},"30":{"start":{"line":112,"column":10},"end":{"line":112,"column":30}},"31":{"start":{"line":113,"column":10},"end":{"line":115,"column":11}},"32":{"start":{"line":114,"column":12},"end":{"line":114,"column":79}},"33":{"start":{"line":121,"column":4},"end":{"line":123,"column":5}},"34":{"start":{"line":122,"column":6},"end":{"line":122,"column":58}},"35":{"start":{"line":125,"column":4},"end":{"line":125,"column":16}},"36":{"start":{"line":127,"column":4},"end":{"line":129,"column":6}},"37":{"start":{"line":128,"column":6},"end":{"line":128,"column":24}},"38":{"start":{"line":133,"column":2},"end":{"line":147,"column":3}},"39":{"start":{"line":134,"column":4},"end":{"line":146,"column":6}},"40":{"start":{"line":150,"column":2},"end":{"line":160,"column":3}},"41":{"start":{"line":151,"column":4},"end":{"line":159,"column":6}},"42":{"start":{"line":163,"column":2},"end":{"line":199,"column":4}},"43":{"start":{"line":178,"column":14},"end":{"line":178,"column":34}},"44":{"start":{"line":179,"column":14},"end":{"line":179,"column":53}},"45":{"start":{"line":179,"column":35},"end":{"line":179,"column":53}},"46":{"start":{"line":183,"column":14},"end":{"line":185,"column":15}},"47":{"start":{"line":184,"column":16},"end":{"line":184,"column":56}},"48":{"start":{"line":203,"column":15},"end":{"line":220,"column":2}}},"fnMap":{"0":{"name":"(anonymous_0)","decl":{"start":{"line":46,"column":55},"end":{"line":46,"column":56}},"loc":{"start":{"line":59,"column":6},"end":{"line":200,"column":1}},"line":59},"1":{"name":"(anonymous_1)","decl":{"start":{"line":68,"column":12},"end":{"line":68,"column":13}},"loc":{"start":{"line":68,"column":18},"end":{"line":130,"column":3}},"line":68},"2":{"name":"(anonymous_2)","decl":{"start":{"line":73,"column":22},"end":{"line":73,"column":23}},"loc":{"start":{"line":73,"column":34},"end":{"line":118,"column":5}},"line":73},"3":{"name":"(anonymous_3)","decl":{"start":{"line":93,"column":30},"end":{"line":93,"column":31}},"loc":{"start":{"line":93,"column":37},"end":{"line":93,"column":74}},"line":93},"4":{"name":"(anonymous_4)","decl":{"start":{"line":93,"column":48},"end":{"line":93,"column":49}},"loc":{"start":{"line":93,"column":54},"end":{"line":93,"column":69}},"line":93},"5":{"name":"(anonymous_5)","decl":{"start":{"line":102,"column":21},"end":{"line":102,"column":22}},"loc":{"start":{"line":102,"column":27},"end":{"line":106,"column":11}},"line":102},"6":{"name":"(anonymous_6)","decl":{"start":{"line":127,"column":11},"end":{"line":127,"column":12}},"loc":{"start":{"line":127,"column":17},"end":{"line":129,"column":5}},"line":127},"7":{"name":"(anonymous_7)","decl":{"start":{"line":177,"column":23},"end":{"line":177,"column":24}},"loc":{"start":{"line":177,"column":29},"end":{"line":180,"column":13}},"line":177},"8":{"name":"(anonymous_8)","decl":{"start":{"line":181,"column":21},"end":{"line":181,"column":22}},"loc":{"start":{"line":181,"column":71},"end":{"line":186,"column":13}},"line":181}},"branchMap":{"0":{"loc":{"start":{"line":53,"column":2},"end":{"line":53,"column":21}},"type":"default-arg","locations":[{"start":{"line":53,"column":13},"end":{"line":53,"column":21}}],"line":53},"1":{"loc":{"start":{"line":54,"column":2},"end":{"line":54,"column":18}},"type":"default-arg","locations":[{"start":{"line":54,"column":13},"end":{"line":54,"column":18}}],"line":54},"2":{"loc":{"start":{"line":55,"column":2},"end":{"line":55,"column":29}},"type":"default-arg","locations":[{"start":{"line":55,"column":25},"end":{"line":55,"column":29}}],"line":55},"3":{"loc":{"start":{"line":57,"column":2},"end":{"line":57,"column":22}},"type":"default-arg","locations":[{"start":{"line":57,"column":15},"end":{"line":57,"column":22}}],"line":57},"4":{"loc":{"start":{"line":75,"column":6},"end":{"line":80,"column":7}},"type":"if","locations":[{"start":{"line":75,"column":6},"end":{"line":80,"column":7}},{"start":{},"end":{}}],"line":75},"5":{"loc":{"start":{"line":76,"column":8},"end":{"line":78,"column":9}},"type":"if","locations":[{"start":{"line":76,"column":8},"end":{"line":78,"column":9}},{"start":{},"end":{}}],"line":76},"6":{"loc":{"start":{"line":96,"column":8},"end":{"line":107,"column":9}},"type":"if","locations":[{"start":{"line":96,"column":8},"end":{"line":107,"column":9}},{"start":{},"end":{}}],"line":96},"7":{"loc":{"start":{"line":103,"column":12},"end":{"line":105,"column":13}},"type":"if","locations":[{"start":{"line":103,"column":12},"end":{"line":105,"column":13}},{"start":{},"end":{}}],"line":103},"8":{"loc":{"start":{"line":110,"column":8},"end":{"line":116,"column":9}},"type":"if","locations":[{"start":{"line":110,"column":8},"end":{"line":116,"column":9}},{"start":{},"end":{}}],"line":110},"9":{"loc":{"start":{"line":113,"column":10},"end":{"line":115,"column":11}},"type":"if","locations":[{"start":{"line":113,"column":10},"end":{"line":115,"column":11}},{"start":{},"end":{}}],"line":113},"10":{"loc":{"start":{"line":114,"column":20},"end":{"line":114,"column":77}},"type":"cond-expr","locations":[{"start":{"line":114,"column":45},"end":{"line":114,"column":50}},{"start":{"line":114,"column":53},"end":{"line":114,"column":77}}],"line":114},"11":{"loc":{"start":{"line":121,"column":4},"end":{"line":123,"column":5}},"type":"if","locations":[{"start":{"line":121,"column":4},"end":{"line":123,"column":5}},{"start":{},"end":{}}],"line":121},"12":{"loc":{"start":{"line":121,"column":8},"end":{"line":121,"column":31}},"type":"binary-expr","locations":[{"start":{"line":121,"column":8},"end":{"line":121,"column":16}},{"start":{"line":121,"column":20},"end":{"line":121,"column":31}}],"line":121},"13":{"loc":{"start":{"line":133,"column":2},"end":{"line":147,"column":3}},"type":"if","locations":[{"start":{"line":133,"column":2},"end":{"line":147,"column":3}},{"start":{},"end":{}}],"line":133},"14":{"loc":{"start":{"line":133,"column":6},"end":{"line":133,"column":32}},"type":"binary-expr","locations":[{"start":{"line":133,"column":6},"end":{"line":133,"column":15}},{"start":{"line":133,"column":19},"end":{"line":133,"column":32}}],"line":133},"15":{"loc":{"start":{"line":136,"column":9},"end":{"line":140,"column":16}},"type":"cond-expr","locations":[{"start":{"line":137,"column":10},"end":{"line":137,"column":102}},{"start":{"line":138,"column":12},"end":{"line":140,"column":16}}],"line":136},"16":{"loc":{"start":{"line":138,"column":12},"end":{"line":140,"column":16}},"type":"cond-expr","locations":[{"start":{"line":139,"column":10},"end":{"line":139,"column":28}},{"start":{"line":140,"column":12},"end":{"line":140,"column":16}}],"line":138},"17":{"loc":{"start":{"line":142,"column":9},"end":{"line":144,"column":9}},"type":"binary-expr","locations":[{"start":{"line":142,"column":9},"end":{"line":142,"column":29}},{"start":{"line":143,"column":10},"end":{"line":143,"column":82}}],"line":142},"18":{"loc":{"start":{"line":150,"column":2},"end":{"line":160,"column":3}},"type":"if","locations":[{"start":{"line":150,"column":2},"end":{"line":160,"column":3}},{"start":{},"end":{}}],"line":150},"19":{"loc":{"start":{"line":153,"column":9},"end":{"line":157,"column":9}},"type":"cond-expr","locations":[{"start":{"line":154,"column":10},"end":{"line":154,"column":100}},{"start":{"line":156,"column":10},"end":{"line":156,"column":48}}],"line":153},"20":{"loc":{"start":{"line":165,"column":7},"end":{"line":189,"column":7}},"type":"binary-expr","locations":[{"start":{"line":165,"column":7},"end":{"line":165,"column":19}},{"start":{"line":166,"column":8},"end":{"line":188,"column":24}}],"line":165},"21":{"loc":{"start":{"line":179,"column":14},"end":{"line":179,"column":53}},"type":"if","locations":[{"start":{"line":179,"column":14},"end":{"line":179,"column":53}},{"start":{},"end":{}}],"line":179},"22":{"loc":{"start":{"line":183,"column":14},"end":{"line":185,"column":15}},"type":"if","locations":[{"start":{"line":183,"column":14},"end":{"line":185,"column":15}},{"start":{},"end":{}}],"line":183},"23":{"loc":{"start":{"line":191,"column":7},"end":{"line":197,"column":7}},"type":"binary-expr","locations":[{"start":{"line":191,"column":7},"end":{"line":191,"column":16}},{"start":{"line":191,"column":20},"end":{"line":191,"column":32}},{"start":{"line":191,"column":36},"end":{"line":191,"column":56}},{"start":{"line":192,"column":8},"end":{"line":196,"column":10}}],"line":191}},"s":{"0":2,"1":4,"2":4,"3":4,"4":4,"5":4,"6":4,"7":4,"8":4,"9":4,"10":4,"11":0,"12":0,"13":0,"14":4,"15":4,"16":4,"17":4,"18":4,"19":4,"20":0,"21":0,"22":0,"23":0,"24":0,"25":0,"26":0,"27":4,"28":4,"29":0,"30":0,"31":0,"32":0,"33":4,"34":0,"35":4,"36":4,"37":4,"38":4,"39":4,"40":0,"41":0,"42":0,"43":0,"44":0,"45":0,"46":0,"47":0,"48":2},"f":{"0":4,"1":4,"2":4,"3":4,"4":0,"5":0,"6":4,"7":0,"8":0},"b":{"0":[0],"1":[4],"2":[0],"3":[0],"4":[0,4],"5":[0,0],"6":[0,0],"7":[0,0],"8":[0,4],"9":[0,0],"10":[0,0],"11":[0,4],"12":[4,0],"13":[4,0],"14":[4,4],"15":[0,4],"16":[0,4],"17":[4,4],"18":[0,0],"19":[0,0],"20":[0,0],"21":[0,0],"22":[0,0],"23":[0,0,0,0]},"_coverageSchema":"1a1c01bbd47fc00a2c39e90264f33305004495a9","hash":"6071c24c26d20b4af92dcf028b5874bbf6b985aa"}
,"/Users/jason/Documents/GitHub/DatingApp/src/components/LikeCard.tsx": {"path":"/Users/jason/Documents/GitHub/DatingApp/src/components/LikeCard.tsx","statementMap":{"0":{"start":{"line":14,"column":18},"end":{"line":14,"column":42}},"1":{"start":{"line":15,"column":19},"end":{"line":15,"column":29}},"2":{"start":{"line":25,"column":29},"end":{"line":25,"column":42}},"3":{"start":{"line":26,"column":30},"end":{"line":26,"column":34}},"4":{"start":{"line":28,"column":17},"end":{"line":35,"column":3}},"5":{"start":{"line":29,"column":4},"end":{"line":33,"column":5}},"6":{"start":{"line":30,"column":6},"end":{"line":32,"column":30}},"7":{"start":{"line":34,"column":4},"end":{"line":34,"column":16}},"8":{"start":{"line":37,"column":25},"end":{"line":39,"column":3}},"9":{"start":{"line":38,"column":4},"end":{"line":38,"column":45}},"10":{"start":{"line":41,"column":23},"end":{"line":45,"column":3}},"11":{"start":{"line":42,"column":4},"end":{"line":44,"column":13}},"12":{"start":{"line":47,"column":25},"end":{"line":51,"column":3}},"13":{"start":{"line":48,"column":4},"end":{"line":50,"column":13}},"14":{"start":{"line":53,"column":2},"end":{"line":150,"column":4}},"15":{"start":{"line":153,"column":15},"end":{"line":270,"column":2}}},"fnMap":{"0":{"name":"LikeCard","decl":{"start":{"line":24,"column":24},"end":{"line":24,"column":32}},"loc":{"start":{"line":24,"column":95},"end":{"line":151,"column":1}},"line":24},"1":{"name":"(anonymous_1)","decl":{"start":{"line":28,"column":17},"end":{"line":28,"column":18}},"loc":{"start":{"line":28,"column":23},"end":{"line":35,"column":3}},"line":28},"2":{"name":"(anonymous_2)","decl":{"start":{"line":37,"column":25},"end":{"line":37,"column":26}},"loc":{"start":{"line":37,"column":31},"end":{"line":39,"column":3}},"line":37},"3":{"name":"(anonymous_3)","decl":{"start":{"line":41,"column":23},"end":{"line":41,"column":24}},"loc":{"start":{"line":41,"column":29},"end":{"line":45,"column":3}},"line":41},"4":{"name":"(anonymous_4)","decl":{"start":{"line":47,"column":25},"end":{"line":47,"column":26}},"loc":{"start":{"line":47,"column":31},"end":{"line":51,"column":3}},"line":47}},"branchMap":{"0":{"loc":{"start":{"line":29,"column":4},"end":{"line":33,"column":5}},"type":"if","locations":[{"start":{"line":29,"column":4},"end":{"line":33,"column":5}},{"start":{},"end":{}}],"line":29},"1":{"loc":{"start":{"line":30,"column":13},"end":{"line":32,"column":29}},"type":"cond-expr","locations":[{"start":{"line":31,"column":10},"end":{"line":31,"column":39}},{"start":{"line":32,"column":10},"end":{"line":32,"column":29}}],"line":30},"2":{"loc":{"start":{"line":38,"column":11},"end":{"line":38,"column":44}},"type":"binary-expr","locations":[{"start":{"line":38,"column":11},"end":{"line":38,"column":31}},{"start":{"line":38,"column":35},"end":{"line":38,"column":44}}],"line":38},"3":{"loc":{"start":{"line":42,"column":11},"end":{"line":44,"column":12}},"type":"cond-expr","locations":[{"start":{"line":43,"column":8},"end":{"line":43,"column":33}},{"start":{"line":44,"column":8},"end":{"line":44,"column":12}}],"line":42},"4":{"loc":{"start":{"line":42,"column":11},"end":{"line":42,"column":70}},"type":"binary-expr","locations":[{"start":{"line":42,"column":11},"end":{"line":42,"column":33}},{"start":{"line":42,"column":37},"end":{"line":42,"column":70}}],"line":42},"5":{"loc":{"start":{"line":48,"column":11},"end":{"line":50,"column":12}},"type":"cond-expr","locations":[{"start":{"line":49,"column":8},"end":{"line":49,"column":34}},{"start":{"line":50,"column":8},"end":{"line":50,"column":12}}],"line":48},"6":{"loc":{"start":{"line":48,"column":11},"end":{"line":48,"column":72}},"type":"binary-expr","locations":[{"start":{"line":48,"column":11},"end":{"line":48,"column":34}},{"start":{"line":48,"column":38},"end":{"line":48,"column":72}}],"line":48},"7":{"loc":{"start":{"line":58,"column":21},"end":{"line":58,"column":51}},"type":"cond-expr","locations":[{"start":{"line":58,"column":30},"end":{"line":58,"column":39}},{"start":{"line":58,"column":42},"end":{"line":58,"column":51}}],"line":58},"8":{"loc":{"start":{"line":63,"column":9},"end":{"line":75,"column":9}},"type":"cond-expr","locations":[{"start":{"line":64,"column":10},"end":{"line":68,"column":12}},{"start":{"line":70,"column":10},"end":{"line":74,"column":17}}],"line":63},"9":{"loc":{"start":{"line":84,"column":13},"end":{"line":84,"column":40}},"type":"binary-expr","locations":[{"start":{"line":84,"column":13},"end":{"line":84,"column":21}},{"start":{"line":84,"column":25},"end":{"line":84,"column":40}}],"line":84},"10":{"loc":{"start":{"line":86,"column":11},"end":{"line":90,"column":11}},"type":"binary-expr","locations":[{"start":{"line":86,"column":11},"end":{"line":86,"column":30}},{"start":{"line":87,"column":12},"end":{"line":89,"column":19}}],"line":86},"11":{"loc":{"start":{"line":95,"column":7},"end":{"line":104,"column":7}},"type":"binary-expr","locations":[{"start":{"line":95,"column":7},"end":{"line":95,"column":23}},{"start":{"line":96,"column":8},"end":{"line":103,"column":15}}],"line":95},"12":{"loc":{"start":{"line":112,"column":31},"end":{"line":112,"column":61}},"type":"cond-expr","locations":[{"start":{"line":112,"column":40},"end":{"line":112,"column":49}},{"start":{"line":112,"column":52},"end":{"line":112,"column":61}}],"line":112},"13":{"loc":{"start":{"line":113,"column":12},"end":{"line":113,"column":49}},"type":"binary-expr","locations":[{"start":{"line":113,"column":12},"end":{"line":113,"column":24}},{"start":{"line":113,"column":28},"end":{"line":113,"column":49}}],"line":113},"14":{"loc":{"start":{"line":118,"column":11},"end":{"line":127,"column":11}},"type":"cond-expr","locations":[{"start":{"line":119,"column":12},"end":{"line":119,"column":75}},{"start":{"line":121,"column":12},"end":{"line":126,"column":15}}],"line":118},"15":{"loc":{"start":{"line":134,"column":12},"end":{"line":134,"column":49}},"type":"binary-expr","locations":[{"start":{"line":134,"column":12},"end":{"line":134,"column":24}},{"start":{"line":134,"column":28},"end":{"line":134,"column":49}}],"line":134},"16":{"loc":{"start":{"line":139,"column":11},"end":{"line":146,"column":11}},"type":"cond-expr","locations":[{"start":{"line":140,"column":12},"end":{"line":140,"column":62}},{"start":{"line":142,"column":12},"end":{"line":145,"column":15}}],"line":139}},"s":{"0":0,"1":0,"2":0,"3":0,"4":0,"5":0,"6":0,"7":0,"8":0,"9":0,"10":0,"11":0,"12":0,"13":0,"14":0,"15":0},"f":{"0":0,"1":0,"2":0,"3":0,"4":0},"b":{"0":[0,0],"1":[0,0],"2":[0,0],"3":[0,0],"4":[0,0],"5":[0,0],"6":[0,0],"7":[0,0],"8":[0,0],"9":[0,0],"10":[0,0],"11":[0,0],"12":[0,0],"13":[0,0],"14":[0,0],"15":[0,0],"16":[0,0]}}
,"/Users/jason/Documents/GitHub/DatingApp/src/components/auth-components/AuthHeader.tsx": {"path":"/Users/jason/Documents/GitHub/DatingApp/src/components/auth-components/AuthHeader.tsx","statementMap":{"0":{"start":{"line":13,"column":22},"end":{"line":13,"column":38}},"1":{"start":{"line":14,"column":17},"end":{"line":14,"column":39}},"2":{"start":{"line":16,"column":2},"end":{"line":30,"column":4}},"3":{"start":{"line":33,"column":18},"end":{"line":39,"column":1}},"4":{"start":{"line":41,"column":19},"end":{"line":43,"column":1}},"5":{"start":{"line":45,"column":18},"end":{"line":48,"column":1}},"6":{"start":{"line":47,"column":35},"end":{"line":47,"column":68}},"7":{"start":{"line":50,"column":14},"end":{"line":54,"column":1}},"8":{"start":{"line":53,"column":35},"end":{"line":53,"column":68}},"9":{"start":{"line":56,"column":15},"end":{"line":58,"column":1}}},"fnMap":{"0":{"name":"AuthHeader","decl":{"start":{"line":12,"column":24},"end":{"line":12,"column":34}},"loc":{"start":{"line":12,"column":71},"end":{"line":31,"column":1}},"line":12},"1":{"name":"(anonymous_1)","decl":{"start":{"line":47,"column":11},"end":{"line":47,"column":12}},"loc":{"start":{"line":47,"column":35},"end":{"line":47,"column":68}},"line":47},"2":{"name":"(anonymous_2)","decl":{"start":{"line":53,"column":11},"end":{"line":53,"column":12}},"loc":{"start":{"line":53,"column":35},"end":{"line":53,"column":68}},"line":53}},"branchMap":{"0":{"loc":{"start":{"line":47,"column":35},"end":{"line":47,"column":68}},"type":"cond-expr","locations":[{"start":{"line":47,"column":50},"end":{"line":47,"column":59}},{"start":{"line":47,"column":62},"end":{"line":47,"column":68}}],"line":47},"1":{"loc":{"start":{"line":53,"column":35},"end":{"line":53,"column":68}},"type":"cond-expr","locations":[{"start":{"line":53,"column":50},"end":{"line":53,"column":59}},{"start":{"line":53,"column":62},"end":{"line":53,"column":68}}],"line":53}},"s":{"0":21,"1":21,"2":21,"3":3,"4":3,"5":3,"6":21,"7":3,"8":21,"9":3},"f":{"0":21,"1":21,"2":21},"b":{"0":[0,21],"1":[0,21]},"_coverageSchema":"1a1c01bbd47fc00a2c39e90264f33305004495a9","hash":"0978d23862c3bbe5e4d1a3b5b6806334969eca14"}
,"/Users/jason/Documents/GitHub/DatingApp/src/components/chat/AttachmentMenuModal.tsx": {"path":"/Users/jason/Documents/GitHub/DatingApp/src/components/chat/AttachmentMenuModal.tsx","statementMap":{"0":{"start":{"line":18,"column":64},"end":{"line":51,"column":1}},"1":{"start":{"line":24,"column":2},"end":{"line":50,"column":4}},"2":{"start":{"line":33,"column":47},"end":{"line":33,"column":51}},"3":{"start":{"line":35,"column":49},"end":{"line":35,"column":70}},"4":{"start":{"line":38,"column":49},"end":{"line":38,"column":71}}},"fnMap":{"0":{"name":"(anonymous_0)","decl":{"start":{"line":18,"column":64},"end":{"line":18,"column":65}},"loc":{"start":{"line":23,"column":6},"end":{"line":51,"column":1}},"line":23},"1":{"name":"(anonymous_1)","decl":{"start":{"line":33,"column":41},"end":{"line":33,"column":42}},"loc":{"start":{"line":33,"column":47},"end":{"line":33,"column":51}},"line":33},"2":{"name":"(anonymous_2)","decl":{"start":{"line":35,"column":43},"end":{"line":35,"column":44}},"loc":{"start":{"line":35,"column":49},"end":{"line":35,"column":70}},"line":35},"3":{"name":"(anonymous_3)","decl":{"start":{"line":38,"column":43},"end":{"line":38,"column":44}},"loc":{"start":{"line":38,"column":49},"end":{"line":38,"column":71}},"line":38}},"branchMap":{"0":{"loc":{"start":{"line":34,"column":75},"end":{"line":34,"column":106}},"type":"cond-expr","locations":[{"start":{"line":34,"column":99},"end":{"line":34,"column":101}},{"start":{"line":34,"column":104},"end":{"line":34,"column":106}}],"line":34}},"s":{"0":1,"1":0,"2":0,"3":0,"4":0},"f":{"0":0,"1":0,"2":0,"3":0},"b":{"0":[0,0]},"_coverageSchema":"1a1c01bbd47fc00a2c39e90264f33305004495a9","hash":"81a4d64017dd84caa2798c1e503afaffa5471767"}
,"/Users/jason/Documents/GitHub/DatingApp/src/components/chat/ChatInput.tsx": {"path":"/Users/jason/Documents/GitHub/DatingApp/src/components/chat/ChatInput.tsx","statementMap":{"0":{"start":{"line":31,"column":44},"end":{"line":115,"column":1}},"1":{"start":{"line":45,"column":2},"end":{"line":114,"column":4}}},"fnMap":{"0":{"name":"(anonymous_0)","decl":{"start":{"line":31,"column":44},"end":{"line":31,"column":45}},"loc":{"start":{"line":44,"column":6},"end":{"line":115,"column":1}},"line":44}},"branchMap":{"0":{"loc":{"start":{"line":48,"column":9},"end":{"line":82,"column":9}},"type":"binary-expr","locations":[{"start":{"line":48,"column":9},"end":{"line":48,"column":23}},{"start":{"line":49,"column":10},"end":{"line":81,"column":17}}],"line":48},"1":{"loc":{"start":{"line":51,"column":29},"end":{"line":51,"column":59}},"type":"cond-expr","locations":[{"start":{"line":51,"column":38},"end":{"line":51,"column":47}},{"start":{"line":51,"column":50},"end":{"line":51,"column":59}}],"line":51},"2":{"loc":{"start":{"line":53,"column":31},"end":{"line":53,"column":61}},"type":"cond-expr","locations":[{"start":{"line":53,"column":40},"end":{"line":53,"column":49}},{"start":{"line":53,"column":52},"end":{"line":53,"column":61}}],"line":53},"3":{"loc":{"start":{"line":62,"column":23},"end":{"line":62,"column":53}},"type":"cond-expr","locations":[{"start":{"line":62,"column":32},"end":{"line":62,"column":41}},{"start":{"line":62,"column":44},"end":{"line":62,"column":53}}],"line":62},"4":{"loc":{"start":{"line":70,"column":23},"end":{"line":70,"column":53}},"type":"cond-expr","locations":[{"start":{"line":70,"column":32},"end":{"line":70,"column":41}},{"start":{"line":70,"column":44},"end":{"line":70,"column":53}}],"line":70},"5":{"loc":{"start":{"line":78,"column":23},"end":{"line":78,"column":53}},"type":"cond-expr","locations":[{"start":{"line":78,"column":32},"end":{"line":78,"column":41}},{"start":{"line":78,"column":44},"end":{"line":78,"column":53}}],"line":78},"6":{"loc":{"start":{"line":97,"column":32},"end":{"line":97,"column":62}},"type":"cond-expr","locations":[{"start":{"line":97,"column":41},"end":{"line":97,"column":50}},{"start":{"line":97,"column":53},"end":{"line":97,"column":62}}],"line":97},"7":{"loc":{"start":{"line":104,"column":20},"end":{"line":104,"column":53}},"type":"binary-expr","locations":[{"start":{"line":104,"column":20},"end":{"line":104,"column":40}},{"start":{"line":104,"column":44},"end":{"line":104,"column":53}}],"line":104},"8":{"loc":{"start":{"line":108,"column":42},"end":{"line":108,"column":75}},"type":"binary-expr","locations":[{"start":{"line":108,"column":42},"end":{"line":108,"column":62}},{"start":{"line":108,"column":66},"end":{"line":108,"column":75}}],"line":108},"9":{"loc":{"start":{"line":110,"column":27},"end":{"line":110,"column":60}},"type":"cond-expr","locations":[{"start":{"line":110,"column":39},"end":{"line":110,"column":51}},{"start":{"line":110,"column":54},"end":{"line":110,"column":60}}],"line":110}},"s":{"0":1,"1":0},"f":{"0":0},"b":{"0":[0,0],"1":[0,0],"2":[0,0],"3":[0,0],"4":[0,0],"5":[0,0],"6":[0,0],"7":[0,0],"8":[0,0],"9":[0,0]},"_coverageSchema":"1a1c01bbd47fc00a2c39e90264f33305004495a9","hash":"3c8b14971aa6c8d4bfce3b3b21f8934ecee7aea4"}
,"/Users/jason/Documents/GitHub/DatingApp/src/components/chat/ImageMessageThumbnail.tsx": {"path":"/Users/jason/Documents/GitHub/DatingApp/src/components/chat/ImageMessageThumbnail.tsx","statementMap":{"0":{"start":{"line":25,"column":21},"end":{"line":25,"column":56}},"1":{"start":{"line":27,"column":26},"end":{"line":39,"column":3}},"2":{"start":{"line":28,"column":22},"end":{"line":34,"column":6}},"3":{"start":{"line":35,"column":4},"end":{"line":38,"column":7}},"4":{"start":{"line":41,"column":2},"end":{"line":76,"column":4}},"5":{"start":{"line":45,"column":32},"end":{"line":48,"column":9}},"6":{"start":{"line":79,"column":15},"end":{"line":97,"column":2}}},"fnMap":{"0":{"name":"ImageMessageThumbnail","decl":{"start":{"line":18,"column":24},"end":{"line":18,"column":45}},"loc":{"start":{"line":24,"column":31},"end":{"line":77,"column":1}},"line":24},"1":{"name":"(anonymous_1)","decl":{"start":{"line":27,"column":26},"end":{"line":27,"column":27}},"loc":{"start":{"line":27,"column":32},"end":{"line":39,"column":3}},"line":27},"2":{"name":"(anonymous_2)","decl":{"start":{"line":45,"column":15},"end":{"line":45,"column":16}},"loc":{"start":{"line":45,"column":32},"end":{"line":48,"column":9}},"line":45}},"branchMap":{"0":{"loc":{"start":{"line":47,"column":21},"end":{"line":47,"column":38}},"type":"cond-expr","locations":[{"start":{"line":47,"column":31},"end":{"line":47,"column":34}},{"start":{"line":47,"column":37},"end":{"line":47,"column":38}}],"line":47},"1":{"loc":{"start":{"line":56,"column":27},"end":{"line":56,"column":81}},"type":"cond-expr","locations":[{"start":{"line":56,"column":43},"end":{"line":56,"column":52}},{"start":{"line":56,"column":56},"end":{"line":56,"column":80}}],"line":56},"2":{"loc":{"start":{"line":56,"column":56},"end":{"line":56,"column":80}},"type":"cond-expr","locations":[{"start":{"line":56,"column":65},"end":{"line":56,"column":71}},{"start":{"line":56,"column":74},"end":{"line":56,"column":80}}],"line":56},"3":{"loc":{"start":{"line":63,"column":7},"end":{"line":74,"column":7}},"type":"binary-expr","locations":[{"start":{"line":63,"column":7},"end":{"line":63,"column":14}},{"start":{"line":64,"column":8},"end":{"l
[...]
79,"column":10},"end":{"line":82,"column":13}},"25":{"start":{"line":84,"column":10},"end":{"line":84,"column":72}},"26":{"start":{"line":87,"column":31},"end":{"line":87,"column":90}},"27":{"start":{"line":88,"column":27},"end":{"line":88,"column":81}},"28":{"start":{"line":89,"column":10},"end":{"line":89,"column":98}},"29":{"start":{"line":91,"column":10},"end":{"line":93,"column":11}},"30":{"start":{"line":92,"column":12},"end":{"line":92,"column":62}},"31":{"start":{"line":96,"column":10},"end":{"line":96,"column":69}},"32":{"start":{"line":97,"column":27},"end":{"line":97,"column":52}},"33":{"start":{"line":98,"column":23},"end":{"line":98,"column":44}},"34":{"start":{"line":100,"column":10},"end":{"line":100,"column":79}},"35":{"start":{"line":101,"column":10},"end":{"line":101,"column":58}},"36":{"start":{"line":104,"column":10},"end":{"line":113,"column":13}},"37":{"start":{"line":116,"column":10},"end":{"line":116,"column":75}},"38":{"start":{"line":117,"column":10},"end":{"line":117,"column":60}},"39":{"start":{"line":119,"column":10},"end":{"line":119,"column":57}},"40":{"start":{"line":120,"column":10},"end":{"line":120,"column":25}},"41":{"start":{"line":124,"column":8},"end":{"line":124,"column":81}},"42":{"start":{"line":125,"column":25},"end":{"line":125,"column":45}},"43":{"start":{"line":126,"column":21},"end":{"line":126,"column":42}},"44":{"start":{"line":128,"column":8},"end":{"line":128,"column":72}},"45":{"start":{"line":129,"column":8},"end":{"line":138,"column":11}},"46":{"start":{"line":140,"column":8},"end":{"line":140,"column":62}},"47":{"start":{"line":144,"column":26},"end":{"line":144,"column":58}},"48":{"start":{"line":145,"column":6},"end":{"line":145,"column":60}},"49":{"start":{"line":146,"column":6},"end":{"line":146,"column":25}},"50":{"start":{"line":148,"column":6},"end":{"line":148,"column":64}},"51":{"start":{"line":150,"column":6},"end":{"line":153,"column":7}},"52":{"start":{"line":151,"column":8},"end":{"line":151,"column":52}},"53":{"start":{"line":152,"column":8},"end":{"line":152,"column":20}},"54":{"start":{"line":156,"column":23},"end":{"line":156,"column":67}},"55":{"start":{"line":157,"column":6},"end":{"line":157,"column":59}},"56":{"start":{"line":158,"column":6},"end":{"line":158,"column":66}},"57":{"start":{"line":158,"column":35},"end":{"line":158,"column":64}},"58":{"start":{"line":162,"column":2},"end":{"line":162,"column":64}},"59":{"start":{"line":168,"column":35},"end":{"line":201,"column":1}},"60":{"start":{"line":173,"column":2},"end":{"line":173,"column":68}},"61":{"start":{"line":174,"column":28},"end":{"line":174,"column":30}},"62":{"start":{"line":176,"column":2},"end":{"line":198,"column":3}},"63":{"start":{"line":176,"column":15},"end":{"line":176,"column":16}},"64":{"start":{"line":177,"column":4},"end":{"line":197,"column":5}},"65":{"start":{"line":178,"column":18},"end":{"line":186,"column":8}},"66":{"start":{"line":187,"column":6},"end":{"line":187,"column":24}},"67":{"start":{"line":190,"column":6},"end":{"line":192,"column":7}},"68":{"start":{"line":191,"column":8},"end":{"line":191,"column":54}},"69":{"start":{"line":194,"column":6},"end":{"line":194,"column":53}},"70":{"start":{"line":195,"column":27},"end":{"line":195,"column":83}},"71":{"start":{"line":196,"column":6},"end":{"line":196,"column":65}},"72":{"start":{"line":200,"column":2},"end":{"line":200,"column":17}}},"fnMap":{"0":{"name":"(anonymous_0)","decl":{"start":{"line":27,"column":26},"end":{"line":27,"column":27}},"loc":{"start":{"line":30,"column":22},"end":{"line":163,"column":1}},"line":30},"1":{"name":"(anonymous_1)","decl":{"start":{"line":158,"column":24},"end":{"line":158,"column":25}},"loc":{"start":{"line":158,"column":35},"end":{"line":158,"column":64}},"line":158},"2":{"name":"(anonymous_2)","decl":{"start":{"line":168,"column":35},"end":{"line":168,"column":36}},"loc":{"start":{"line":172,"column":24},"end":{"line":201,"column":1}},"line":172}},"branchMap":{"0":{"loc":{"start":{"line":33,"column":4},"end":{"line":33,"column":21}},"type":"default-arg","locations":[{"start":{"line":33,"column":11},"end":{"line":33,"column":21}}],"line":33},"1":{"loc":{"start":{"line":35,"column":4},"end":{"line":35,"column":17}},"type":"default-arg","locations":[{"start":{"line":35,"column":15},"end":{"line":35,"column":17}}],"line":35},"2":{"loc":{"start":{"line":36,"column":4},"end":{"line":36,"column":18}},"type":"default-arg","locations":[{"start":{"line":36,"column":17},"end":{"line":36,"column":18}}],"line":36},"3":{"loc":{"start":{"line":40,"column":19},"end":{"line":40,"column":71}},"type":"binary-expr","locations":[{"start":{"line":40,"column":19},"end":{"line":40,"column":43}},{"start":{"line":40,"column":47},"end":{"line":40,"column":71}}],"line":40},"4":{"loc":{"start":{"line":42,"column":22},"end":{"line":42,"column":83}},"type":"binary-expr","locations":[{"start":{"line":42,"column":22},"end":{"line":42,"column":41}},{"start":{"line":42,"column":45},"end":{"line":42,"column":67}},{"start":{"line":42,"column":71},"end":{"line":42,"column":83}}],"line":42},"5":{"loc":{"start":{"line":47,"column":59},"end":{"line":47,"column":77}},"type":"binary-expr","locations":[{"start":{"line":47,"column":59},"end":{"line":47,"column":68}},{"start":{"line":47,"column":72},"end":{"line":47,"column":77}}],"line":47},"6":{"loc":{"start":{"line":54,"column":12},"end":{"line":54,"column":49}},"type":"binary-expr","locations":[{"start":{"line":54,"column":12},"end":{"line":54,"column":36}},{"start":{"line":54,"column":40},"end":{"line":54,"column":49}}],"line":54},"7":{"loc":{"start":{"line":63,"column":6},"end":{"line":141,"column":7}},"type":"if","locations":[{"start":{"line":63,"column":6},"end":{"line":141,"column":7}},{"start":{"line":122,"column":13},"end":{"line":141,"column":7}}],"line":63},"8":{"loc":{"start":{"line":68,"column":8},"end":{"line":70,"column":9}},"type":"if","locations":[{"start":{"line":68,"column":8},"end":{"line":70,"column":9}},{"start":{},"end":{}}],"line":68},"9":{"loc":{"start":{"line":74,"column":30},"end":{"line":74,"column":87}},"type":"binary-expr","locations":[{"start":{"line":74,"column":30},"end":{"line":74,"column":55}},{"start":{"line":74,"column":59},"end":{"line":74,"column":87}}],"line":74},"10":{"loc":{"start":{"line":88,"column":27},"end":{"line":88,"column":81}},"type":"cond-expr","locations":[{"start":{"line":88,"column":52},"end":{"line":88,"column":69}},{"start":{"line":88,"column":72},"end":{"line":88,"column":81}}],"line":88},"11":{"loc":{"start":{"line":91,"column":10},"end":{"line":93,"column":11}},"type":"if","locations":[{"start":{"line":91,"column":10},"end":{"line":93,"column":11}},{"start":{},"end":{}}],"line":91},"12":{"loc":{"start":{"line":150,"column":6},"end":{"line":153,"column":7}},"type":"if","locations":[{"start":{"line":150,"column":6},"end":{"line":153,"column":7}},{"start":{},"end":{}}],"line":150},"13":{"loc":{"start":{"line":190,"column":6},"end":{"line":192,"column":7}},"type":"if","locations":[{"start":{"line":190,"column":6},"end":{"line":192,"column":7}},{"start":{},"end":{}}],"line":190},"14":{"loc":{"start":{"line":195,"column":27},"end":{"line":195,"column":83}},"type":"cond-expr","locations":[{"start":{"line":195,"column":52},"end":{"line":195,"column":65}},{"start":{"line":195,"column":68},"end":{"line":195,"column":83}}],"line":195}},"s":{"0":1,"1":0,"2":0,"3":0,"4":0,"5":0,"6":0,"7":0,"8":0,"9":0,"10":0,"11":0,"12":0,"13":0,"14":0,"15":0,"16":0,"17":0,"18":0,"19":0,"20":0,"21":0,"22":0,"23":0,"24":0,"25":0,"26":0,"27":0,"28":0,"29":0,"30":0,"31":0,"32":0,"33":0,"34":0,"35":0,"36":0,"37":0,"38":0,"39":0,"40":0,"41":0,"42":0,"43":0,"44":0,"45":0,"46":0,"47":0,"48":0,"49":0,"50":0,"51":0,"52":0,"53":0,"54":0,"55":0,"56":0,"57":0,"58":0,"59":1,"60":0,"61":0,"62":0,"63":0,"64":0,"65":0,"66":0,"67":0,"68":0,"69":0,"70":0,"71":0,"72":0},"f":{"0":0,"1":0,"2":0},"b":{"0":[0],"1":[0],"2":[0],"3":[0,0],"4":[0,0,0],"5":[0,0],"6":[0,0],"7":[0,0],"8":[0,0],"9":[0,0],"10":[0,0],"11":[0,0],"12":[0,0],"13":[0,0],"14":[0,0]},"_coverageSchema":"1a1c01bbd47fc00a2c39e90264f33305004495a9","hash":"6896ab9bebc6e54c493a9d517902fa3a6bc9488e"}
,"/Users/jason/Documents/GitHub/DatingApp/src/utils/useAppTheme.ts": {"path":"/Users/jason/Documents/GitHub/DatingApp/src/utils/useAppTheme.ts","statementMap":{"0":{"start":{"line":10,"column":18},"end":{"line":10,"column":42}},"1":{"start":{"line":12,"column":2},"end":{"line":14,"column":3}},"2":{"start":{"line":13,"column":4},"end":{"line":13,"column":71}},"3":{"start":{"line":17,"column":2},"end":{"line":20,"column":4}}},"fnMap":{"0":{"name":"useAppTheme","decl":{"start":{"line":9,"column":16},"end":{"line":9,"column":27}},"loc":{"start":{"line":9,"column":30},"end":{"line":21,"column":1}},"line":9}},"branchMap":{"0":{"loc":{"start":{"line":12,"column":2},"end":{"line":14,"column":3}},"type":"if","locations":[{"start":{"line":12,"column":2},"end":{"line":14,"column":3}},{"start":{},"end":{}}],"line":12}},"s":{"0":20,"1":18,"2":18,"3":0},"f":{"0":20},"b":{"0":[18,0]},"_coverageSchema":"1a1c01bbd47fc00a2c39e90264f33305004495a9","hash":"501382b6248bf47e72ed83066508cd0a6b6a06ba"}
,"/Users/jason/Documents/GitHub/DatingApp/src/utils/styled-components/types.ts": {"path":"/Users/jason/Documents/GitHub/DatingApp/src/utils/styled-components/types.ts","statementMap":{},"fnMap":{},"branchMap":{},"s":{},"f":{},"b":{}}
,"/Users/jason/Documents/GitHub/DatingApp/src/utils/validators/profileValidators.ts": {"path":"/Users/jason/Documents/GitHub/DatingApp/src/utils/validators/profileValidators.ts","statementMap":{"0":{"start":{"line":22,"column":42},"end":{"line":22,"column":44}},"1":{"start":{"line":25,"column":2},"end":{"line":27,"column":3}},"2":{"start":{"line":26,"column":4},"end":{"line":26,"column":37}},"3":{"start":{"line":30,"column":2},"end":{"line":64,"column":3}},"4":{"start":{"line":31,"column":4},"end":{"line":31,"column":47}},"5":{"start":{"line":32,"column":9},"end":{"line":64,"column":3}},"6":{"start":{"line":34,"column":17},"end":{"line":34,"column":44}},"7":{"start":{"line":35,"column":4},"end":{"line":52,"column":5}},"8":{"start":{"line":36,"column":6},"end":{"line":36,"column":47}},"9":{"start":{"line":39,"column":20},"end":{"line":39,"column":30}},"10":{"start":{"line":40,"column":16},"end":{"line":40,"column":56}},"11":{"start":{"line":41,"column":24},"end":{"line":41,"column":58}},"12":{"start":{"line":43,"column":6},"end":{"line":45,"column":7}},"13":{"start":{"line":44,"column":8},"end":{"line":44,"column":14}},"14":{"start":{"line":47,"column":6},"end":{"line":51,"column":7}},"15":{"start":{"line":48,"column":8},"end":{"line":48,"column":63}},"16":{"start":{"line":49,"column":13},"end":{"line":51,"column":7}},"17":{"start":{"line":50,"column":8},"end":{"line":50,"column":52}},"18":{"start":{"line":53,"column":9},"end":{"line":64,"column":3}},"19":{"start":{"line":55,"column":19},"end":{"line":55,"column":92}},"20":{"start":{"line":57,"column":4},"end":{"line":63,"column":5}},"21":{"start":{"line":58,"column":6},"end":{"line":58,"column":48}},"22":{"start":{"line":59,"column":11},"end":{"line":63,"column":5}},"23":{"start":{"line":60,"column":6},"end":{"line":60,"column":61}},"24":{"start":{"line":61,"column":11},"end":{"line":63,"column":5}},"25":{"start":{"line":62,"column":6},"end":{"line":62,"column":50}},"26":{"start":{"line":67,"column":2},"end":{"line":69,"column":3}},"27":{"start":{"line":68,"column":4},"end":{"line":68,"column":41}},"28":{"start":{"line":72,"column":2},"end":{"line":74,"column":3}},"29":{"start":{"line":73,"column":4},"end":{"line":73,"column":53}},"30":{"start":{"line":77,"column":2},"end":{"line":83,"column":3}},"31":{"start":{"line":79,"column":27},"end":{"line":79,"column":96}},"32":{"start":{"line":79,"column":55},"end":{"line":79,"column":95}},"33":{"start":{"line":80,"column":4},"end":{"line":82,"column":5}},"34":{"start":{"line":81,"column":6},"end":{"line":81,"column":75}},"35":{"start":{"line":86,"column":18},"end":{"line":86,"column":50}},"36":{"start":{"line":88,"column":2},"end":{"line":91,"column":4}},"37":{"start":{"line":100,"column":2},"end":{"line":100,"column":36}},"38":{"start":{"line":109,"column":2},"end":{"line":111,"column":3}},"39":{"start":{"line":110,"column":4},"end":{"line":110,"column":52}},"40":{"start":{"line":114,"column":25},"end":{"line":114,"column":77}},"41":{"start":{"line":114,"column":45},"end":{"line":114,"column":76}},"42":{"start":{"line":115,"column":2},"end":{"line":117,"column":3}},"43":{"start":{"line":116,"column":4},"end":{"line":116,"column":63}},"44":{"start":{"line":119,"column":2},"end":{"line":119,"column":12}}},"fnMap":{"0":{"name":"validateProfile","decl":{"start":{"line":21,"column":16},"end":{"line":21,"column":31}},"loc":{"start":{"line":21,"column":88},"end":{"line":92,"column":1}},"line":21},"1":{"name":"(anonymous_1)","decl":{"start":{"line":79,"column":50},"end":{"line":79,"column":51}},"loc":{"start":{"line":79,"column":55},"end":{"line":79,"column":95}},"line":79},"2":{"name":"validatePromptAnswer","decl":{"start":{"line":99,"column":16},"end":{"line":99,"column":36}},"loc":{"start":{"line":99,"column":62},"end":{"line":101,"column":1}},"line":99},"3":{"name":"validatePrompts","decl":{"start":{"line":108,"column":16},"end":{"line":108,"column":31}},"loc":{"start":{"line":108,"column":57},"end":{"line":120,"column":1}},"line":108},"4":{"name":"(anonymous_4)","decl":{"start":{"line":114,"column":40},"end":{"line":114,"column":41}},"loc":{"start":{"line":114,"column":45},"end":{"line":114,"column":76}},"line":114}},"branchMap":{"0":{"loc":{"start":{"line":25,"column":2},"end":{"line":27,"column":3}},"type":"if","locations":[{"start":{"line":25,"column":2},"end":{"line":27,"column":3}},{"start":{},"end":{}}],"line":25},"1":{"loc":{"start":{"line":25,"column":6},"end":{"line":25,"column":59}},"type":"binary-expr","locations":[{"start":{"line":25,"column":6},"end":{"line":25,"column":34}},{"start":{"line":25,"column":38},"end":{"line":25,"column":59}}],"line":25},"2":{"loc":{"start":{"line":30,"column":2},"end":{"line":64,"column":3}},"type":"if","locations":[{"start":{"line":30,"column":2},"end":{"line":64,"column":3}},{"start":{"line":32,"column":9},"end":{"line":64,"column":3}}],"line":30},"3":{"loc":{"start":{"line":30,"column":6},"end":{"line":30,"column":40}},"type":"binary-expr","locations":[{"start":{"line":30,"column":6},"end":{"line":30,"column":24}},{"start":{"line":30,"column":28},"end":{"line":30,"column":40}}],"line":30},"4":{"loc":{"start":{"line":32,"column":9},"end":{"line":64,"column":3}},"type":"if","locations":[{"start":{"line":32,"column":9},"end":{"line":64,"column":3}},{"start":{"line":53,"column":9},"end":{"line":64,"column":3}}],"line":32},"5":{"loc":{"start":{"line":35,"column":4},"end":{"line":52,"column":5}},"type":"if","locations":[{"start":{"line":35,"column":4},"end":{"line":52,"column":5}},{"start":{"line":37,"column":11},"end":{"line":52,"column":5}}],"line":35},"6":{"loc":{"start":{"line":43,"column":6},"end":{"line":45,"column":7}},"type":"if","locations":[{"start":{"line":43,"column":6},"end":{"line":45,"column":7}},{"start":{},"end":{}}],"line":43},"7":{"loc":{"start":{"line":43,"column":10},"end":{"line":43,"column":80}},"type":"binary-expr","locations":[{"start":{"line":43,"column":10},"end":{"line":43,"column":23}},{"start":{"line":43,"column":28},"end":{"line":43,"column":43}},{"start":{"line":43,"column":47},"end":{"line":43,"column":79}}],"line":43},"8":{"loc":{"start":{"line":47,"column":6},"end":{"line":51,"column":7}},"type":"if","locations":[{"start":{"line":47,"column":6},"end":{"line":51,"column":7}},{"start":{"line":49,"column":13},"end":{"line":51,"column":7}}],"line":47},"9":{"loc":{"start":{"line":49,"column":13},"end":{"line":51,"column":7}},"type":"if","locations":[{"start":{"line":49,"column":13},"end":{"line":51,"column":7}},{"start":{},"end":{}}],"line":49},"10":{"loc":{"start":{"line":53,"column":9},"end":{"line":64,"column":3}},"type":"if","locations":[{"start":{"line":53,"column":9},"end":{"line":64,"column":3}},{"start":{},"end":{}}],"line":53},"11":{"loc":{"start":{"line":55,"column":19},"end":{"line":55,"column":92}},"type":"cond-expr","locations":[{"start":{"line":55,"column":53},"end":{"line":55,"column":78}},{"start":{"line":55,"column":81},"end":{"line":55,"column":92}}],"line":55},"12":{"loc":{"start":{"line":57,"column":4},"end":{"line":63,"column":5}},"type":"if","locations":[{"start":{"line":57,"column":4},"end":{"line":63,"column":5}},{"start":{"line":59,"column":11},"end":{"line":63,"column":5}}],"line":57},"13":{"loc":{"start":{"line":59,"column":11},"end":{"line":63,"column":5}},"type":"if","locations":[{"start":{"line":59,"column":11},"end":{"line":63,"column":5}},{"start":{"line":61,"column":11},"end":{"line":63,"column":5}}],"line":59},"14":{"loc":{"start":{"line":61,"column":11},"end":{"line":63,"column":5}},"type":"if","locations":[{"start":{"line":61,"column":11},"end":{"line":63,"column":5}},{"start":{},"end":{}}],"line":61},"15":{"loc":{"start":{"line":67,"column":2},"end":{"line":69,"column":3}},"type":"if","locations":[{"start":{"line":67,"column":2},"end":{"line":69,"column":3}},{"start":{},"end":{}}],"line":67},"16":{"loc":{"start":{"line":72,"column":2},"end":{"line":74,"column":3}},"type":"if","locations":[{"start":{"line":72,"column":2},"end":{"line":74,"column":3}},{"start":{},"end":{}}],"line":72},"17":{"loc":{"start":{"line":72,"column":6},"end":{"line":72,"column":50}},"type":"binary-expr","locations":[{"start":{"line":72,"column":6},"end":{"line":72,"column":21}},{"start":{"line":72,"column":25},"end":{"line":72,"column":50}}],"line":72},"18":{"loc":{"start":{"line":77,"column":2},"end":{"line":83,"column":3}},"type":"if","locations":[{"start":{"line":77,"column":2},"end":{"line":83,"column":3}},{"start":{},"end":{}}],"line":77},"19":{"loc":{"start":{"line":77,"column":6},"end":{"line":77,"column":51}},"type":"binary-expr","locations":[{"start":{"line":77,"column":6},"end":{"line":77,"column":21}},{"start":{"line":77,"column":25},"end":{"line":77,"column":51}}],"line":77},"20":{"loc":{"start":{"line":79,"column":55},"end":{"line":79,"column":95}},"type":"binary-expr","locations":[{"start":{"line":79,"column":55},"end":{"line":79,"column":64}},{"start":{"line":79,"column":68},"end":{"line":79,"column":95}}],"line":79},"21":{"loc":{"start":{"line":80,"column":4},"end":{"line":82,"column":5}},"type":"if","locations":[{"start":{"line":80,"column":4},"end":{"line":82,"column":5}},{"start":{},"end":{}}],"line":80},"22":{"loc":{"start":{"line":109,"column":2},"end":{"line":111,"column":3}},"type":"if","locations":[{"start":{"line":109,"column":2},"end":{"line":111,"column":3}},{"start":{},"end":{}}],"line":109},"23":{"loc":{"start":{"line":109,"column":6},"end":{"line":109,"column":38}},"type":"binary-expr","locations":[{"start":{"line":109,"column":6},"end":{"line":109,"column":14}},{"start":{"line":109,"column":18},"end":{"line":109,"column":38}}],"line":109},"24":{"loc":{"start":{"line":115,"column":2},"end":{"line":117,"column":3}},"type":"if","locations":[{"start":{"line":115,"column":2},"end":{"line":117,"column":3}},{"start":{},"end":{}}],"line":115}},"s":{"0":15,"1":15,"2":1,"3":15,"4":1,"5":14,"6":12,"7":12,"8":1,"9":11,"10":11,"11":11,"12":11,"13":0,"14":11,"15":1,"16":10,"17":0,"18":2,"19":2,"20":2,"21":0,"22":2,"23":1,"24":1,"25":0,"26":15,"27":1,"28":15,"29":2,"30":15,"31":0,"32":0,"33":0,"34":0,"35":15,"36":15,"37":7,"38":4,"39":2,"40":2,"41":2,"42":2,"43":1,"44":1},"f":{"0":15,"1":0,"2":7,"3":4,"4":2},"b":{"0":[1,14],"1":[15,2],"2":[1,14],"3":[15,3],"4":[12,2],"5":[1,11],"6":[0,11],"7":[11,11,1],"8":[1,10],"9":[0,10],"10":[2,0],"11":[0,2],"12":[0,2],"13":[1,1],"14":[0,1],"15":[1,14],"16":[2,13],"17":[15,14],"18":[0,15],"19":[15,0],"20":[0,0],"21":[0,0],"22":[2,2],"23":[4,3],"24":[1,1]},"_coverageSchema":"1a1c01bbd47fc00a2c39e90264f33305004495a9","hash":"f33adbb6c00f08b651448843c79dbb56c113171a"}
}
