{"/Users/jason/Documents/GitHub/DatingApp/.detoxrc.js": {"path":"/Users/jason/Documents/GitHub/DatingApp/.detoxrc.js","statementMap":{"0":{"start":{"line":1,"column":0},"end":{"line":41,"column":2}}},"fnMap":{},"branchMap":{},"s":{"0":0},"f":{},"b":{}}
,"/Users/jason/Documents/GitHub/DatingApp/.eslintrc.js": {"path":"/Users/jason/Documents/GitHub/DatingApp/.eslintrc.js","statementMap":{"0":{"start":{"line":1,"column":0},"end":{"line":32,"column":2}}},"fnMap":{},"branchMap":{},"s":{"0":0},"f":{},"b":{}}
,"/Users/jason/Documents/GitHub/DatingApp/App.tsx": {"path":"/Users/jason/Documents/GitHub/DatingApp/App.tsx","statementMap":{"0":{"start":{"line":9,"column":2},"end":{"line":19,"column":4}},"1":{"start":{"line":24,"column":21},"end":{"line":24,"column":31}},"2":{"start":{"line":26,"column":2},"end":{"line":31,"column":3}}},"fnMap":{"0":{"name":"App","decl":{"start":{"line":8,"column":24},"end":{"line":8,"column":27}},"loc":{"start":{"line":8,"column":30},"end":{"line":20,"column":1}},"line":8},"1":{"name":"AppContent","decl":{"start":{"line":23,"column":9},"end":{"line":23,"column":19}},"loc":{"start":{"line":23,"column":22},"end":{"line":32,"column":1}},"line":23}},"branchMap":{"0":{"loc":{"start":{"line":28,"column":24},"end":{"line":28,"column":49}},"type":"cond-expr","locations":[{"start":{"line":28,"column":33},"end":{"line":28,"column":40}},{"start":{"line":28,"column":43},"end":{"line":28,"column":49}}],"line":28}},"s":{"0":0,"1":0,"2":0},"f":{"0":0,"1":0},"b":{"0":[0,0]}}
,"/Users/jason/Documents/GitHub/DatingApp/index.ts": {"path":"/Users/jason/Documents/GitHub/DatingApp/index.ts","statementMap":{"0":{"start":{"line":8,"column":0},"end":{"line":8,"column":27}}},"fnMap":{},"branchMap":{},"s":{"0":0},"f":{},"b":{}}
,"/Users/jason/Documents/GitHub/DatingApp/jest.config.js": {"path":"/Users/jason/Documents/GitHub/DatingApp/jest.config.js","statementMap":{"0":{"start":{"line":1,"column":0},"end":{"line":28,"column":2}}},"fnMap":{},"branchMap":{},"s":{"0":0},"f":{},"b":{}}
,"/Users/jason/Documents/GitHub/DatingApp/e2e/authFlow.e2e.js": {"path":"/Users/jason/Documents/GitHub/DatingApp/e2e/authFlow.e2e.js","statementMap":{"0":{"start":{"line":1,"column":0},"end":{"line":68,"column":3}},"1":{"start":{"line":2,"column":2},"end":{"line":4,"column":5}},"2":{"start":{"line":3,"column":4},"end":{"line":3,"column":50}},"3":{"start":{"line":6,"column":2},"end":{"line":8,"column":5}},"4":{"start":{"line":7,"column":4},"end":{"line":7,"column":37}},"5":{"start":{"line":10,"column":2},"end":{"line":15,"column":5}},"6":{"start":{"line":11,"column":4},"end":{"line":11,"column":63}},"7":{"start":{"line":12,"column":4},"end":{"line":12,"column":76}},"8":{"start":{"line":13,"column":4},"end":{"line":13,"column":60}},"9":{"start":{"line":14,"column":4},"end":{"line":14,"column":59}},"10":{"start":{"line":17,"column":2},"end":{"line":22,"column":5}},"11":{"start":{"line":18,"column":4},"end":{"line":18,"column":44}},"12":{"start":{"line":19,"column":4},"end":{"line":19,"column":67}},"13":{"start":{"line":20,"column":4},"end":{"line":20,"column":46}},"14":{"start":{"line":21,"column":4},"end":{"line":21,"column":63}},"15":{"start":{"line":24,"column":2},"end":{"line":29,"column":5}},"16":{"start":{"line":25,"column":4},"end":{"line":25,"column":43}},"17":{"start":{"line":26,"column":4},"end":{"line":26,"column":59}},"18":{"start":{"line":27,"column":4},"end":{"line":27,"column":46}},"19":{"start":{"line":28,"column":4},"end":{"line":28,"column":63}},"20":{"start":{"line":31,"column":2},"end":{"line":49,"column":5}},"21":{"start":{"line":32,"column":4},"end":{"line":32,"column":44}},"22":{"start":{"line":35,"column":4},"end":{"line":35,"column":69}},"23":{"start":{"line":36,"column":4},"end":{"line":36,"column":67}},"24":{"start":{"line":37,"column":4},"end":{"line":37,"column":75}},"25":{"start":{"line":40,"column":4},"end":{"line":40,"column":49}},"26":{"start":{"line":41,"column":4},"end":{"line":41,"column":52}},"27":{"start":{"line":44,"column":4},"end":{"line":44,"column":48}},"28":{"start":{"line":47,"column":4},"end":{"line":47,"column":62}},"29":{"start":{"line":48,"column":4},"end":{"line":48,"column":79}},"30":{"start":{"line":51,"column":2},"end":{"line":67,"column":5}},"31":{"start":{"line":53,"column":4},"end":{"line":53,"column":37}},"32":{"start":{"line":55,"column":4},"end":{"line":55,"column":43}},"33":{"start":{"line":58,"column":4},"end":{"line":58,"column":69}},"34":{"start":{"line":59,"column":4},"end":{"line":59,"column":67}},"35":{"start":{"line":62,"column":4},"end":{"line":62,"column":47}},"36":{"start":{"line":65,"column":4},"end":{"line":65,"column":62}},"37":{"start":{"line":66,"column":4},"end":{"line":66,"column":79}}},"fnMap":{"0":{"name":"(anonymous_0)","decl":{"start":{"line":1,"column":32},"end":{"line":1,"column":33}},"loc":{"start":{"line":1,"column":38},"end":{"line":68,"column":1}},"line":1},"1":{"name":"(anonymous_1)","decl":{"start":{"line":2,"column":12},"end":{"line":2,"column":13}},"loc":{"start":{"line":2,"column":24},"end":{"line":4,"column":3}},"line":2},"2":{"name":"(anonymous_2)","decl":{"start":{"line":6,"column":13},"end":{"line":6,"column":14}},"loc":{"start":{"line":6,"column":25},"end":{"line":8,"column":3}},"line":6},"3":{"name":"(anonymous_3)","decl":{"start":{"line":10,"column":56},"end":{"line":10,"column":57}},"loc":{"start":{"line":10,"column":68},"end":{"line":15,"column":3}},"line":10},"4":{"name":"(anonymous_4)","decl":{"start":{"line":17,"column":51},"end":{"line":17,"column":52}},"loc":{"start":{"line":17,"column":63},"end":{"line":22,"column":3}},"line":17},"5":{"name":"(anonymous_5)","decl":{"start":{"line":24,"column":50},"end":{"line":24,"column":51}},"loc":{"start":{"line":24,"column":62},"end":{"line":29,"column":3}},"line":24},"6":{"name":"(anonymous_6)","decl":{"start":{"line":31,"column":64},"end":{"line":31,"column":65}},"loc":{"start":{"line":31,"column":76},"end":{"line":49,"column":3}},"line":31},"7":{"name":"(anonymous_7)","decl":{"start":{"line":51,"column":62},"end":{"line":51,"column":63}},"loc":{"start":{"line":51,"column":74},"end":{"line":67,"column":3}},"line":51}},"branchMap":{},"s":{"0":0,"1":0,"2":0,"3":0,"4":0,"5":0,"6":0,"7":0,"8":0,"9":0,"10":0,"11":0,"12":0,"13":0,"14":0,"15":0,"16":0,"17":0,"18":0,"19":0,"20":0,"21":0,"22":0,"23":0,"24":0,"25":0,"26":0,"27":0,"28":0,"29":0,"30":0,"31":0,"32":0,"33":0,"34":0,"35":0,"36":0,"37":0},"f":{"0":0,"1":0,"2":0,"3":0,"4":0,"5":0,"6":0,"7":0},"b":{}}
,"/Users/jason/Documents/GitHub/DatingApp/e2e/jest.config.js": {"path":"/Users/jason/Documents/GitHub/DatingApp/e2e/jest.config.js","statementMap":{"0":{"start":{"line":1,"column":0},"end":{"line":10,"column":2}}},"fnMap":{},"branchMap":{},"s":{"0":0},"f":{},"b":{}}
,"/Users/jason/Documents/GitHub/DatingApp/src/components/auth-components/AuthHeader.tsx": {"path":"/Users/jason/Documents/GitHub/DatingApp/src/components/auth-components/AuthHeader.tsx","statementMap":{"0":{"start":{"line":13,"column":22},"end":{"line":13,"column":38}},"1":{"start":{"line":14,"column":17},"end":{"line":14,"column":39}},"2":{"start":{"line":16,"column":2},"end":{"line":30,"column":4}},"3":{"start":{"line":33,"column":18},"end":{"line":39,"column":1}},"4":{"start":{"line":41,"column":19},"end":{"line":43,"column":1}},"5":{"start":{"line":45,"column":18},"end":{"line":48,"column":1}},"6":{"start":{"line":47,"column":35},"end":{"line":47,"column":68}},"7":{"start":{"line":50,"column":14},"end":{"line":54,"column":1}},"8":{"start":{"line":53,"column":35},"end":{"line":53,"column":68}},"9":{"start":{"line":56,"column":15},"end":{"line":58,"column":1}}},"fnMap":{"0":{"name":"AuthHeader","decl":{"start":{"line":12,"column":24},"end":{"line":12,"column":34}},"loc":{"start":{"line":12,"column":71},"end":{"line":31,"column":1}},"line":12},"1":{"name":"(anonymous_1)","decl":{"start":{"line":47,"column":11},"end":{"line":47,"column":12}},"loc":{"start":{"line":47,"column":35},"end":{"line":47,"column":68}},"line":47},"2":{"name":"(anonymous_2)","decl":{"start":{"line":53,"column":11},"end":{"line":53,"column":12}},"loc":{"start":{"line":53,"column":35},"end":{"line":53,"column":68}},"line":53}},"branchMap":{"0":{"loc":{"start":{"line":47,"column":35},"end":{"line":47,"column":68}},"type":"cond-expr","locations":[{"start":{"line":47,"column":50},"end":{"line":47,"column":59}},{"start":{"line":47,"column":62},"end":{"line":47,"column":68}}],"line":47},"1":{"loc":{"start":{"line":53,"column":35},"end":{"line":53,"column":68}},"type":"cond-expr","locations":[{"start":{"line":53,"column":50},"end":{"line":53,"column":59}},{"start":{"line":53,"column":62},"end":{"line":53,"column":68}}],"line":53}},"s":{"0":0,"1":0,"2":0,"3":0,"4":0,"5":0,"6":0,"7":0,"8":0,"9":0},"f":{"0":0,"1":0,"2":0},"b":{"0":[0,0],"1":[0,0]}}
,"/Users/jason/Documents/GitHub/DatingApp/src/components/profile-setup/AddPromptForm.tsx": {"path":"/Users/jason/Documents/GitHub/DatingApp/src/components/profile-setup/AddPromptForm.tsx","statementMap":{"0":{"start":{"line":41,"column":29},"end":{"line":41,"column":78}},"1":{"start":{"line":41,"column":47},"end":{"line":41,"column":71}},"2":{"start":{"line":43,"column":19},"end":{"line":48,"column":3}},"3":{"start":{"line":44,"column":4},"end":{"line":44,"column":65}},"4":{"start":{"line":44,"column":34},"end":{"line":44,"column":65}},"5":{"start":{"line":45,"column":4},"end":{"line":45,"column":64}},"6":{"start":{"line":45,"column":34},"end":{"line":45,"column":64}},"7":{"start":{"line":46,"column":4},"end":{"line":46,"column":63}},"8":{"start":{"line":46,"column":34},"end":{"line":46,"column":63}},"9":{"start":{"line":47,"column":4},"end":{"line":47,"column":14}},"10":{"start":{"line":50,"column":2},"end":{"line":140,"column":4}},"11":{"start":{"line":143,"column":27},"end":{"line":146,"column":1}},"12":{"start":{"line":148,"column":21},"end":{"line":154,"column":1}},"13":{"start":{"line":151,"column":35},"end":{"line":151,"column":71}},"14":{"start":{"line":156,"column":27},"end":{"line":162,"column":1}},"15":{"start":{"line":164,"column":25},"end":{"line":168,"column":1}},"16":{"start":{"line":170,"column":29},"end":{"line":172,"column":1}},"17":{"start":{"line":174,"column":19},"end":{"line":179,"column":1}},"18":{"start":{"line":177,"column":35},"end":{"line":177,"column":71}},"19":{"start":{"line":181,"column":26},"end":{"line":191,"column":1}},"20":{"start":{"line":186,"column":46},"end":{"line":186,"column":82}},"21":{"start":{"line":187,"column":35},"end":{"line":187,"column":71}},"22":{"start":{"line":188,"column":46},"end":{"line":188,"column":76}},"23":{"start":{"line":193,"column":18},"end":{"line":197,"column":1}},"24":{"start":{"line":194,"column":35},"end":{"line":194,"column":71}},"25":{"start":{"line":199,"column":25},"end":{"line":204,"column":1}},"26":{"start":{"line":206,"column":32},"end":{"line":209,"column":1}},"27":{"start":{"line":211,"column":21},"end":{"line":217,"column":1}},"28":{"start":{"line":216,"column":46},"end":{"line":216,"column":79}},"29":{"start":{"line":219,"column":25},"end":{"line":223,"column":1}},"30":{"start":{"line":222,"column":35},"end":{"line":222,"column":65}},"31":{"start":{"line":225,"column":25},"end":{"line":228,"column":1}},"32":{"start":{"line":226,"column":35},"end":{"line":226,"column":65}},"33":{"start":{"line":230,"column":28},"end":{"line":234,"column":1}},"34":{"start":{"line":236,"column":32},"end":{"line":240,"column":1}},"35":{"start":{"line":242,"column":25},"end":{"line":249,"column":1}},"36":{"start":{"line":248,"column":46},"end":{"line":248,"column":79}},"37":{"start":{"line":251,"column":29},"end":{"line":254,"column":1}},"38":{"start":{"line":252,"column":35},"end":{"line":252,"column":65}},"39":{"start":{"line":256,"column":26},"end":{"line":264,"column":1}},"40":{"start":{"line":266,"column":30},"end":{"line":270,"column":1}},"41":{"start":{"line":272,"column":25},"end":{"line":277,"column":1}},"42":{"start":{"line":276,"column":38},"end":{"line":276,"column":62}},"43":{"start":{"line":279,"column":29},"end":{"line":283,"column":1}}},"fnMap":{"0":{"name":"AddPromptForm","decl":{"start":{"line":24,"column":24},"end":{"line":24,"column":37}},"loc":{"start":{"line":40,"column":23},"end":{"line":141,"column":1}},"line":40},"1":{"name":"(anonymous_1)","decl":{"start":{"line":41,"column":42},"end":{"line":41,"column":43}},"loc":{"start":{"line":41,"column":47},"end":{"line":41,"column":71}},"line":41},"2":{"name":"(anonymous_2)","decl":{"start":{"line":43,"column":19},"end":{"line":43,"column":20}},"loc":{"start":{"line":43,"column":25},"end":{"line":48,"column":3}},"line":43},"3":{"name":"(anonymous_3)","decl":{"start":{"line":151,"column":11},"end":{"line":151,"column":12}},"loc":{"start":{"line":151,"column":35},"end":{"line":151,"column":71}},"line":151},"4":{"name":"(anonymous_4)","decl":{"start":{"line":177,"column":11},"end":{"line":177,"column":12}},"loc":{"start":{"line":177,"column":35},"end":{"line":177,"column":71}},"line":177},"5":{"name":"(anonymous_5)","decl":{"start":{"line":186,"column":22},"end":{"line":186,"column":23}},"loc":{"start":{"line":186,"column":46},"end":{"line":186,"column":82}},"line":186},"6":{"name":"(anonymous_6)","decl":{"start":{"line":187,"column":11},"end":{"line":187,"column":12}},"loc":{"start":{"line":187,"column":35},"end":{"line":187,"column":71}},"line":187},"7":{"name":"(anonymous_7)","decl":{"start":{"line":188,"column":22},"end":{"line":188,"column":23}},"loc":{"start":{"line":188,"column":46},"end":{"line":188,"column":76}},"line":188},"8":{"name":"(anonymous_8)","decl":{"start":{"line":194,"column":11},"end":{"line":194,"column":12}},"loc":{"start":{"line":194,"column":35},"end":{"line":194,"column":71}},"line":194},"9":{"name":"(anonymous_9)","decl":{"start":{"line":216,"column":22},"end":{"line":216,"column":23}},"loc":{"start":{"line":216,"column":46},"end":{"line":216,"column":79}},"line":216},"10":{"name":"(anonymous_10)","decl":{"start":{"line":222,"column":11},"end":{"line":222,"column":12}},"loc":{"start":{"line":222,"column":35},"end":{"line":222,"column":65}},"line":222},"11":{"name":"(anonymous_11)","decl":{"start":{"line":226,"column":11},"end":{"line":226,"column":12}},"loc":{"start":{"line":226,"column":35},"end":{"line":226,"column":65}},"line":226},"12":{"name":"(anonymous_12)","decl":{"start":{"line":248,"column":22},"end":{"line":248,"column":23}},"loc":{"start":{"line":248,"column":46},"end":{"line":248,"column":79}},"line":248},"13":{"name":"(anonymous_13)","decl":{"start":{"line":252,"column":11},"end":{"line":252,"column":12}},"loc":{"start":{"line":252,"column":35},"end":{"line":252,"column":65}},"line":252},"14":{"name":"(anonymous_14)","decl":{"start":{"line":276,"column":13},"end":{"line":276,"column":14}},"loc":{"start":{"line":276,"column":38},"end":{"line":276,"column":62}},"line":276}},"branchMap":{"0":{"loc":{"start":{"line":44,"column":4},"end":{"line":44,"column":65}},"type":"if","locations":[{"start":{"line":44,"column":4},"end":{"line":44,"column":65}},{"start":{},"end":{}}],"line":44},"1":{"loc":{"start":{"line":45,"column":4},"end":{"line":45,"column":64}},"type":"if","locations":[{"start":{"line":45,"column":4},"end":{"line":45,"column":64}},{"start":{},"end":{}}],"line":45},"2":{"loc":{"start":{"line":46,"column":4},"end":{"line":46,"column":63}},"type":"if","locations":[{"start":{"line":46,"column":4},"end":{"line":46,"column":63}},{"start":{},"end":{}}],"line":46},"3":{"loc":{"start":{"line":54,"column":7},"end":{"line":138,"column":7}},"type":"cond-expr","locations":[{"start":{"line":55,"column":8},"end":{"line":63,"column":29}},{"start":{"line":65,"column":8},"end":{"line":137,"column":31}}],"line":54},"4":{"loc":{"start":{"line":78,"column":11},"end":{"line":78,"column":84}},"type":"cond-expr","locations":[{"start":{"line":78,"column":25},"end":{"line":78,"column":77}},{"start":{"line":78,"column":80},"end":{"line":78,"column":84}}],"line":78},"5":{"loc":{"start":{"line":82,"column":15},"end":{"line":122,"column":15}},"type":"cond-expr","locations":[{"start":{"line":83,"column":16},"end":{"line":93,"column":31}},{"start":{"line":94,"column":18},"end":{"line":122,"column":15}}],"line":82},"6":{"loc":{"start":{"line":82,"column":15},"end":{"line":82,"column":44}},"type":"binary-expr","locations":[{"start":{"line":82,"column":15},"end":{"line":82,"column":27}},{"start":{"line":82,"column":31},"end":{"line":82,"column":44}}],"line":82},"7":{"loc":{"start":{"line":94,"column":18},"end":{"line":122,"column":15}},"type":"cond-expr","locations":[{"start":{"line":95,"column":16},"end":{"line":104,"column":38}},{"start":{"line":106,"column":16},"end":{"line":121,"column":35}}],"line":94},"8":{"loc":{"start":{"line":127,"column":24},"end":{"line":127,"column":97}},"type":"binary-expr","locations":[{"start":{"line":127,"column":24},"end":{"line":127,"column":33}},{"start":{"line":127,"column":37},"end":{"line":127,"column":53}},{"start":{"line":127,"column":58},"end":{"line":127,"column":79}},{"start":{"line":127,"column":83},"end":{"line":127,"column":96}}],"line":127},"9":{"loc":{"start":{"line":132,"column":46},"end":{"line":132,"column":119}},"type":"binary-expr","locations":[{"start":{"line":132,"column":46},"end":{"line":132,"column":55}},{"start":{"line":132,"column":59},"end":{"line":132,"column":75}},{"start":{"line":132,"column":80},"end":{"line":132,"column":101}},{"start":{"line":132,"column":105},"end":{"line":132,"column":118}}],"line":132},"10":{"loc":{"start":{"line":151,"column":35},"end":{"line":151,"column":71}},"type":"cond-expr","locations":[{"start":{"line":151,"column":50},"end":{"line":151,"column":59}},{"start":{"line":151,"column":62},"end":{"line":151,"column":71}}],"line":151},"11":{"loc":{"start":{"line":177,"column":35},"end":{"line":177,"column":71}},"type":"cond-expr","locations":[{"start":{"line":177,"column":50},"end":{"line":177,"column":59}},{"start":{"line":177,"column":62},"end":{"line":177,"column":71}}],"line":177},"12":{"loc":{"start":{"line":186,"column":46},"end":{"line":186,"column":82}},"type":"cond-expr","locations":[{"start":{"line":186,"column":61},"end":{"line":186,"column":70}},{"start":{"line":186,"column":73},"end":{"line":186,"column":82}}],"line":186},"13":{"loc":{"start":{"line":187,"column":35},"end":{"line":187,"column":71}},"type":"cond-expr","locations":[{"start":{"line":187,"column":50},"end":{"line":187,"column":59}},{"start":{"line":187,"column":62},"end":{"line":187,"column":71}}],"line":187},"14":{"loc":{"start":{"line":188,"column":46},"end":{"line":188,"column":76}},"type":"cond-expr","locations":[{"start":{"line":188,"column":61},"end":{"line":188,"column":67}},{"start":{"line":188,"column":70},"end":{"line":188,"column":76}}],"line":188},"15":{"loc":{"start":{"line":194,"column":35},"end":{"line":194,"column":71}},"type":"cond-expr","locations":[{"start":{"line":194,"column":50},"end":{"line":194,"column":59}},{"start":{"line":194,"column":62},"end":{"line":194,"column":71}}],"line":194},"16":{"loc":{"start":{"line":216,"column":46},"end":{"line":216,"column":79}},"type":"cond-expr","locations":[{"start":{"line":216,"column":61},"end":{"line":216,"column":67}},{"start":{"line":216,"column":70},"end":{"line":216,"column":79}}],"line":216},"17":{"loc":{"start":{"line":222,"column":35},"end":{"line":222,"column":65}},"type":"cond-expr","locations":[{"start":{"line":222,"column":50},"end":{"line":222,"column":56}},{"start":{"line":222,"column":59},"end":{"line":222,"column":65}}],"line":222},"18":{"loc":{"start":{"line":226,"column":35},"end":{"line":226,"column":65}},"type":"cond-expr","locations":[{"start":{"line":226,"column":50},"end":{"line":226,"column":56}},{"start":{"line":226,"column":59},"end":{"line":226,"column":65}}],"line":226},"19":{"loc":{"start":{"line":248,"column":46},"end":{"line":248,"column":79}},"type":"cond-expr","locations":[{"start":{"line":248,"column":61},"end":{"line":248,"column":67}},{"start":{"line":248,"column":70},"end":{"line":248,"column":79}}],"line":248},"20":{"loc":{"start":{"line":252,"column":35},"end":{"line":252,"column":65}},"type":"cond-expr","locations":[{"start":{"line":252,"column":50},"end":{"line":252,"column":56}},{"start":{"line":252,"column":59},"end":{"line":252,"column":65}}],"line":252},"21":{"loc":{"start":{"line":276,"column":38},"end":{"line":276,"column":62}},"type":"cond-expr","locations":[{"start":{"line":276,"column":55},"end":{"line":276,"column":58}},{"start":{"line":276,"column":61},"end":{"line":276,"column":62}}],"line":276}},"s":{"0":0,"1":0,"2":0,"3":0,"4":0,"5":0,"6":0,"7":0,"8":0,"9":0,"10":0,"11":0,"12":0,"13":0,"14":0,"15":0,"16":0,"17":0,"18":0,"19":0,"20":0,"21":0,"22":0,"23":0,"24":0,"25":0,"26":0,"27":0,"28":0,"29":0,"30":0,"31":0,"32":0,"33":0,"34":0,"35":0,"36":0,"37":0,"38":0,"39":0,"40":0,"41":0,"42":0,"43":0},"f":{"0":0,"1":0,"2":0,"3":0,"4":0,"5":0,"6":0,"7":0,"8":0,"9":0,"10":0,"11":0,"12":0,"13":0,"14":0},"b":{"0":[0,0],"1":[0,0],"2":[0,0],"3":[0,0],"4":[0,0],"5":[0,0],"6":[0,0],"7":[0,0],"8":[0,0,0,0],"9":[0,0,0,0],"10":[0,0],"11":[0,0],"12":[0,0],"13":[0,0],"14":[0,0],"15":[0,0],"16":[0,0],"17":[0,0],"18":[0,0],"19":[0,0],"20":[0,0],"21":[0,0]}}
,"/Users/jason/Documents/GitHub/DatingApp/src/components/profile-setup/PromptSelectionModal.tsx": {"path":"/Users/jason/Documents/GitHub/DatingApp/src/components/profile-setup/PromptSelectionModal.tsx","statementMap":{"0":{"start":{"line":22,"column":2},"end":{"line":61,"column":4}},"1":{"start":{"line":45,"column":34},"end":{"line":45,"column":41}},"2":{"start":{"line":47,"column":14},"end":{"line":54,"column":29}},"3":{"start":{"line":48,"column":31},"end":{"line":48,"column":54}},"4":{"start":{"line":64,"column":21},"end":{"line":68,"column":1}},"5":{"start":{"line":70,"column":21},"end":{"line":76,"column":1}},"6":{"start":{"line":71,"column":46},"end":{"line":71,"column":76}},"7":{"start":{"line":78,"column":20},"end":{"line":84,"column":1}},"8":{"start":{"line":86,"column":19},"end":{"line":90,"column":1}},"9":{"start":{"line":89,"column":35},"end":{"line":89,"column":71}},"10":{"start":{"line":92,"column":25},"end":{"line":94,"column":1}},"11":{"start":{"line":96,"column":29},"end":{"line":100,"column":1}},"12":{"start":{"line":97,"column":35},"end":{"line":97,"column":65}},"13":{"start":{"line":102,"column":21},"end":{"line":107,"column":1}},"14":{"start":{"line":106,"column":49},"end":{"line":106,"column":79}},"15":{"start":{"line":109,"column":25},"end":{"line":112,"column":1}},"16":{"start":{"line":111,"column":35},"end":{"line":111,"column":71}}},"fnMap":{"0":{"name":"PromptSelectionModal","decl":{"start":{"line":15,"column":24},"end":{"line":15,"column":44}},"loc":{"start":{"line":21,"column":30},"end":{"line":62,"column":1}},"line":21},"1":{"name":"(anonymous_1)","decl":{"start":{"line":45,"column":26},"end":{"line":45,"column":27}},"loc":{"start":{"line":45,"column":34},"end":{"line":45,"column":41}},"line":45},"2":{"name":"(anonymous_2)","decl":{"start":{"line":46,"column":24},"end":{"line":46,"column":25}},"loc":{"start":{"line":47,"column":14},"end":{"line":54,"column":29}},"line":47},"3":{"name":"(anonymous_3)","decl":{"start":{"line":48,"column":25},"end":{"line":48,"column":26}},"loc":{"start":{"line":48,"column":31},"end":{"line":48,"column":54}},"line":48},"4":{"name":"(anonymous_4)","decl":{"start":{"line":71,"column":22},"end":{"line":71,"column":23}},"loc":{"start":{"line":71,"column":46},"end":{"line":71,"column":76}},"line":71},"5":{"name":"(anonymous_5)","decl":{"start":{"line":89,"column":11},"end":{"line":89,"column":12}},"loc":{"start":{"line":89,"column":35},"end":{"line":89,"column":71}},"line":89},"6":{"name":"(anonymous_6)","decl":{"start":{"line":97,"column":11},"end":{"line":97,"column":12}},"loc":{"start":{"line":97,"column":35},"end":{"line":97,"column":65}},"line":97},"7":{"name":"(anonymous_7)","decl":{"start":{"line":106,"column":25},"end":{"line":106,"column":26}},"loc":{"start":{"line":106,"column":49},"end":{"line":106,"column":79}},"line":106},"8":{"name":"(anonymous_8)","decl":{"start":{"line":111,"column":11},"end":{"line":111,"column":12}},"loc":{"start":{"line":111,"column":35},"end":{"line":111,"column":71}},"line":111}},"branchMap":{"0":{"loc":{"start":{"line":71,"column":46},"end":{"line":71,"column":76}},"type":"cond-expr","locations":[{"start":{"line":71,"column":61},"end":{"line":71,"column":67}},{"start":{"line":71,"column":70},"end":{"line":71,"column":76}}],"line":71},"1":{"loc":{"start":{"line":89,"column":35},"end":{"line":89,"column":71}},"type":"cond-expr","locations":[{"start":{"line":89,"column":50},"end":{"line":89,"column":59}},{"start":{"line":89,"column":62},"end":{"line":89,"column":71}}],"line":89},"2":{"loc":{"start":{"line":97,"column":35},"end":{"line":97,"column":65}},"type":"cond-expr","locations":[{"start":{"line":97,"column":50},"end":{"line":97,"column":56}},{"start":{"line":97,"column":59},"end":{"line":97,"column":65}}],"line":97},"3":{"loc":{"start":{"line":106,"column":49},"end":{"line":106,"column":79}},"type":"cond-expr","locations":[{"start":{"line":106,"column":64},"end":{"line":106,"column":70}},{"start":{"line":106,"column":73},"end":{"line":106,"column":79}}],"line":106},"4":{"loc":{"start":{"line":111,"column":35},"end":{"line":111,"column":71}},"type":"cond-expr","locations":[{"start":{"line":111,"column":50},"end":{"line":111,"column":59}},{"start":{"line":111,"column":62},"end":{"line":111,"column":71}}],"line":111}},"s":{"0":0,"1":0,"2":0,"3":0,"4":0,"5":0,"6":0,"7":0,"8":0,"9":0,"10":0,"11":0,"12":0,"13":0,"14":0,"15":0,"16":0},"f":{"0":0,"1":0,"2":0,"3":0,"4":0,"5":0,"6":0,"7":0,"8":0},"b":{"0":[0,0],"1":[0,0],"2":[0,0],"3":[0,0],"4":[0,0]}}
,"/Users/jason/Documents/GitHub/DatingApp/src/components/profile-setup/SavedPromptsList.tsx": {"path":"/Users/jason/Documents/GitHub/DatingApp/src/components/profile-setup/SavedPromptsList.tsx","statementMap":{"0":{"start":{"line":17,"column":2},"end":{"line":19,"column":3}},"1":{"start":{"line":18,"column":4},"end":{"line":18,"column":16}},"2":{"start":{"line":21,"column":2},"end":{"line":47,"column":4}},"3":{"start":{"line":25,"column":8},"end":{"line":44,"column":26}},"4":{"start":{"line":38,"column":27},"end":{"line":38,"column":54}},"5":{"start":{"line":50,"column":30},"end":{"line":53,"column":1}},"6":{"start":{"line":55,"column":21},"end":{"line":61,"column":1}},"7":{"start":{"line":58,"column":35},"end":{"line":58,"column":71}},"8":{"start":{"line":63,"column":24},"end":{"line":70,"column":1}},"9":{"start":{"line":67,"column":46},"end":{"line":67,"column":82}},"10":{"start":{"line":72,"column":24},"end":{"line":77,"column":1}},"11":{"start":{"line":75,"column":35},"end":{"line":75,"column":71}},"12":{"start":{"line":79,"column":24},"end":{"line":83,"column":1}},"13":{"start":{"line":81,"column":35},"end":{"line":81,"column":71}},"14":{"start":{"line":85,"column":27},"end":{"line":89,"column":1}},"15":{"start":{"line":91,"column":22},"end":{"line":95,"column":1}},"16":{"start":{"line":94,"column":35},"end":{"line":94,"column":71}},"17":{"start":{"line":97,"column":21},"end":{"line":102,"column":1}},"18":{"start":{"line":104,"column":25},"end":{"line":108,"column":1}}},"fnMap":{"0":{"name":"SavedPromptsList","decl":{"start":{"line":12,"column":24},"end":{"line":12,"column":40}},"loc":{"start":{"line":16,"column":26},"end":{"line":48,"column":1}},"line":16},"1":{"name":"(anonymous_1)","decl":{"start":{"line":24,"column":25},"end":{"line":24,"column":26}},"loc":{"start":{"line":25,"column":8},"end":{"line":44,"column":26}},"line":25},"2":{"name":"(anonymous_2)","decl":{"start":{"line":38,"column":21},"end":{"line":38,"column":22}},"loc":{"start":{"line":38,"column":27},"end":{"line":38,"column":54}},"line":38},"3":{"name":"(anonymous_3)","decl":{"start":{"line":58,"column":11},"end":{"line":58,"column":12}},"loc":{"start":{"line":58,"column":35},"end":{"line":58,"column":71}},"line":58},"4":{"name":"(anonymous_4)","decl":{"start":{"line":67,"column":22},"end":{"line":67,"column":23}},"loc":{"start":{"line":67,"column":46},"end":{"line":67,"column":82}},"line":67},"5":{"name":"(anonymous_5)","decl":{"start":{"line":75,"column":11},"end":{"line":75,"column":12}},"loc":{"start":{"line":75,"column":35},"end":{"line":75,"column":71}},"line":75},"6":{"name":"(anonymous_6)","decl":{"start":{"line":81,"column":11},"end":{"line":81,"column":12}},"loc":{"start":{"line":81,"column":35},"end":{"line":81,"column":71}},"line":81},"7":{"name":"(anonymous_7)","decl":{"start":{"line":94,"column":11},"end":{"line":94,"column":12}},"loc":{"start":{"line":94,"column":35},"end":{"line":94,"column":71}},"line":94}},"branchMap":{"0":{"loc":{"start":{"line":17,"column":2},"end":{"line":19,"column":3}},"type":"if","locations":[{"start":{"line":17,"column":2},"end":{"line":19,"column":3}},{"start":{},"end":{}}],"line":17},"1":{"loc":{"start":{"line":32,"column":11},"end":{"line":36,"column":11}},"type":"binary-expr","locations":[{"start":{"line":32,"column":11},"end":{"line":32,"column":26}},{"start":{"line":33,"column":12},"end":{"line":35,"column":33}}],"line":32},"2":{"loc":{"start":{"line":58,"column":35},"end":{"line":58,"column":71}},"type":"cond-expr","locations":[{"start":{"line":58,"column":50},"end":{"line":58,"column":59}},{"start":{"line":58,"column":62},"end":{"line":58,"column":71}}],"line":58},"3":{"loc":{"start":{"line":67,"column":46},"end":{"line":67,"column":82}},"type":"cond-expr","locations":[{"start":{"line":67,"column":61},"end":{"line":67,"column":70}},{"start":{"line":67,"column":73},"end":{"line":67,"column":82}}],"line":67},"4":{"loc":{"start":{"line":75,"column":35},"end":{"line":75,"column":71}},"type":"cond-expr","locations":[{"start":{"line":75,"column":50},"end":{"line":75,"column":59}},{"start":{"line":75,"column":62},"end":{"line":75,"column":71}}],"line":75},"5":{"loc":{"start":{"line":81,"column":35},"end":{"line":81,"column":71}},"type":"cond-expr","locations":[{"start":{"line":81,"column":50},"end":{"line":81,"column":59}},{"start":{"line":81,"column":62},"end":{"line":81,"column":71}}],"line":81},"6":{"loc":{"start":{"line":94,"column":35},"end":{"line":94,"column":71}},"type":"cond-expr","locations":[{"start":{"line":94,"column":50},"end":{"line":94,"column":59}},{"start":{"line":94,"column":62},"end":{"line":94,"column":71}}],"line":94}},"s":{"0":0,"1":0,"2":0,"3":0,"4":0,"5":0,"6":0,"7":0,"8":0,"9":0,"10":0,"11":0,"12":0,"13":0,"14":0,"15":0,"16":0,"17":0,"18":0},"f":{"0":0,"1":0,"2":0,"3":0,"4":0,"5":0,"6":0,"7":0},"b":{"0":[0,0],"1":[0,0],"2":[0,0],"3":[0,0],"4":[0,0],"5":[0,0],"6":[0,0]}}
,"/Users/jason/Documents/GitHub/DatingApp/src/constants/prompts.ts": {"path":"/Users/jason/Documents/GitHub/DatingApp/src/constants/prompts.ts","statementMap":{"0":{"start":{"line":10,"column":33},"end":{"line":21,"column":1}}},"fnMap":{},"branchMap":{},"s":{"0":0},"f":{},"b":{}}
,"/Users/jason/Documents/GitHub/DatingApp/src/contexts/AuthContext.tsx": {"path":"/Users/jason/Documents/GitHub/DatingApp/src/contexts/AuthContext.tsx","statementMap":{"0":{"start":{"line":26,"column":38},"end":{"line":33,"column":1}},"1":{"start":{"line":35,"column":20},"end":{"line":35,"column":64}},"2":{"start":{"line":37,"column":23},"end":{"line":37,"column":52}},"3":{"start":{"line":37,"column":29},"end":{"line":37,"column":52}},"4":{"start":{"line":44,"column":28},"end":{"line":44,"column":67}},"5":{"start":{"line":48,"column":31},"end":{"line":86,"column":8}},"6":{"start":{"line":49,"column":4},"end":{"line":85,"column":5}},"7":{"start":{"line":50,"column":6},"end":{"line":50,"column":65}},"8":{"start":{"line":51,"column":26},"end":{"line":51,"column":54}},"9":{"start":{"line":52,"column":6},"end":{"line":55,"column":7}},"10":{"start":{"line":53,"column":8},"end":{"line":53,"column":58}},"11":{"start":{"line":54,"column":8},"end":{"line":54,"column":21}},"12":{"start":{"line":58,"column":31},"end":{"line":58,"column":61}},"13":{"start":{"line":59,"column":6},"end":{"line":59,"column":112}},"14":{"start":{"line":62,"column":6},"end":{"line":79,"column":7}},"15":{"start":{"line":63,"column":8},"end":{"line":63,"column":93}},"16":{"start":{"line":64,"column":8},"end":{"line":64,"column":79}},"17":{"start":{"line":68,"column":8},"end":{"line":78,"column":11}},"18":{"start":{"line":70,"column":10},"end":{"line":76,"column":11}},"19":{"start":{"line":71,"column":12},"end":{"line":75,"column":14}},"20":{"start":{"line":77,"column":10},"end":{"line":77,"column":27}},"21":{"start":{"line":81,"column":6},"end":{"line":81,"column":30}},"22":{"start":{"line":83,"column":6},"end":{"line":83,"column":63}},"23":{"start":{"line":84,"column":6},"end":{"line":84,"column":19}},"24":{"start":{"line":88,"column":2},"end":{"line":190,"column":29}},"25":{"start":{"line":89,"column":50},"end":{"line":89,"column":54}},"26":{"start":{"line":92,"column":28},"end":{"line":181,"column":6}},"27":{"start":{"line":93,"column":6},"end":{"line":180,"column":7}},"28":{"start":{"line":94,"column":8},"end":{"line":172,"column":9}},"29":{"start":{"line":96,"column":10},"end":{"line":96,"column":54}},"30":{"start":{"line":97,"column":10},"end":{"line":97,"column":69}},"31":{"start":{"line":97,"column":33},"end":{"line":97,"column":66}},"32":{"start":{"line":100,"column":10},"end":{"line":111,"column":11}},"33":{"start":{"line":101,"column":12},"end":{"line":101,"column":75}},"34":{"start":{"line":102,"column":12},"end":{"line":110,"column":17}},"35":{"start":{"line":104,"column":16},"end":{"line":106,"column":17}},"36":{"start":{"line":105,"column":18},"end":{"line":105,"column":72}},"37":{"start":{"line":109,"column":16},"end":{"line":109,"column":70}},"38":{"start":{"line":114,"column":28},"end":{"line":114,"column":58}},"39":{"start":{"line":117,"column":10},"end":{"line":119,"column":11}},"40":{"start":{"line":118,"column":12},"end":{"line":118,"column":60}},"41":{"start":{"line":122,"column":34},"end":{"line":122,"column":64}},"42":{"start":{"line":124,"column":10},"end":{"line":131,"column":13}},"43":{"start":{"line":134,"column":10},"end":{"line":153,"column":12}},"44":{"start":{"line":137,"column":14},"end":{"line":148,"column":15}},"45":{"start":{"line":138,"column":39},"end":{"line":138,"column":72}},"46":{"start":{"line":139,"column":40},"end":{"line":139,"column":73}},"47":{"start":{"line":141,"column":16},"end":{"line":141,"column":84}},"48":{"start":{"line":143,"column":16},"end":{"line":147,"column":20}},"49":{"start":{"line":143,"column":39},"end":{"line":147,"column":17}},"50":{"start":{"line":151,"column":14},"end":{"line":151,"column":74}},"51":{"start":{"line":157,"column":10},"end":{"line":157,"column":44}},"52":{"start":{"line":158,"column":10},"end":{"line":165,"column":13}},"53":{"start":{"line":168,"column":10},"end":{"line":171,"column":11}},"54":{"start":{"line":169,"column":12},"end":{"line":169,"column":33}},"55":{"start":{"line":170,"column":12},"end":{"line":170,"column":38}},"56":{"start":{"line":174,"column":8},"end":{"line":174,"column":60}},"57":{"start":{"line":175,"column":8},"end":{"line":179,"column":12}},"58":{"start":{"line":175,"column":31},"end":{"line":179,"column":9}},"59":{"start":{"line":184,"column":4},"end":{"line":189,"column":6}},"60":{"start":{"line":185,"column":6},"end":{"line":185,"column":24}},"61":{"start":{"line":186,"column":6},"end":{"line":188,"column":7}},"62":{"start":{"line":187,"column":8},"end":{"line":187,"column":29}},"63":{"start":{"line":193,"column":23},"end":{"line":202,"column":22}},"64":{"start":{"line":197,"column":6},"end":{"line":199,"column":7}},"65":{"start":{"line":198,"column":8},"end":{"line":198,"column":52}},"66":{"start":{"line":200,"column":6},"end":{"line":200,"column":36}},"67":{"start":{"line":204,"column":2},"end":{"line":208,"column":4}}},"fnMap":{"0":{"name":"(anonymous_0)","decl":{"start":{"line":37,"column":23},"end":{"line":37,"column":24}},"loc":{"start":{"line":37,"column":29},"end":{"line":37,"column":52}},"line":37},"1":{"name":"AuthProvider","decl":{"start":{"line":43,"column":16},"end":{"line":43,"column":28}},"loc":{"start":{"line":43,"column":62},"end":{"line":209,"column":1}},"line":43},"2":{"name":"(anonymous_2)","decl":{"start":{"line":48,"column":43},"end":{"line":48,"column":44}},"loc":{"start":{"line":48,"column":69},"end":{"line":86,"column":3}},"line":48},"3":{"name":"(anonymous_3)","decl":{"start":{"line":68,"column":17},"end":{"line":68,"column":18}},"loc":{"start":{"line":68,"column":30},"end":{"line":78,"column":9}},"line":68},"4":{"name":"(anonymous_4)","decl":{"start":{"line":88,"column":12},"end":{"line":88,"column":13}},"loc":{"start":{"line":88,"column":18},"end":{"line":190,"column":3}},"line":88},"5":{"name":"(anonymous_5)","decl":{"start":{"line":92,"column":53},"end":{"line":92,"column":54}},"loc":{"start":{"line":92,"column":69},"end":{"line":181,"column":5}},"line":92},"6":{"name":"(anonymous_6)","decl":{"start":{"line":97,"column":19},"end":{"line":97,"column":20}},"loc":{"start":{"line":97,"column":33},"end":{"line":97,"column":66}},"line":97},"7":{"name":"(anonymous_7)","decl":{"start":{"line":103,"column":20},"end":{"line":103,"column":21}},"loc":{"start":{"line":103,"column":30},"end":{"line":107,"column":15}},"line":103},"8":{"name":"(anonymous_8)","decl":{"start":{"line":108,"column":21},"end":{"line":108,"column":22}},"loc":{"start":{"line":108,"column":30},"end":{"line":110,"column":15}},"line":108},"9":{"name":"(anonymous_9)","decl":{"start":{"line":136,"column":12},"end":{"line":136,"column":13}},"loc":{"start":{"line":136,"column":35},"end":{"line":149,"column":13}},"line":136},"10":{"name":"(anonymous_10)","decl":{"start":{"line":143,"column":25},"end":{"line":143,"column":26}},"loc":{"start":{"line":143,"column":39},"end":{"line":147,"column":17}},"line":143},"11":{"name":"(anonymous_11)","decl":{"start":{"line":150,"column":12},"end":{"line":150,"column":13}},"loc":{"start":{"line":150,"column":23},"end":{"line":152,"column":13}},"line":150},"12":{"name":"(anonymous_12)","decl":{"start":{"line":175,"column":17},"end":{"line":175,"column":18}},"loc":{"start":{"line":175,"column":31},"end":{"line":179,"column":9}},"line":175},"13":{"name":"(anonymous_13)","decl":{"start":{"line":184,"column":11},"end":{"line":184,"column":12}},"loc":{"start":{"line":184,"column":17},"end":{"line":189,"column":5}},"line":184},"14":{"name":"(anonymous_14)","decl":{"start":{"line":196,"column":26},"end":{"line":196,"column":27}},"loc":{"start":{"line":196,"column":32},"end":{"line":201,"column":5}},"line":196}},"branchMap":{"0":{"loc":{"start":{"line":52,"column":6},"end":{"line":55,"column":7}},"type":"if","locations":[{"start":{"line":52,"column":6},"end":{"line":55,"column":7}},{"start":{},"end":{}}],"line":52},"1":{"loc":{"start":{"line":62,"column":6},"end":{"line":79,"column":7}},"type":"if","locations":[{"start":{"line":62,"column":6},"end":{"line":79,"column":7}},{"start":{},"end":{}}],"line":62},"2":{"loc":{"start":{"line":70,"column":10},"end":{"line":76,"column":11}},"type":"if","locations":[{"start":{"line":70,"column":10},"end":{"line":76,"column":11}},{"start":{},"end":{}}],"line":70},"3":{"loc":{"start":{"line":94,"column":8},"end":{"line":172,"column":9}},"type":"if","locations":[{"start":{"line":94,"column":8},"end":{"line":172,"column":9}},{"start":{"line":155,"column":15},"end":{"line":172,"column":9}}],"line":94},"4":{"loc":{"start":{"line":100,"column":10},"end":{"line":111,"column":11}},"type":"if","locations":[{"start":{"line":100,"column":10},"end":{"line":111,"column":11}},{"start":{},"end":{}}],"line":100},"5":{"loc":{"start":{"line":100,"column":14},"end":{"line":100,"column":58}},"type":"binary-expr","locations":[{"start":{"line":100,"column":14},"end":{"line":100,"column":26}},{"start":{"line":100,"column":30},"end":{"line":100,"column":58}}],"line":100},"6":{"loc":{"start":{"line":104,"column":16},"end":{"line":106,"column":17}},"type":"if","locations":[{"start":{"line":104,"column":16},"end":{"line":106,"column":17}},{"start":{},"end":{}}],"line":104},"7":{"loc":{"start":{"line":117,"column":10},"end":{"line":119,"column":11}},"type":"if","locations":[{"start":{"line":117,"column":10},"end":{"line":119,"column":11}},{"start":{},"end":{}}],"line":117},"8":{"loc":{"start":{"line":137,"column":14},"end":{"line":148,"column":15}},"type":"if","locations":[{"start":{"line":137,"column":14},"end":{"line":148,"column":15}},{"start":{},"end":{}}],"line":137},"9":{"loc":{"start":{"line":168,"column":10},"end":{"line":171,"column":11}},"type":"if","locations":[{"start":{"line":168,"column":10},"end":{"line":171,"column":11}},{"start":{},"end":{}}],"line":168},"10":{"loc":{"start":{"line":178,"column":17},"end":{"line":178,"column":85}},"type":"cond-expr","locations":[{"start":{"line":178,"column":42},"end":{"line":178,"column":55}},{"start":{"line":178,"column":58},"end":{"line":178,"column":85}}],"line":178},"11":{"loc":{"start":{"line":186,"column":6},"end":{"line":188,"column":7}},"type":"if","locations":[{"start":{"line":186,"column":6},"end":{"line":188,"column":7}},{"start":{},"end":{}}],"line":186},"12":{"loc":{"start":{"line":197,"column":6},"end":{"line":199,"column":7}},"type":"if","locations":[{"start":{"line":197,"column":6},"end":{"line":199,"column":7}},{"start":{},"end":{}}],"line":197}},"s":{"0":0,"1":0,"2":0,"3":0,"4":0,"5":0,"6":0,"7":0,"8":0,"9":0,"10":0,"11":0,"12":0,"13":0,"14":0,"15":0,"16":0,"17":0,"18":0,"19":0,"20":0,"21":0,"22":0,"23":0,"24":0,"25":0,"26":0,"27":0,"28":0,"29":0,"30":0,"31":0,"32":0,"33":0,"34":0,"35":0,"36":0,"37":0,"38":0,"39":0,"40":0,"41":0,"42":0,"43":0,"44":0,"45":0,"46":0,"47":0,"48":0,"49":0,"50":0,"51":0,"52":0,"53":0,"54":0,"55":0,"56":0,"57":0,"58":0,"59":0,"60":0,"61":0,"62":0,"63":0,"64":0,"65":0,"66":0,"67":0},"f":{"0":0,"1":0,"2":0,"3":0,"4":0,"5":0,"6":0,"7":0,"8":0,"9":0,"10":0,"11":0,"12":0,"13":0,"14":0},"b":{"0":[0,0],"1":[0,0],"2":[0,0],"3":[0,0],"4":[0,0],"5":[0,0],"6":[0,0],"7":[0,0],"8":[0,0],"9":[0,0],"10":[0,0],"11":[0,0],"12":[0,0]}}
,"/Users/jason/Documents/GitHub/DatingApp/src/contexts/ThemeContext.tsx": {"path":"/Users/jason/Documents/GitHub/DatingApp/src/contexts/ThemeContext.tsx","statementMap":{"0":{"start":{"line":21,"column":28},"end":{"line":21,"column":82}},"1":{"start":{"line":24,"column":24},"end":{"line":30,"column":1}},"2":{"start":{"line":25,"column":18},"end":{"line":25,"column":42}},"3":{"start":{"line":26,"column":2},"end":{"line":28,"column":3}},"4":{"start":{"line":27,"column":4},"end":{"line":27,"column":68}},"5":{"start":{"line":29,"column":2},"end":{"line":29,"column":17}},"6":{"start":{"line":40,"column":40},"end":{"line":42,"column":3}},"7":{"start":{"line":45,"column":2},"end":{"line":52,"column":9}},"8":{"start":{"line":46,"column":25},"end":{"line":48,"column":6}},"9":{"start":{"line":47,"column":6},"end":{"line":47,"column":34}},"10":{"start":{"line":51,"column":4},"end":{"line":51,"column":39}},"11":{"start":{"line":51,"column":17},"end":{"line":51,"column":38}},"12":{"start":{"line":54,"column":17},"end":{"line":54,"column":39}},"13":{"start":{"line":57,"column":16},"end":{"line":66,"column":3}},"14":{"start":{"line":69,"column":41},"end":{"line":72,"column":3}},"15":{"start":{"line":74,"column":2},"end":{"line":80,"column":4}}},"fnMap":{"0":{"name":"(anonymous_0)","decl":{"start":{"line":24,"column":24},"end":{"line":24,"column":25}},"loc":{"start":{"line":24,"column":30},"end":{"line":30,"column":1}},"line":24},"1":{"name":"ThemeProvider","decl":{"start":{"line":38,"column":16},"end":{"line":38,"column":29}},"loc":{"start":{"line":38,"column":64},"end":{"line":81,"column":1}},"line":38},"2":{"name":"(anonymous_2)","decl":{"start":{"line":45,"column":12},"end":{"line":45,"column":13}},"loc":{"start":{"line":45,"column":18},"end":{"line":52,"column":3}},"line":45},"3":{"name":"(anonymous_3)","decl":{"start":{"line":46,"column":54},"end":{"line":46,"column":55}},"loc":{"start":{"line":46,"column":75},"end":{"line":48,"column":5}},"line":46},"4":{"name":"(anonymous_4)","decl":{"start":{"line":51,"column":11},"end":{"line":51,"column":12}},"loc":{"start":{"line":51,"column":17},"end":{"line":51,"column":38}},"line":51}},"branchMap":{"0":{"loc":{"start":{"line":26,"column":2},"end":{"line":28,"column":3}},"type":"if","locations":[{"start":{"line":26,"column":2},"end":{"line":28,"column":3}},{"start":{},"end":{}}],"line":26},"1":{"loc":{"start":{"line":61,"column":18},"end":{"line":61,"column":48}},"type":"cond-expr","locations":[{"start":{"line":61,"column":27},"end":{"line":61,"column":36}},{"start":{"line":61,"column":39},"end":{"line":61,"column":48}}],"line":61},"2":{"loc":{"start":{"line":62,"column":12},"end":{"line":62,"column":42}},"type":"cond-expr","locations":[{"start":{"line":62,"column":21},"end":{"line":62,"column":30}},{"start":{"line":62,"column":33},"end":{"line":62,"column":42}}],"line":62},"3":{"loc":{"start":{"line":63,"column":21},"end":{"line":63,"column":51}},"type":"cond-expr","locations":[{"start":{"line":63,"column":30},"end":{"line":63,"column":39}},{"start":{"line":63,"column":42},"end":{"line":63,"column":51}}],"line":63},"4":{"loc":{"start":{"line":64,"column":14},"end":{"line":64,"column":44}},"type":"cond-expr","locations":[{"start":{"line":64,"column":23},"end":{"line":64,"column":32}},{"start":{"line":64,"column":35},"end":{"line":64,"column":44}}],"line":64}},"s":{"0":1,"1":1,"2":0,"3":0,"4":0,"5":0,"6":0,"7":0,"8":0,"9":0,"10":0,"11":0,"12":0,"13":0,"14":0,"15":0},"f":{"0":0,"1":0,"2":0,"3":0,"4":0},"b":{"0":[0,0],"1":[0,0],"2":[0,0],"3":[0,0],"4":[0,0]},"_coverageSchema":"1a1c01bbd47fc00a2c39e90264f33305004495a9","hash":"7a91e8ab676c353aded804d35cc3f98a542f6659"}
,"/Users/jason/Documents/GitHub/DatingApp/src/hooks/useAudioRecording.ts": {"path":"/Users/jason/Documents/GitHub/DatingApp/src/hooks/useAudioRecording.ts","statementMap":{"0":{"start":{"line":19,"column":36},"end":{"line":19,"column":74}},"1":{"start":{"line":20,"column":40},"end":{"line":20,"column":55}},"2":{"start":{"line":21,"column":42},"end":{"line":21,"column":71}},"3":{"start":{"line":22,"column":28},"end":{"line":22,"column":57}},"4":{"start":{"line":25,"column":2},"end":{"line":31,"column":18}},"5":{"start":{"line":26,"column":4},"end":{"line":30,"column":6}},"6":{"start":{"line":27,"column":6},"end":{"line":29,"column":7}},"7":{"start":{"line":28,"column":8},"end":{"line":28,"column":39}},"8":{"start":{"line":33,"column":25},"end":{"line":65,"column":3}},"9":{"start":{"line":34,"column":4},"end":{"line":64,"column":5}},"10":{"start":{"line":35,"column":6},"end":{"line":35,"column":21}},"11":{"start":{"line":38,"column":25},"end":{"line":38,"column":62}},"12":{"start":{"line":39,"column":6},"end":{"line":42,"column":7}},"13":{"start":{"line":40,"column":8},"end":{"line":40,"column":76}},"14":{"start":{"line":41,"column":8},"end":{"line":41,"column":15}},"15":{"start":{"line":45,"column":6},"end":{"line":48,"column":9}},"16":{"start":{"line":51,"column":42},"end":{"line":53,"column":7}},"17":{"start":{"line":55,"column":6},"end":{"line":55,"column":33}},"18":{"start":{"line":56,"column":6},"end":{"line":56,"column":27}},"19":{"start":{"line":59,"column":6},"end":{"line":59,"column":38}},"20":{"start":{"line":61,"column":27},"end":{"line":61,"column":88}},"21":{"start":{"line":62,"column":6},"end":{"line":62,"column":61}},"22":{"start":{"line":63,"column":6},"end":{"line":63,"column":54}},"23":{"start":{"line":67,"column":24},"end":{"line":91,"column":3}},"24":{"start":{"line":68,"column":4},"end":{"line":68,"column":27}},"25":{"start":{"line":68,"column":20},"end":{"line":68,"column":27}},"26":{"start":{"line":70,"column":4},"end":{"line":90,"column":5}},"27":{"start":{"line":71,"column":6},"end":{"line":71,"column":21}},"28":{"start":{"line":74,"column":6},"end":{"line":74,"column":43}},"29":{"start":{"line":77,"column":18},"end":{"line":77,"column":36}},"30":{"start":{"line":78,"column":6},"end":{"line":81,"column":7}},"31":{"start":{"line":79,"column":8},"end":{"line":79,"column":48}},"32":{"start":{"line":80,"column":8},"end":{"line":80,"column":15}},"33":{"start":{"line":83,"column":6},"end":{"line":83,"column":27}},"34":{"start":{"line":84,"column":6},"end":{"line":84,"column":28}},"35":{"start":{"line":85,"column":6},"end":{"line":85,"column":25}},"36":{"start":{"line":87,"column":27},"end":{"line":87,"column":88}},"37":{"start":{"line":88,"column":6},"end":{"line":88,"column":60}},"38":{"start":{"line":89,"column":6},"end":{"line":89,"column":54}},"39":{"start":{"line":93,"column":25},"end":{"line":98,"column":3}},"40":{"start":{"line":94,"column":4},"end":{"line":94,"column":26}},"41":{"start":{"line":95,"column":4},"end":{"line":95,"column":26}},"42":{"start":{"line":96,"column":4},"end":{"line":96,"column":23}},"43":{"start":{"line":97,"column":4},"end":{"line":97,"column":19}},"44":{"start":{"line":100,"column":2},"end":{"line":108,"column":4}}},"fnMap":{"0":{"name":"useAudioRecording","decl":{"start":{"line":18,"column":16},"end":{"line":18,"column":33}},"loc":{"start":{"line":18,"column":61},"end":{"line":109,"column":1}},"line":18},"1":{"name":"(anonymous_1)","decl":{"start":{"line":25,"column":12},"end":{"line":25,"column":13}},"loc":{"start":{"line":25,"column":18},"end":{"line":31,"column":3}},"line":25},"2":{"name":"(anonymous_2)","decl":{"start":{"line":26,"column":11},"end":{"line":26,"column":12}},"loc":{"start":{"line":26,"column":17},"end":{"line":30,"column":5}},"line":26},"3":{"name":"(anonymous_3)","decl":{"start":{"line":33,"column":25},"end":{"line":33,"column":26}},"loc":{"start":{"line":33,"column":52},"end":{"line":65,"column":3}},"line":33},"4":{"name":"(anonymous_4)","decl":{"start":{"line":67,"column":24},"end":{"line":67,"column":25}},"loc":{"start":{"line":67,"column":51},"end":{"line":91,"column":3}},"line":67},"5":{"name":"(anonymous_5)","decl":{"start":{"line":93,"column":25},"end":{"line":93,"column":26}},"loc":{"start":{"line":93,"column":37},"end":{"line":98,"column":3}},"line":93}},"branchMap":{"0":{"loc":{"start":{"line":27,"column":6},"end":{"line":29,"column":7}},"type":"if","locations":[{"start":{"line":27,"column":6},"end":{"line":29,"column":7}},{"start":{},"end":{}}],"line":27},"1":{"loc":{"start":{"line":39,"column":6},"end":{"line":42,"column":7}},"type":"if","locations":[{"start":{"line":39,"column":6},"end":{"line":42,"column":7}},{"start":{},"end":{}}],"line":39},"2":{"loc":{"start":{"line":61,"column":27},"end":{"line":61,"column":88}},"type":"cond-expr","locations":[{"start":{"line":61,"column":50},"end":{"line":61,"column":61}},{"start":{"line":61,"column":64},"end":{"line":61,"column":88}}],"line":61},"3":{"loc":{"start":{"line":68,"column":4},"end":{"line":68,"column":27}},"type":"if","locations":[{"start":{"line":68,"column":4},"end":{"line":68,"column":27}},{"start":{},"end":{}}],"line":68},"4":{"loc":{"start":{"line":78,"column":6},"end":{"line":81,"column":7}},"type":"if","locations":[{"start":{"line":78,"column":6},"end":{"line":81,"column":7}},{"start":{},"end":{}}],"line":78},"5":{"loc":{"start":{"line":87,"column":27},"end":{"line":87,"column":88}},"type":"cond-expr","locations":[{"start":{"line":87,"column":50},"end":{"line":87,"column":61}},{"start":{"line":87,"column":64},"end":{"line":87,"column":88}}],"line":87}},"s":{"0":0,"1":0,"2":0,"3":0,"4":0,"5":0,"6":0,"7":0,"8":0,"9":0,"10":0,"11":0,"12":0,"13":0,"14":0,"15":0,"16":0,"17":0,"18":0,"19":0,"20":0,"21":0,"22":0,"23":0,"24":0,"25":0,"26":0,"27":0,"28":0,"29":0,"30":0,"31":0,"32":0,"33":0,"34":0,"35":0,"36":0,"37":0,"38":0,"39":0,"40":0,"41":0,"42":0,"43":0,"44":0},"f":{"0":0,"1":0,"2":0,"3":0,"4":0,"5":0},"b":{"0":[0,0],"1":[0,0],"2":[0,0],"3":[0,0],"4":[0,0],"5":[0,0]}}
,"/Users/jason/Documents/GitHub/DatingApp/src/hooks/useLikeHandler.ts": {"path":"/Users/jason/Documents/GitHub/DatingApp/src/hooks/useLikeHandler.ts","statementMap":{"0":{"start":{"line":44,"column":54},"end":{"line":44,"column":69}},"1":{"start":{"line":45,"column":34},"end":{"line":45,"column":46}},"2":{"start":{"line":46,"column":42},"end":{"line":46,"column":57}},"3":{"start":{"line":47,"column":50},"end":{"line":47,"column":79}},"4":{"start":{"line":48,"column":48},"end":{"line":48,"column":91}},"5":{"start":{"line":50,"column":25},"end":{"line":50,"column":82}},"6":{"start":{"line":50,"column":59},"end":{"line":50,"column":81}},"7":{"start":{"line":51,"column":19},"end":{"line":51,"column":32}},"8":{"start":{"line":52,"column":21},"end":{"line":52,"column":83}},"9":{"start":{"line":58,"column":29},"end":{"line":66,"column":3}},"10":{"start":{"line":59,"column":4},"end":{"line":65,"column":5}},"11":{"start":{"line":60,"column":6},"end":{"line":60,"column":30}},"12":{"start":{"line":61,"column":11},"end":{"line":65,"column":5}},"13":{"start":{"line":62,"column":6},"end":{"line":62,"column":49}},"14":{"start":{"line":64,"column":6},"end":{"line":64,"column":31}},"15":{"start":{"line":72,"column":30},"end":{"line":87,"column":3}},"16":{"start":{"line":73,"column":24},"end":{"line":73,"column":44}},"17":{"start":{"line":74,"column":4},"end":{"line":74,"column":35}},"18":{"start":{"line":75,"column":4},"end":{"line":75,"column":36}},"19":{"start":{"line":77,"column":4},"end":{"line":86,"column":5}},"20":{"start":{"line":79,"column":6},"end":{"line":79,"column":38}},"21":{"start":{"line":80,"column":11},"end":{"line":86,"column":5}},"22":{"start":{"line":82,"column":6},"end":{"line":82,"column":34}},"23":{"start":{"line":85,"column":6},"end":{"line":85,"column":55}},"24":{"start":{"line":96,"column":31},"end":{"line":146,"column":3}},"25":{"start":{"line":97,"column":4},"end":{"line":97,"column":34}},"26":{"start":{"line":97,"column":27},"end":{"line":97,"column":34}},"27":{"start":{"line":99,"column":4},"end":{"line":99,"column":26}},"28":{"start":{"line":101,"column":4},"end":{"line":145,"column":5}},"29":{"start":{"line":102,"column":25},"end":{"line":102,"column":45}},"30":{"start":{"line":105,"column":23},"end":{"line":112,"column":7}},"31":{"start":{"line":114,"column":6},"end":{"line":114,"column":54}},"32":{"start":{"line":117,"column":6},"end":{"line":117,"column":37}},"33":{"start":{"line":120,"column":23},"end":{"line":120,"column":46}},"34":{"start":{"line":121,"column":30},"end":{"line":125,"column":7}},"35":{"start":{"line":127,"column":33},"end":{"line":127,"column":63}},"36":{"start":{"line":129,"column":6},"end":{"line":135,"column":7}},"37":{"start":{"line":131,"column":23},"end":{"line":131,"column":51}},"38":{"start":{"line":134,"column":8},"end":{"line":134,"column":82}},"39":{"start":{"line":137,"column":6},"end":{"line":137,"column":18}},"40":{"start":{"line":139,"column":6},"end":{"line":139,"column":53}},"41":{"start":{"line":140,"column":6},"end":{"line":140,"column":19}},"42":{"start":{"line":142,"column":6},"end":{"line":142,"column":29}},"43":{"start":{"line":143,"column":6},"end":{"line":143,"column":35}},"44":{"start":{"line":144,"column":6},"end":{"line":144,"column":22}},"45":{"start":{"line":152,"column":25},"end":{"line":156,"column":3}},"46":{"start":{"line":153,"column":22},"end":{"line":153,"column":57}},"47":{"start":{"line":154,"column":4},"end":{"line":154,"column":71}},"48":{"start":{"line":154,"column":58},"end":{"line":154,"column":71}},"49":{"start":{"line":155,"column":4},"end":{"line":155,"column":60}},"50":{"start":{"line":164,"column":26},"end":{"line":166,"column":3}},"51":{"start":{"line":165,"column":4},"end":{"line":165,"column":64}},"52":{"start":{"line":168,"column":2},"end":{"line":179,"column":4}}},"fnMap":{"0":{"name":"useLikeHandler","decl":{"start":{"line":43,"column":16},"end":{"line":43,"column":30}},"loc":{"start":{"line":43,"column":52},"end":{"line":180,"column":1}},"line":43},"1":{"name":"(anonymous_1)","decl":{"start":{"line":50,"column":37},"end":{"line":50,"column":38}},"loc":{"start":{"line":50,"column":59},"end":{"line":50,"column":81}},"line":50},"2":{"name":"(anonymous_2)","decl":{"start":{"line":58,"column":29},"end":{"line":58,"column":30}},"loc":{"start":{"line":58,"column":52},"end":{"line":66,"column":3}},"line":58},"3":{"name":"(anonymous_3)","decl":{"start":{"line":72,"column":30},"end":{"line":72,"column":31}},"loc":{"start":{"line":72,"column":59},"end":{"line":87,"column":3}},"line":72},"4":{"name":"(anonymous_4)","decl":{"start":{"line":96,"column":31},"end":{"line":96,"column":32}},"loc":{"start":{"line":96,"column":124},"end":{"line":146,"column":3}},"line":96},"5":{"name":"(anonymous_5)","decl":{"start":{"line":152,"column":25},"end":{"line":152,"column":26}},"loc":{"start":{"line":152,"column":67},"end":{"line":156,"column":3}},"line":152},"6":{"name":"(anonymous_6)","decl":{"start":{"line":164,"column":26},"end":{"line":164,"column":27}},"loc":{"start":{"line":164,"column":103},"end":{"line":166,"column":3}},"line":164}},"branchMap":{"0":{"loc":{"start":{"line":59,"column":4},"end":{"line":65,"column":5}},"type":"if","locations":[{"start":{"line":59,"column":4},"end":{"line":65,"column":5}},{"start":{"line":61,"column":11},"end":{"line":65,"column":5}}],"line":59},"1":{"loc":{"start":{"line":61,"column":11},"end":{"line":65,"column":5}},"type":"if","locations":[{"start":{"line":61,"column":11},"end":{"line":65,"column":5}},{"start":{"line":63,"column":11},"end":{"line":65,"column":5}}],"line":61},"2":{"loc":{"start":{"line":77,"column":4},"end":{"line":86,"column":5}},"type":"if","locations":[{"start":{"line":77,"column":4},"end":{"line":86,"column":5}},{"start":{"line":80,"column":11},"end":{"line":86,"column":5}}],"line":77},"3":{"loc":{"start":{"line":80,"column":11},"end":{"line":86,"column":5}},"type":"if","locations":[{"start":{"line":80,"column":11},"end":{"line":86,"column":5}},{"start":{"line":83,"column":11},"end":{"line":86,"column":5}}],"line":80},"4":{"loc":{"start":{"line":97,"column":4},"end":{"line":97,"column":34}},"type":"if","locations":[{"start":{"line":97,"column":4},"end":{"line":97,"column":34}},{"start":{},"end":{}}],"line":97},"5":{"loc":{"start":{"line":108,"column":18},"end":{"line":108,"column":45}},"type":"cond-expr","locations":[{"start":{"line":108,"column":29},"end":{"line":108,"column":30}},{"start":{"line":108,"column":33},"end":{"line":108,"column":45}}],"line":108},"6":{"loc":{"start":{"line":108,"column":33},"end":{"line":108,"column":45}},"type":"cond-expr","locations":[{"start":{"line":108,"column":40},"end":{"line":108,"column":41}},{"start":{"line":108,"column":44},"end":{"line":108,"column":45}}],"line":108},"7":{"loc":{"start":{"line":129,"column":6},"end":{"line":135,"column":7}},"type":"if","locations":[{"start":{"line":129,"column":6},"end":{"line":135,"column":7}},{"start":{},"end":{}}],"line":129},"8":{"loc":{"start":{"line":153,"column":22},"end":{"line":153,"column":57}},"type":"binary-expr","locations":[{"start":{"line":153,"column":22},"end":{"line":153,"column":51}},{"start":{"line":153,"column":55},"end":{"line":153,"column":57}}],"line":153},"9":{"loc":{"start":{"line":154,"column":4},"end":{"line":154,"column":71}},"type":"if","locations":[{"start":{"line":154,"column":4},"end":{"line":154,"column":71}},{"start":{},"end":{}}],"line":154},"10":{"loc":{"start":{"line":154,"column":8},"end":{"line":154,"column":56}},"type":"binary-expr","locations":[{"start":{"line":154,"column":8},"end":{"line":154,"column":25}},{"start":{"line":154,"column":29},"end":{"line":154,"column":56}}],"line":154}},"s":{"0":0,"1":0,"2":0,"3":0,"4":0,"5":0,"6":0,"7":0,"8":0,"9":0,"10":0,"11":0,"12":0,"13":0,"14":0,"15":0,"16":0,"17":0,"18":0,"19":0,"20":0,"21":0,"22":0,"23":0,"24":0,"25":0,"26":0,"27":0,"28":0,"29":0,"30":0,"31":0,"32":0,"33":0,"34":0,"35":0,"36":0,"37":0,"38":0,"39":0,"40":0,"41":0,"42":0,"43":0,"44":0,"45":0,"46":0,"47":0,"48":0,"49":0,"50":0,"51":0,"52":0},"f":{"0":0,"1":0,"2":0,"3":0,"4":0,"5":0,"6":0},"b":{"0":[0,0],"1":[0,0],"2":[0,0],"3":[0,0],"4":[0,0],"5":[0,0],"6":[0,0],"7":[0,0],"8":[0,0],"9":[0,0],"10":[0,0]}}
,"/Users/jason/Documents/GitHub/DatingApp/src/hooks/useProfiles.ts": {"path":"/Users/jason/Documents/GitHub/DatingApp/src/hooks/useProfiles.ts","statementMap":{"0":{"start":{"line":19,"column":18},"end":{"line":19,"column":19}},"1":{"start":{"line":22,"column":32},"end":{"line":22,"column":90}},"2":{"start":{"line":23,"column":34},"end":{"line":23,"column":57}},"3":{"start":{"line":24,"column":32},"end":{"line":24,"column":46}},"4":{"start":{"line":27,"column":24},"end":{"line":40,"column":3}},"5":{"start":{"line":28,"column":17},"end":{"line":28,"column":27}},"6":{"start":{"line":29,"column":4},"end":{"line":39,"column":6}},"7":{"start":{"line":34,"column":64},"end":{"line":37,"column":7}},"8":{"start":{"line":43,"column":23},"end":{"line":56,"column":3}},"9":{"start":{"line":44,"column":4},"end":{"line":44,"column":29}},"10":{"start":{"line":44,"column":20},"end":{"line":44,"column":29}},"11":{"start":{"line":46,"column":25},"end":{"line":46,"column":44}},"12":{"start":{"line":47,"column":18},"end":{"line":47,"column":28}},"13":{"start":{"line":48,"column":14},"end":{"line":48,"column":62}},"14":{"start":{"line":49,"column":22},"end":{"line":49,"column":64}},"15":{"start":{"line":51,"column":4},"end":{"line":53,"column":5}},"16":{"start":{"line":52,"column":6},"end":{"line":52,"column":12}},"17":{"start":{"line":55,"column":4},"end":{"line":55,"column":15}},"18":{"start":{"line":59,"column":49},"end":{"line":93,"column":4}},"19":{"start":{"line":64,"column":6},"end":{"line":75,"column":7}},"20":{"start":{"line":65,"column":8},"end":{"line":69,"column":10}},"21":{"start":{"line":71,"column":8},"end":{"line":74,"column":10}},"22":{"start":{"line":77,"column":28},"end":{"line":77,"column":56}},"23":{"start":{"line":80,"column":26},"end":{"line":80,"column":75}},"24":{"start":{"line":81,"column":6},"end":{"line":81,"column":30}},"25":{"start":{"line":84,"column":6},"end":{"line":84,"column":58}},"26":{"start":{"line":87,"column":26},"end":{"line":87,"column":63}},"27":{"start":{"line":88,"column":6},"end":{"line":88,"column":71}},"28":{"start":{"line":88,"column":36},"end":{"line":88,"column":69}},"29":{"start":{"line":90,"column":6},"end":{"line":90,"column":25}},"30":{"start":{"line":96,"column":24},"end":{"line":100,"column":3}},"31":{"start":{"line":97,"column":4},"end":{"line":99,"column":5}},"32":{"start":{"line":98,"column":6},"end":{"line":98,"column":22}},"33":{"start":{"line":103,"column":24},"end":{"line":108,"column":3}},"34":{"start":{"line":104,"column":4},"end":{"line":104,"column":21}},"35":{"start":{"line":105,"column":4},"end":{"line":105,"column":20}},"36":{"start":{"line":106,"column":4},"end":{"line":106,"column":21}},"37":{"start":{"line":107,"column":4},"end":{"line":107,"column":14}},"38":{"start":{"line":110,"column":2},"end":{"line":118,"column":4}}},"fnMap":{"0":{"name":"useProfiles","decl":{"start":{"line":21,"column":16},"end":{"line":21,"column":27}},"loc":{"start":{"line":21,"column":30},"end":{"line":119,"column":1}},"line":21},"1":{"name":"(anonymous_1)","decl":{"start":{"line":27,"column":24},"end":{"line":27,"column":25}},"loc":{"start":{"line":27,"column":79},"end":{"line":40,"column":3}},"line":27},"2":{"name":"(anonymous_2)","decl":{"start":{"line":34,"column":46},"end":{"line":34,"column":47}},"loc":{"start":{"line":34,"column":64},"end":{"line":37,"column":7}},"line":34},"3":{"name":"(anonymous_3)","decl":{"start":{"line":43,"column":23},"end":{"line":43,"column":24}},"loc":{"start":{"line":43,"column":58},"end":{"line":56,"column":3}},"line":43},"4":{"name":"(anonymous_4)","decl":{"start":{"line":61,"column":13},"end":{"line":61,"column":14}},"loc":{"start":{"line":61,"column":25},"end":{"line":91,"column":5}},"line":61},"5":{"name":"(anonymous_5)","decl":{"start":{"line":88,"column":18},"end":{"line":88,"column":19}},"loc":{"start":{"line":88,"column":36},"end":{"line":88,"column":69}},"line":88},"6":{"name":"(anonymous_6)","decl":{"start":{"line":96,"column":24},"end":{"line":96,"column":25}},"loc":{"start":{"line":96,"column":36},"end":{"line":100,"column":3}},"line":96},"7":{"name":"(anonymous_7)","decl":{"start":{"line":103,"column":24},"end":{"line":103,"column":25}},"loc":{"start":{"line":103,"column":30},"end":{"line":108,"column":3}},"line":103}},"branchMap":{"0":{"loc":{"start":{"line":31,"column":12},"end":{"line":31,"column":34}},"type":"binary-expr","locations":[{"start":{"line":31,"column":12},"end":{"line":31,"column":28}},{"start":{"line":31,"column":32},"end":{"line":31,"column":34}}],"line":31},"1":{"loc":{"start":{"line":33,"column":14},"end":{"line":33,"column":31}},"type":"binary-expr","locations":[{"start":{"line":33,"column":14},"end":{"line":33,"column":25}},{"start":{"line":33,"column":29},"end":{"line":33,"column":31}}],"line":33},"2":{"loc":{"start":{"line":34,"column":22},"end":{"line":34,"column":40}},"type":"binary-expr","locations":[{"start":{"line":34,"column":22},"end":{"line":34,"column":34}},{"start":{"line":34,"column":38},"end":{"line":34,"column":40}}],"line":34},"3":{"loc":{"start":{"line":38,"column":26},"end":{"line":38,"column":54}},"type":"binary-expr","locations":[{"start":{"line":38,"column":26},"end":{"line":38,"column":49}},{"start":{"line":38,"column":53},"end":{"line":38,"column":54}}],"line":38},"4":{"loc":{"start":{"line":44,"column":4},"end":{"line":44,"column":29}},"type":"if","locations":[{"start":{"line":44,"column":4},"end":{"line":44,"column":29}},{"start":{},"end":{}}],"line":44},"5":{"loc":{"start":{"line":51,"column":4},"end":{"line":53,"column":5}},"type":"if","locations":[{"start":{"line":51,"column":4},"end":{"line":53,"column":5}},{"start":{},"end":{}}],"line":51},"6":{"loc":{"start":{"line":51,"column":8},"end":{"line":51,"column":86}},"type":"binary-expr","locations":[{"start":{"line":51,"column":8},"end":{"line":51,"column":21}},{"start":{"line":51,"column":26},"end":{"line":51,"column":41}},{"start":{"line":51,"column":45},"end":{"line":51,"column":85}}],"line":51},"7":{"loc":{"start":{"line":64,"column":6},"end":{"line":75,"column":7}},"type":"if","locations":[{"start":{"line":64,"column":6},"end":{"line":75,"column":7}},{"start":{"line":70,"column":13},"end":{"line":75,"column":7}}],"line":64},"8":{"loc":{"start":{"line":97,"column":4},"end":{"line":99,"column":5}},"type":"if","locations":[{"start":{"line":97,"column":4},"end":{"line":99,"column":5}},{"start":{},"end":{}}],"line":97},"9":{"loc":{"start":{"line":97,"column":8},"end":{"line":97,"column":29}},"type":"binary-expr","locations":[{"start":{"line":97,"column":8},"end":{"line":97,"column":18}},{"start":{"line":97,"column":22},"end":{"line":97,"column":29}}],"line":97}},"s":{"0":0,"1":0,"2":0,"3":0,"4":0,"5":0,"6":0,"7":0,"8":0,"9":0,"10":0,"11":0,"12":0,"13":0,"14":0,"15":0,"16":0,"17":0,"18":0,"19":0,"20":0,"21":0,"22":0,"23":0,"24":0,"25":0,"26":0,"27":0,"28":0,"29":0,"30":0,"31":0,"32":0,"33":0,"34":0,"35":0,"36":0,"37":0,"38":0},"f":{"0":0,"1":0,"2":0,"3":0,"4":0,"5":0,"6":0,"7":0},"b":{"0":[0,0],"1":[0,0],"2":[0,0],"3":[0,0],"4":[0,0],"5":[0,0],"6":[0,0,0],"7":[0,0],"8":[0,0],"9":[0,0]}}
,"/Users/jason/Documents/GitHub/DatingApp/src/navigation/AuthNavigator.tsx": {"path":"/Users/jason/Documents/GitHub/DatingApp/src/navigation/AuthNavigator.tsx","statementMap":{"0":{"start":{"line":15,"column":14},"end":{"line":15,"column":62}},"1":{"start":{"line":22,"column":2},"end":{"line":50,"column":4}}},"fnMap":{"0":{"name":"AuthNavigator","decl":{"start":{"line":21,"column":16},"end":{"line":21,"column":29}},"loc":{"start":{"line":21,"column":84},"end":{"line":51,"column":1}},"line":21}},"branchMap":{"0":{"loc":{"start":{"line":21,"column":32},"end":{"line":21,"column":60}},"type":"default-arg","locations":[{"start":{"line":21,"column":51},"end":{"line":21,"column":60}}],"line":21}},"s":{"0":0,"1":0},"f":{"0":0},"b":{"0":[0]}}
,"/Users/jason/Documents/GitHub/DatingApp/src/navigation/MainTabNavigator.tsx": {"path":"/Users/jason/Documents/GitHub/DatingApp/src/navigation/MainTabNavigator.tsx","statementMap":{"0":{"start":{"line":11,"column":12},"end":{"line":11,"column":56}},"1":{"start":{"line":14,"column":29},"end":{"line":14,"column":42}},"2":{"start":{"line":16,"column":2},"end":{"line":60,"column":4}},"3":{"start":{"line":35,"column":12},"end":{"line":35,"column":62}},"4":{"start":{"line":45,"column":12},"end":{"line":45,"column":62}},"5":{"start":{"line":55,"column":12},"end":{"line":55,"column":62}},"6":{"start":{"line":66,"column":2},"end":{"line":70,"column":4}}},"fnMap":{"0":{"name":"MainTabNavigator","decl":{"start":{"line":13,"column":16},"end":{"line":13,"column":32}},"loc":{"start":{"line":13,"column":35},"end":{"line":61,"column":1}},"line":13},"1":{"name":"(anonymous_1)","decl":{"start":{"line":34,"column":22},"end":{"line":34,"column":23}},"loc":{"start":{"line":35,"column":12},"end":{"line":35,"column":62}},"line":35},"2":{"name":"(anonymous_2)","decl":{"start":{"line":44,"column":22},"end":{"line":44,"column":23}},"loc":{"start":{"line":45,"column":12},"end":{"line":45,"column":62}},"line":45},"3":{"name":"(anonymous_3)","decl":{"start":{"line":54,"column":22},"end":{"line":54,"column":23}},"loc":{"start":{"line":55,"column":12},"end":{"line":55,"column":62}},"line":55},"4":{"name":"TabBarIcon","decl":{"start":{"line":64,"column":9},"end":{"line":64,"column":19}},"loc":{"start":{"line":64,"column":90},"end":{"line":71,"column":1}},"line":64}},"branchMap":{"0":{"loc":{"start":{"line":21,"column":33},"end":{"line":21,"column":63}},"type":"cond-expr","locations":[{"start":{"line":21,"column":42},"end":{"line":21,"column":51}},{"start":{"line":21,"column":54},"end":{"line":21,"column":63}}],"line":21},"1":{"loc":{"start":{"line":23,"column":27},"end":{"line":23,"column":57}},"type":"cond-expr","locations":[{"start":{"line":23,"column":36},"end":{"line":23,"column":45}},{"start":{"line":23,"column":48},"end":{"line":23,"column":57}}],"line":23},"2":{"loc":{"start":{"line":24,"column":26},"end":{"line":24,"column":56}},"type":"cond-expr","locations":[{"start":{"line":24,"column":35},"end":{"line":24,"column":44}},{"start":{"line":24,"column":47},"end":{"line":24,"column":56}}],"line":24}},"s":{"0":0,"1":0,"2":0,"3":0,"4":0,"5":0,"6":0},"f":{"0":0,"1":0,"2":0,"3":0,"4":0},"b":{"0":[0,0],"1":[0,0],"2":[0,0]}}
,"/Users/jason/Documents/GitHub/DatingApp/src/navigation/NavigationController.tsx": {"path":"/Users/jason/Documents/GitHub/DatingApp/src/navigation/NavigationController.tsx","statementMap":{"0":{"start":{"line":13,"column":88},"end":{"line":13,"column":97}},"1":{"start":{"line":14,"column":29},"end":{"line":14,"column":42}},"2":{"start":{"line":15,"column":42},"end":{"line":15,"column":57}},"3":{"start":{"line":16,"column":30},"end":{"line":16,"column":43}},"4":{"start":{"line":19,"column":2},"end":{"line":24,"column":49}},"5":{"start":{"line":20,"column":4},"end":{"line":23,"column":5}},"6":{"start":{"line":21,"column":6},"end":{"line":21,"column":54}},"7":{"start":{"line":22,"column":6},"end":{"line":22,"column":75}},"8":{"start":{"line":27,"column":2},"end":{"line":49,"column":71}},"9":{"start":{"line":30,"column":4},"end":{"line":48,"column":5}},"10":{"start":{"line":31,"column":6},"end":{"line":31,"column":70}},"11":{"start":{"line":34,"column":6},"end":{"line":34,"column":41}},"12":{"start":{"line":35,"column":6},"end":{"line":35,"column":28}},"13":{"start":{"line":38,"column":6},"end":{"line":47,"column":11}},"14":{"start":{"line":40,"column":10},"end":{"line":40,"column":82}},"15":{"start":{"line":43,"column":10},"end":{"line":43,"column":58}},"16":{"start":{"line":46,"column":10},"end":{"line":46,"column":33}},"17":{"start":{"line":52,"column":2},"end":{"line":56,"column":43}},"18":{"start":{"line":53,"column":4},"end":{"line":55,"column":6}},"19":{"start":{"line":54,"column":6},"end":{"line":54,"column":42}},"20":{"start":{"line":59,"column":32},"end":{"line":67,"column":3}},"21":{"start":{"line":60,"column":4},"end":{"line":62,"column":5}},"22":{"start":{"line":61,"column":6},"end":{"line":61,"column":23}},"23":{"start":{"line":63,"column":4},"end":{"line":65,"column":5}},"24":{"start":{"line":64,"column":6},"end":{"line":64,"column":28}},"25":{"start":{"line":66,"column":4},"end":{"line":66,"column":22}},"26":{"start":{"line":70,"column":2},"end":{"line":87,"column":3}},"27":{"start":{"line":71,"column":4},"end":{"line":86,"column":6}},"28":{"start":{"line":89,"column":2},"end":{"line":93,"column":4}},"29":{"start":{"line":96,"column":15},"end":{"line":103,"column":2}}},"fnMap":{"0":{"name":"NavigationController","decl":{"start":{"line":12,"column":16},"end":{"line":12,"column":36}},"loc":{"start":{"line":12,"column":39},"end":{"line":94,"column":1}},"line":12},"1":{"name":"(anonymous_1)","decl":{"start":{"line":19,"column":12},"end":{"line":19,"column":13}},"loc":{"start":{"line":19,"column":18},"end":{"line":24,"column":3}},"line":19},"2":{"name":"(anonymous_2)","decl":{"start":{"line":27,"column":12},"end":{"line":27,"column":13}},"loc":{"start":{"line":27,"column":18},"end":{"line":49,"column":3}},"line":27},"3":{"name":"(anonymous_3)","decl":{"start":{"line":39,"column":14},"end":{"line":39,"column":15}},"loc":{"start":{"line":39,"column":26},"end":{"line":41,"column":9}},"line":39},"4":{"name":"(anonymous_4)","decl":{"start":{"line":42,"column":15},"end":{"line":42,"column":16}},"loc":{"start":{"line":42,"column":22},"end":{"line":44,"column":9}},"line":42},"5":{"name":"(anonymous_5)","decl":{"start":{"line":45,"column":17},"end":{"line":45,"column":18}},"loc":{"start":{"line":45,"column":23},"end":{"line":47,"column":9}},"line":45},"6":{"name":"(anonymous_6)","decl":{"start":{"line":52,"column":12},"end":{"line":52,"column":13}},"loc":{"start":{"line":52,"column":18},"end":{"line":56,"column":3}},"line":52},"7":{"name":"(anonymous_7)","decl":{"start":{"line":53,"column":11},"end":{"line":53,"column":12}},"loc":{"start":{"line":53,"column":17},"end":{"line":55,"column":5}},"line":53},"8":{"name":"(anonymous_8)","decl":{"start":{"line":59,"column":32},"end":{"line":59,"column":33}},"loc":{"start":{"line":59,"column":38},"end":{"line":67,"column":3}},"line":59}},"branchMap":{"0":{"loc":{"start":{"line":20,"column":4},"end":{"line":23,"column":5}},"type":"if","locations":[{"start":{"line":20,"column":4},"end":{"line":23,"column":5}},{"start":{},"end":{}}],"line":20},"1":{"loc":{"start":{"line":22,"column":39},"end":{"line":22,"column":71}},"type":"cond-expr","locations":[{"start":{"line":22,"column":59},"end":{"line":22,"column":64}},{"start":{"line":22,"column":67},"end":{"line":22,"column":71}}],"line":22},"2":{"loc":{"start":{"line":30,"column":4},"end":{"line":48,"column":5}},"type":"if","locations":[{"start":{"line":30,"column":4},"end":{"line":48,"column":5}},{"start":{},"end":{}}],"line":30},"3":{"loc":{"start":{"line":30,"column":8},"end":{"line":30,"column":126}},"type":"binary-expr","locations":[{"start":{"line":30,"column":8},"end":{"line":30,"column":23}},{"start":{"line":30,"column":27},"end":{"line":30,"column":31}},{"start":{"line":30,"column":35},"end":{"line":30,"column":53}},{"start":{"line":30,"column":57},"end":{"line":30,"column":70}},{"start":{"line":30,"column":74},"end":{"line":30,"column":94}},{"start":{"line":30,"column":98},"end":{"line":30,"column":126}}],"line":30},"4":{"loc":{"start":{"line":60,"column":4},"end":{"line":62,"column":5}},"type":"if","locations":[{"start":{"line":60,"column":4},"end":{"line":62,"column":5}},{"start":{},"end":{}}],"line":60},"5":{"loc":{"start":{"line":63,"column":4},"end":{"line":65,"column":5}},"type":"if","locations":[{"start":{"line":63,"column":4},"end":{"line":65,"column":5}},{"start":{},"end":{}}],"line":63},"6":{"loc":{"start":{"line":70,"column":2},"end":{"line":87,"column":3}},"type":"if","locations":[{"start":{"line":70,"column":2},"end":{"line":87,"column":3}},{"start":{},"end":{}}],"line":70},"7":{"loc":{"start":{"line":70,"column":6},"end":{"line":70,"column":31}},"type":"binary-expr","locations":[{"start":{"line":70,"column":6},"end":{"line":70,"column":15}},{"start":{"line":70,"column":19},"end":{"line":70,"column":31}}],"line":70},"8":{"loc":{"start":{"line":73,"column":25},"end":{"line":73,"column":55}},"type":"cond-expr","locations":[{"start":{"line":73,"column":34},"end":{"line":73,"column":43}},{"start":{"line":73,"column":46},"end":{"line":73,"column":55}}],"line":73},"9":{"loc":{"start":{"line":76,"column":9},"end":{"line":84,"column":9}},"type":"binary-expr","locations":[{"start":{"line":76,"column":9},"end":{"line":76,"column":21}},{"start":{"line":77,"column":10},"end":{"line":83,"column":17}}],"line":76},"10":{"loc":{"start":{"line":79,"column":19},"end":{"line":79,"column":49}},"type":"cond-expr","locations":[{"start":{"line":79,"column":28},"end":{"line":79,"column":37}},{"start":{"line":79,"column":40},"end":{"line":79,"column":49}}],"line":79},"11":{"loc":{"start":{"line":90,"column":32},"end":{"line":90,"column":65}},"type":"cond-expr","locations":[{"start":{"line":90,"column":41},"end":{"line":90,"column":50}},{"start":{"line":90,"column":53},"end":{"line":90,"column":65}}],"line":90}},"s":{"0":0,"1":0,"2":0,"3":0,"4":0,"5":0,"6":0,"7":0,"8":0,"9":0,"10":0,"11":0,"12":0,"13":0,"14":0,"15":0,"16":0,"17":0,"18":0,"19":0,"20":0,"21":0,"22":0,"23":0,"24":0,"25":0,"26":0,"27":0,"28":0,"29":0},"f":{"0":0,"1":0,"2":0,"3":0,"4":0,"5":0,"6":0,"7":0,"8":0},"b":{"0":[0,0],"1":[0,0],"2":[0,0],"3":[0,0,0,0,0,0],"4":[0,0],"5":[0,0],"6":[0,0],"7":[0,0],"8":[0,0],"9":[0,0],"10":[0,0],"11":[0,0]}}
,"/Users/jason/Documents/GitHub/DatingApp/src/navigation/types.ts": {"path":"/Users/jason/Documents/GitHub/DatingApp/src/navigation/types.ts","statementMap":{},"fnMap":{},"branchMap":{},"s":{},"f":{},"b":{}}
,"/Users/jason/Documents/GitHub/DatingApp/src/providers/AppProviders.tsx": {"path":"/Users/jason/Documents/GitHub/DatingApp/src/providers/AppProviders.tsx","statementMap":{"0":{"start":{"line":7,"column":20},"end":{"line":16,"column":2}},"1":{"start":{"line":23,"column":2},"end":{"line":29,"column":4}}},"fnMap":{"0":{"name":"AppProviders","decl":{"start":{"line":22,"column":16},"end":{"line":22,"column":28}},"loc":{"start":{"line":22,"column":62},"end":{"line":30,"column":1}},"line":22}},"branchMap":{},"s":{"0":0,"1":0},"f":{"0":0},"b":{}}
[...]
,"/Users/jason/Documents/GitHub/DatingApp/src/utils/file-utils.ts": {"path":"/Users/jason/Documents/GitHub/DatingApp/src/utils/file-utils.ts","statementMap":{"0":{"start":{"line":9,"column":2},"end":{"line":9,"column":27}},"1":{"start":{"line":9,"column":17},"end":{"line":9,"column":27}},"2":{"start":{"line":10,"column":16},"end":{"line":10,"column":35}},"3":{"start":{"line":11,"column":2},"end":{"line":11,"column":66}},"4":{"start":{"line":18,"column":14},"end":{"line":18,"column":37}},"5":{"start":{"line":19,"column":44},"end":{"line":45,"column":3}},"6":{"start":{"line":47,"column":2},"end":{"line":47,"column":32}},"7":{"start":{"line":54,"column":25},"end":{"line":54,"column":37}},"8":{"start":{"line":55,"column":21},"end":{"line":55,"column":23}},"9":{"start":{"line":57,"column":2},"end":{"line":67,"column":3}},"10":{"start":{"line":57,"column":20},"end":{"line":57,"column":21}},"11":{"start":{"line":58,"column":18},"end":{"line":58,"column":60}},"12":{"start":{"line":60,"column":24},"end":{"line":60,"column":47}},"13":{"start":{"line":61,"column":4},"end":{"line":63,"column":5}},"14":{"start":{"line":61,"column":17},"end":{"line":61,"column":18}},"15":{"start":{"line":62,"column":6},"end":{"line":62,"column":43}},"16":{"start":{"line":65,"column":22},"end":{"line":65,"column":49}},"17":{"start":{"line":66,"column":4},"end":{"line":66,"column":31}},"18":{"start":{"line":69,"column":2},"end":{"line":69,"column":53}},"19":{"start":{"line":76,"column":2},"end":{"line":76,"column":36}},"20":{"start":{"line":76,"column":19},"end":{"line":76,"column":36}},"21":{"start":{"line":78,"column":12},"end":{"line":78,"column":16}},"22":{"start":{"line":79,"column":16},"end":{"line":79,"column":49}},"23":{"start":{"line":80,"column":12},"end":{"line":80,"column":53}},"24":{"start":{"line":82,"column":2},"end":{"line":82,"column":74}},"25":{"start":{"line":90,"column":2},"end":{"line":90,"column":48}}},"fnMap":{"0":{"name":"getExtension","decl":{"start":{"line":8,"column":16},"end":{"line":8,"column":28}},"loc":{"start":{"line":8,"column":55},"end":{"line":12,"column":1}},"line":8},"1":{"name":"getMimeType","decl":{"start":{"line":17,"column":16},"end":{"line":17,"column":27}},"loc":{"start":{"line":17,"column":62},"end":{"line":48,"column":1}},"line":17},"2":{"name":"base64ToBlob","decl":{"start":{"line":53,"column":16},"end":{"line":53,"column":28}},"loc":{"start":{"line":53,"column":72},"end":{"line":70,"column":1}},"line":53},"3":{"name":"getReadableFileSize","decl":{"start":{"line":75,"column":16},"end":{"line":75,"column":35}},"loc":{"start":{"line":75,"column":59},"end":{"line":83,"column":1}},"line":75},"4":{"name":"sanitizeFilename","decl":{"start":{"line":88,"column":16},"end":{"line":88,"column":32}},"loc":{"start":{"line":88,"column":59},"end":{"line":91,"column":1}},"line":88}},"branchMap":{"0":{"loc":{"start":{"line":9,"column":2},"end":{"line":9,"column":27}},"type":"if","locations":[{"start":{"line":9,"column":2},"end":{"line":9,"column":27}},{"start":{},"end":{}}],"line":9},"1":{"loc":{"start":{"line":11,"column":9},"end":{"line":11,"column":65}},"type":"cond-expr","locations":[{"start":{"line":11,"column":28},"end":{"line":11,"column":60}},{"start":{"line":11,"column":63},"end":{"line":11,"column":65}}],"line":11},"2":{"loc":{"start":{"line":11,"column":28},"end":{"line":11,"column":60}},"type":"binary-expr","locations":[{"start":{"line":11,"column":28},"end":{"line":11,"column":54}},{"start":{"line":11,"column":58},"end":{"line":11,"column":60}}],"line":11},"3":{"loc":{"start":{"line":47,"column":9},"end":{"line":47,"column":31}},"type":"binary-expr","locations":[{"start":{"line":47,"column":9},"end":{"line":47,"column":23}},{"start":{"line":47,"column":27},"end":{"line":47,"column":31}}],"line":47},"4":{"loc":{"start":{"line":76,"column":2},"end":{"line":76,"column":36}},"type":"if","locations":[{"start":{"line":76,"column":2},"end":{"line":76,"column":36}},{"start":{},"end":{}}],"line":76}},"s":{"0":0,"1":0,"2":0,"3":0,"4":0,"5":0,"6":0,"7":0,"8":0,"9":0,"10":0,"11":0,"12":0,"13":0,"14":0,"15":0,"16":0,"17":0,"18":0,"19":0,"20":0,"21":0,"22":0,"23":0,"24":0,"25":0},"f":{"0":0,"1":0,"2":0,"3":0,"4":0},"b":{"0":[0,0],"1":[0,0],"2":[0,0],"3":[0,0],"4":[0,0]}}
,"/Users/jason/Documents/GitHub/DatingApp/src/utils/storage-test.ts": {"path":"/Users/jason/Documents/GitHub/DatingApp/src/utils/storage-test.ts","statementMap":{"0":{"start":{"line":10,"column":34},"end":{"line":87,"column":1}},"1":{"start":{"line":11,"column":2},"end":{"line":86,"column":3}},"2":{"start":{"line":12,"column":4},"end":{"line":12,"column":59}},"3":{"start":{"line":14,"column":21},"end":{"line":14,"column":73}},"4":{"start":{"line":15,"column":21},"end":{"line":15,"column":33}},"5":{"start":{"line":16,"column":24},"end":{"line":16,"column":60}},"6":{"start":{"line":18,"column":4},"end":{"line":18,"column":70}},"7":{"start":{"line":19,"column":23},"end":{"line":19,"column":48}},"8":{"start":{"line":21,"column":4},"end":{"line":77,"column":5}},"9":{"start":{"line":22,"column":6},"end":{"line":22,"column":56}},"10":{"start":{"line":25,"column":27},"end":{"line":25,"column":66}},"11":{"start":{"line":28,"column":25},"end":{"line":30,"column":8}},"12":{"start":{"line":33,"column":6},"end":{"line":35,"column":9}},"13":{"start":{"line":37,"column":6},"end":{"line":37,"column":63}},"14":{"start":{"line":40,"column":23},"end":{"line":40,"column":82}},"15":{"start":{"line":41,"column":6},"end":{"line":43,"column":7}},"16":{"start":{"line":42,"column":8},"end":{"line":42,"column":53}},"17":{"start":{"line":46,"column":23},"end":{"line":46,"column":48}},"18":{"start":{"line":47,"column":19},"end":{"line":47,"column":40}},"19":{"start":{"line":49,"column":6},"end":{"line":49,"column":75}},"20":{"start":{"line":52,"column":6},"end":{"line":59,"column":9}},"21":{"start":{"line":62,"column":6},"end":{"line":62,"column":49}},"22":{"start":{"line":65,"column":6},"end":{"line":65,"column":62}},"23":{"start":{"line":66,"column":23},"end":{"line":66,"column":43}},"24":{"start":{"line":67,"column":19},"end":{"line":67,"column":40}},"25":{"start":{"line":69,"column":6},"end":{"line":76,"column":9}},"26":{"start":{"line":80,"column":24},"end":{"line":80,"column":56}},"27":{"start":{"line":81,"column":4},"end":{"line":81,"column":56}},"28":{"start":{"line":82,"column":4},"end":{"line":82,"column":23}},"29":{"start":{"line":84,"column":4},"end":{"line":84,"column":48}},"30":{"start":{"line":85,"column":4},"end":{"line":85,"column":16}},"31":{"start":{"line":92,"column":39},"end":{"line":105,"column":1}},"32":{"start":{"line":93,"column":2},"end":{"line":104,"column":3}},"33":{"start":{"line":95,"column":20},"end":{"line":95,"column":71}},"34":{"start":{"line":96,"column":21},"end":{"line":96,"column":63}},"35":{"start":{"line":98,"column":4},"end":{"line":98,"column":41}},"36":{"start":{"line":99,"column":4},"end":{"line":99,"column":51}},"37":{"start":{"line":100,"column":4},"end":{"line":100,"column":16}},"38":{"start":{"line":102,"column":4},"end":{"line":102,"column":61}},"39":{"start":{"line":103,"column":4},"end":{"line":103,"column":17}}},"fnMap":{"0":{"name":"(anonymous_0)","decl":{"start":{"line":10,"column":34},"end":{"line":10,"column":35}},"loc":{"start":{"line":10,"column":94},"end":{"line":87,"column":1}},"line":10},"1":{"name":"(anonymous_1)","decl":{"start":{"line":92,"column":39},"end":{"line":92,"column":40}},"loc":{"start":{"line":92,"column":83},"end":{"line":105,"column":1}},"line":92}},"branchMap":{"0":{"loc":{"start":{"line":14,"column":21},"end":{"line":14,"column":73}},"type":"binary-expr","locations":[{"start":{"line":14,"column":21},"end":{"line":14,"column":45}},{"start":{"line":14,"column":49},"end":{"line":14,"column":73}}],"line":14},"1":{"loc":{"start":{"line":21,"column":4},"end":{"line":77,"column":5}},"type":"if","locations":[{"start":{"line":21,"column":4},"end":{"line":77,"column":5}},{"start":{"line":63,"column":11},"end":{"line":77,"column":5}}],"line":21},"2":{"loc":{"start":{"line":41,"column":6},"end":{"line":43,"column":7}},"type":"if","locations":[{"start":{"line":41,"column":6},"end":{"line":43,"column":7}},{"start":{},"end":{}}],"line":41}},"s":{"0":0,"1":0,"2":0,"3":0,"4":0,"5":0,"6":0,"7":0,"8":0,"9":0,"10":0,"11":0,"12":0,"13":0,"14":0,"15":0,"16":0,"17":0,"18":0,"19":0,"20":0,"21":0,"22":0,"23":0,"24":0,"25":0,"26":0,"27":0,"28":0,"29":0,"30":0,"31":0,"32":0,"33":0,"34":0,"35":0,"36":0,"37":0,"38":0,"39":0},"f":{"0":0,"1":0},"b":{"0":[0,0],"1":[0,0],"2":[0,0]}}
,"/Users/jason/Documents/GitHub/DatingApp/src/utils/styled-components.ts": {"path":"/Users/jason/Documents/GitHub/DatingApp/src/utils/styled-components.ts","statementMap":{},"fnMap":{},"branchMap":{},"s":{},"f":{},"b":{}}
,"/Users/jason/Documents/GitHub/DatingApp/src/utils/upload-service.ts": {"path":"/Users/jason/Documents/GitHub/DatingApp/src/utils/upload-service.ts","statementMap":{"0":{"start":{"line":27,"column":26},"end":{"line":162,"column":1}},"1":{"start":{"line":37,"column":6},"end":{"line":37,"column":13}},"2":{"start":{"line":40,"column":19},"end":{"line":40,"column":71}},"3":{"start":{"line":41,"column":20},"end":{"line":41,"column":42}},"4":{"start":{"line":42,"column":22},"end":{"line":42,"column":83}},"5":{"start":{"line":45,"column":20},"end":{"line":45,"column":30}},"6":{"start":{"line":46,"column":19},"end":{"line":46,"column":54}},"7":{"start":{"line":47,"column":25},"end":{"line":47,"column":79}},"8":{"start":{"line":48,"column":22},"end":{"line":48,"column":49}},"9":{"start":{"line":50,"column":2},"end":{"line":50,"column":63}},"10":{"start":{"line":51,"column":21},"end":{"line":51,"column":46}},"11":{"start":{"line":52,"column":25},"end":{"line":56,"column":3}},"12":{"start":{"line":57,"column":2},"end":{"line":57,"column":76}},"13":{"start":{"line":60,"column":2},"end":{"line":159,"column":3}},"14":{"start":{"line":60,"column":21},"end":{"line":60,"column":22}},"15":{"start":{"line":61,"column":4},"end":{"line":158,"column":5}},"16":{"start":{"line":62,"column":6},"end":{"line":140,"column":7}},"17":{"start":{"line":63,"column":8},"end":{"line":63,"column":57}},"18":{"start":{"line":66,"column":21},"end":{"line":66,"column":59}},"19":{"start":{"line":67,"column":8},"end":{"line":69,"column":9}},"20":{"start":{"line":68,"column":10},"end":{"line":68,"column":61}},"21":{"start":{"line":73,"column":30},"end":{"line":73,"column":87}},"22":{"start":{"line":74,"column":29},"end":{"line":74,"column":58}},"23":{"start":{"line":76,"column":8},"end":{"line":120,"column":9}},"24":{"start":{"line":78,"column":10},"end":{"line":81,"column":13}},"25":{"start":{"line":83,"column":10},"end":{"line":83,"column":72}},"26":{"start":{"line":86,"column":31},"end":{"line":86,"column":90}},"27":{"start":{"line":87,"column":27},"end":{"line":87,"column":81}},"28":{"start":{"line":88,"column":10},"end":{"line":88,"column":98}},"29":{"start":{"line":90,"column":10},"end":{"line":92,"column":11}},"30":{"start":{"line":91,"column":12},"end":{"line":91,"column":62}},"31":{"start":{"line":95,"column":10},"end":{"line":95,"column":69}},"32":{"start":{"line":96,"column":27},"end":{"line":96,"column":52}},"33":{"start":{"line":97,"column":23},"end":{"line":97,"column":44}},"34":{"start":{"line":99,"column":10},"end":{"line":99,"column":79}},"35":{"start":{"line":100,"column":10},"end":{"line":100,"column":58}},"36":{"start":{"line":103,"column":10},"end":{"line":112,"column":13}},"37":{"start":{"line":115,"column":10},"end":{"line":115,"column":75}},"38":{"start":{"line":116,"column":10},"end":{"line":116,"column":60}},"39":{"start":{"line":118,"column":10},"end":{"line":118,"column":57}},"40":{"start":{"line":119,"column":10},"end":{"line":119,"column":25}},"41":{"start":{"line":123,"column":8},"end":{"line":123,"column":81}},"42":{"start":{"line":124,"column":25},"end":{"line":124,"column":45}},"43":{"start":{"line":125,"column":21},"end":{"line":125,"column":42}},"44":{"start":{"line":127,"column":8},"end":{"line":127,"column":72}},"45":{"start":{"line":128,"column":8},"end":{"line":137,"column":11}},"46":{"start":{"line":139,"column":8},"end":{"line":139,"column":62}},"47":{"start":{"line":143,"column":26},"end":{"line":143,"column":58}},"48":{"start":{"line":144,"column":6},"end":{"line":144,"column":60}},"49":{"start":{"line":145,"column":6},"end":{"line":145,"column":25}},"50":{"start":{"line":147,"column":6},"end":{"line":147,"column":64}},"51":{"start":{"line":149,"column":6},"end":{"line":152,"column":7}},"52":{"start":{"line":150,"column":8},"end":{"line":150,"column":52}},"53":{"start":{"line":151,"column":8},"end":{"line":151,"column":20}},"54":{"start":{"line":155,"column":23},"end":{"line":155,"column":67}},"55":{"start":{"line":156,"column":6},"end":{"line":156,"column":59}},"56":{"start":{"line":157,"column":6},"end":{"line":157,"column":66}},"57":{"start":{"line":157,"column":35},"end":{"line":157,"column":64}},"58":{"start":{"line":161,"column":2},"end":{"line":161,"column":64}},"59":{"start":{"line":167,"column":35},"end":{"line":200,"column":1}},"60":{"start":{"line":172,"column":2},"end":{"line":172,"column":68}},"61":{"start":{"line":173,"column":28},"end":{"line":173,"column":30}},"62":{"start":{"line":175,"column":2},"end":{"line":197,"column":3}},"63":{"start":{"line":175,"column":15},"end":{"line":175,"column":16}},"64":{"start":{"line":176,"column":4},"end":{"line":196,"column":5}},"65":{"start":{"line":177,"column":18},"end":{"line":185,"column":8}},"66":{"start":{"line":186,"column":6},"end":{"line":186,"column":24}},"67":{"start":{"line":189,"column":6},"end":{"line":191,"column":7}},"68":{"start":{"line":190,"column":8},"end":{"line":190,"column":54}},"69":{"start":{"line":193,"column":6},"end":{"line":193,"column":53}},"70":{"start":{"line":194,"column":27},"end":{"line":194,"column":83}},"71":{"start":{"line":195,"column":6},"end":{"line":195,"column":65}},"72":{"start":{"line":199,"column":2},"end":{"line":199,"column":17}}},"fnMap":{"0":{"name":"(anonymous_0)","decl":{"start":{"line":27,"column":26},"end":{"line":27,"column":27}},"loc":{"start":{"line":30,"column":22},"end":{"line":162,"column":1}},"line":30},"1":{"name":"(anonymous_1)","decl":{"start":{"line":157,"column":24},"end":{"line":157,"column":25}},"loc":{"start":{"line":157,"column":35},"end":{"line":157,"column":64}},"line":157},"2":{"name":"(anonymous_2)","decl":{"start":{"line":167,"column":35},"end":{"line":167,"column":36}},"loc":{"start":{"line":171,"column":24},"end":{"line":200,"column":1}},"line":171}},"branchMap":{"0":{"loc":{"start":{"line":33,"column":4},"end":{"line":33,"column":21}},"type":"default-arg","locations":[{"start":{"line":33,"column":11},"end":{"line":33,"column":21}}],"line":33},"1":{"loc":{"start":{"line":35,"column":4},"end":{"line":35,"column":17}},"type":"default-arg","locations":[{"start":{"line":35,"column":15},"end":{"line":35,"column":17}}],"line":35},"2":{"loc":{"start":{"line":36,"column":4},"end":{"line":36,"column":18}},"type":"default-arg","locations":[{"start":{"line":36,"column":17},"end":{"line":36,"column":18}}],"line":36},"3":{"loc":{"start":{"line":40,"column":19},"end":{"line":40,"column":71}},"type":"binary-expr","locations":[{"start":{"line":40,"column":19},"end":{"line":40,"column":43}},{"start":{"line":40,"column":47},"end":{"line":40,"column":71}}],"line":40},"4":{"loc":{"start":{"line":42,"column":22},"end":{"line":42,"column":83}},"type":"binary-expr","locations":[{"start":{"line":42,"column":22},"end":{"line":42,"column":41}},{"start":{"line":42,"column":45},"end":{"line":42,"column":67}},{"start":{"line":42,"column":71},"end":{"line":42,"column":83}}],"line":42},"5":{"loc":{"start":{"line":47,"column":59},"end":{"line":47,"column":77}},"type":"binary-expr","locations":[{"start":{"line":47,"column":59},"end":{"line":47,"column":68}},{"start":{"line":47,"column":72},"end":{"line":47,"column":77}}],"line":47},"6":{"loc":{"start":{"line":53,"column":12},"end":{"line":53,"column":49}},"type":"binary-expr","locations":[{"start":{"line":53,"column":12},"end":{"line":53,"column":36}},{"start":{"line":53,"column":40},"end":{"line":53,"column":49}}],"line":53},"7":{"loc":{"start":{"line":62,"column":6},"end":{"line":140,"column":7}},"type":"if","locations":[{"start":{"line":62,"column":6},"end":{"line":140,"column":7}},{"start":{"line":121,"column":13},"end":{"line":140,"column":7}}],"line":62},"8":{"loc":{"start":{"line":67,"column":8},"end":{"line":69,"column":9}},"type":"if","locations":[{"start":{"line":67,"column":8},"end":{"line":69,"column":9}},{"start":{},"end":{}}],"line":67},"9":{"loc":{"start":{"line":73,"column":30},"end":{"line":73,"column":87}},"type":"binary-expr","locations":[{"start":{"line":73,"column":30},"end":{"line":73,"column":55}},{"start":{"line":73,"column":59},"end":{"line":73,"column":87}}],"line":73},"10":{"loc":{"start":{"line":87,"column":27},"end":{"line":87,"column":81}},"type":"cond-expr","locations":[{"start":{"line":87,"column":52},"end":{"line":87,"column":69}},{"start":{"line":87,"column":72},"end":{"line":87,"column":81}}],"line":87},"11":{"loc":{"start":{"line":90,"column":10},"end":{"line":92,"column":11}},"type":"if","locations":[{"start":{"line":90,"column":10},"end":{"line":92,"column":11}},{"start":{},"end":{}}],"line":90},"12":{"loc":{"start":{"line":149,"column":6},"end":{"line":152,"column":7}},"type":"if","locations":[{"start":{"line":149,"column":6},"end":{"line":152,"column":7}},{"start":{},"end":{}}],"line":149},"13":{"loc":{"start":{"line":189,"column":6},"end":{"line":191,"column":7}},"type":"if","locations":[{"start":{"line":189,"column":6},"end":{"line":191,"column":7}},{"start":{},"end":{}}],"line":189},"14":{"loc":{"start":{"line":194,"column":27},"end":{"line":194,"column":83}},"type":"cond-expr","locations":[{"start":{"line":194,"column":52},"end":{"line":194,"column":65}},{"start":{"line":194,"column":68},"end":{"line":194,"column":83}}],"line":194}},"s":{"0":0,"1":0,"2":0,"3":0,"4":0,"5":0,"6":0,"7":0,"8":0,"9":0,"10":0,"11":0,"12":0,"13":0,"14":0,"15":0,"16":0,"17":0,"18":0,"19":0,"20":0,"21":0,"22":0,"23":0,"24":0,"25":0,"26":0,"27":0,"28":0,"29":0,"30":0,"31":0,"32":0,"33":0,"34":0,"35":0,"36":0,"37":0,"38":0,"39":0,"40":0,"41":0,"42":0,"43":0,"44":0,"45":0,"46":0,"47":0,"48":0,"49":0,"50":0,"51":0,"52":0,"53":0,"54":0,"55":0,"56":0,"57":0,"58":0,"59":0,"60":0,"61":0,"62":0,"63":0,"64":0,"65":0,"66":0,"67":0,"68":0,"69":0,"70":0,"71":0,"72":0},"f":{"0":0,"1":0,"2":0},"b":{"0":[0],"1":[0],"2":[0],"3":[0,0],"4":[0,0,0],"5":[0,0],"6":[0,0],"7":[0,0],"8":[0,0],"9":[0,0],"10":[0,0],"11":[0,0],"12":[0,0],"13":[0,0],"14":[0,0]}}
,"/Users/jason/Documents/GitHub/DatingApp/src/utils/useAppTheme.ts": {"path":"/Users/jason/Documents/GitHub/DatingApp/src/utils/useAppTheme.ts","statementMap":{"0":{"start":{"line":10,"column":18},"end":{"line":10,"column":42}},"1":{"start":{"line":12,"column":2},"end":{"line":14,"column":3}},"2":{"start":{"line":13,"column":4},"end":{"line":13,"column":71}},"3":{"start":{"line":17,"column":2},"end":{"line":20,"column":4}}},"fnMap":{"0":{"name":"useAppTheme","decl":{"start":{"line":9,"column":16},"end":{"line":9,"column":27}},"loc":{"start":{"line":9,"column":30},"end":{"line":21,"column":1}},"line":9}},"branchMap":{"0":{"loc":{"start":{"line":12,"column":2},"end":{"line":14,"column":3}},"type":"if","locations":[{"start":{"line":12,"column":2},"end":{"line":14,"column":3}},{"start":{},"end":{}}],"line":12}},"s":{"0":9,"1":8,"2":8,"3":0},"f":{"0":9},"b":{"0":[8,0]},"_coverageSchema":"1a1c01bbd47fc00a2c39e90264f33305004495a9","hash":"501382b6248bf47e72ed83066508cd0a6b6a06ba"}
,"/Users/jason/Documents/GitHub/DatingApp/src/utils/styled-components/types.ts": {"path":"/Users/jason/Documents/GitHub/DatingApp/src/utils/styled-components/types.ts","statementMap":{},"fnMap":{},"branchMap":{},"s":{},"f":{},"b":{}}
}
