TN:
SF:.detoxrc.js
FNF:0
FNH:0
DA:1,0
LF:1
LH:0
BRF:0
BRH:0
end_of_record
TN:
SF:.eslintrc.js
FNF:0
FNH:0
DA:1,0
LF:1
LH:0
BRF:0
BRH:0
end_of_record
TN:
SF:App.tsx
FN:9,App
FNF:1
FNH:0
FNDA:0,App
DA:10,0
DA:12,0
LF:2
LH:0
BRDA:16,0,0,0
BRDA:16,0,1,0
BRF:2
BRH:0
end_of_record
TN:
SF:index.ts
FNF:0
FNH:0
DA:8,0
LF:1
LH:0
BRF:0
BRH:0
end_of_record
TN:
SF:jest.config.js
FNF:0
FNH:0
DA:1,0
LF:1
LH:0
BRF:0
BRH:0
end_of_record
TN:
SF:e2e/authFlow.e2e.js
FN:1,(anonymous_0)
FN:2,(anonymous_1)
FN:6,(anonymous_2)
FN:10,(anonymous_3)
FN:17,(anonymous_4)
FN:24,(anonymous_5)
FN:31,(anonymous_6)
FN:51,(anonymous_7)
FNF:8
FNH:0
FNDA:0,(anonymous_0)
FNDA:0,(anonymous_1)
FNDA:0,(anonymous_2)
FNDA:0,(anonymous_3)
FNDA:0,(anonymous_4)
FNDA:0,(anonymous_5)
FNDA:0,(anonymous_6)
FNDA:0,(anonymous_7)
DA:1,0
DA:2,0
DA:3,0
DA:6,0
DA:7,0
DA:10,0
DA:11,0
DA:12,0
DA:13,0
DA:14,0
DA:17,0
DA:18,0
DA:19,0
DA:20,0
DA:21,0
DA:24,0
DA:25,0
DA:26,0
DA:27,0
DA:28,0
DA:31,0
DA:32,0
DA:35,0
DA:36,0
DA:37,0
DA:40,0
DA:41,0
DA:44,0
DA:47,0
DA:48,0
DA:51,0
DA:53,0
DA:55,0
DA:58,0
DA:59,0
DA:62,0
DA:65,0
DA:66,0
LF:38
LH:0
BRF:0
BRH:0
end_of_record
TN:
SF:e2e/jest.config.js
FNF:0
FNH:0
DA:1,0
LF:1
LH:0
BRF:0
BRH:0
end_of_record
TN:
SF:src/components/auth-components/AuthHeader.tsx
FN:12,AuthHeader
FN:47,(anonymous_1)
FN:53,(anonymous_2)
FNF:3
FNH:0
FNDA:0,AuthHeader
FNDA:0,(anonymous_1)
FNDA:0,(anonymous_2)
DA:13,0
DA:14,0
DA:16,0
DA:33,0
DA:41,0
DA:45,0
DA:47,0
DA:50,0
DA:53,0
DA:56,0
LF:10
LH:0
BRDA:47,0,0,0
BRDA:47,0,1,0
BRDA:53,1,0,0
BRDA:53,1,1,0
BRF:4
BRH:0
end_of_record
TN:
SF:src/components/profile-setup/AddPromptForm.tsx
FN:24,AddPromptForm
FN:41,(anonymous_1)
FN:43,(anonymous_2)
FN:151,(anonymous_3)
FN:177,(anonymous_4)
FN:186,(anonymous_5)
FN:187,(anonymous_6)
FN:188,(anonymous_7)
FN:194,(anonymous_8)
FN:216,(anonymous_9)
FN:222,(anonymous_10)
FN:226,(anonymous_11)
FN:248,(anonymous_12)
FN:252,(anonymous_13)
FN:276,(anonymous_14)
FNF:15
FNH:0
FNDA:0,AddPromptForm
FNDA:0,(anonymous_1)
FNDA:0,(anonymous_2)
FNDA:0,(anonymous_3)
FNDA:0,(anonymous_4)
FNDA:0,(anonymous_5)
FNDA:0,(anonymous_6)
FNDA:0,(anonymous_7)
FNDA:0,(anonymous_8)
FNDA:0,(anonymous_9)
FNDA:0,(anonymous_10)
FNDA:0,(anonymous_11)
FNDA:0,(anonymous_12)
FNDA:0,(anonymous_13)
FNDA:0,(anonymous_14)
DA:41,0
DA:43,0
DA:44,0
DA:45,0
DA:46,0
DA:47,0
DA:50,0
DA:143,0
DA:148,0
DA:151,0
DA:156,0
DA:164,0
DA:170,0
DA:174,0
DA:177,0
DA:181,0
DA:186,0
DA:187,0
DA:188,0
DA:193,0
DA:194,0
DA:199,0
DA:206,0
DA:211,0
DA:216,0
DA:219,0
DA:222,0
DA:225,0
DA:226,0
DA:230,0
DA:236,0
DA:242,0
DA:248,0
DA:251,0
DA:252,0
DA:256,0
DA:266,0
DA:272,0
DA:276,0
DA:279,0
LF:40
LH:0
BRDA:44,0,0,0
BRDA:44,0,1,0
BRDA:45,1,0,0
BRDA:45,1,1,0
BRDA:46,2,0,0
BRDA:46,2,1,0
BRDA:54,3,0,0
BRDA:54,3,1,0
BRDA:78,4,0,0
BRDA:78,4,1,0
BRDA:82,5,0,0
BRDA:82,5,1,0
BRDA:82,6,0,0
BRDA:82,6,1,0
BRDA:94,7,0,0
BRDA:94,7,1,0
BRDA:127,8,0,0
BRDA:127,8,1,0
BRDA:127,8,2,0
BRDA:127,8,3,0
BRDA:132,9,0,0
BRDA:132,9,1,0
BRDA:132,9,2,0
BRDA:132,9,3,0
BRDA:151,10,0,0
BRDA:151,10,1,0
BRDA:177,11,0,0
BRDA:177,11,1,0
BRDA:186,12,0,0
BRDA:186,12,1,0
BRDA:187,13,0,0
BRDA:187,13,1,0
BRDA:188,14,0,0
BRDA:188,14,1,0
BRDA:194,15,0,0
BRDA:194,15,1,0
BRDA:216,16,0,0
BRDA:216,16,1,0
BRDA:222,17,0,0
BRDA:222,17,1,0
BRDA:226,18,0,0
BRDA:226,18,1,0
BRDA:248,19,0,0
BRDA:248,19,1,0
BRDA:252,20,0,0
BRDA:252,20,1,0
BRDA:276,21,0,0
BRDA:276,21,1,0
BRF:48
BRH:0
end_of_record
TN:
SF:src/components/profile-setup/PromptSelectionModal.tsx
FN:15,PromptSelectionModal
FN:45,(anonymous_1)
FN:46,(anonymous_2)
FN:48,(anonymous_3)
FN:71,(anonymous_4)
FN:89,(anonymous_5)
FN:97,(anonymous_6)
FN:106,(anonymous_7)
FN:111,(anonymous_8)
FNF:9
FNH:0
FNDA:0,PromptSelectionModal
FNDA:0,(anonymous_1)
FNDA:0,(anonymous_2)
FNDA:0,(anonymous_3)
FNDA:0,(anonymous_4)
FNDA:0,(anonymous_5)
FNDA:0,(anonymous_6)
FNDA:0,(anonymous_7)
FNDA:0,(anonymous_8)
DA:22,0
DA:45,0
DA:47,0
DA:48,0
DA:64,0
DA:70,0
DA:71,0
DA:78,0
DA:86,0
DA:89,0
DA:92,0
DA:96,0
DA:97,0
DA:102,0
DA:106,0
DA:109,0
DA:111,0
LF:17
LH:0
BRDA:71,0,0,0
BRDA:71,0,1,0
BRDA:89,1,0,0
BRDA:89,1,1,0
BRDA:97,2,0,0
BRDA:97,2,1,0
BRDA:106,3,0,0
BRDA:106,3,1,0
BRDA:111,4,0,0
BRDA:111,4,1,0
BRF:10
BRH:0
end_of_record
TN:
SF:src/components/profile-setup/SavedPromptsList.tsx
FN:12,SavedPromptsList
FN:24,(anonymous_1)
FN:38,(anonymous_2)
FN:58,(anonymous_3)
FN:67,(anonymous_4)
FN:75,(anonymous_5)
FN:81,(anonymous_6)
FN:94,(anonymous_7)
FNF:8
FNH:0
FNDA:0,SavedPromptsList
FNDA:0,(anonymous_1)
FNDA:0,(anonymous_2)
FNDA:0,(anonymous_3)
FNDA:0,(anonymous_4)
FNDA:0,(anonymous_5)
FNDA:0,(anonymous_6)
FNDA:0,(anonymous_7)
DA:17,0
DA:18,0
DA:21,0
DA:25,0
DA:38,0
DA:50,0
DA:55,0
DA:58,0
DA:63,0
DA:67,0
DA:72,0
DA:75,0
DA:79,0
DA:81,0
DA:85,0
DA:91,0
DA:94,0
DA:97,0
DA:104,0
LF:19
LH:0
BRDA:17,0,0,0
BRDA:17,0,1,0
BRDA:32,1,0,0
BRDA:32,1,1,0
BRDA:58,2,0,0
BRDA:58,2,1,0
BRDA:67,3,0,0
BRDA:67,3,1,0
BRDA:75,4,0,0
BRDA:75,4,1,0
BRDA:81,5,0,0
BRDA:81,5,1,0
BRDA:94,6,0,0
BRDA:94,6,1,0
BRF:14
BRH:0
end_of_record
TN:
SF:src/constants/prompts.ts
FNF:0
FNH:0
DA:10,0
LF:1
LH:0
BRF:0
BRH:0
end_of_record
TN:
SF:src/contexts/AuthContext.tsx
FN:31,(anonymous_0)
FN:37,AuthProvider
FN:40,(anonymous_2)
FN:42,(anonymous_3)
FN:81,(anonymous_4)
FN:90,(anonymous_5)
FNF:6
FNH:0
FNDA:0,(anonymous_0)
FNDA:0,AuthProvider
FNDA:0,(anonymous_2)
FNDA:0,(anonymous_3)
FNDA:0,(anonymous_4)
FNDA:0,(anonymous_5)
DA:20,0
DA:29,0
DA:31,0
DA:38,0
DA:40,0
DA:42,0
DA:43,0
DA:44,0
DA:46,0
DA:49,0
DA:52,0
DA:53,0
DA:57,0
DA:59,0
DA:69,0
DA:70,0
DA:80,0
DA:81,0
DA:90,0
DA:93,0
LF:20
LH:0
BRDA:44,0,0,0
BRDA:44,0,1,0
BRDA:52,1,0,0
BRDA:52,1,1,0
BRDA:84,2,0,0
BRDA:84,2,1,0
BRF:6
BRH:0
end_of_record
TN:
SF:src/hooks/useAudioRecording.ts
FN:18,useAudioRecording
FN:25,(anonymous_1)
FN:26,(anonymous_2)
FN:33,(anonymous_3)
FN:67,(anonymous_4)
FN:93,(anonymous_5)
FNF:6
FNH:0
FNDA:0,useAudioRecording
FNDA:0,(anonymous_1)
FNDA:0,(anonymous_2)
FNDA:0,(anonymous_3)
FNDA:0,(anonymous_4)
FNDA:0,(anonymous_5)
DA:19,0
DA:20,0
DA:21,0
DA:22,0
DA:25,0
DA:26,0
DA:27,0
DA:28,0
DA:33,0
DA:34,0
DA:35,0
DA:38,0
DA:39,0
DA:40,0
DA:41,0
DA:45,0
DA:51,0
DA:55,0
DA:56,0
DA:59,0
DA:61,0
DA:62,0
DA:63,0
DA:67,0
DA:68,0
DA:70,0
DA:71,0
DA:74,0
DA:77,0
DA:78,0
DA:79,0
DA:80,0
DA:83,0
DA:84,0
DA:85,0
DA:87,0
DA:88,0
DA:89,0
DA:93,0
DA:94,0
DA:95,0
DA:96,0
DA:97,0
DA:100,0
LF:44
LH:0
BRDA:27,0,0,0
BRDA:27,0,1,0
BRDA:39,1,0,0
BRDA:39,1,1,0
BRDA:61,2,0,0
BRDA:61,2,1,0
BRDA:68,3,0,0
BRDA:68,3,1,0
BRDA:78,4,0,0
BRDA:78,4,1,0
BRDA:87,5,0,0
BRDA:87,5,1,0
BRF:12
BRH:0
end_of_record
TN:
SF:src/hooks/useLikeHandler.ts
FN:43,useLikeHandler
FN:50,(anonymous_1)
FN:58,(anonymous_2)
FN:72,(anonymous_3)
FN:96,(anonymous_4)
FN:152,(anonymous_5)
FN:164,(anonymous_6)
FNF:7
FNH:7
FNDA:15,useLikeHandler
FNDA:24,(anonymous_1)
FNDA:4,(anonymous_2)
FNDA:4,(anonymous_3)
FNDA:4,(anonymous_4)
FNDA:1,(anonymous_5)
FNDA:1,(anonymous_6)
DA:44,15
DA:45,15
DA:46,15
DA:47,15
DA:48,15
DA:50,24
DA:51,15
DA:52,15
DA:58,15
DA:59,4
DA:60,2
DA:61,2
DA:62,1
DA:64,1
DA:72,15
DA:73,4
DA:74,4
DA:75,4
DA:77,4
DA:79,2
DA:80,2
DA:82,1
DA:85,1
DA:96,15
DA:97,4
DA:99,4
DA:101,4
DA:102,4
DA:105,4
DA:114,4
DA:117,4
DA:120,4
DA:121,4
DA:127,4
DA:129,4
DA:131,0
DA:134,0
DA:137,4
DA:139,0
DA:140,0
DA:142,4
DA:143,4
DA:144,4
DA:152,15
DA:153,1
DA:154,1
DA:155,1
DA:164,15
DA:165,1
DA:168,15
LF:50
LH:46
BRDA:59,0,0,2
BRDA:59,0,1,2
BRDA:61,1,0,1
BRDA:61,1,1,1
BRDA:77,2,0,2
BRDA:77,2,1,2
BRDA:80,3,0,1
BRDA:80,3,1,1
BRDA:97,4,0,0
BRDA:97,4,1,4
BRDA:108,5,0,1
BRDA:108,5,1,3
BRDA:108,6,0,1
BRDA:108,6,1,2
BRDA:129,7,0,0
BRDA:129,7,1,4
BRDA:153,8,0,1
BRDA:153,8,1,1
BRDA:154,9,0,0
BRDA:154,9,1,1
BRDA:154,10,0,1
BRDA:154,10,1,1
BRF:22
BRH:19
end_of_record
TN:
SF:src/hooks/useProfiles.ts
FN:21,useProfiles
FN:27,(anonymous_1)
FN:34,(anonymous_2)
FN:43,(anonymous_3)
FN:61,(anonymous_4)
FN:88,(anonymous_5)
FN:96,(anonymous_6)
FN:103,(anonymous_7)
FNF:8
FNH:0
FNDA:0,useProfiles
FNDA:0,(anonymous_1)
FNDA:0,(anonymous_2)
FNDA:0,(anonymous_3)
FNDA:0,(anonymous_4)
FNDA:0,(anonymous_5)
FNDA:0,(anonymous_6)
FNDA:0,(anonymous_7)
DA:19,0
DA:22,0
DA:23,0
DA:24,0
DA:27,0
DA:28,0
DA:29,0
DA:34,0
DA:43,0
DA:44,0
DA:46,0
DA:47,0
DA:48,0
DA:49,0
DA:51,0
DA:52,0
DA:55,0
DA:59,0
DA:64,0
DA:65,0
DA:71,0
DA:77,0
DA:80,0
DA:81,0
DA:84,0
DA:87,0
DA:88,0
DA:90,0
DA:96,0
DA:97,0
DA:98,0
DA:103,0
DA:104,0
DA:105,0
DA:106,0
DA:107,0
DA:110,0
LF:37
LH:0
BRDA:31,0,0,0
BRDA:31,0,1,0
BRDA:33,1,0,0
BRDA:33,1,1,0
BRDA:34,2,0,0
BRDA:34,2,1,0
BRDA:38,3,0,0
BRDA:38,3,1,0
BRDA:44,4,0,0
BRDA:44,4,1,0
BRDA:51,5,0,0
BRDA:51,5,1,0
BRDA:51,6,0,0
BRDA:51,6,1,0
BRDA:51,6,2,0
BRDA:64,7,0,0
BRDA:64,7,1,0
BRDA:97,8,0,0
BRDA:97,8,1,0
BRDA:97,9,0,0
BRDA:97,9,1,0
BRF:21
BRH:0
end_of_record
TN:
SF:src/navigation/AuthNavigator.tsx
FN:19,AuthNavigator
FNF:1
FNH:0
FNDA:0,AuthNavigator
DA:13,0
DA:20,0
LF:2
LH:0
BRDA:19,0,0,0
BRF:1
BRH:0
end_of_record
TN:
SF:src/navigation/MainTabNavigator.tsx
FN:12,MainTabNavigator
FN:34,(anonymous_1)
FN:44,(anonymous_2)
FN:54,(anonymous_3)
FN:64,TabBarIcon
FNF:5
FNH:0
FNDA:0,MainTabNavigator
FNDA:0,(anonymous_1)
FNDA:0,(anonymous_2)
FNDA:0,(anonymous_3)
FNDA:0,TabBarIcon
DA:10,0
DA:13,0
DA:14,0
DA:16,0
DA:35,0
DA:45,0
DA:55,0
DA:65,0
LF:8
LH:0
BRDA:21,0,0,0
BRDA:21,0,1,0
BRDA:23,1,0,0
BRDA:23,1,1,0
BRDA:24,2,0,0
BRDA:24,2,1,0
BRF:6
BRH:0
end_of_record
TN:
SF:src/navigation/NavigationController.tsx
FN:11,NavigationController
FN:16,(anonymous_1)
FNF:2
FNH:0
FNDA:0,NavigationController
FNDA:0,(anonymous_1)
DA:12,0
DA:13,0
DA:16,0
DA:17,0
DA:18,0
DA:19,0
DA:24,0
DA:25,0
DA:34,0
DA:49,0
LF:10
LH:0
BRDA:17,0,0,0
BRDA:17,0,1,0
BRDA:19,1,0,0
BRDA:19,1,1,0
BRDA:24,2,0,0
BRDA:24,2,1,0
BRDA:27,3,0,0
BRDA:27,3,1,0
BRDA:35,4,0,0
BRDA:35,4,1,0
BRDA:38,5,0,0
BRDA:38,5,1,0
BRDA:40,6,0,0
BRDA:40,6,1,0
BRF:14
BRH:0
end_of_record
TN:
SF:src/navigation/types.ts
FNF:0
FNH:0
LF:0
LH:0
BRF:0
BRH:0
end_of_record
TN:
SF:src/providers/AppProviders.tsx
FN:22,AppProviders
FNF:1
FNH:0
FNDA:0,AppProviders
DA:7,0
DA:23,0
LF:2
LH:0
BRF:0
BRH:0
end_of_record
TN:
SF:src/screens/ChatConversationScreen.tsx
FN:31,ChatConversationScreen
FN:47,(anonymous_1)
FN:52,(anonymous_2)
FN:57,(anonymous_3)
FN:60,(anonymous_4)
FN:76,(anonymous_5)
FN:80,(anonymous_6)
FN:85,(anonymous_7)
FN:89,(anonymous_8)
FN:109,(anonymous_9)
FN:130,(anonymous_10)
FN:138,(anonymous_11)
FN:162,(anonymous_12)
FN:163,(anonymous_13)
FN:215,(anonymous_14)
FN:230,(anonymous_15)
FN:242,(anonymous_16)
FN:248,(anonymous_17)
FN:276,(anonymous_18)
FN:287,(anonymous_19)
FN:294,(anonymous_20)
FN:302,(anonymous_21)
FN:310,(anonymous_22)
FN:323,(anonymous_23)
FN:324,(anonymous_24)
FN:333,(anonymous_25)
FN:334,(anonymous_26)
FN:342,(anonymous_27)
FNF:28
FNH:0
FNDA:0,ChatConversationScreen
FNDA:0,(anonymous_1)
FNDA:0,(anonymous_2)
FNDA:0,(anonymous_3)
FNDA:0,(anonymous_4)
FNDA:0,(anonymous_5)
FNDA:0,(anonymous_6)
FNDA:0,(anonymous_7)
FNDA:0,(anonymous_8)
FNDA:0,(anonymous_9)
FNDA:0,(anonymous_10)
FNDA:0,(anonymous_11)
FNDA:0,(anonymous_12)
FNDA:0,(anonymous_13)
FNDA:0,(anonymous_14)
FNDA:0,(anonymous_15)
FNDA:0,(anonymous_16)
FNDA:0,(anonymous_17)
FNDA:0,(anonymous_18)
FNDA:0,(anonymous_19)
FNDA:0,(anonymous_20)
FNDA:0,(anonymous_21)
FNDA:0,(anonymous_22)
FNDA:0,(anonymous_23)
FNDA:0,(anonymous_24)
FNDA:0,(anonymous_25)
FNDA:0,(anonymous_26)
FNDA:0,(anonymous_27)
DA:32,0
DA:33,0
DA:34,0
DA:35,0
DA:36,0
DA:38,0
DA:39,0
DA:40,0
DA:41,0
DA:43,0
DA:44,0
DA:47,0
DA:48,0
DA:52,0
DA:54,0
DA:55,0
DA:57,0
DA:58,0
DA:60,0
DA:61,0
DA:62,0
DA:71,0
DA:72,0
DA:75,0
DA:76,0
DA:77,0
DA:81,0
DA:82,0
DA:85,0
DA:89,0
DA:90,0
DA:92,0
DA:93,0
DA:95,0
DA:102,0
DA:104,0
DA:109,0
DA:110,0
DA:112,0
DA:113,0
DA:116,0
DA:117,0
DA:126,0
DA:130,0
DA:162,0
DA:164,0
DA:166,0
DA:213,0
DA:215,0
DA:218,0
DA:224,0
DA:230,0
DA:233,0
DA:240,0
DA:242,0
DA:245,0
DA:248,0
DA:251,0
DA:257,0
DA:263,0
DA:267,0
DA:274,0
DA:276,0
DA:285,0
DA:287,0
DA:290,0
DA:295,0
DA:300,0
DA:303,0
DA:308,0
DA:311,0
DA:318,0
DA:323,0
DA:324,0
DA:327,0
DA:333,0
DA:334,0
DA:338,0
DA:342,0
DA:345,0
LF:80
LH:0
BRDA:48,0,0,0
BRDA:48,0,1,0
BRDA:52,1,0,0
BRDA:52,1,1,0
BRDA:66,2,0,0
BRDA:66,2,1,0
BRDA:75,3,0,0
BRDA:75,3,1,0
BRDA:75,4,0,0
BRDA:75,4,1,0
BRDA:90,5,0,0
BRDA:90,5,1,0
BRDA:90,6,0,0
BRDA:90,6,1,0
BRDA:90,6,2,0
BRDA:110,7,0,0
BRDA:110,7,1,0
BRDA:112,8,0,0
BRDA:112,8,1,0
BRDA:116,9,0,0
BRDA:116,9,1,0
BRDA:148,10,0,0
BRDA:148,10,1,0
BRDA:149,11,0,0
BRDA:149,11,1,0
BRDA:152,12,0,0
BRDA:152,12,1,0
BRDA:169,13,0,0
BRDA:169,13,1,0
BRDA:192,14,0,0
BRDA:192,14,1,0
BRDA:215,15,0,0
BRDA:215,15,1,0
BRDA:230,16,0,0
BRDA:230,16,1,0
BRDA:242,17,0,0
BRDA:242,17,1,0
BRDA:248,18,0,0
BRDA:248,18,1,0
BRDA:276,19,0,0
BRDA:276,19,1,0
BRDA:287,20,0,0
BRDA:287,20,1,0
BRDA:295,21,0,0
BRDA:295,21,1,0
BRDA:297,22,0,0
BRDA:297,22,1,0
BRDA:303,23,0,0
BRDA:303,23,1,0
BRDA:305,24,0,0
BRDA:305,24,1,0
BRDA:311,25,0,0
BRDA:311,25,1,0
BRDA:313,26,0,0
BRDA:313,26,1,0
BRDA:323,27,0,0
BRDA:323,27,1,0
BRDA:324,28,0,0
BRDA:324,28,1,0
BRDA:333,29,0,0
BRDA:333,29,1,0
BRDA:334,30,0,0
BRDA:334,30,1,0
BRDA:342,31,0,0
BRDA:342,31,1,0
BRF:65
BRH:0
end_of_record
TN:
SF:src/screens/ChatListScreen.tsx
FN:19,ChatListScreen
FN:52,(anonymous_1)
FN:72,(anonymous_2)
FN:73,(anonymous_3)
FN:76,(anonymous_4)
FN:114,(anonymous_5)
FN:120,(anonymous_6)
FN:126,(anonymous_7)
FN:139,(anonymous_8)
FN:145,(anonymous_9)
FN:158,(anonymous_10)
FN:159,(anonymous_11)
FN:185,(anonymous_12)
FN:190,(anonymous_13)
FN:195,(anonymous_14)
FN:198,(anonymous_15)
FNF:16
FNH:0
FNDA:0,ChatListScreen
FNDA:0,(anonymous_1)
FNDA:0,(anonymous_2)
FNDA:0,(anonymous_3)
FNDA:0,(anonymous_4)
FNDA:0,(anonymous_5)
FNDA:0,(anonymous_6)
FNDA:0,(anonymous_7)
FNDA:0,(anonymous_8)
FNDA:0,(anonymous_9)
FNDA:0,(anonymous_10)
FNDA:0,(anonymous_11)
FNDA:0,(anonymous_12)
FNDA:0,(anonymous_13)
FNDA:0,(anonymous_14)
FNDA:0,(anonymous_15)
DA:20,0
DA:21,0
DA:22,0
DA:25,0
DA:52,0
DA:53,0
DA:56,0
DA:72,0
DA:74,0
DA:76,0
DA:112,0
DA:114,0
DA:117,0
DA:120,0
DA:123,0
DA:126,0
DA:129,0
DA:136,0
DA:139,0
DA:143,0
DA:145,0
DA:153,0
DA:158,0
DA:159,0
DA:162,0
DA:172,0
DA:176,0
DA:182,0
DA:185,0
DA:188,0
DA:190,0
DA:193,0
DA:195,0
DA:198,0
DA:205,0
DA:210,0
LF:36
LH:0
BRDA:62,0,0,0
BRDA:62,0,1,0
BRDA:97,1,0,0
BRDA:97,1,1,0
BRDA:99,2,0,0
BRDA:99,2,1,0
BRDA:99,3,0,0
BRDA:99,3,1,0
BRDA:114,4,0,0
BRDA:114,4,1,0
BRDA:120,5,0,0
BRDA:120,5,1,0
BRDA:126,6,0,0
BRDA:126,6,1,0
BRDA:139,7,0,0
BRDA:139,7,1,0
BRDA:145,8,0,0
BRDA:145,8,1,0
BRDA:158,9,0,0
BRDA:158,9,1,0
BRDA:159,10,0,0
BRDA:159,10,1,0
BRDA:185,11,0,0
BRDA:185,11,1,0
BRDA:190,12,0,0
BRDA:190,12,1,0
BRDA:195,13,0,0
BRDA:195,13,1,0
BRDA:196,14,0,0
BRDA:196,14,1,0
BRDA:197,15,0,0
BRDA:197,15,1,0
BRDA:198,16,0,0
BRDA:198,16,1,0
BRF:34
BRH:0
end_of_record
TN:
SF:src/screens/DiscoverScreen.tsx
FN:39,DiscoverScreenWithProvider
FN:48,DiscoverScreen
FN:61,(anonymous_2)
FN:95,(anonymous_3)
FN:100,(anonymous_4)
FN:107,(anonymous_5)
FN:111,(anonymous_6)
FN:124,(anonymous_7)
FN:133,(anonymous_8)
FN:138,(anonymous_9)
FN:144,(anonymous_10)
FN:162,(anonymous_11)
FN:197,(anonymous_12)
FN:272,(anonymous_13)
FN:314,(anonymous_14)
FN:342,(anonymous_15)
FN:346,(anonymous_16)
FN:347,(anonymous_17)
FN:357,(anonymous_18)
FN:368,(anonymous_19)
FN:375,(anonymous_20)
FN:381,(anonymous_21)
FN:387,(anonymous_22)
FN:399,(anonymous_23)
FN:409,(anonymous_24)
FN:435,(anonymous_25)
FN:441,(anonymous_26)
FN:447,(anonymous_27)
FN:456,(anonymous_28)
FN:457,(anonymous_29)
FN:458,(anonymous_30)
FN:465,(anonymous_31)
FN:487,(anonymous_32)
FN:490,(anonymous_33)
FN:491,(anonymous_34)
FN:509,(anonymous_35)
FN:530,(anonymous_36)
FNF:37
FNH:0
FNDA:0,DiscoverScreenWithProvider
FNDA:0,DiscoverScreen
FNDA:0,(anonymous_2)
FNDA:0,(anonymous_3)
FNDA:0,(anonymous_4)
FNDA:0,(anonymous_5)
FNDA:0,(anonymous_6)
FNDA:0,(anonymous_7)
FNDA:0,(anonymous_8)
FNDA:0,(anonymous_9)
FNDA:0,(anonymous_10)
FNDA:0,(anonymous_11)
FNDA:0,(anonymous_12)
FNDA:0,(anonymous_13)
FNDA:0,(anonymous_14)
FNDA:0,(anonymous_15)
FNDA:0,(anonymous_16)
FNDA:0,(anonymous_17)
FNDA:0,(anonymous_18)
FNDA:0,(anonymous_19)
FNDA:0,(anonymous_20)
FNDA:0,(anonymous_21)
FNDA:0,(anonymous_22)
FNDA:0,(anonymous_23)
FNDA:0,(anonymous_24)
FNDA:0,(anonymous_25)
FNDA:0,(anonymous_26)
FNDA:0,(anonymous_27)
FNDA:0,(anonymous_28)
FNDA:0,(anonymous_29)
FNDA:0,(anonymous_30)
FNDA:0,(anonymous_31)
FNDA:0,(anonymous_32)
FNDA:0,(anonymous_33)
FNDA:0,(anonymous_34)
FNDA:0,(anonymous_35)
FNDA:0,(anonymous_36)
DA:36,0
DA:40,0
DA:50,0
DA:51,0
DA:52,0
DA:53,0
DA:56,0
DA:57,0
DA:60,0
DA:61,0
DA:64,0
DA:65,0
DA:66,0
DA:69,0
DA:78,0
DA:89,0
DA:92,0
DA:95,0
DA:100,0
DA:101,0
DA:102,0
DA:107,0
DA:109,0
DA:111,0
DA:113,0
DA:114,0
DA:115,0
DA:116,0
DA:120,0
DA:123,0
DA:124,0
DA:128,0
DA:133,0
DA:134,0
DA:138,0
DA:139,0
DA:140,0
DA:144,0
DA:145,0
DA:146,0
DA:147,0
DA:150,0
DA:151,0
DA:152,0
DA:157,0
DA:158,0
DA:162,0
DA:171,0
DA:172,0
DA:182,0
DA:198,0
DA:272,0
DA:314,0
DA:340,0
DA:342,0
DA:345,0
DA:346,0
DA:347,0
DA:350,0
DA:354,0
DA:357,0
DA:360,0
DA:366,0
DA:368,0
DA:371,0
DA:375,0
DA:378,0
DA:381,0
DA:385,0
DA:387,0
DA:391,0
DA:399,0
DA:403,0
DA:410,0
DA:419,0
DA:423,0
DA:431,0
DA:435,0
DA:438,0
DA:441,0
DA:445,0
DA:447,0
DA:451,0
DA:456,0
DA:457,0
DA:458,0
DA:461,0
DA:465,0
DA:470,0
DA:481,0
DA:488,0
DA:490,0
DA:491,0
DA:494,0
DA:500,0
DA:506,0
DA:509,0
DA:512,0
DA:521,0
DA:528,0
DA:530,0
DA:534,0
DA:540,0
LF:103
LH:0
BRDA:57,0,0,0
BRDA:57,0,1,0
BRDA:92,1,0,0
BRDA:92,1,1,0
BRDA:101,2,0,0
BRDA:101,2,1,0
BRDA:113,3,0,0
BRDA:113,3,1,0
BRDA:113,4,0,0
BRDA:113,4,1,0
BRDA:123,5,0,0
BRDA:123,5,1,0
BRDA:139,6,0,0
BRDA:139,6,1,0
BRDA:145,7,0,0
BRDA:145,7,1,0
BRDA:151,8,0,0
BRDA:151,8,1,0
BRDA:157,9,0,0
BRDA:157,9,1,0
BRDA:171,10,0,0
BRDA:171,10,1,0
BRDA:171,11,0,0
BRDA:171,11,1,0
BRDA:189,12,0,0
BRDA:189,12,1,0
BRDA:208,13,0,0
BRDA:208,13,1,0
BRDA:215,14,0,0
BRDA:215,14,1,0
BRDA:226,15,0,0
BRDA:226,15,1,0
BRDA:243,16,0,0
BRDA:243,16,1,0
BRDA:302,17,0,0
BRDA:302,17,1,0
BRDA:323,18,0,0
BRDA:323,18,1,0
BRDA:325,19,0,0
BRDA:325,19,1,0
BRDA:342,20,0,0
BRDA:342,20,1,0
BRDA:357,21,0,0
BRDA:357,21,1,0
BRDA:368,22,0,0
BRDA:368,22,1,0
BRDA:375,23,0,0
BRDA:375,23,1,0
BRDA:381,24,0,0
BRDA:381,24,1,0
BRDA:387,25,0,0
BRDA:387,25,1,0
BRDA:399,26,0,0
BRDA:399,26,1,0
BRDA:400,27,0,0
BRDA:400,27,1,0
BRDA:410,28,0,0
BRDA:410,28,1,0
BRDA:411,29,0,0
BRDA:411,29,1,0
BRDA:435,30,0,0
BRDA:435,30,1,0
BRDA:441,31,0,0
BRDA:441,31,1,0
BRDA:447,32,0,0
BRDA:447,32,1,0
BRDA:456,33,0,0
BRDA:456,33,1,0
BRDA:457,34,0,0
BRDA:457,34,1,0
BRDA:458,35,0,0
BRDA:458,35,1,0
BRDA:465,36,0,0
BRDA:465,36,1,0
BRDA:466,37,0,0
BRDA:466,37,1,0
BRDA:467,38,0,0
BRDA:467,38,1,0
BRDA:488,39,0,0
BRDA:488,39,1,0
BRDA:489,40,0,0
BRDA:489,40,1,0
BRDA:490,41,0,0
BRDA:490,41,1,0
BRDA:491,42,0,0
BRDA:491,42,1,0
BRDA:509,43,0,0
BRDA:509,43,1,0
BRDA:530,44,0,0
BRDA:530,44,1,0
BRF:90
BRH:0
end_of_record
TN:
SF:src/screens/LogInScreen.tsx
FN:13,LogInScreen
FN:28,(anonymous_1)
FN:29,(anonymous_2)
FN:59,(anonymous_3)
FN:85,(anonymous_4)
FN:103,(anonymous_5)
FN:108,(anonymous_6)
FN:134,(anonymous_7)
FN:171,(anonymous_8)
FN:219,(anonymous_9)
FN:238,(anonymous_10)
FN:261,(anonymous_11)
FN:268,(anonymous_12)
FN:269,(anonymous_13)
FN:270,(anonymous_14)
FN:296,(anonymous_15)
FN:315,(anonymous_16)
FN:319,(anonymous_17)
FN:340,(anonymous_18)
FNF:19
FNH:0
FNDA:0,LogInScreen
FNDA:0,(anonymous_1)
FNDA:0,(anonymous_2)
FNDA:0,(anonymous_3)
FNDA:0,(anonymous_4)
FNDA:0,(anonymous_5)
FNDA:0,(anonymous_6)
FNDA:0,(anonymous_7)
FNDA:0,(anonymous_8)
FNDA:0,(anonymous_9)
FNDA:0,(anonymous_10)
FNDA:0,(anonymous_11)
FNDA:0,(anonymous_12)
FNDA:0,(anonymous_13)
FNDA:0,(anonymous_14)
FNDA:0,(anonymous_15)
FNDA:0,(anonymous_16)
FNDA:0,(anonymous_17)
FNDA:0,(anonymous_18)
DA:14,0
DA:15,0
DA:16,0
DA:17,0
DA:19,0
DA:20,0
DA:21,0
DA:22,0
DA:28,0
DA:29,0
DA:30,0
DA:31,0
DA:33,0
DA:34,0
DA:37,0
DA:40,0
DA:41,0
DA:44,0
DA:47,0
DA:49,0
DA:54,0
DA:55,0
DA:59,0
DA:60,0
DA:61,0
DA:67,0
DA:68,0
DA:69,0
DA:70,0
DA:71,0
DA:72,0
DA:76,0
DA:77,0
DA:78,0
DA:81,0
DA:82,0
DA:85,0
DA:86,0
DA:88,0
DA:89,0
DA:91,0
DA:94,0
DA:95,0
DA:99,0
DA:103,0
DA:105,0
DA:108,0
DA:110,0
DA:114,0
DA:115,0
DA:124,0
DA:134,0
DA:171,0
DA:219,0
DA:236,0
DA:238,0
DA:241,0
DA:247,0
DA:253,0
DA:258,0
DA:261,0
DA:264,0
DA:268,0
DA:269,0
DA:270,0
DA:273,0
DA:279,0
DA:290,0
DA:296,0
DA:299,0
DA:305,0
DA:312,0
DA:315,0
DA:318,0
DA:319,0
DA:324,0
DA:330,0
DA:338,0
DA:340,0
DA:343,0
DA:349,0
LF:81
LH:0
BRDA:30,0,0,0
BRDA:30,0,1,0
BRDA:34,1,0,0
BRDA:34,1,1,0
BRDA:40,2,0,0
BRDA:40,2,1,0
BRDA:40,3,0,0
BRDA:40,3,1,0
BRDA:54,4,0,0
BRDA:54,4,1,0
BRDA:54,5,0,0
BRDA:54,5,1,0
BRDA:67,6,0,0
BRDA:67,6,1,0
BRDA:70,7,0,0
BRDA:70,7,1,0
BRDA:76,8,0,0
BRDA:76,8,1,0
BRDA:86,9,0,0
BRDA:86,9,1,0
BRDA:97,10,0,0
BRDA:97,10,1,0
BRDA:114,11,0,0
BRDA:114,11,1,0
BRDA:114,12,0,0
BRDA:114,12,1,0
BRDA:114,12,2,0
BRDA:127,13,0,0
BRDA:127,13,1,0
BRDA:151,14,0,0
BRDA:151,14,1,0
BRDA:167,15,0,0
BRDA:167,15,1,0
BRDA:187,16,0,0
BRDA:187,16,1,0
BRDA:238,17,0,0
BRDA:238,17,1,0
BRDA:261,18,0,0
BRDA:261,18,1,0
BRDA:268,19,0,0
BRDA:268,19,1,0
BRDA:269,20,0,0
BRDA:269,20,1,0
BRDA:270,21,0,0
BRDA:270,21,1,0
BRDA:296,22,0,0
BRDA:296,22,1,0
BRDA:315,23,0,0
BRDA:315,23,1,0
BRDA:319,24,0,0
BRDA:319,24,1,0
BRDA:340,25,0,0
BRDA:340,25,1,0
BRF:53
BRH:0
end_of_record
TN:
SF:src/screens/MainFeedScreen.tsx
FN:22,MainFeedScreen
FNF:1
FNH:0
FNDA:0,MainFeedScreen
DA:8,0
DA:23,0
LF:2
LH:0
BRF:0
BRH:0
end_of_record
TN:
SF:src/screens/ProfileScreen.tsx
FN:22,ProfileScreen
FN:33,(anonymous_1)
FN:34,(anonymous_2)
FN:59,(anonymous_3)
FN:74,(anonymous_4)
FN:90,(anonymous_5)
FN:234,(anonymous_6)
FN:246,(anonymous_7)
FN:252,(anonymous_8)
FN:273,(anonymous_9)
FN:295,(anonymous_10)
FN:305,(anonymous_11)
FN:310,(anonymous_12)
FN:319,(anonymous_13)
FN:324,(anonymous_14)
FN:329,(anonymous_15)
FNF:16
FNH:0
FNDA:0,ProfileScreen
FNDA:0,(anonymous_1)
FNDA:0,(anonymous_2)
FNDA:0,(anonymous_3)
FNDA:0,(anonymous_4)
FNDA:0,(anonymous_5)
FNDA:0,(anonymous_6)
FNDA:0,(anonymous_7)
FNDA:0,(anonymous_8)
FNDA:0,(anonymous_9)
FNDA:0,(anonymous_10)
FNDA:0,(anonymous_11)
FNDA:0,(anonymous_12)
FNDA:0,(anonymous_13)
FNDA:0,(anonymous_14)
FNDA:0,(anonymous_15)
DA:23,0
DA:24,0
DA:25,0
DA:27,0
DA:28,0
DA:29,0
DA:30,0
DA:33,0
DA:34,0
DA:35,0
DA:37,0
DA:38,0
DA:39,0
DA:41,0
DA:42,0
DA:43,0
DA:44,0
DA:45,0
DA:48,0
DA:49,0
DA:51,0
DA:55,0
DA:59,0
DA:60,0
DA:61,0
DA:63,0
DA:68,0
DA:69,0
DA:74,0
DA:75,0
DA:90,0
DA:91,0
DA:93,0
DA:95,0
DA:96,0
DA:101,0
DA:102,0
DA:109,0
DA:110,0
DA:119,0
DA:232,0
DA:234,0
DA:237,0
DA:243,0
DA:246,0
DA:249,0
DA:252,0
DA:255,0
DA:260,0
DA:270,0
DA:273,0
DA:277,0
DA:283,0
DA:288,0
DA:292,0
DA:295,0
DA:299,0
DA:305,0
DA:308,0
DA:310,0
DA:313,0
DA:319,0
DA:322,0
DA:324,0
DA:327,0
DA:329,0
DA:332,0
DA:338,0
LF:68
LH:0
BRDA:35,0,0,0
BRDA:35,0,1,0
BRDA:41,1,0,0
BRDA:41,1,1,0
BRDA:44,2,0,0
BRDA:44,2,1,0
BRDA:91,3,0,0
BRDA:91,3,1,0
BRDA:109,4,0,0
BRDA:109,4,1,0
BRDA:129,5,0,0
BRDA:129,5,1,0
BRDA:132,6,0,0
BRDA:132,6,1,0
BRDA:234,7,0,0
BRDA:234,7,1,0
BRDA:246,8,0,0
BRDA:246,8,1,0
BRDA:252,9,0,0
BRDA:252,9,1,0
BRDA:273,10,0,0
BRDA:273,10,1,0
BRDA:295,11,0,0
BRDA:295,11,1,0
BRDA:305,12,0,0
BRDA:305,12,1,0
BRDA:310,13,0,0
BRDA:310,13,1,0
BRDA:319,14,0,0
BRDA:319,14,1,0
BRDA:324,15,0,0
BRDA:324,15,1,0
BRDA:329,16,0,0
BRDA:329,16,1,0
BRF:34
BRH:0
end_of_record
TN:
SF:src/screens/SignUpScreen.tsx
FN:11,SignUpScreen
FN:29,(anonymous_1)
FN:72,(anonymous_2)
FN:90,(anonymous_3)
FN:95,(anonymous_4)
FN:110,(anonymous_5)
FN:166,(anonymous_6)
FN:182,(anonymous_7)
FN:236,(anonymous_8)
FN:255,(anonymous_9)
FN:272,(anonymous_10)
FN:279,(anonymous_11)
FN:280,(anonymous_12)
FN:281,(anonymous_13)
FN:304,(anonymous_14)
FN:305,(anonymous_15)
FN:319,(anonymous_16)
FN:333,(anonymous_17)
FN:352,(anonymous_18)
FN:356,(anonymous_19)
FN:377,(anonymous_20)
FNF:21
FNH:0
FNDA:0,SignUpScreen
FNDA:0,(anonymous_1)
FNDA:0,(anonymous_2)
FNDA:0,(anonymous_3)
FNDA:0,(anonymous_4)
FNDA:0,(anonymous_5)
FNDA:0,(anonymous_6)
FNDA:0,(anonymous_7)
FNDA:0,(anonymous_8)
FNDA:0,(anonymous_9)
FNDA:0,(anonymous_10)
FNDA:0,(anonymous_11)
FNDA:0,(anonymous_12)
FNDA:0,(anonymous_13)
FNDA:0,(anonymous_14)
FNDA:0,(anonymous_15)
FNDA:0,(anonymous_16)
FNDA:0,(anonymous_17)
FNDA:0,(anonymous_18)
FNDA:0,(anonymous_19)
FNDA:0,(anonymous_20)
DA:12,0
DA:13,0
DA:14,0
DA:16,0
DA:17,0
DA:18,0
DA:19,0
DA:20,0
DA:21,0
DA:22,0
DA:29,0
DA:30,0
DA:31,0
DA:39,0
DA:40,0
DA:41,0
DA:42,0
DA:43,0
DA:44,0
DA:48,0
DA:49,0
DA:50,0
DA:51,0
DA:52,0
DA:53,0
DA:57,0
DA:58,0
DA:59,0
DA:63,0
DA:64,0
DA:65,0
DA:68,0
DA:69,0
DA:72,0
DA:73,0
DA:75,0
DA:76,0
DA:77,0
DA:78,0
DA:80,0
DA:81,0
DA:86,0
DA:90,0
DA:92,0
DA:95,0
DA:97,0
DA:100,0
DA:110,0
DA:166,0
DA:182,0
DA:236,0
DA:253,0
DA:255,0
DA:258,0
DA:264,0
DA:269,0
DA:272,0
DA:275,0
DA:279,0
DA:280,0
DA:281,0
DA:284,0
DA:290,0
DA:295,0
DA:300,0
DA:304,0
DA:305,0
DA:311,0
DA:316,0
DA:319,0
DA:326,0
DA:333,0
DA:336,0
DA:342,0
DA:349,0
DA:352,0
DA:355,0
DA:356,0
DA:361,0
DA:367,0
DA:375,0
DA:377,0
DA:380,0
DA:386,0
LF:84
LH:0
BRDA:39,0,0,0
BRDA:39,0,1,0
BRDA:42,1,0,0
BRDA:42,1,1,0
BRDA:48,2,0,0
BRDA:48,2,1,0
BRDA:51,3,0,0
BRDA:51,3,1,0
BRDA:57,4,0,0
BRDA:57,4,1,0
BRDA:63,5,0,0
BRDA:63,5,1,0
BRDA:63,6,0,0
BRDA:63,6,1,0
BRDA:73,7,0,0
BRDA:73,7,1,0
BRDA:83,8,0,0
BRDA:83,8,1,0
BRDA:103,9,0,0
BRDA:103,9,1,0
BRDA:127,10,0,0
BRDA:127,10,1,0
BRDA:143,11,0,0
BRDA:143,11,1,0
BRDA:159,12,0,0
BRDA:159,12,1,0
BRDA:170,13,0,0
BRDA:170,13,1,0
BRDA:186,14,0,0
BRDA:186,14,1,0
BRDA:194,15,0,0
BRDA:194,15,1,0
BRDA:204,16,0,0
BRDA:204,16,1,0
BRDA:255,17,0,0
BRDA:255,17,1,0
BRDA:272,18,0,0
BRDA:272,18,1,0
BRDA:279,19,0,0
BRDA:279,19,1,0
BRDA:280,20,0,0
BRDA:280,20,1,0
BRDA:281,21,0,0
BRDA:281,21,1,0
BRDA:304,22,0,0
BRDA:304,22,1,0
BRDA:305,23,0,0
BRDA:305,23,1,0
BRDA:319,24,0,0
BRDA:319,24,1,0
BRDA:333,25,0,0
BRDA:333,25,1,0
BRDA:352,26,0,0
BRDA:352,26,1,0
BRDA:356,27,0,0
BRDA:356,27,1,0
BRDA:377,28,0,0
BRDA:377,28,1,0
BRF:58
BRH:0
end_of_record
TN:
SF:src/screens/VideoIntroScreen.tsx
FN:34,VideoIntroScreen
FN:55,(anonymous_1)
FN:56,(anonymous_2)
FN:74,(anonymous_3)
FN:86,(anonymous_4)
FN:94,(anonymous_5)
FN:95,(anonymous_6)
FN:113,(anonymous_7)
FN:130,(anonymous_8)
FN:131,(anonymous_9)
FN:170,(anonymous_10)
FN:171,(anonymous_11)
FN:177,(anonymous_12)
FN:184,(anonymous_13)
FN:191,(anonymous_14)
FN:254,(anonymous_15)
FN:371,(anonymous_16)
FN:390,(anonymous_17)
FN:409,(anonymous_18)
FN:415,(anonymous_19)
FN:427,(anonymous_20)
FN:493,(anonymous_21)
FN:497,(anonymous_22)
FN:498,(anonymous_23)
FN:499,(anonymous_24)
FN:500,(anonymous_25)
FN:510,(anonymous_26)
FN:527,(anonymous_27)
FN:531,(anonymous_28)
FN:532,(anonymous_29)
FNF:30
FNH:0
FNDA:0,VideoIntroScreen
FNDA:0,(anonymous_1)
FNDA:0,(anonymous_2)
FNDA:0,(anonymous_3)
FNDA:0,(anonymous_4)
FNDA:0,(anonymous_5)
FNDA:0,(anonymous_6)
FNDA:0,(anonymous_7)
FNDA:0,(anonymous_8)
FNDA:0,(anonymous_9)
FNDA:0,(anonymous_10)
FNDA:0,(anonymous_11)
FNDA:0,(anonymous_12)
FNDA:0,(anonymous_13)
FNDA:0,(anonymous_14)
FNDA:0,(anonymous_15)
FNDA:0,(anonymous_16)
FNDA:0,(anonymous_17)
FNDA:0,(anonymous_18)
FNDA:0,(anonymous_19)
FNDA:0,(anonymous_20)
FNDA:0,(anonymous_21)
FNDA:0,(anonymous_22)
FNDA:0,(anonymous_23)
FNDA:0,(anonymous_24)
FNDA:0,(anonymous_25)
FNDA:0,(anonymous_26)
FNDA:0,(anonymous_27)
FNDA:0,(anonymous_28)
FNDA:0,(anonymous_29)
DA:30,0
DA:35,0
DA:36,0
DA:37,0
DA:38,0
DA:39,0
DA:40,0
DA:42,0
DA:43,0
DA:44,0
DA:45,0
DA:46,0
DA:47,0
DA:48,0
DA:50,0
DA:51,0
DA:52,0
DA:55,0
DA:56,0
DA:57,0
DA:60,0
DA:61,0
DA:62,0
DA:65,0
DA:68,0
DA:70,0
DA:71,0
DA:74,0
DA:78,0
DA:79,0
DA:83,0
DA:86,0
DA:87,0
DA:88,0
DA:94,0
DA:95,0
DA:96,0
DA:97,0
DA:98,0
DA:102,0
DA:104,0
DA:109,0
DA:113,0
DA:114,0
DA:116,0
DA:118,0
DA:119,0
DA:121,0
DA:122,0
DA:123,0
DA:127,0
DA:128,0
DA:130,0
DA:131,0
DA:133,0
DA:134,0
DA:135,0
DA:137,0
DA:139,0
DA:140,0
DA:142,0
DA:144,0
DA:148,0
DA:149,0
DA:155,0
DA:157,0
DA:158,0
DA:159,0
DA:161,0
DA:162,0
DA:163,0
DA:170,0
DA:171,0
DA:172,0
DA:177,0
DA:178,0
DA:179,0
DA:180,0
DA:184,0
DA:185,0
DA:186,0
DA:187,0
DA:191,0
DA:192,0
DA:194,0
DA:196,0
DA:197,0
DA:198,0
DA:199,0
DA:202,0
DA:203,0
DA:206,0
DA:209,0
DA:212,0
DA:214,0
DA:215,0
DA:217,0
DA:220,0
DA:221,0
DA:223,0
DA:228,0
DA:229,0
DA:238,0
DA:239,0
DA:250,0
DA:254,0
DA:369,0
DA:371,0
DA:374,0
DA:380,0
DA:387,0
DA:390,0
DA:393,0
DA:400,0
DA:407,0
DA:409,0
DA:412,0
DA:415,0
DA:418,0
DA:423,0
DA:427,0
DA:430,0
DA:438,0
DA:446,0
DA:457,0
DA:461,0
DA:472,0
DA:478,0
DA:486,0
DA:493,0
DA:496,0
DA:497,0
DA:498,0
DA:499,0
DA:500,0
DA:503,0
DA:510,0
DA:513,0
DA:523,0
DA:527,0
DA:531,0
DA:532,0
DA:535,0
DA:542,0
LF:144
LH:0
BRDA:65,0,0,0
BRDA:65,0,1,0
BRDA:70,1,0,0
BRDA:70,1,1,0
BRDA:87,2,0,0
BRDA:87,2,1,0
BRDA:96,3,0,0
BRDA:96,3,1,0
BRDA:114,4,0,0
BRDA:114,4,1,0
BRDA:116,5,0,0
BRDA:116,5,1,0
BRDA:121,6,0,0
BRDA:121,6,1,0
BRDA:133,7,0,0
BRDA:133,7,1,0
BRDA:134,8,0,0
BRDA:134,8,1,0
BRDA:139,9,0,0
BRDA:139,9,1,0
BRDA:161,10,0,0
BRDA:161,10,1,0
BRDA:172,11,0,0
BRDA:172,11,1,0
BRDA:192,12,0,0
BRDA:192,12,1,0
BRDA:192,13,0,0
BRDA:192,13,1,0
BRDA:214,14,0,0
BRDA:214,14,1,0
BRDA:228,15,0,0
BRDA:228,15,1,0
BRDA:238,16,0,0
BRDA:238,16,1,0
BRDA:271,17,0,0
BRDA:271,17,1,0
BRDA:281,18,0,0
BRDA:281,18,1,0
BRDA:296,19,0,0
BRDA:296,19,1,0
BRDA:306,20,0,0
BRDA:306,20,1,0
BRDA:328,21,0,0
BRDA:328,21,1,0
BRDA:352,22,0,0
BRDA:352,22,1,0
BRDA:354,23,0,0
BRDA:354,23,1,0
BRDA:371,24,0,0
BRDA:371,24,1,0
BRDA:390,25,0,0
BRDA:390,25,1,0
BRDA:409,26,0,0
BRDA:409,26,1,0
BRDA:415,27,0,0
BRDA:415,27,1,0
BRDA:427,28,0,0
BRDA:427,28,1,0
BRDA:493,29,0,0
BRDA:493,29,1,0
BRDA:497,30,0,0
BRDA:497,30,1,0
BRDA:498,31,0,0
BRDA:498,31,1,0
BRDA:499,32,0,0
BRDA:499,32,1,0
BRDA:500,33,0,0
BRDA:500,33,1,0
BRDA:510,34,0,0
BRDA:510,34,1,0
BRDA:527,35,0,0
BRDA:527,35,1,0
BRDA:531,36,0,0
BRDA:531,36,1,0
BRDA:532,37,0,0
BRDA:532,37,1,0
BRF:76
BRH:0
end_of_record
TN:
SF:src/screens/WelcomeScreen.tsx
FN:7,WelcomeScreen
FN:12,(anonymous_1)
FN:16,(anonymous_2)
FN:55,(anonymous_3)
FN:96,(anonymous_4)
FNF:5
FNH:0
FNDA:0,WelcomeScreen
FNDA:0,(anonymous_1)
FNDA:0,(anonymous_2)
FNDA:0,(anonymous_3)
FNDA:0,(anonymous_4)
DA:8,0
DA:9,0
DA:10,0
DA:12,0
DA:13,0
DA:16,0
DA:17,0
DA:20,0
DA:50,0
DA:55,0
DA:58,0
DA:65,0
DA:71,0
DA:76,0
DA:84,0
DA:88,0
DA:93,0
DA:96,0
LF:18
LH:0
BRDA:55,0,0,0
BRDA:55,0,1,0
BRDA:96,1,0,0
BRDA:96,1,1,0
BRF:4
BRH:0
end_of_record
TN:
SF:src/screens/profile-setup/PersonalInfoScreen.tsx
FN:22,PersonalInfoScreen
FN:43,(anonymous_1)
FN:49,(anonymous_2)
FN:82,(anonymous_3)
FN:86,(anonymous_4)
FN:90,(anonymous_5)
FN:94,(anonymous_6)
FN:152,(anonymous_7)
FN:165,(anonymous_8)
FN:178,(anonymous_9)
FN:191,(anonymous_10)
FN:250,(anonymous_11)
FN:261,(anonymous_12)
FN:267,(anonymous_13)
FN:285,(anonymous_14)
FN:292,(anonymous_15)
FN:293,(anonymous_16)
FN:294,(anonymous_17)
FN:319,(anonymous_18)
FN:320,(anonymous_19)
FN:324,(anonymous_20)
FN:325,(anonymous_21)
FN:342,(anonymous_22)
FN:343,(anonymous_23)
FN:359,(anonymous_24)
FN:368,(anonymous_25)
FNF:26
FNH:0
FNDA:0,PersonalInfoScreen
FNDA:0,(anonymous_1)
FNDA:0,(anonymous_2)
FNDA:0,(anonymous_3)
FNDA:0,(anonymous_4)
FNDA:0,(anonymous_5)
FNDA:0,(anonymous_6)
FNDA:0,(anonymous_7)
FNDA:0,(anonymous_8)
FNDA:0,(anonymous_9)
FNDA:0,(anonymous_10)
FNDA:0,(anonymous_11)
FNDA:0,(anonymous_12)
FNDA:0,(anonymous_13)
FNDA:0,(anonymous_14)
FNDA:0,(anonymous_15)
FNDA:0,(anonymous_16)
FNDA:0,(anonymous_17)
FNDA:0,(anonymous_18)
FNDA:0,(anonymous_19)
FNDA:0,(anonymous_20)
FNDA:0,(anonymous_21)
FNDA:0,(anonymous_22)
FNDA:0,(anonymous_23)
FNDA:0,(anonymous_24)
FNDA:0,(anonymous_25)
DA:23,0
DA:24,0
DA:25,0
DA:27,0
DA:34,0
DA:41,0
DA:43,0
DA:44,0
DA:45,0
DA:46,0
DA:49,0
DA:50,0
DA:52,0
DA:53,0
DA:54,0
DA:56,0
DA:57,0
DA:58,0
DA:62,0
DA:70,0
DA:72,0
DA:76,0
DA:78,0
DA:82,0
DA:83,0
DA:86,0
DA:87,0
DA:90,0
DA:91,0
DA:94,0
DA:95,0
DA:98,0
DA:152,0
DA:165,0
DA:178,0
DA:191,0
DA:248,0
DA:250,0
DA:253,0
DA:258,0
DA:261,0
DA:265,0
DA:267,0
DA:271,0
DA:277,0
DA:282,0
DA:285,0
DA:288,0
DA:292,0
DA:293,0
DA:294,0
DA:297,0
DA:303,0
DA:313,0
DA:319,0
DA:320,0
DA:323,0
DA:324,0
DA:325,0
DA:328,0
DA:338,0
DA:342,0
DA:343,0
DA:349,0
DA:356,0
DA:359,0
DA:362,0
DA:368,0
DA:372,0
DA:378,0
LF:70
LH:0
BRDA:50,0,0,0
BRDA:50,0,1,0
BRDA:56,1,0,0
BRDA:56,1,1,0
BRDA:74,2,0,0
BRDA:74,2,1,0
BRDA:101,3,0,0
BRDA:101,3,1,0
BRDA:128,4,0,0
BRDA:128,4,1,0
BRDA:144,5,0,0
BRDA:144,5,1,0
BRDA:202,6,0,0
BRDA:202,6,1,0
BRDA:215,7,0,0
BRDA:215,7,1,0
BRDA:221,8,0,0
BRDA:221,8,1,0
BRDA:233,9,0,0
BRDA:233,9,1,0
BRDA:239,10,0,0
BRDA:239,10,1,0
BRDA:250,11,0,0
BRDA:250,11,1,0
BRDA:261,12,0,0
BRDA:261,12,1,0
BRDA:267,13,0,0
BRDA:267,13,1,0
BRDA:285,14,0,0
BRDA:285,14,1,0
BRDA:292,15,0,0
BRDA:292,15,1,0
BRDA:293,16,0,0
BRDA:293,16,1,0
BRDA:294,17,0,0
BRDA:294,17,1,0
BRDA:319,18,0,0
BRDA:319,18,1,0
BRDA:320,19,0,0
BRDA:320,19,1,0
BRDA:324,20,0,0
BRDA:324,20,1,0
BRDA:325,21,0,0
BRDA:325,21,1,0
BRDA:342,22,0,0
BRDA:342,22,1,0
BRDA:343,23,0,0
BRDA:343,23,1,0
BRDA:359,24,0,0
BRDA:359,24,1,0
BRDA:368,25,0,0
BRDA:368,25,1,0
BRF:52
BRH:0
end_of_record
TN:
SF:src/screens/profile-setup/PhotoUploadScreen.tsx
FN:34,PhotoUploadScreen
FN:46,(anonymous_1)
FN:48,(anonymous_2)
FN:57,(anonymous_3)
FN:58,(anonymous_4)
FN:69,(anonymous_5)
FN:92,(anonymous_6)
FN:93,(anonymous_7)
FN:93,(anonymous_8)
FN:96,(anonymous_9)
FN:116,(anonymous_10)
FN:118,(anonymous_11)
FN:119,(anonymous_12)
FN:130,(anonymous_13)
FN:143,(anonymous_14)
FN:238,(anonymous_15)
FN:242,(anonymous_16)
FN:304,(anonymous_17)
FN:315,(anonymous_18)
FN:321,(anonymous_19)
FN:384,(anonymous_20)
FN:394,(anonymous_21)
FN:418,(anonymous_22)
FNF:23
FNH:0
FNDA:0,PhotoUploadScreen
FNDA:0,(anonymous_1)
FNDA:0,(anonymous_2)
FNDA:0,(anonymous_3)
FNDA:0,(anonymous_4)
FNDA:0,(anonymous_5)
FNDA:0,(anonymous_6)
FNDA:0,(anonymous_7)
FNDA:0,(anonymous_8)
FNDA:0,(anonymous_9)
FNDA:0,(anonymous_10)
FNDA:0,(anonymous_11)
FNDA:0,(anonymous_12)
FNDA:0,(anonymous_13)
FNDA:0,(anonymous_14)
FNDA:0,(anonymous_15)
FNDA:0,(anonymous_16)
FNDA:0,(anonymous_17)
FNDA:0,(anonymous_18)
FNDA:0,(anonymous_19)
FNDA:0,(anonymous_20)
FNDA:0,(anonymous_21)
FNDA:0,(anonymous_22)
DA:35,0
DA:36,0
DA:37,0
DA:38,0
DA:39,0
DA:41,0
DA:42,0
DA:43,0
DA:46,0
DA:47,0
DA:48,0
DA:52,0
DA:57,0
DA:58,0
DA:59,0
DA:60,0
DA:61,0
DA:69,0
DA:70,0
DA:71,0
DA:79,0
DA:80,0
DA:84,0
DA:87,0
DA:88,0
DA:92,0
DA:93,0
DA:96,0
DA:97,0
DA:98,0
DA:99,0
DA:100,0
DA:101,0
DA:104,0
DA:105,0
DA:107,0
DA:109,0
DA:110,0
DA:111,0
DA:112,0
DA:116,0
DA:117,0
DA:118,0
DA:119,0
DA:122,0
DA:123,0
DA:126,0
DA:127,0
DA:129,0
DA:130,0
DA:143,0
DA:146,0
DA:148,0
DA:149,0
DA:152,0
DA:153,0
DA:159,0
DA:160,0
DA:165,0
DA:170,0
DA:173,0
DA:176,0
DA:178,0
DA:179,0
DA:180,0
DA:183,0
DA:184,0
DA:186,0
DA:187,0
DA:189,0
DA:190,0
DA:192,0
DA:193,0
DA:195,0
DA:196,0
DA:198,0
DA:199,0
DA:201,0
DA:202,0
DA:204,0
DA:210,0
DA:211,0
DA:216,0
DA:221,0
DA:223,0
DA:239,0
DA:242,0
DA:302,0
DA:304,0
DA:307,0
DA:312,0
DA:315,0
DA:319,0
DA:321,0
DA:325,0
DA:331,0
DA:339,0
DA:346,0
DA:351,0
DA:363,0
DA:369,0
DA:377,0
DA:382,0
DA:384,0
DA:388,0
DA:394,0
DA:398,0
DA:404,0
DA:409,0
DA:417,0
DA:418,0
DA:423,0
LF:112
LH:0
BRDA:47,0,0,0
BRDA:47,0,1,0
BRDA:47,1,0,0
BRDA:47,1,1,0
BRDA:60,2,0,0
BRDA:60,2,1,0
BRDA:79,3,0,0
BRDA:79,3,1,0
BRDA:79,4,0,0
BRDA:79,4,1,0
BRDA:79,4,2,0
BRDA:99,5,0,0
BRDA:99,5,1,0
BRDA:100,6,0,0
BRDA:100,6,1,0
BRDA:109,7,0,0
BRDA:109,7,1,0
BRDA:126,8,0,0
BRDA:126,8,1,0
BRDA:152,9,0,0
BRDA:152,9,1,0
BRDA:155,10,0,0
BRDA:155,10,1,0
BRDA:178,11,0,0
BRDA:178,11,1,0
BRDA:183,12,0,0
BRDA:183,12,1,0
BRDA:183,13,0,0
BRDA:183,13,1,0
BRDA:186,14,0,0
BRDA:186,14,1,0
BRDA:186,15,0,0
BRDA:186,15,1,0
BRDA:187,16,0,0
BRDA:187,16,1,0
BRDA:187,16,2,0
BRDA:187,16,3,0
BRDA:187,16,4,0
BRDA:187,16,5,0
BRDA:253,17,0,0
BRDA:253,17,1,0
BRDA:268,18,0,0
BRDA:268,18,1,0
BRDA:271,19,0,0
BRDA:271,19,1,0
BRDA:282,20,0,0
BRDA:282,20,1,0
BRDA:287,21,0,0
BRDA:287,21,1,0
BRDA:289,22,0,0
BRDA:289,22,1,0
BRDA:304,23,0,0
BRDA:304,23,1,0
BRDA:315,24,0,0
BRDA:315,24,1,0
BRDA:321,25,0,0
BRDA:321,25,1,0
BRDA:384,26,0,0
BRDA:384,26,1,0
BRDA:394,27,0,0
BRDA:394,27,1,0
BRF:61
BRH:0
end_of_record
TN:
SF:src/screens/profile-setup/PromptsSetupScreen.tsx
FN:31,PromptsSetupScreen
FN:64,(anonymous_1)
FN:67,(anonymous_2)
FN:79,(anonymous_3)
FN:80,(anonymous_4)
FN:82,(anonymous_5)
FN:87,(anonymous_6)
FN:94,(anonymous_7)
FN:99,(anonymous_8)
FN:103,(anonymous_9)
FN:104,(anonymous_10)
FN:104,(anonymous_11)
FN:107,(anonymous_12)
FN:130,(anonymous_13)
FN:163,(anonymous_14)
FN:175,(anonymous_15)
FN:192,(anonymous_16)
FN:197,(anonymous_17)
FN:201,(anonymous_18)
FN:221,(anonymous_19)
FN:222,(anonymous_20)
FN:284,(anonymous_21)
FN:322,(anonymous_22)
FN:334,(anonymous_23)
FN:345,(anonymous_24)
FN:351,(anonymous_25)
FN:369,(anonymous_26)
FN:381,(anonymous_27)
FNF:28
FNH:0
FNDA:0,PromptsSetupScreen
FNDA:0,(anonymous_1)
FNDA:0,(anonymous_2)
FNDA:0,(anonymous_3)
FNDA:0,(anonymous_4)
FNDA:0,(anonymous_5)
FNDA:0,(anonymous_6)
FNDA:0,(anonymous_7)
FNDA:0,(anonymous_8)
FNDA:0,(anonymous_9)
FNDA:0,(anonymous_10)
FNDA:0,(anonymous_11)
FNDA:0,(anonymous_12)
FNDA:0,(anonymous_13)
FNDA:0,(anonymous_14)
FNDA:0,(anonymous_15)
FNDA:0,(anonymous_16)
FNDA:0,(anonymous_17)
FNDA:0,(anonymous_18)
FNDA:0,(anonymous_19)
FNDA:0,(anonymous_20)
FNDA:0,(anonymous_21)
FNDA:0,(anonymous_22)
FNDA:0,(anonymous_23)
FNDA:0,(anonymous_24)
FNDA:0,(anonymous_25)
FNDA:0,(anonymous_26)
FNDA:0,(anonymous_27)
DA:32,0
DA:33,0
DA:34,0
DA:35,0
DA:38,0
DA:39,0
DA:42,0
DA:43,0
DA:44,0
DA:55,0
DA:58,0
DA:61,0
DA:64,0
DA:65,0
DA:67,0
DA:74,0
DA:79,0
DA:80,0
DA:81,0
DA:82,0
DA:87,0
DA:88,0
DA:89,0
DA:94,0
DA:95,0
DA:96,0
DA:99,0
DA:100,0
DA:103,0
DA:104,0
DA:107,0
DA:109,0
DA:110,0
DA:111,0
DA:115,0
DA:116,0
DA:117,0
DA:121,0
DA:122,0
DA:123,0
DA:126,0
DA:127,0
DA:130,0
DA:132,0
DA:133,0
DA:137,0
DA:139,0
DA:140,0
DA:142,0
DA:143,0
DA:144,0
DA:145,0
DA:149,0
DA:150,0
DA:151,0
DA:154,0
DA:155,0
DA:156,0
DA:159,0
DA:163,0
DA:166,0
DA:175,0
DA:178,0
DA:179,0
DA:180,0
DA:181,0
DA:184,0
DA:185,0
DA:186,0
DA:188,0
DA:192,0
DA:193,0
DA:194,0
DA:197,0
DA:198,0
DA:201,0
DA:202,0
DA:204,0
DA:205,0
DA:206,0
DA:207,0
DA:210,0
DA:212,0
DA:214,0
DA:215,0
DA:216,0
DA:217,0
DA:221,0
DA:222,0
DA:223,0
DA:233,0
DA:239,0
DA:242,0
DA:244,0
DA:245,0
DA:246,0
DA:251,0
DA:255,0
DA:284,0
DA:322,0
DA:332,0
DA:334,0
DA:337,0
DA:342,0
DA:345,0
DA:349,0
DA:351,0
DA:355,0
DA:363,0
DA:369,0
DA:373,0
DA:379,0
DA:381,0
LF:113
LH:0
BRDA:65,0,0,0
BRDA:65,0,1,0
BRDA:65,1,0,0
BRDA:65,1,1,0
BRDA:88,2,0,0
BRDA:88,2,1,0
BRDA:109,3,0,0
BRDA:109,3,1,0
BRDA:115,4,0,0
BRDA:115,4,1,0
BRDA:115,5,0,0
BRDA:115,5,1,0
BRDA:121,6,0,0
BRDA:121,6,1,0
BRDA:121,7,0,0
BRDA:121,7,1,0
BRDA:132,8,0,0
BRDA:132,8,1,0
BRDA:142,9,0,0
BRDA:142,9,1,0
BRDA:150,10,0,0
BRDA:150,10,1,0
BRDA:163,11,0,0
BRDA:163,11,1,0
BRDA:180,12,0,0
BRDA:180,12,1,0
BRDA:184,13,0,0
BRDA:184,13,1,0
BRDA:205,14,0,0
BRDA:205,14,1,0
BRDA:206,15,0,0
BRDA:206,15,1,0
BRDA:214,16,0,0
BRDA:214,16,1,0
BRDA:226,17,0,0
BRDA:226,17,1,0
BRDA:227,18,0,0
BRDA:227,18,1,0
BRDA:228,19,0,0
BRDA:228,19,1,0
BRDA:244,20,0,0
BRDA:244,20,1,0
BRDA:277,21,0,0
BRDA:277,21,1,0
BRDA:299,22,0,0
BRDA:299,22,1,0
BRDA:303,23,0,0
BRDA:303,23,1,0
BRDA:306,24,0,0
BRDA:306,24,1,0
BRDA:306,25,0,0
BRDA:306,25,1,0
BRDA:314,26,0,0
BRDA:314,26,1,0
BRDA:334,27,0,0
BRDA:334,27,1,0
BRDA:345,28,0,0
BRDA:345,28,1,0
BRDA:351,29,0,0
BRDA:351,29,1,0
BRDA:369,30,0,0
BRDA:369,30,1,0
BRDA:381,31,0,0
BRDA:381,31,1,0
BRF:64
BRH:0
end_of_record
TN:
SF:src/screens/profile-setup/utils/validation.ts
FN:45,validatePersonalInfo
FN:102,validatePhotoUpload
FN:121,validatePromptAnswers
FN:131,(anonymous_3)
FNF:4
FNH:0
FNDA:0,validatePersonalInfo
FNDA:0,validatePhotoUpload
FNDA:0,validatePromptAnswers
FNDA:0,(anonymous_3)
DA:46,0
DA:53,0
DA:56,0
DA:57,0
DA:58,0
DA:62,0
DA:63,0
DA:64,0
DA:66,0
DA:67,0
DA:68,0
DA:69,0
DA:70,0
DA:71,0
DA:72,0
DA:73,0
DA:74,0
DA:75,0
DA:80,0
DA:81,0
DA:82,0
DA:86,0
DA:87,0
DA:88,0
DA:91,0
DA:103,0
DA:104,0
DA:110,0
DA:123,0
DA:124,0
DA:131,0
DA:132,0
DA:133,0
DA:139,0
LF:34
LH:0
BRDA:56,0,0,0
BRDA:56,0,1,0
BRDA:62,1,0,0
BRDA:62,1,1,0
BRDA:67,2,0,0
BRDA:67,2,1,0
BRDA:70,3,0,0
BRDA:70,3,1,0
BRDA:73,4,0,0
BRDA:73,4,1,0
BRDA:80,5,0,0
BRDA:80,5,1,0
BRDA:86,6,0,0
BRDA:86,6,1,0
BRDA:103,7,0,0
BRDA:103,7,1,0
BRDA:123,8,0,0
BRDA:123,8,1,0
BRDA:132,9,0,0
BRDA:132,9,1,0
BRF:20
BRH:0
end_of_record
TN:
SF:src/services/firebase.ts
FNF:0
FNH:0
DA:10,0
DA:22,0
DA:24,0
DA:25,0
DA:27,0
DA:29,0
DA:33,0
DA:38,0
DA:44,0
DA:49,0
DA:51,0
DA:52,0
DA:53,0
DA:56,0
DA:59,0
DA:60,0
DA:61,0
DA:64,0
DA:66,0
DA:68,0
DA:69,0
DA:71,0
DA:74,0
LF:23
LH:0
BRDA:24,0,0,0
BRDA:24,0,1,0
BRDA:56,1,0,0
BRDA:56,1,1,0
BRDA:59,2,0,0
BRDA:59,2,1,0
BRDA:59,3,0,0
BRDA:59,3,1,0
BRF:8
BRH:0
end_of_record
TN:
SF:src/services/profileService.ts
FN:47,(anonymous_0)
FN:72,(anonymous_1)
FN:94,(anonymous_2)
FN:116,(anonymous_3)
FN:135,(anonymous_4)
FNF:5
FNH:0
FNDA:0,(anonymous_0)
FNDA:0,(anonymous_1)
FNDA:0,(anonymous_2)
FNDA:0,(anonymous_3)
FNDA:0,(anonymous_4)
DA:47,0
DA:48,0
DA:49,0
DA:52,0
DA:59,0
DA:60,0
DA:62,0
DA:63,0
DA:72,0
DA:73,0
DA:74,0
DA:75,0
DA:77,0
DA:78,0
DA:81,0
DA:83,0
DA:84,0
DA:94,0
DA:98,0
DA:99,0
DA:101,0
DA:106,0
DA:107,0
DA:116,0
DA:117,0
DA:120,0
DA:135,0
DA:136,0
DA:137,0
DA:138,0
DA:141,0
DA:142,0
DA:145,0
DA:147,0
DA:148,0
LF:35
LH:0
BRDA:77,0,0,0
BRDA:77,0,1,0
BRDA:117,1,0,0
BRDA:117,1,1,0
BRDA:121,2,0,0
BRDA:121,2,1,0
BRDA:121,2,2,0
BRDA:121,2,3,0
BRDA:121,2,4,0
BRDA:121,2,5,0
BRDA:125,3,0,0
BRDA:125,3,1,0
BRDA:126,4,0,0
BRDA:126,4,1,0
BRDA:141,5,0,0
BRDA:141,5,1,0
BRDA:141,6,0,0
BRDA:141,6,1,0
BRF:18
BRH:0
end_of_record
TN:
SF:src/store/index.ts
FN:8,(anonymous_0)
FNF:1
FNH:0
FNDA:0,(anonymous_0)
DA:4,0
DA:9,0
LF:2
LH:0
BRF:0
BRH:0
end_of_record
TN:
SF:src/store/likesSlice.ts
FN:18,(anonymous_0)
FN:27,(anonymous_1)
FN:45,(anonymous_2)
FN:48,(anonymous_3)
FN:52,(anonymous_4)
FN:54,(anonymous_5)
FN:58,(anonymous_6)
FN:62,(anonymous_7)
FNF:8
FNH:0
FNDA:0,(anonymous_0)
FNDA:0,(anonymous_1)
FNDA:0,(anonymous_2)
FNDA:0,(anonymous_3)
FNDA:0,(anonymous_4)
FNDA:0,(anonymous_5)
FNDA:0,(anonymous_6)
FNDA:0,(anonymous_7)
DA:11,1
DA:18,1
DA:19,0
DA:20,0
DA:21,0
DA:25,1
DA:28,0
DA:29,0
DA:30,0
DA:36,0
DA:37,0
DA:41,1
DA:46,0
DA:49,0
DA:53,0
DA:55,0
DA:56,0
DA:59,0
DA:60,0
DA:63,0
DA:64,0
DA:69,1
LF:22
LH:5
BRDA:64,0,0,0
BRDA:64,0,1,0
BRF:2
BRH:0
end_of_record
TN:
SF:src/utils/file-utils.ts
FN:8,getExtension
FN:17,getMimeType
FN:53,base64ToBlob
FN:75,getReadableFileSize
FN:88,sanitizeFilename
FNF:5
FNH:0
FNDA:0,getExtension
FNDA:0,getMimeType
FNDA:0,base64ToBlob
FNDA:0,getReadableFileSize
FNDA:0,sanitizeFilename
DA:9,0
DA:10,0
DA:11,0
DA:18,0
DA:19,0
DA:47,0
DA:54,0
DA:55,0
DA:57,0
DA:58,0
DA:60,0
DA:61,0
DA:62,0
DA:65,0
DA:66,0
DA:69,0
DA:76,0
DA:78,0
DA:79,0
DA:80,0
DA:82,0
DA:90,0
LF:22
LH:0
BRDA:9,0,0,0
BRDA:9,0,1,0
BRDA:11,1,0,0
BRDA:11,1,1,0
BRDA:11,2,0,0
BRDA:11,2,1,0
BRDA:47,3,0,0
BRDA:47,3,1,0
BRDA:76,4,0,0
BRDA:76,4,1,0
BRF:10
BRH:0
end_of_record
TN:
SF:src/utils/storage-test.ts
FN:10,(anonymous_0)
FN:92,(anonymous_1)
FNF:2
FNH:0
FNDA:0,(anonymous_0)
FNDA:0,(anonymous_1)
DA:10,0
DA:11,0
DA:12,0
DA:14,0
DA:15,0
DA:16,0
DA:18,0
DA:19,0
DA:21,0
DA:22,0
DA:25,0
DA:28,0
DA:33,0
DA:37,0
DA:40,0
DA:41,0
DA:42,0
DA:46,0
DA:47,0
DA:49,0
DA:52,0
DA:62,0
DA:65,0
DA:66,0
DA:67,0
DA:69,0
DA:80,0
DA:81,0
DA:82,0
DA:84,0
DA:85,0
DA:92,0
DA:93,0
DA:95,0
DA:96,0
DA:98,0
DA:99,0
DA:100,0
DA:102,0
DA:103,0
LF:40
LH:0
BRDA:14,0,0,0
BRDA:14,0,1,0
BRDA:21,1,0,0
BRDA:21,1,1,0
BRDA:41,2,0,0
BRDA:41,2,1,0
BRF:6
BRH:0
end_of_record
TN:
SF:src/utils/styled-components.ts
FNF:0
FNH:0
LF:0
LH:0
BRF:0
BRH:0
end_of_record
TN:
SF:src/utils/upload-service.ts
FN:27,(anonymous_0)
FN:157,(anonymous_1)
FN:167,(anonymous_2)
FNF:3
FNH:0
FNDA:0,(anonymous_0)
FNDA:0,(anonymous_1)
FNDA:0,(anonymous_2)
DA:27,0
DA:37,0
DA:40,0
DA:41,0
DA:42,0
DA:45,0
DA:46,0
DA:47,0
DA:48,0
DA:50,0
DA:51,0
DA:52,0
DA:57,0
DA:60,0
DA:61,0
DA:62,0
DA:63,0
DA:66,0
DA:67,0
DA:68,0
DA:73,0
DA:74,0
DA:76,0
DA:78,0
DA:83,0
DA:86,0
DA:87,0
DA:88,0
DA:90,0
DA:91,0
DA:95,0
DA:96,0
DA:97,0
DA:99,0
DA:100,0
DA:103,0
DA:115,0
DA:116,0
DA:118,0
DA:119,0
DA:123,0
DA:124,0
DA:125,0
DA:127,0
DA:128,0
DA:139,0
DA:143,0
DA:144,0
DA:145,0
DA:147,0
DA:149,0
DA:150,0
DA:151,0
DA:155,0
DA:156,0
DA:157,0
DA:161,0
DA:167,0
DA:172,0
DA:173,0
DA:175,0
DA:176,0
DA:177,0
DA:186,0
DA:189,0
DA:190,0
DA:193,0
DA:194,0
DA:195,0
DA:199,0
LF:70
LH:0
BRDA:33,0,0,0
BRDA:35,1,0,0
BRDA:36,2,0,0
BRDA:40,3,0,0
BRDA:40,3,1,0
BRDA:42,4,0,0
BRDA:42,4,1,0
BRDA:42,4,2,0
BRDA:47,5,0,0
BRDA:47,5,1,0
BRDA:53,6,0,0
BRDA:53,6,1,0
BRDA:62,7,0,0
BRDA:62,7,1,0
BRDA:67,8,0,0
BRDA:67,8,1,0
BRDA:73,9,0,0
BRDA:73,9,1,0
BRDA:87,10,0,0
BRDA:87,10,1,0
BRDA:90,11,0,0
BRDA:90,11,1,0
BRDA:149,12,0,0
BRDA:149,12,1,0
BRDA:189,13,0,0
BRDA:189,13,1,0
BRDA:194,14,0,0
BRDA:194,14,1,0
BRF:28
BRH:0
end_of_record
TN:
SF:src/utils/styled-components/types.ts
FNF:0
FNH:0
LF:0
LH:0
BRF:0
BRH:0
end_of_record
