TN:
SF:.detoxrc.js
FNF:0
FNH:0
DA:1,0
LF:1
LH:0
BRF:0
BRH:0
end_of_record
TN:
SF:.eslintrc.js
FNF:0
FNH:0
DA:1,0
LF:1
LH:0
BRF:0
BRH:0
end_of_record
TN:
SF:App.tsx
FN:8,App
FN:23,AppContent
FNF:2
FNH:0
FNDA:0,App
FNDA:0,AppContent
DA:9,0
DA:24,0
DA:26,0
LF:3
LH:0
BRDA:28,0,0,0
BRDA:28,0,1,0
BRF:2
BRH:0
end_of_record
TN:
SF:index.ts
FNF:0
FNH:0
DA:8,0
LF:1
LH:0
BRF:0
BRH:0
end_of_record
TN:
SF:jest.config.js
FNF:0
FNH:0
DA:1,0
LF:1
LH:0
BRF:0
BRH:0
end_of_record
TN:
SF:e2e/authFlow.e2e.js
FN:1,(anonymous_0)
FN:2,(anonymous_1)
FN:6,(anonymous_2)
FN:10,(anonymous_3)
FN:17,(anonymous_4)
FN:24,(anonymous_5)
FN:31,(anonymous_6)
FN:51,(anonymous_7)
FNF:8
FNH:0
FNDA:0,(anonymous_0)
FNDA:0,(anonymous_1)
FNDA:0,(anonymous_2)
FNDA:0,(anonymous_3)
FNDA:0,(anonymous_4)
FNDA:0,(anonymous_5)
FNDA:0,(anonymous_6)
FNDA:0,(anonymous_7)
DA:1,0
DA:2,0
DA:3,0
DA:6,0
DA:7,0
DA:10,0
DA:11,0
DA:12,0
DA:13,0
DA:14,0
DA:17,0
DA:18,0
DA:19,0
DA:20,0
DA:21,0
DA:24,0
DA:25,0
DA:26,0
DA:27,0
DA:28,0
DA:31,0
DA:32,0
DA:35,0
DA:36,0
DA:37,0
DA:40,0
DA:41,0
DA:44,0
DA:47,0
DA:48,0
DA:51,0
DA:53,0
DA:55,0
DA:58,0
DA:59,0
DA:62,0
DA:65,0
DA:66,0
LF:38
LH:0
BRF:0
BRH:0
end_of_record
TN:
SF:e2e/jest.config.js
FNF:0
FNH:0
DA:1,0
LF:1
LH:0
BRF:0
BRH:0
end_of_record
TN:
SF:src/__tests__/test-utils.tsx
FN:11,(anonymous_0)
FN:22,(anonymous_1)
FN:45,(anonymous_2)
FN:49,(anonymous_3)
FN:50,(anonymous_4)
FN:51,(anonymous_5)
FN:59,(anonymous_6)
FN:66,(anonymous_7)
FN:68,(anonymous_8)
FNF:9
FNH:0
FNDA:0,(anonymous_0)
FNDA:0,(anonymous_1)
FNDA:0,(anonymous_2)
FNDA:0,(anonymous_3)
FNDA:0,(anonymous_4)
FNDA:0,(anonymous_5)
FNDA:0,(anonymous_6)
FNDA:0,(anonymous_7)
FNDA:0,(anonymous_8)
DA:8,0
DA:11,0
DA:22,0
DA:23,0
DA:28,0
DA:41,0
DA:42,0
DA:43,0
DA:45,0
DA:49,0
DA:50,0
DA:51,0
DA:59,0
DA:66,0
DA:67,0
DA:68,0
LF:16
LH:0
BRDA:13,0,0,0
BRDA:14,1,0,0
BRDA:15,2,0,0
BRF:3
BRH:0
end_of_record
TN:
SF:src/components/auth-components/AuthHeader.tsx
FN:12,AuthHeader
FN:47,(anonymous_1)
FN:53,(anonymous_2)
FNF:3
FNH:0
FNDA:0,AuthHeader
FNDA:0,(anonymous_1)
FNDA:0,(anonymous_2)
DA:13,0
DA:14,0
DA:16,0
DA:33,0
DA:41,0
DA:45,0
DA:47,0
DA:50,0
DA:53,0
DA:56,0
LF:10
LH:0
BRDA:47,0,0,0
BRDA:47,0,1,0
BRDA:53,1,0,0
BRDA:53,1,1,0
BRF:4
BRH:0
end_of_record
TN:
SF:src/components/chat/AttachmentMenuModal.tsx
FN:18,(anonymous_0)
FN:33,(anonymous_1)
FN:35,(anonymous_2)
FN:38,(anonymous_3)
FNF:4
FNH:0
FNDA:0,(anonymous_0)
FNDA:0,(anonymous_1)
FNDA:0,(anonymous_2)
FNDA:0,(anonymous_3)
DA:18,0
DA:24,0
DA:33,0
DA:35,0
DA:38,0
LF:5
LH:0
BRDA:34,0,0,0
BRDA:34,0,1,0
BRF:2
BRH:0
end_of_record
TN:
SF:src/components/chat/ChatInput.tsx
FN:31,(anonymous_0)
FNF:1
FNH:0
FNDA:0,(anonymous_0)
DA:31,0
DA:45,0
LF:2
LH:0
BRDA:48,0,0,0
BRDA:48,0,1,0
BRDA:51,1,0,0
BRDA:51,1,1,0
BRDA:53,2,0,0
BRDA:53,2,1,0
BRDA:62,3,0,0
BRDA:62,3,1,0
BRDA:70,4,0,0
BRDA:70,4,1,0
BRDA:78,5,0,0
BRDA:78,5,1,0
BRDA:97,6,0,0
BRDA:97,6,1,0
BRDA:104,7,0,0
BRDA:104,7,1,0
BRDA:108,8,0,0
BRDA:108,8,1,0
BRDA:110,9,0,0
BRDA:110,9,1,0
BRF:20
BRH:0
end_of_record
TN:
SF:src/components/chat/ImageMessageThumbnail.tsx
FN:18,ImageMessageThumbnail
FN:27,(anonymous_1)
FN:45,(anonymous_2)
FNF:3
FNH:0
FNDA:0,ImageMessageThumbnail
FNDA:0,(anonymous_1)
FNDA:0,(anonymous_2)
DA:25,0
DA:27,0
DA:28,0
DA:35,0
DA:41,0
DA:45,0
DA:79,0
LF:7
LH:0
BRDA:47,0,0,0
BRDA:47,0,1,0
BRDA:56,1,0,0
BRDA:56,1,1,0
BRDA:56,2,0,0
BRDA:56,2,1,0
BRDA:63,3,0,0
BRDA:63,3,1,0
BRDA:68,4,0,0
BRDA:68,4,1,0
BRDA:68,5,0,0
BRDA:68,5,1,0
BRDA:68,6,0,0
BRDA:68,6,1,0
BRF:14
BRH:0
end_of_record
TN:
SF:src/components/chat/MediaViewerModal.tsx
FN:21,(anonymous_0)
FNF:1
FNH:0
FNDA:0,(anonymous_0)
DA:21,0
DA:27,0
DA:28,0
DA:31,0
LF:4
LH:0
BRDA:27,0,0,0
BRDA:27,0,1,0
BRDA:43,1,0,0
BRDA:43,1,1,0
BRDA:43,1,2,0
BRDA:48,2,0,0
BRDA:48,2,1,0
BRDA:51,3,0,0
BRDA:51,3,1,0
BRDA:51,3,2,0
BRDA:59,4,0,0
BRDA:59,4,1,0
BRDA:62,5,0,0
BRDA:62,5,1,0
BRF:14
BRH:0
end_of_record
TN:
SF:src/components/chat/MessageItem.tsx
FN:53,(anonymous_0)
FN:71,(anonymous_1)
FN:80,(anonymous_2)
FN:84,(anonymous_3)
FN:89,(anonymous_4)
FN:94,(anonymous_5)
FN:106,(anonymous_6)
FN:128,(anonymous_7)
FN:150,(anonymous_8)
FN:153,(anonymous_9)
FN:182,(anonymous_10)
FNF:11
FNH:0
FNDA:0,(anonymous_0)
FNDA:0,(anonymous_1)
FNDA:0,(anonymous_2)
FNDA:0,(anonymous_3)
FNDA:0,(anonymous_4)
FNDA:0,(anonymous_5)
FNDA:0,(anonymous_6)
FNDA:0,(anonymous_7)
FNDA:0,(anonymous_8)
FNDA:0,(anonymous_9)
FNDA:0,(anonymous_10)
DA:53,0
DA:71,0
DA:72,0
DA:75,0
DA:76,0
DA:78,0
DA:81,0
DA:84,0
DA:89,0
DA:95,0
DA:106,0
DA:128,0
DA:151,0
DA:154,0
DA:155,0
DA:183,0
LF:16
LH:0
BRDA:75,0,0,0
BRDA:75,0,1,0
BRDA:76,1,0,0
BRDA:76,1,1,0
BRDA:81,2,0,0
BRDA:81,2,1,0
BRDA:95,3,0,0
BRDA:95,3,1,0
BRDA:101,4,0,0
BRDA:101,4,1,0
BRDA:104,5,0,0
BRDA:104,5,1,0
BRDA:106,6,0,0
BRDA:106,6,1,0
BRDA:119,7,0,0
BRDA:119,7,1,0
BRDA:119,8,0,0
BRDA:119,8,1,0
BRDA:127,9,0,0
BRDA:127,9,1,0
BRDA:127,10,0,0
BRDA:127,10,1,0
BRDA:127,10,2,0
BRDA:131,11,0,0
BRDA:131,11,1,0
BRDA:140,12,0,0
BRDA:140,12,1,0
BRDA:142,13,0,0
BRDA:142,13,1,0
BRDA:142,14,0,0
BRDA:142,14,1,0
BRDA:142,14,2,0
BRDA:144,15,0,0
BRDA:144,15,1,0
BRDA:150,16,0,0
BRDA:150,16,1,0
BRDA:154,17,0,0
BRDA:154,17,1,0
BRDA:159,18,0,0
BRDA:159,18,1,0
BRDA:160,19,0,0
BRDA:160,19,1,0
BRDA:161,20,0,0
BRDA:161,20,1,0
BRDA:161,20,2,0
BRDA:161,20,3,0
BRDA:180,21,0,0
BRDA:180,21,1,0
BRDA:180,21,2,0
BRDA:183,22,0,0
BRDA:183,22,1,0
BRDA:183,23,0,0
BRDA:183,23,1,0
BRF:53
BRH:0
end_of_record
TN:
SF:src/components/chat/ReactionModal.tsx
FN:29,(anonymous_0)
FN:70,(anonymous_1)
FN:81,(anonymous_2)
FN:84,(anonymous_3)
FNF:4
FNH:0
FNDA:0,(anonymous_0)
FNDA:0,(anonymous_1)
FNDA:0,(anonymous_2)
FNDA:0,(anonymous_3)
DA:21,0
DA:23,0
DA:24,0
DA:25,0
DA:26,0
DA:27,0
DA:29,0
DA:37,0
DA:38,0
DA:41,0
DA:42,0
DA:43,0
DA:44,0
DA:46,0
DA:47,0
DA:49,0
DA:50,0
DA:51,0
DA:53,0
DA:57,0
DA:59,0
DA:70,0
DA:82,0
DA:84,0
DA:101,0
LF:25
LH:0
BRDA:37,0,0,0
BRDA:37,0,1,0
BRDA:37,1,0,0
BRDA:37,1,1,0
BRDA:50,2,0,0
BRDA:50,2,1,0
BRDA:50,3,0,0
BRDA:50,3,1,0
BRDA:51,4,0,0
BRDA:51,4,1,0
BRDA:77,5,0,0
BRDA:77,5,1,0
BRF:12
BRH:0
end_of_record
TN:
SF:src/components/chat/index.ts
FNF:0
FNH:0
LF:0
LH:0
BRF:0
BRH:0
end_of_record
TN:
SF:src/components/profile-setup/AddPromptForm.tsx
FN:24,AddPromptForm
FN:41,(anonymous_1)
FN:43,(anonymous_2)
FN:151,(anonymous_3)
FN:177,(anonymous_4)
FN:186,(anonymous_5)
FN:187,(anonymous_6)
FN:188,(anonymous_7)
FN:194,(anonymous_8)
FN:216,(anonymous_9)
FN:222,(anonymous_10)
FN:226,(anonymous_11)
FN:248,(anonymous_12)
FN:252,(anonymous_13)
FN:276,(anonymous_14)
FNF:15
FNH:0
FNDA:0,AddPromptForm
FNDA:0,(anonymous_1)
FNDA:0,(anonymous_2)
FNDA:0,(anonymous_3)
FNDA:0,(anonymous_4)
FNDA:0,(anonymous_5)
FNDA:0,(anonymous_6)
FNDA:0,(anonymous_7)
FNDA:0,(anonymous_8)
FNDA:0,(anonymous_9)
FNDA:0,(anonymous_10)
FNDA:0,(anonymous_11)
FNDA:0,(anonymous_12)
FNDA:0,(anonymous_13)
FNDA:0,(anonymous_14)
DA:41,0
DA:43,0
DA:44,0
DA:45,0
DA:46,0
DA:47,0
DA:50,0
DA:143,0
DA:148,0
DA:151,0
DA:156,0
DA:164,0
DA:170,0
DA:174,0
DA:177,0
DA:181,0
DA:186,0
DA:187,0
DA:188,0
DA:193,0
DA:194,0
DA:199,0
DA:206,0
DA:211,0
DA:216,0
DA:219,0
DA:222,0
DA:225,0
DA:226,0
DA:230,0
DA:236,0
DA:242,0
DA:248,0
DA:251,0
DA:252,0
DA:256,0
DA:266,0
DA:272,0
DA:276,0
DA:279,0
LF:40
LH:0
BRDA:44,0,0,0
BRDA:44,0,1,0
BRDA:45,1,0,0
BRDA:45,1,1,0
BRDA:46,2,0,0
BRDA:46,2,1,0
BRDA:54,3,0,0
BRDA:54,3,1,0
BRDA:78,4,0,0
BRDA:78,4,1,0
BRDA:82,5,0,0
BRDA:82,5,1,0
BRDA:82,6,0,0
BRDA:82,6,1,0
BRDA:94,7,0,0
BRDA:94,7,1,0
BRDA:127,8,0,0
BRDA:127,8,1,0
BRDA:127,8,2,0
BRDA:127,8,3,0
BRDA:132,9,0,0
BRDA:132,9,1,0
BRDA:132,9,2,0
BRDA:132,9,3,0
BRDA:151,10,0,0
BRDA:151,10,1,0
BRDA:177,11,0,0
BRDA:177,11,1,0
BRDA:186,12,0,0
BRDA:186,12,1,0
BRDA:187,13,0,0
BRDA:187,13,1,0
BRDA:188,14,0,0
BRDA:188,14,1,0
BRDA:194,15,0,0
BRDA:194,15,1,0
BRDA:216,16,0,0
BRDA:216,16,1,0
BRDA:222,17,0,0
BRDA:222,17,1,0
BRDA:226,18,0,0
BRDA:226,18,1,0
BRDA:248,19,0,0
BRDA:248,19,1,0
BRDA:252,20,0,0
BRDA:252,20,1,0
BRDA:276,21,0,0
BRDA:276,21,1,0
BRF:48
BRH:0
end_of_record
TN:
SF:src/components/profile-setup/PromptSelectionModal.tsx
FN:15,PromptSelectionModal
FN:45,(anonymous_1)
FN:46,(anonymous_2)
FN:48,(anonymous_3)
FN:71,(anonymous_4)
FN:89,(anonymous_5)
FN:97,(anonymous_6)
FN:106,(anonymous_7)
FN:111,(anonymous_8)
FNF:9
FNH:0
FNDA:0,PromptSelectionModal
FNDA:0,(anonymous_1)
FNDA:0,(anonymous_2)
FNDA:0,(anonymous_3)
FNDA:0,(anonymous_4)
FNDA:0,(anonymous_5)
FNDA:0,(anonymous_6)
FNDA:0,(anonymous_7)
FNDA:0,(anonymous_8)
DA:22,0
DA:45,0
DA:47,0
DA:48,0
DA:64,0
DA:70,0
DA:71,0
DA:78,0
DA:86,0
DA:89,0
DA:92,0
DA:96,0
DA:97,0
DA:102,0
DA:106,0
DA:109,0
DA:111,0
LF:17
LH:0
BRDA:71,0,0,0
BRDA:71,0,1,0
BRDA:89,1,0,0
BRDA:89,1,1,0
BRDA:97,2,0,0
BRDA:97,2,1,0
BRDA:106,3,0,0
BRDA:106,3,1,0
BRDA:111,4,0,0
BRDA:111,4,1,0
BRF:10
BRH:0
end_of_record
TN:
SF:src/components/profile-setup/SavedPromptsList.tsx
FN:12,SavedPromptsList
FN:24,(anonymous_1)
FN:38,(anonymous_2)
FN:58,(anonymous_3)
FN:67,(anonymous_4)
FN:75,(anonymous_5)
FN:81,(anonymous_6)
FN:94,(anonymous_7)
FNF:8
FNH:0
FNDA:0,SavedPromptsList
FNDA:0,(anonymous_1)
FNDA:0,(anonymous_2)
FNDA:0,(anonymous_3)
FNDA:0,(anonymous_4)
FNDA:0,(anonymous_5)
FNDA:0,(anonymous_6)
FNDA:0,(anonymous_7)
DA:17,0
DA:18,0
DA:21,0
DA:25,0
DA:38,0
DA:50,0
DA:55,0
DA:58,0
DA:63,0
DA:67,0
DA:72,0
DA:75,0
DA:79,0
DA:81,0
DA:85,0
DA:91,0
DA:94,0
DA:97,0
DA:104,0
LF:19
LH:0
BRDA:17,0,0,0
BRDA:17,0,1,0
BRDA:32,1,0,0
BRDA:32,1,1,0
BRDA:58,2,0,0
BRDA:58,2,1,0
BRDA:67,3,0,0
BRDA:67,3,1,0
BRDA:75,4,0,0
BRDA:75,4,1,0
BRDA:81,5,0,0
BRDA:81,5,1,0
BRDA:94,6,0,0
BRDA:94,6,1,0
BRF:14
BRH:0
end_of_record
TN:
SF:src/constants/prompts.ts
FNF:0
FNH:0
DA:10,0
LF:1
LH:0
BRF:0
BRH:0
end_of_record
TN:
SF:src/contexts/AuthContext.tsx
FN:37,(anonymous_0)
FN:43,AuthProvider
FN:48,(anonymous_2)
FN:68,(anonymous_3)
FN:88,(anonymous_4)
FN:92,(anonymous_5)
FN:97,(anonymous_6)
FN:103,(anonymous_7)
FN:108,(anonymous_8)
FN:136,(anonymous_9)
FN:143,(anonymous_10)
FN:150,(anonymous_11)
FN:175,(anonymous_12)
FN:184,(anonymous_13)
FN:196,(anonymous_14)
FNF:15
FNH:0
FNDA:0,(anonymous_0)
FNDA:0,AuthProvider
FNDA:0,(anonymous_2)
FNDA:0,(anonymous_3)
FNDA:0,(anonymous_4)
FNDA:0,(anonymous_5)
FNDA:0,(anonymous_6)
FNDA:0,(anonymous_7)
FNDA:0,(anonymous_8)
FNDA:0,(anonymous_9)
FNDA:0,(anonymous_10)
FNDA:0,(anonymous_11)
FNDA:0,(anonymous_12)
FNDA:0,(anonymous_13)
FNDA:0,(anonymous_14)
DA:26,0
DA:35,0
DA:37,0
DA:44,0
DA:48,0
DA:49,0
DA:50,0
DA:51,0
DA:52,0
DA:53,0
DA:54,0
DA:58,0
DA:59,0
DA:62,0
DA:63,0
DA:64,0
DA:68,0
DA:70,0
DA:71,0
DA:77,0
DA:81,0
DA:83,0
DA:84,0
DA:88,0
DA:89,0
DA:92,0
DA:93,0
DA:94,0
DA:96,0
DA:97,0
DA:100,0
DA:101,0
DA:102,0
DA:104,0
DA:105,0
DA:109,0
DA:114,0
DA:117,0
DA:118,0
DA:122,0
DA:124,0
DA:134,0
DA:137,0
DA:138,0
DA:139,0
DA:141,0
DA:143,0
DA:151,0
DA:157,0
DA:158,0
DA:168,0
DA:169,0
DA:170,0
DA:174,0
DA:175,0
DA:184,0
DA:185,0
DA:186,0
DA:187,0
DA:193,0
DA:197,0
DA:198,0
DA:200,0
DA:204,0
LF:64
LH:0
BRDA:52,0,0,0
BRDA:52,0,1,0
BRDA:62,1,0,0
BRDA:62,1,1,0
BRDA:70,2,0,0
BRDA:70,2,1,0
BRDA:94,3,0,0
BRDA:94,3,1,0
BRDA:100,4,0,0
BRDA:100,4,1,0
BRDA:100,5,0,0
BRDA:100,5,1,0
BRDA:104,6,0,0
BRDA:104,6,1,0
BRDA:117,7,0,0
BRDA:117,7,1,0
BRDA:137,8,0,0
BRDA:137,8,1,0
BRDA:168,9,0,0
BRDA:168,9,1,0
BRDA:178,10,0,0
BRDA:178,10,1,0
BRDA:186,11,0,0
BRDA:186,11,1,0
BRDA:197,12,0,0
BRDA:197,12,1,0
BRF:26
BRH:0
end_of_record
TN:
SF:src/contexts/ThemeContext.tsx
FN:24,(anonymous_0)
FN:38,ThemeProvider
FN:45,(anonymous_2)
FN:46,(anonymous_3)
FN:51,(anonymous_4)
FNF:5
FNH:0
FNDA:0,(anonymous_0)
FNDA:0,ThemeProvider
FNDA:0,(anonymous_2)
FNDA:0,(anonymous_3)
FNDA:0,(anonymous_4)
DA:21,0
DA:24,0
DA:25,0
DA:26,0
DA:27,0
DA:29,0
DA:40,0
DA:45,0
DA:46,0
DA:47,0
DA:51,0
DA:54,0
DA:57,0
DA:69,0
DA:74,0
LF:15
LH:0
BRDA:26,0,0,0
BRDA:26,0,1,0
BRDA:61,1,0,0
BRDA:61,1,1,0
BRDA:62,2,0,0
BRDA:62,2,1,0
BRDA:63,3,0,0
BRDA:63,3,1,0
BRDA:64,4,0,0
BRDA:64,4,1,0
BRF:10
BRH:0
end_of_record
TN:
SF:src/hooks/useAudioRecording.ts
FN:18,useAudioRecording
FN:25,(anonymous_1)
FN:26,(anonymous_2)
FN:33,(anonymous_3)
FN:67,(anonymous_4)
FN:93,(anonymous_5)
FNF:6
FNH:0
FNDA:0,useAudioRecording
FNDA:0,(anonymous_1)
FNDA:0,(anonymous_2)
FNDA:0,(anonymous_3)
FNDA:0,(anonymous_4)
FNDA:0,(anonymous_5)
DA:19,0
DA:20,0
DA:21,0
DA:22,0
DA:25,0
DA:26,0
DA:27,0
DA:28,0
DA:33,0
DA:34,0
DA:35,0
DA:38,0
DA:39,0
DA:40,0
DA:41,0
DA:45,0
DA:51,0
DA:55,0
DA:56,0
DA:59,0
DA:61,0
DA:62,0
DA:63,0
DA:67,0
DA:68,0
DA:70,0
DA:71,0
DA:74,0
DA:77,0
DA:78,0
DA:79,0
DA:80,0
DA:83,0
DA:84,0
DA:85,0
DA:87,0
DA:88,0
DA:89,0
DA:93,0
DA:94,0
DA:95,0
DA:96,0
DA:97,0
DA:100,0
LF:44
LH:0
BRDA:27,0,0,0
BRDA:27,0,1,0
BRDA:39,1,0,0
BRDA:39,1,1,0
BRDA:61,2,0,0
BRDA:61,2,1,0
BRDA:68,3,0,0
BRDA:68,3,1,0
BRDA:78,4,0,0
BRDA:78,4,1,0
BRDA:87,5,0,0
BRDA:87,5,1,0
BRF:12
BRH:0
end_of_record
TN:
SF:src/hooks/useLikeHandler.ts
FN:43,useLikeHandler
FN:50,(anonymous_1)
FN:58,(anonymous_2)
FN:72,(anonymous_3)
FN:96,(anonymous_4)
FN:152,(anonymous_5)
FN:164,(anonymous_6)
FNF:7
FNH:0
FNDA:0,useLikeHandler
FNDA:0,(anonymous_1)
FNDA:0,(anonymous_2)
FNDA:0,(anonymous_3)
FNDA:0,(anonymous_4)
FNDA:0,(anonymous_5)
FNDA:0,(anonymous_6)
DA:44,0
DA:45,0
DA:46,0
DA:47,0
DA:48,0
DA:50,0
DA:51,0
DA:52,0
DA:58,0
DA:59,0
DA:60,0
DA:61,0
DA:62,0
DA:64,0
DA:72,0
DA:73,0
DA:74,0
DA:75,0
DA:77,0
DA:79,0
DA:80,0
DA:82,0
DA:85,0
DA:96,0
DA:97,0
DA:99,0
DA:101,0
DA:102,0
DA:105,0
DA:114,0
DA:117,0
DA:120,0
DA:121,0
DA:127,0
DA:129,0
DA:131,0
DA:134,0
DA:137,0
DA:139,0
DA:140,0
DA:142,0
DA:143,0
DA:144,0
DA:152,0
DA:153,0
DA:154,0
DA:155,0
DA:164,0
DA:165,0
DA:168,0
LF:50
LH:0
BRDA:59,0,0,0
BRDA:59,0,1,0
BRDA:61,1,0,0
BRDA:61,1,1,0
BRDA:77,2,0,0
BRDA:77,2,1,0
BRDA:80,3,0,0
BRDA:80,3,1,0
BRDA:97,4,0,0
BRDA:97,4,1,0
BRDA:108,5,0,0
BRDA:108,5,1,0
BRDA:108,6,0,0
BRDA:108,6,1,0
BRDA:129,7,0,0
BRDA:129,7,1,0
BRDA:153,8,0,0
BRDA:153,8,1,0
BRDA:154,9,0,0
BRDA:154,9,1,0
BRDA:154,10,0,0
BRDA:154,10,1,0
BRF:22
BRH:0
end_of_record
TN:
SF:src/hooks/useProfiles.ts
FN:21,useProfiles
FN:27,(anonymous_1)
FN:34,(anonymous_2)
FN:43,(anonymous_3)
FN:61,(anonymous_4)
FN:88,(anonymous_5)
FN:96,(anonymous_6)
FN:103,(anonymous_7)
FNF:8
FNH:0
FNDA:0,useProfiles
FNDA:0,(anonymous_1)
FNDA:0,(anonymous_2)
FNDA:0,(anonymous_3)
FNDA:0,(anonymous_4)
FNDA:0,(anonymous_5)
FNDA:0,(anonymous_6)
FNDA:0,(anonymous_7)
DA:19,0
DA:22,0
DA:23,0
DA:24,0
DA:27,0
DA:28,0
DA:29,0
DA:34,0
DA:43,0
DA:44,0
DA:46,0
DA:47,0
DA:48,0
DA:49,0
DA:51,0
DA:52,0
DA:55,0
DA:59,0
DA:64,0
DA:65,0
DA:71,0
DA:77,0
DA:80,0
DA:81,0
DA:84,0
DA:87,0
DA:88,0
DA:90,0
DA:96,0
DA:97,0
DA:98,0
DA:103,0
DA:104,0
DA:105,0
DA:106,0
DA:107,0
DA:110,0
LF:37
LH:0
BRDA:31,0,0,0
BRDA:31,0,1,0
BRDA:33,1,0,0
BRDA:33,1,1,0
BRDA:34,2,0,0
BRDA:34,2,1,0
BRDA:38,3,0,0
BRDA:38,3,1,0
BRDA:44,4,0,0
BRDA:44,4,1,0
BRDA:51,5,0,0
BRDA:51,5,1,0
BRDA:51,6,0,0
BRDA:51,6,1,0
BRDA:51,6,2,0
BRDA:64,7,0,0
BRDA:64,7,1,0
BRDA:97,8,0,0
BRDA:97,8,1,0
BRDA:97,9,0,0
BRDA:97,9,1,0
BRF:21
BRH:0
end_of_record
TN:
SF:src/navigation/AuthNavigator.tsx
FN:22,AuthNavigator
FNF:1
FNH:0
FNDA:0,AuthNavigator
DA:16,0
DA:23,0
LF:2
LH:0
BRDA:22,0,0,0
BRF:1
BRH:0
end_of_record
TN:
SF:src/navigation/MainTabNavigator.tsx
FN:13,MainTabNavigator
FN:34,(anonymous_1)
FN:44,(anonymous_2)
FN:54,(anonymous_3)
FN:64,TabBarIcon
FNF:5
FNH:0
FNDA:0,MainTabNavigator
FNDA:0,(anonymous_1)
FNDA:0,(anonymous_2)
FNDA:0,(anonymous_3)
FNDA:0,TabBarIcon
DA:11,0
DA:14,0
DA:16,0
DA:35,0
DA:45,0
DA:55,0
DA:66,0
LF:7
LH:0
BRDA:21,0,0,0
BRDA:21,0,1,0
BRDA:23,1,0,0
BRDA:23,1,1,0
BRDA:24,2,0,0
BRDA:24,2,1,0
BRF:6
BRH:0
end_of_record
TN:
SF:src/navigation/NavigationController.tsx
FN:12,NavigationController
FN:19,(anonymous_1)
FN:27,(anonymous_2)
FN:39,(anonymous_3)
FN:42,(anonymous_4)
FN:45,(anonymous_5)
FN:52,(anonymous_6)
FN:53,(anonymous_7)
FN:59,(anonymous_8)
FNF:9
FNH:0
FNDA:0,NavigationController
FNDA:0,(anonymous_1)
FNDA:0,(anonymous_2)
FNDA:0,(anonymous_3)
FNDA:0,(anonymous_4)
FNDA:0,(anonymous_5)
FNDA:0,(anonymous_6)
FNDA:0,(anonymous_7)
FNDA:0,(anonymous_8)
DA:13,0
DA:14,0
DA:15,0
DA:16,0
DA:19,0
DA:20,0
DA:21,0
DA:22,0
DA:27,0
DA:30,0
DA:31,0
DA:34,0
DA:35,0
DA:38,0
DA:40,0
DA:43,0
DA:46,0
DA:52,0
DA:53,0
DA:54,0
DA:59,0
DA:60,0
DA:61,0
DA:63,0
DA:64,0
DA:66,0
DA:70,0
DA:71,0
DA:89,0
DA:96,0
LF:30
LH:0
BRDA:20,0,0,0
BRDA:20,0,1,0
BRDA:22,1,0,0
BRDA:22,1,1,0
BRDA:30,2,0,0
BRDA:30,2,1,0
BRDA:30,3,0,0
BRDA:30,3,1,0
BRDA:30,3,2,0
BRDA:30,3,3,0
BRDA:30,3,4,0
BRDA:30,3,5,0
BRDA:60,4,0,0
BRDA:60,4,1,0
BRDA:63,5,0,0
BRDA:63,5,1,0
BRDA:70,6,0,0
BRDA:70,6,1,0
BRDA:70,7,0,0
BRDA:70,7,1,0
BRDA:73,8,0,0
BRDA:73,8,1,0
BRDA:76,9,0,0
BRDA:76,9,1,0
BRDA:79,10,0,0
BRDA:79,10,1,0
BRDA:90,11,0,0
BRDA:90,11,1,0
BRF:28
BRH:0
end_of_record
TN:
SF:src/navigation/types.ts
FNF:0
FNH:0
LF:0
LH:0
BRF:0
BRH:0
end_of_record
TN:
SF:src/providers/AppProviders.tsx
FN:22,AppProviders
FNF:1
FNH:0
FNDA:0,AppProviders
DA:7,0
DA:23,0
LF:2
LH:0
BRF:0
BRH:0
end_of_record
TN:
SF:src/screens/ChatConversationScreen.styles.ts
FN:26,(anonymous_0)
FN:41,(anonymous_1)
FN:60,(anonymous_2)
FN:66,(anonymous_3)
FN:119,(anonymous_4)
FN:125,(anonymous_5)
FN:132,(anonymous_6)
FN:143,(anonymous_7)
FN:152,(anonymous_8)
FN:166,(anonymous_9)
FN:175,(anonymous_10)
FN:225,(anonymous_11)
FN:234,(anonymous_12)
FN:239,(anonymous_13)
FN:245,(anonymous_14)
FN:250,(anonymous_15)
FN:286,(anonymous_16)
FN:287,(anonymous_17)
FN:297,(anonymous_18)
FN:306,(anonymous_19)
FN:307,(anonymous_20)
FN:315,(anonymous_21)
FN:330,(anonymous_22)
FN:344,(anonymous_23)
FN:349,(anonymous_24)
FN:365,(anonymous_25)
FNF:26
FNH:0
FNDA:0,(anonymous_0)
FNDA:0,(anonymous_1)
FNDA:0,(anonymous_2)
FNDA:0,(anonymous_3)
FNDA:0,(anonymous_4)
FNDA:0,(anonymous_5)
FNDA:0,(anonymous_6)
FNDA:0,(anonymous_7)
FNDA:0,(anonymous_8)
FNDA:0,(anonymous_9)
FNDA:0,(anonymous_10)
FNDA:0,(anonymous_11)
FNDA:0,(anonymous_12)
FNDA:0,(anonymous_13)
FNDA:0,(anonymous_14)
FNDA:0,(anonymous_15)
FNDA:0,(anonymous_16)
FNDA:0,(anonymous_17)
FNDA:0,(anonymous_18)
FNDA:0,(anonymous_19)
FNDA:0,(anonymous_20)
FNDA:0,(anonymous_21)
FNDA:0,(anonymous_22)
FNDA:0,(anonymous_23)
FNDA:0,(anonymous_24)
FNDA:0,(anonymous_25)
DA:24,0
DA:26,0
DA:29,0
DA:35,0
DA:41,0
DA:44,0
DA:51,0
DA:58,0
DA:60,0
DA:63,0
DA:66,0
DA:69,0
DA:75,0
DA:81,0
DA:87,0
DA:94,0
DA:100,0
DA:106,0
DA:110,0
DA:117,0
DA:119,0
DA:123,0
DA:125,0
DA:128,0
DA:133,0
DA:139,0
DA:143,0
DA:146,0
DA:152,0
DA:155,0
DA:159,0
DA:164,0
DA:167,0
DA:172,0
DA:176,0
DA:179,0
DA:186,0
DA:197,0
DA:202,0
DA:208,0
DA:217,0
DA:223,0
DA:226,0
DA:233,0
DA:234,0
DA:239,0
DA:242,0
DA:245,0
DA:248,0
DA:250,0
DA:253,0
DA:259,0
DA:268,0
DA:272,0
DA:278,0
DA:281,0
DA:286,0
DA:287,0
DA:290,0
DA:295,0
DA:297,0
DA:300,0
DA:306,0
DA:307,0
DA:311,0
DA:315,0
DA:318,0
DA:323,0
DA:329,0
DA:330,0
DA:337,0
DA:342,0
DA:344,0
DA:347,0
DA:349,0
DA:354,0
DA:362,0
DA:365,0
DA:368,0
LF:79
LH:0
BRDA:26,0,0,0
BRDA:26,0,1,0
BRDA:41,1,0,0
BRDA:41,1,1,0
BRDA:60,2,0,0
BRDA:60,2,1,0
BRDA:66,3,0,0
BRDA:66,3,1,0
BRDA:119,4,0,0
BRDA:119,4,1,0
BRDA:125,5,0,0
BRDA:125,5,1,0
BRDA:133,6,0,0
BRDA:133,6,1,0
BRDA:133,7,0,0
BRDA:133,7,1,0
BRDA:134,8,0,0
BRDA:134,8,1,0
BRDA:136,9,0,0
BRDA:136,9,1,0
BRDA:143,10,0,0
BRDA:143,10,1,0
BRDA:143,11,0,0
BRDA:143,11,1,0
BRDA:152,12,0,0
BRDA:152,12,1,0
BRDA:167,13,0,0
BRDA:167,13,1,0
BRDA:169,14,0,0
BRDA:169,14,1,0
BRDA:176,15,0,0
BRDA:176,15,1,0
BRDA:176,16,0,0
BRDA:176,16,1,0
BRDA:226,17,0,0
BRDA:226,17,1,0
BRDA:228,18,0,0
BRDA:228,18,1,0
BRDA:234,19,0,0
BRDA:234,19,1,0
BRDA:234,20,0,0
BRDA:234,20,1,0
BRDA:239,21,0,0
BRDA:239,21,1,0
BRDA:245,22,0,0
BRDA:245,22,1,0
BRDA:245,23,0,0
BRDA:245,23,1,0
BRDA:250,24,0,0
BRDA:250,24,1,0
BRDA:250,25,0,0
BRDA:250,25,1,0
BRDA:286,26,0,0
BRDA:286,26,1,0
BRDA:287,27,0,0
BRDA:287,27,1,0
BRDA:297,28,0,0
BRDA:297,28,1,0
BRDA:306,29,0,0
BRDA:306,29,1,0
BRDA:307,30,0,0
BRDA:307,30,1,0
BRDA:315,31,0,0
BRDA:315,31,1,0
BRDA:330,32,0,0
BRDA:330,32,1,0
BRDA:334,33,0,0
BRDA:334,33,1,0
BRDA:344,34,0,0
BRDA:344,34,1,0
BRDA:349,35,0,0
BRDA:349,35,1,0
BRDA:356,36,0,0
BRDA:356,36,1,0
BRDA:365,37,0,0
BRDA:365,37,1,0
BRDA:370,38,0,0
BRDA:370,38,1,0
BRF:78
BRH:0
end_of_record
TN:
SF:src/screens/ChatConversationScreen.tsx
FN:66,ChatConversationScreen
FN:97,(anonymous_1)
FN:105,(anonymous_2)
FN:112,(anonymous_3)
FN:113,(anonymous_4)
FN:114,(anonymous_5)
FN:121,(anonymous_6)
FN:127,(anonymous_7)
FN:137,(anonymous_8)
FN:140,(anonymous_9)
FN:142,(anonymous_10)
FN:145,(anonymous_11)
FN:168,(anonymous_12)
FN:170,(anonymous_13)
FN:175,(anonymous_14)
FN:188,(anonymous_15)
FN:190,(anonymous_16)
FN:193,(anonymous_17)
FN:195,(anonymous_18)
FN:196,(anonymous_19)
FN:203,(anonymous_20)
FN:212,(anonymous_21)
FN:229,(anonymous_22)
FN:241,(anonymous_23)
FN:274,(anonymous_24)
FN:275,(anonymous_25)
FN:276,(anonymous_26)
FN:282,(anonymous_27)
FN:283,(anonymous_28)
FN:293,(anonymous_29)
FN:320,(anonymous_30)
FN:322,(anonymous_31)
FN:329,(anonymous_32)
FN:329,(anonymous_33)
FN:338,(anonymous_34)
FN:342,(anonymous_35)
FN:363,(anonymous_36)
FN:369,(anonymous_37)
FNF:38
FNH:0
FNDA:0,ChatConversationScreen
FNDA:0,(anonymous_1)
FNDA:0,(anonymous_2)
FNDA:0,(anonymous_3)
FNDA:0,(anonymous_4)
FNDA:0,(anonymous_5)
FNDA:0,(anonymous_6)
FNDA:0,(anonymous_7)
FNDA:0,(anonymous_8)
FNDA:0,(anonymous_9)
FNDA:0,(anonymous_10)
FNDA:0,(anonymous_11)
FNDA:0,(anonymous_12)
FNDA:0,(anonymous_13)
FNDA:0,(anonymous_14)
FNDA:0,(anonymous_15)
FNDA:0,(anonymous_16)
FNDA:0,(anonymous_17)
FNDA:0,(anonymous_18)
FNDA:0,(anonymous_19)
FNDA:0,(anonymous_20)
FNDA:0,(anonymous_21)
FNDA:0,(anonymous_22)
FNDA:0,(anonymous_23)
FNDA:0,(anonymous_24)
FNDA:0,(anonymous_25)
FNDA:0,(anonymous_26)
FNDA:0,(anonymous_27)
FNDA:0,(anonymous_28)
FNDA:0,(anonymous_29)
FNDA:0,(anonymous_30)
FNDA:0,(anonymous_31)
FNDA:0,(anonymous_32)
FNDA:0,(anonymous_33)
FNDA:0,(anonymous_34)
FNDA:0,(anonymous_35)
FNDA:0,(anonymous_36)
FNDA:0,(anonymous_37)
DA:61,0
DA:62,0
DA:67,0
DA:68,0
DA:69,0
DA:70,0
DA:72,0
DA:73,0
DA:74,0
DA:75,0
DA:76,0
DA:78,0
DA:79,0
DA:80,0
DA:82,0
DA:83,0
DA:84,0
DA:86,0
DA:87,0
DA:89,0
DA:90,0
DA:91,0
DA:92,0
DA:94,0
DA:95,0
DA:97,0
DA:98,0
DA:105,0
DA:106,0
DA:107,0
DA:108,0
DA:110,0
DA:111,0
DA:112,0
DA:113,0
DA:114,0
DA:118,0
DA:119,0
DA:120,0
DA:121,0
DA:124,0
DA:127,0
DA:128,0
DA:129,0
DA:130,0
DA:132,0
DA:133,0
DA:137,0
DA:139,0
DA:140,0
DA:142,0
DA:145,0
DA:146,0
DA:147,0
DA:148,0
DA:149,0
DA:150,0
DA:151,0
DA:153,0
DA:154,0
DA:155,0
DA:156,0
DA:158,0
DA:161,0
DA:162,0
DA:164,0
DA:168,0
DA:170,0
DA:172,0
DA:173,0
DA:176,0
DA:177,0
DA:178,0
DA:179,0
DA:180,0
DA:181,0
DA:188,0
DA:189,0
DA:190,0
DA:193,0
DA:195,0
DA:196,0
DA:197,0
DA:198,0
DA:199,0
DA:200,0
DA:203,0
DA:205,0
DA:206,0
DA:207,0
DA:208,0
DA:210,0
DA:211,0
DA:212,0
DA:213,0
DA:218,0
DA:219,0
DA:222,0
DA:223,0
DA:224,0
DA:229,0
DA:231,0
DA:232,0
DA:233,0
DA:234,0
DA:235,0
DA:236,0
DA:237,0
DA:238,0
DA:241,0
DA:243,0
DA:244,0
DA:245,0
DA:246,0
DA:248,0
DA:249,0
DA:250,0
DA:253,0
DA:257,0
DA:258,0
DA:259,0
DA:260,0
DA:261,0
DA:266,0
DA:271,0
DA:274,0
DA:275,0
DA:276,0
DA:277,0
DA:278,0
DA:279,0
DA:282,0
DA:283,0
DA:290,0
DA:293,0
DA:294,0
DA:313,0
DA:314,0
DA:317,0
DA:320,0
DA:329,0
DA:338,0
DA:342,0
DA:363,0
DA:369,0
LF:145
LH:0
BRDA:70,0,0,0
BRDA:70,0,1,0
BRDA:106,1,0,0
BRDA:106,1,1,0
BRDA:106,2,0,0
BRDA:106,2,1,0
BRDA:120,3,0,0
BRDA:120,3,1,0
BRDA:120,4,0,0
BRDA:120,4,1,0
BRDA:128,5,0,0
BRDA:128,5,1,0
BRDA:139,6,0,0
BRDA:139,6,1,0
BRDA:142,7,0,0
BRDA:142,7,1,0
BRDA:146,8,0,0
BRDA:146,8,1,0
BRDA:146,9,0,0
BRDA:146,9,1,0
BRDA:146,9,2,0
BRDA:150,10,0,0
BRDA:150,10,1,0
BRDA:154,11,0,0
BRDA:154,11,1,0
BRDA:168,12,0,0
BRDA:168,12,1,0
BRDA:172,13,0,0
BRDA:172,13,1,0
BRDA:177,14,0,0
BRDA:177,14,1,0
BRDA:193,15,0,0
BRDA:193,15,1,0
BRDA:193,16,0,0
BRDA:193,16,1,0
BRDA:197,17,0,0
BRDA:197,17,1,0
BRDA:197,18,0,0
BRDA:197,18,1,0
BRDA:205,19,0,0
BRDA:205,19,1,0
BRDA:211,20,0,0
BRDA:211,20,1,0
BRDA:231,21,0,0
BRDA:231,21,1,0
BRDA:231,22,0,0
BRDA:231,22,1,0
BRDA:245,23,0,0
BRDA:245,23,1,0
BRDA:245,24,0,0
BRDA:245,24,1,0
BRDA:249,25,0,0
BRDA:249,25,1,0
BRDA:249,26,0,0
BRDA:249,26,1,0
BRDA:253,27,0,0
BRDA:253,27,1,0
BRDA:257,28,0,0
BRDA:257,28,1,0
BRDA:257,29,0,0
BRDA:257,29,1,0
BRDA:257,29,2,0
BRDA:260,30,0,0
BRDA:260,30,1,0
BRDA:260,31,0,0
BRDA:260,31,1,0
BRDA:263,32,0,0
BRDA:263,32,1,0
BRDA:264,33,0,0
BRDA:264,33,1,0
BRDA:268,34,0,0
BRDA:268,34,1,0
BRDA:274,35,0,0
BRDA:274,35,1,0
BRDA:286,36,0,0
BRDA:286,36,1,0
BRDA:313,37,0,0
BRDA:313,37,1,0
BRDA:319,38,0,0
BRDA:319,38,1,0
BRDA:321,39,0,0
BRDA:321,39,1,0
BRDA:322,40,0,0
BRDA:322,40,1,0
BRDA:322,41,0,0
BRDA:322,41,1,0
BRDA:325,42,0,0
BRDA:325,42,1,0
BRDA:325,43,0,0
BRDA:325,43,1,0
BRDA:327,44,0,0
BRDA:327,44,1,0
BRDA:350,45,0,0
BRDA:350,45,1,0
BRF:94
BRH:0
end_of_record
TN:
SF:src/screens/ChatListScreen.fixed.tsx
FN:30,ChatListScreen
FN:38,(anonymous_1)
FN:57,(anonymous_2)
FN:60,(anonymous_3)
FN:61,(anonymous_4)
FN:101,(anonymous_5)
FN:122,(anonymous_6)
FN:127,(anonymous_7)
FN:132,(anonymous_8)
FN:189,(anonymous_9)
FN:190,(anonymous_10)
FN:193,(anonymous_11)
FN:247,(anonymous_12)
FN:253,(anonymous_13)
FN:262,(anonymous_14)
FN:275,(anonymous_15)
FN:281,(anonymous_16)
FN:291,(anonymous_17)
FN:292,(anonymous_18)
FN:318,(anonymous_19)
FN:323,(anonymous_20)
FN:328,(anonymous_21)
FN:331,(anonymous_22)
FN:348,(anonymous_23)
FNF:24
FNH:0
FNDA:0,ChatListScreen
FNDA:0,(anonymous_1)
FNDA:0,(anonymous_2)
FNDA:0,(anonymous_3)
FNDA:0,(anonymous_4)
FNDA:0,(anonymous_5)
FNDA:0,(anonymous_6)
FNDA:0,(anonymous_7)
FNDA:0,(anonymous_8)
FNDA:0,(anonymous_9)
FNDA:0,(anonymous_10)
FNDA:0,(anonymous_11)
FNDA:0,(anonymous_12)
FNDA:0,(anonymous_13)
FNDA:0,(anonymous_14)
FNDA:0,(anonymous_15)
FNDA:0,(anonymous_16)
FNDA:0,(anonymous_17)
FNDA:0,(anonymous_18)
FNDA:0,(anonymous_19)
FNDA:0,(anonymous_20)
FNDA:0,(anonymous_21)
FNDA:0,(anonymous_22)
FNDA:0,(anonymous_23)
DA:31,0
DA:32,0
DA:33,0
DA:34,0
DA:35,0
DA:36,0
DA:38,0
DA:39,0
DA:41,0
DA:42,0
DA:43,0
DA:45,0
DA:46,0
DA:47,0
DA:48,0
DA:49,0
DA:50,0
DA:52,0
DA:57,0
DA:58,0
DA:60,0
DA:61,0
DA:62,0
DA:63,0
DA:64,0
DA:66,0
DA:67,0
DA:69,0
DA:70,0
DA:71,0
DA:72,0
DA:73,0
DA:74,0
DA:75,0
DA:76,0
DA:77,0
DA:78,0
DA:79,0
DA:80,0
DA:81,0
DA:82,0
DA:83,0
DA:86,0
DA:88,0
DA:101,0
DA:102,0
DA:103,0
DA:104,0
DA:105,0
DA:108,0
DA:109,0
DA:110,0
DA:111,0
DA:112,0
DA:114,0
DA:115,0
DA:117,0
DA:122,0
DA:123,0
DA:127,0
DA:128,0
DA:132,0
DA:133,0
DA:135,0
DA:136,0
DA:139,0
DA:141,0
DA:143,0
DA:146,0
DA:152,0
DA:154,0
DA:158,0
DA:189,0
DA:191,0
DA:193,0
DA:245,0
DA:247,0
DA:250,0
DA:253,0
DA:259,0
DA:262,0
DA:265,0
DA:272,0
DA:275,0
DA:279,0
DA:281,0
DA:286,0
DA:291,0
DA:292,0
DA:295,0
DA:305,0
DA:309,0
DA:315,0
DA:318,0
DA:321,0
DA:323,0
DA:326,0
DA:328,0
DA:331,0
DA:334,0
DA:338,0
DA:344,0
DA:348,0
DA:351,0
DA:357,0
DA:364,0
DA:370,0
LF:107
LH:0
BRDA:39,0,0,0
BRDA:39,0,1,0
BRDA:41,1,0,0
BRDA:41,1,1,0
BRDA:45,2,0,0
BRDA:45,2,1,0
BRDA:47,3,0,0
BRDA:47,3,1,0
BRDA:49,4,0,0
BRDA:49,4,1,0
BRDA:58,5,0,0
BRDA:58,5,1,0
BRDA:61,6,0,0
BRDA:61,6,1,0
BRDA:63,7,0,0
BRDA:63,7,1,0
BRDA:63,8,0,0
BRDA:63,8,1,0
BRDA:64,9,0,0
BRDA:64,9,1,0
BRDA:66,10,0,0
BRDA:66,10,1,0
BRDA:71,11,0,0
BRDA:71,11,1,0
BRDA:72,12,0,0
BRDA:72,12,1,0
BRDA:75,13,0,0
BRDA:75,13,1,0
BRDA:78,14,0,0
BRDA:78,14,1,0
BRDA:81,15,0,0
BRDA:81,15,1,0
BRDA:86,16,0,0
BRDA:86,16,1,0
BRDA:92,17,0,0
BRDA:92,17,1,0
BRDA:102,18,0,0
BRDA:102,18,1,0
BRDA:133,19,0,0
BRDA:133,19,1,0
BRDA:133,20,0,0
BRDA:133,20,1,0
BRDA:141,21,0,0
BRDA:141,21,1,0
BRDA:162,22,0,0
BRDA:162,22,1,0
BRDA:169,23,0,0
BRDA:169,23,1,0
BRDA:175,24,0,0
BRDA:175,24,1,0
BRDA:179,25,0,0
BRDA:179,25,1,0
BRDA:208,26,0,0
BRDA:208,26,1,0
BRDA:221,27,0,0
BRDA:221,27,1,0
BRDA:224,28,0,0
BRDA:224,28,1,0
BRDA:224,29,0,0
BRDA:224,29,1,0
BRDA:247,30,0,0
BRDA:247,30,1,0
BRDA:253,31,0,0
BRDA:253,31,1,0
BRDA:262,32,0,0
BRDA:262,32,1,0
BRDA:275,33,0,0
BRDA:275,33,1,0
BRDA:281,34,0,0
BRDA:281,34,1,0
BRDA:291,35,0,0
BRDA:291,35,1,0
BRDA:292,36,0,0
BRDA:292,36,1,0
BRDA:318,37,0,0
BRDA:318,37,1,0
BRDA:323,38,0,0
BRDA:323,38,1,0
BRDA:328,39,0,0
BRDA:328,39,1,0
BRDA:329,40,0,0
BRDA:329,40,1,0
BRDA:330,41,0,0
BRDA:330,41,1,0
BRDA:331,42,0,0
BRDA:331,42,1,0
BRDA:348,43,0,0
BRDA:348,43,1,0
BRF:88
BRH:0
end_of_record
TN:
SF:src/screens/ChatListScreen.tsx
FN:30,ChatListScreen
FN:40,(anonymous_1)
FN:63,(anonymous_2)
FN:66,(anonymous_3)
FN:68,(anonymous_4)
FN:119,(anonymous_5)
FN:124,(anonymous_6)
FN:139,(anonymous_7)
FN:144,(anonymous_8)
FN:190,(anonymous_9)
FN:191,(anonymous_10)
FN:194,(anonymous_11)
FN:248,(anonymous_12)
FN:254,(anonymous_13)
FN:263,(anonymous_14)
FN:276,(anonymous_15)
FN:282,(anonymous_16)
FN:292,(anonymous_17)
FN:293,(anonymous_18)
FN:319,(anonymous_19)
FN:324,(anonymous_20)
FN:329,(anonymous_21)
FN:332,(anonymous_22)
FN:349,(anonymous_23)
FNF:24
FNH:0
FNDA:0,ChatListScreen
FNDA:0,(anonymous_1)
FNDA:0,(anonymous_2)
FNDA:0,(anonymous_3)
FNDA:0,(anonymous_4)
FNDA:0,(anonymous_5)
FNDA:0,(anonymous_6)
FNDA:0,(anonymous_7)
FNDA:0,(anonymous_8)
FNDA:0,(anonymous_9)
FNDA:0,(anonymous_10)
FNDA:0,(anonymous_11)
FNDA:0,(anonymous_12)
FNDA:0,(anonymous_13)
FNDA:0,(anonymous_14)
FNDA:0,(anonymous_15)
FNDA:0,(anonymous_16)
FNDA:0,(anonymous_17)
FNDA:0,(anonymous_18)
FNDA:0,(anonymous_19)
FNDA:0,(anonymous_20)
FNDA:0,(anonymous_21)
FNDA:0,(anonymous_22)
FNDA:0,(anonymous_23)
DA:32,0
DA:33,0
DA:34,0
DA:35,0
DA:36,0
DA:37,0
DA:40,0
DA:41,0
DA:43,0
DA:44,0
DA:45,0
DA:47,0
DA:49,0
DA:50,0
DA:52,0
DA:53,0
DA:55,0
DA:58,0
DA:63,0
DA:64,0
DA:66,0
DA:68,0
DA:71,0
DA:72,0
DA:73,0
DA:77,0
DA:78,0
DA:82,0
DA:83,0
DA:85,0
DA:86,0
DA:87,0
DA:88,0
DA:89,0
DA:90,0
DA:91,0
DA:92,0
DA:93,0
DA:94,0
DA:95,0
DA:96,0
DA:97,0
DA:103,0
DA:105,0
DA:118,0
DA:120,0
DA:124,0
DA:125,0
DA:126,0
DA:127,0
DA:128,0
DA:129,0
DA:131,0
DA:133,0
DA:139,0
DA:140,0
DA:144,0
DA:145,0
DA:147,0
DA:148,0
DA:149,0
DA:151,0
DA:153,0
DA:155,0
DA:159,0
DA:190,0
DA:192,0
DA:194,0
DA:246,0
DA:248,0
DA:251,0
DA:254,0
DA:260,0
DA:263,0
DA:266,0
DA:273,0
DA:276,0
DA:280,0
DA:282,0
DA:287,0
DA:292,0
DA:293,0
DA:296,0
DA:306,0
DA:310,0
DA:316,0
DA:319,0
DA:322,0
DA:324,0
DA:327,0
DA:329,0
DA:332,0
DA:335,0
DA:339,0
DA:345,0
DA:349,0
DA:352,0
DA:358,0
DA:365,0
DA:371,0
LF:100
LH:0
BRDA:41,0,0,0
BRDA:41,0,1,0
BRDA:43,1,0,0
BRDA:43,1,1,0
BRDA:47,2,0,0
BRDA:47,2,1,0
BRDA:50,3,0,0
BRDA:50,3,1,0
BRDA:53,4,0,0
BRDA:53,4,1,0
BRDA:64,5,0,0
BRDA:64,5,1,0
BRDA:68,6,0,0
BRDA:68,6,1,0
BRDA:72,7,0,0
BRDA:72,7,1,0
BRDA:72,8,0,0
BRDA:72,8,1,0
BRDA:73,9,0,0
BRDA:73,9,1,0
BRDA:77,10,0,0
BRDA:77,10,1,0
BRDA:85,11,0,0
BRDA:85,11,1,0
BRDA:86,12,0,0
BRDA:86,12,1,0
BRDA:89,13,0,0
BRDA:89,13,1,0
BRDA:92,14,0,0
BRDA:92,14,1,0
BRDA:95,15,0,0
BRDA:95,15,1,0
BRDA:103,16,0,0
BRDA:103,16,1,0
BRDA:109,17,0,0
BRDA:109,17,1,0
BRDA:125,18,0,0
BRDA:125,18,1,0
BRDA:145,19,0,0
BRDA:145,19,1,0
BRDA:164,20,0,0
BRDA:164,20,1,0
BRDA:170,21,0,0
BRDA:170,21,1,0
BRDA:176,22,0,0
BRDA:176,22,1,0
BRDA:180,23,0,0
BRDA:180,23,1,0
BRDA:205,24,0,0
BRDA:205,24,1,0
BRDA:219,25,0,0
BRDA:219,25,1,0
BRDA:222,26,0,0
BRDA:222,26,1,0
BRDA:222,27,0,0
BRDA:222,27,1,0
BRDA:248,28,0,0
BRDA:248,28,1,0
BRDA:254,29,0,0
BRDA:254,29,1,0
BRDA:263,30,0,0
BRDA:263,30,1,0
BRDA:276,31,0,0
BRDA:276,31,1,0
BRDA:282,32,0,0
BRDA:282,32,1,0
BRDA:292,33,0,0
BRDA:292,33,1,0
BRDA:293,34,0,0
BRDA:293,34,1,0
BRDA:319,35,0,0
BRDA:319,35,1,0
BRDA:324,36,0,0
BRDA:324,36,1,0
BRDA:329,37,0,0
BRDA:329,37,1,0
BRDA:330,38,0,0
BRDA:330,38,1,0
BRDA:331,39,0,0
BRDA:331,39,1,0
BRDA:332,40,0,0
BRDA:332,40,1,0
BRDA:349,41,0,0
BRDA:349,41,1,0
BRF:84
BRH:0
end_of_record
TN:
SF:src/screens/DebugImageViewerScreen.tsx
FN:11,DebugImageViewerScreen
FN:14,(anonymous_1)
FN:52,(anonymous_2)
FNF:3
FNH:0
FNDA:0,DebugImageViewerScreen
FNDA:0,(anonymous_1)
FNDA:0,(anonymous_2)
DA:12,0
DA:14,0
DA:15,0
DA:18,0
DA:32,0
DA:38,0
DA:52,0
DA:60,0
LF:8
LH:0
BRF:0
BRH:0
end_of_record
TN:
SF:src/screens/DiscoverScreen.tsx
FN:39,DiscoverScreenWithProvider
FN:48,DiscoverScreen
FN:61,(anonymous_2)
FN:95,(anonymous_3)
FN:100,(anonymous_4)
FN:107,(anonymous_5)
FN:111,(anonymous_6)
FN:124,(anonymous_7)
FN:133,(anonymous_8)
FN:138,(anonymous_9)
FN:144,(anonymous_10)
FN:162,(anonymous_11)
FN:197,(anonymous_12)
FN:272,(anonymous_13)
FN:314,(anonymous_14)
FN:361,(anonymous_15)
FN:365,(anonymous_16)
FN:366,(anonymous_17)
FN:376,(anonymous_18)
FN:387,(anonymous_19)
FN:394,(anonymous_20)
FN:400,(anonymous_21)
FN:406,(anonymous_22)
FN:418,(anonymous_23)
FN:428,(anonymous_24)
FN:454,(anonymous_25)
FN:460,(anonymous_26)
FN:466,(anonymous_27)
FN:475,(anonymous_28)
FN:476,(anonymous_29)
FN:477,(anonymous_30)
FN:484,(anonymous_31)
FN:502,(anonymous_32)
FN:505,(anonymous_33)
FN:506,(anonymous_34)
FN:524,(anonymous_35)
FN:545,(anonymous_36)
FNF:37
FNH:0
FNDA:0,DiscoverScreenWithProvider
FNDA:0,DiscoverScreen
FNDA:0,(anonymous_2)
FNDA:0,(anonymous_3)
FNDA:0,(anonymous_4)
FNDA:0,(anonymous_5)
FNDA:0,(anonymous_6)
FNDA:0,(anonymous_7)
FNDA:0,(anonymous_8)
FNDA:0,(anonymous_9)
FNDA:0,(anonymous_10)
FNDA:0,(anonymous_11)
FNDA:0,(anonymous_12)
FNDA:0,(anonymous_13)
FNDA:0,(anonymous_14)
FNDA:0,(anonymous_15)
FNDA:0,(anonymous_16)
FNDA:0,(anonymous_17)
FNDA:0,(anonymous_18)
FNDA:0,(anonymous_19)
FNDA:0,(anonymous_20)
FNDA:0,(anonymous_21)
FNDA:0,(anonymous_22)
FNDA:0,(anonymous_23)
FNDA:0,(anonymous_24)
FNDA:0,(anonymous_25)
FNDA:0,(anonymous_26)
FNDA:0,(anonymous_27)
FNDA:0,(anonymous_28)
FNDA:0,(anonymous_29)
FNDA:0,(anonymous_30)
FNDA:0,(anonymous_31)
FNDA:0,(anonymous_32)
FNDA:0,(anonymous_33)
FNDA:0,(anonymous_34)
FNDA:0,(anonymous_35)
FNDA:0,(anonymous_36)
DA:36,0
DA:40,0
DA:50,0
DA:51,0
DA:52,0
DA:53,0
DA:56,0
DA:57,0
DA:60,0
DA:61,0
DA:64,0
DA:65,0
DA:66,0
DA:69,0
DA:78,0
DA:89,0
DA:92,0
DA:95,0
DA:100,0
DA:101,0
DA:102,0
DA:107,0
DA:109,0
DA:111,0
DA:113,0
DA:114,0
DA:115,0
DA:116,0
DA:120,0
DA:123,0
DA:124,0
DA:128,0
DA:133,0
DA:134,0
DA:138,0
DA:139,0
DA:140,0
DA:144,0
DA:145,0
DA:146,0
DA:147,0
DA:150,0
DA:151,0
DA:152,0
DA:157,0
DA:158,0
DA:162,0
DA:171,0
DA:172,0
DA:182,0
DA:198,0
DA:272,0
DA:314,0
DA:359,0
DA:361,0
DA:364,0
DA:365,0
DA:366,0
DA:369,0
DA:373,0
DA:376,0
DA:379,0
DA:385,0
DA:387,0
DA:390,0
DA:394,0
DA:397,0
DA:400,0
DA:404,0
DA:406,0
DA:410,0
DA:418,0
DA:422,0
DA:429,0
DA:438,0
DA:442,0
DA:450,0
DA:454,0
DA:457,0
DA:460,0
DA:464,0
DA:466,0
DA:470,0
DA:475,0
DA:476,0
DA:477,0
DA:480,0
DA:484,0
DA:489,0
DA:495,0
DA:503,0
DA:505,0
DA:506,0
DA:509,0
DA:515,0
DA:521,0
DA:524,0
DA:527,0
DA:536,0
DA:543,0
DA:545,0
DA:549,0
DA:555,0
LF:103
LH:0
BRDA:57,0,0,0
BRDA:57,0,1,0
BRDA:92,1,0,0
BRDA:92,1,1,0
BRDA:101,2,0,0
BRDA:101,2,1,0
BRDA:113,3,0,0
BRDA:113,3,1,0
BRDA:113,4,0,0
BRDA:113,4,1,0
BRDA:123,5,0,0
BRDA:123,5,1,0
BRDA:139,6,0,0
BRDA:139,6,1,0
BRDA:145,7,0,0
BRDA:145,7,1,0
BRDA:151,8,0,0
BRDA:151,8,1,0
BRDA:157,9,0,0
BRDA:157,9,1,0
BRDA:171,10,0,0
BRDA:171,10,1,0
BRDA:171,11,0,0
BRDA:171,11,1,0
BRDA:189,12,0,0
BRDA:189,12,1,0
BRDA:208,13,0,0
BRDA:208,13,1,0
BRDA:215,14,0,0
BRDA:215,14,1,0
BRDA:226,15,0,0
BRDA:226,15,1,0
BRDA:243,16,0,0
BRDA:243,16,1,0
BRDA:302,17,0,0
BRDA:302,17,1,0
BRDA:323,18,0,0
BRDA:323,18,1,0
BRDA:325,19,0,0
BRDA:325,19,1,0
BRDA:361,20,0,0
BRDA:361,20,1,0
BRDA:376,21,0,0
BRDA:376,21,1,0
BRDA:387,22,0,0
BRDA:387,22,1,0
BRDA:394,23,0,0
BRDA:394,23,1,0
BRDA:400,24,0,0
BRDA:400,24,1,0
BRDA:406,25,0,0
BRDA:406,25,1,0
BRDA:418,26,0,0
BRDA:418,26,1,0
BRDA:419,27,0,0
BRDA:419,27,1,0
BRDA:429,28,0,0
BRDA:429,28,1,0
BRDA:430,29,0,0
BRDA:430,29,1,0
BRDA:454,30,0,0
BRDA:454,30,1,0
BRDA:460,31,0,0
BRDA:460,31,1,0
BRDA:466,32,0,0
BRDA:466,32,1,0
BRDA:475,33,0,0
BRDA:475,33,1,0
BRDA:476,34,0,0
BRDA:476,34,1,0
BRDA:477,35,0,0
BRDA:477,35,1,0
BRDA:484,36,0,0
BRDA:484,36,1,0
BRDA:485,37,0,0
BRDA:485,37,1,0
BRDA:486,38,0,0
BRDA:486,38,1,0
BRDA:503,39,0,0
BRDA:503,39,1,0
BRDA:504,40,0,0
BRDA:504,40,1,0
BRDA:505,41,0,0
BRDA:505,41,1,0
BRDA:506,42,0,0
BRDA:506,42,1,0
BRDA:524,43,0,0
BRDA:524,43,1,0
BRDA:545,44,0,0
BRDA:545,44,1,0
BRF:90
BRH:0
end_of_record
TN:
SF:src/screens/ImageViewerScreen.tsx
FN:21,ImageViewerScreen
FN:35,(anonymous_1)
FN:47,(anonymous_2)
FN:52,(anonymous_3)
FN:58,(anonymous_4)
FN:69,(anonymous_5)
FN:80,(anonymous_6)
FN:86,(anonymous_7)
FN:92,(anonymous_8)
FN:102,(anonymous_9)
FN:105,(anonymous_10)
FN:109,(anonymous_11)
FNF:12
FNH:0
FNDA:0,ImageViewerScreen
FNDA:0,(anonymous_1)
FNDA:0,(anonymous_2)
FNDA:0,(anonymous_3)
FNDA:0,(anonymous_4)
FNDA:0,(anonymous_5)
FNDA:0,(anonymous_6)
FNDA:0,(anonymous_7)
FNDA:0,(anonymous_8)
FNDA:0,(anonymous_9)
FNDA:0,(anonymous_10)
FNDA:0,(anonymous_11)
DA:22,0
DA:23,0
DA:24,0
DA:27,0
DA:30,0
DA:31,0
DA:32,0
DA:35,0
DA:36,0
DA:37,0
DA:38,0
DA:40,0
DA:41,0
DA:42,0
DA:47,0
DA:48,0
DA:52,0
DA:53,0
DA:54,0
DA:58,0
DA:59,0
DA:60,0
DA:61,0
DA:62,0
DA:64,0
DA:69,0
DA:70,0
DA:71,0
DA:72,0
DA:73,0
DA:75,0
DA:80,0
DA:81,0
DA:82,0
DA:86,0
DA:87,0
DA:88,0
DA:92,0
DA:93,0
DA:94,0
DA:95,0
DA:99,0
DA:102,0
DA:104,0
DA:105,0
DA:109,0
DA:110,0
DA:111,0
DA:113,0
DA:117,0
DA:225,0
LF:51
LH:0
BRDA:27,0,0,0
BRDA:27,1,0,0
BRDA:27,2,0,0
BRDA:27,2,1,0
BRDA:40,3,0,0
BRDA:40,3,1,0
BRDA:59,4,0,0
BRDA:59,4,1,0
BRDA:70,5,0,0
BRDA:70,5,1,0
BRDA:110,6,0,0
BRDA:110,6,1,0
BRDA:118,7,0,0
BRDA:118,7,1,0
BRDA:128,8,0,0
BRDA:128,8,1,0
BRDA:138,9,0,0
BRDA:138,9,1,0
BRDA:150,10,0,0
BRDA:150,10,1,0
BRDA:162,11,0,0
BRDA:162,11,1,0
BRDA:164,12,0,0
BRDA:164,12,1,0
BRDA:170,13,0,0
BRDA:170,13,1,0
BRDA:170,13,2,0
BRDA:191,14,0,0
BRDA:191,14,1,0
BRDA:202,15,0,0
BRDA:202,15,1,0
BRDA:214,16,0,0
BRDA:214,16,1,0
BRDA:232,17,0,0
BRDA:232,17,1,0
BRDA:259,18,0,0
BRDA:259,18,1,0
BRF:37
BRH:0
end_of_record
TN:
SF:src/screens/LogInScreen.tsx
FN:13,LogInScreen
FN:28,(anonymous_1)
FN:29,(anonymous_2)
FN:59,(anonymous_3)
FN:85,(anonymous_4)
FN:103,(anonymous_5)
FN:108,(anonymous_6)
FN:134,(anonymous_7)
FN:171,(anonymous_8)
FN:219,(anonymous_9)
FN:238,(anonymous_10)
FN:261,(anonymous_11)
FN:268,(anonymous_12)
FN:269,(anonymous_13)
FN:270,(anonymous_14)
FN:296,(anonymous_15)
FN:315,(anonymous_16)
FN:319,(anonymous_17)
FN:340,(anonymous_18)
FNF:19
FNH:0
FNDA:0,LogInScreen
FNDA:0,(anonymous_1)
FNDA:0,(anonymous_2)
FNDA:0,(anonymous_3)
FNDA:0,(anonymous_4)
FNDA:0,(anonymous_5)
FNDA:0,(anonymous_6)
FNDA:0,(anonymous_7)
FNDA:0,(anonymous_8)
FNDA:0,(anonymous_9)
FNDA:0,(anonymous_10)
FNDA:0,(anonymous_11)
FNDA:0,(anonymous_12)
FNDA:0,(anonymous_13)
FNDA:0,(anonymous_14)
FNDA:0,(anonymous_15)
FNDA:0,(anonymous_16)
FNDA:0,(anonymous_17)
FNDA:0,(anonymous_18)
DA:14,0
DA:15,0
DA:16,0
DA:17,0
DA:19,0
DA:20,0
DA:21,0
DA:22,0
DA:28,0
DA:29,0
DA:30,0
DA:31,0
DA:33,0
DA:34,0
DA:37,0
DA:40,0
DA:41,0
DA:44,0
DA:47,0
DA:49,0
DA:54,0
DA:55,0
DA:59,0
DA:60,0
DA:61,0
DA:67,0
DA:68,0
DA:69,0
DA:70,0
DA:71,0
DA:72,0
DA:76,0
DA:77,0
DA:78,0
DA:81,0
DA:82,0
DA:85,0
DA:86,0
DA:88,0
DA:89,0
DA:91,0
DA:94,0
DA:95,0
DA:99,0
DA:103,0
DA:105,0
DA:108,0
DA:110,0
DA:114,0
DA:115,0
DA:124,0
DA:134,0
DA:171,0
DA:219,0
DA:236,0
DA:238,0
DA:241,0
DA:247,0
DA:253,0
DA:258,0
DA:261,0
DA:264,0
DA:268,0
DA:269,0
DA:270,0
DA:273,0
DA:279,0
DA:290,0
DA:296,0
DA:299,0
DA:305,0
DA:312,0
DA:315,0
DA:318,0
DA:319,0
DA:324,0
DA:330,0
DA:338,0
DA:340,0
DA:343,0
DA:349,0
LF:81
LH:0
BRDA:30,0,0,0
BRDA:30,0,1,0
BRDA:34,1,0,0
BRDA:34,1,1,0
BRDA:40,2,0,0
BRDA:40,2,1,0
BRDA:40,3,0,0
BRDA:40,3,1,0
BRDA:54,4,0,0
BRDA:54,4,1,0
BRDA:54,5,0,0
BRDA:54,5,1,0
BRDA:67,6,0,0
BRDA:67,6,1,0
BRDA:70,7,0,0
BRDA:70,7,1,0
BRDA:76,8,0,0
BRDA:76,8,1,0
BRDA:86,9,0,0
BRDA:86,9,1,0
BRDA:97,10,0,0
BRDA:97,10,1,0
BRDA:114,11,0,0
BRDA:114,11,1,0
BRDA:114,12,0,0
BRDA:114,12,1,0
BRDA:114,12,2,0
BRDA:127,13,0,0
BRDA:127,13,1,0
BRDA:151,14,0,0
BRDA:151,14,1,0
BRDA:167,15,0,0
BRDA:167,15,1,0
BRDA:187,16,0,0
BRDA:187,16,1,0
BRDA:238,17,0,0
BRDA:238,17,1,0
BRDA:261,18,0,0
BRDA:261,18,1,0
BRDA:268,19,0,0
BRDA:268,19,1,0
BRDA:269,20,0,0
BRDA:269,20,1,0
BRDA:270,21,0,0
BRDA:270,21,1,0
BRDA:296,22,0,0
BRDA:296,22,1,0
BRDA:315,23,0,0
BRDA:315,23,1,0
BRDA:319,24,0,0
BRDA:319,24,1,0
BRDA:340,25,0,0
BRDA:340,25,1,0
BRF:53
BRH:0
end_of_record
TN:
SF:src/screens/MainFeedScreen.tsx
FN:22,MainFeedScreen
FNF:1
FNH:0
FNDA:0,MainFeedScreen
DA:8,0
DA:23,0
LF:2
LH:0
BRF:0
BRH:0
end_of_record
TN:
SF:src/screens/MediaPreviewScreen.tsx
FN:38,MediaPreviewScreen
FN:73,(anonymous_1)
FN:88,(anonymous_2)
FN:194,(anonymous_3)
FN:215,(anonymous_4)
FN:244,(anonymous_5)
FN:245,(anonymous_6)
FN:248,(anonymous_7)
FN:292,(anonymous_8)
FN:307,(anonymous_9)
FN:318,(anonymous_10)
FN:327,(anonymous_11)
FN:382,(anonymous_12)
FN:412,(anonymous_13)
FN:422,(anonymous_14)
FN:426,(anonymous_15)
FNF:16
FNH:0
FNDA:0,MediaPreviewScreen
FNDA:0,(anonymous_1)
FNDA:0,(anonymous_2)
FNDA:0,(anonymous_3)
FNDA:0,(anonymous_4)
FNDA:0,(anonymous_5)
FNDA:0,(anonymous_6)
FNDA:0,(anonymous_7)
FNDA:0,(anonymous_8)
FNDA:0,(anonymous_9)
FNDA:0,(anonymous_10)
FNDA:0,(anonymous_11)
FNDA:0,(anonymous_12)
FNDA:0,(anonymous_13)
FNDA:0,(anonymous_14)
FNDA:0,(anonymous_15)
DA:39,0
DA:40,0
DA:41,0
DA:43,0
DA:46,0
DA:49,0
DA:50,0
DA:51,0
DA:54,0
DA:55,0
DA:56,0
DA:57,0
DA:58,0
DA:61,0
DA:62,0
DA:64,0
DA:73,0
DA:83,0
DA:84,0
DA:86,0
DA:88,0
DA:89,0
DA:91,0
DA:92,0
DA:93,0
DA:94,0
DA:95,0
DA:97,0
DA:98,0
DA:99,0
DA:101,0
DA:102,0
DA:105,0
DA:106,0
DA:107,0
DA:108,0
DA:110,0
DA:111,0
DA:113,0
DA:114,0
DA:116,0
DA:117,0
DA:118,0
DA:120,0
DA:121,0
DA:123,0
DA:124,0
DA:128,0
DA:129,0
DA:130,0
DA:131,0
DA:135,0
DA:137,0
DA:138,0
DA:139,0
DA:141,0
DA:142,0
DA:143,0
DA:144,0
DA:146,0
DA:152,0
DA:171,0
DA:174,0
DA:175,0
DA:178,0
DA:179,0
DA:181,0
DA:182,0
DA:183,0
DA:184,0
DA:186,0
DA:189,0
DA:194,0
DA:215,0
DA:244,0
DA:246,0
DA:248,0
DA:290,0
DA:292,0
DA:295,0
DA:304,0
DA:307,0
DA:310,0
DA:316,0
DA:318,0
DA:321,0
DA:327,0
DA:330,0
DA:337,0
DA:344,0
DA:351,0
DA:358,0
DA:368,0
DA:377,0
DA:382,0
DA:387,0
DA:392,0
DA:403,0
DA:408,0
DA:412,0
DA:418,0
DA:422,0
DA:425,0
DA:426,0
DA:431,0
DA:443,0
DA:449,0
DA:460,0
DA:467,0
LF:109
LH:0
BRDA:46,0,0,0
BRDA:46,1,0,0
BRDA:46,2,0,0
BRDA:46,2,1,0
BRDA:49,3,0,0
BRDA:49,3,1,0
BRDA:50,4,0,0
BRDA:50,4,1,0
BRDA:61,5,0,0
BRDA:61,5,1,0
BRDA:61,6,0,0
BRDA:61,6,1,0
BRDA:66,7,0,0
BRDA:66,7,1,0
BRDA:68,8,0,0
BRDA:68,8,1,0
BRDA:83,9,0,0
BRDA:83,9,1,0
BRDA:89,10,0,0
BRDA:89,10,1,0
BRDA:124,11,0,0
BRDA:124,11,1,0
BRDA:128,12,0,0
BRDA:128,12,1,0
BRDA:153,13,0,0
BRDA:153,13,1,0
BRDA:155,14,0,0
BRDA:155,14,1,0
BRDA:157,15,0,0
BRDA:157,15,1,0
BRDA:158,16,0,0
BRDA:158,16,1,0
BRDA:160,17,0,0
BRDA:160,17,1,0
BRDA:161,18,0,0
BRDA:161,18,1,0
BRDA:164,19,0,0
BRDA:164,19,1,0
BRDA:181,20,0,0
BRDA:181,20,1,0
BRDA:191,21,0,0
BRDA:191,21,1,0
BRDA:200,22,0,0
BRDA:200,22,1,0
BRDA:205,23,0,0
BRDA:205,23,1,0
BRDA:212,24,0,0
BRDA:212,24,1,0
BRDA:222,25,0,0
BRDA:222,25,1,0
BRDA:240,26,0,0
BRDA:240,26,1,0
BRDA:255,27,0,0
BRDA:255,27,1,0
BRDA:270,28,0,0
BRDA:270,28,1,0
BRDA:292,29,0,0
BRDA:292,29,1,0
BRDA:307,30,0,0
BRDA:307,30,1,0
BRDA:318,31,0,0
BRDA:318,31,1,0
BRDA:327,32,0,0
BRDA:327,32,1,0
BRDA:382,33,0,0
BRDA:382,33,1,0
BRDA:412,34,0,0
BRDA:412,34,1,0
BRDA:422,35,0,0
BRDA:422,35,1,0
BRDA:426,36,0,0
BRDA:426,36,1,0
BRF:72
BRH:0
end_of_record
TN:
SF:src/screens/ProfileScreen.fixed.tsx
FN:22,ProfileScreen
FN:32,(anonymous_1)
FN:33,(anonymous_2)
FN:58,(anonymous_3)
FN:73,(anonymous_4)
FN:89,(anonymous_5)
FN:136,(anonymous_6)
FN:262,(anonymous_7)
FN:274,(anonymous_8)
FN:280,(anonymous_9)
FN:301,(anonymous_10)
FN:323,(anonymous_11)
FN:333,(anonymous_12)
FN:338,(anonymous_13)
FN:347,(anonymous_14)
FN:352,(anonymous_15)
FN:357,(anonymous_16)
FNF:17
FNH:0
FNDA:0,ProfileScreen
FNDA:0,(anonymous_1)
FNDA:0,(anonymous_2)
FNDA:0,(anonymous_3)
FNDA:0,(anonymous_4)
FNDA:0,(anonymous_5)
FNDA:0,(anonymous_6)
FNDA:0,(anonymous_7)
FNDA:0,(anonymous_8)
FNDA:0,(anonymous_9)
FNDA:0,(anonymous_10)
FNDA:0,(anonymous_11)
FNDA:0,(anonymous_12)
FNDA:0,(anonymous_13)
FNDA:0,(anonymous_14)
FNDA:0,(anonymous_15)
FNDA:0,(anonymous_16)
DA:23,0
DA:24,0
DA:26,0
DA:27,0
DA:28,0
DA:29,0
DA:32,0
DA:33,0
DA:34,0
DA:36,0
DA:37,0
DA:38,0
DA:40,0
DA:41,0
DA:42,0
DA:43,0
DA:44,0
DA:47,0
DA:48,0
DA:50,0
DA:54,0
DA:58,0
DA:59,0
DA:60,0
DA:62,0
DA:67,0
DA:68,0
DA:73,0
DA:74,0
DA:89,0
DA:90,0
DA:92,0
DA:94,0
DA:95,0
DA:100,0
DA:101,0
DA:108,0
DA:109,0
DA:118,0
DA:136,0
DA:260,0
DA:262,0
DA:265,0
DA:271,0
DA:274,0
DA:277,0
DA:280,0
DA:283,0
DA:288,0
DA:298,0
DA:301,0
DA:305,0
DA:311,0
DA:316,0
DA:320,0
DA:323,0
DA:327,0
DA:333,0
DA:336,0
DA:338,0
DA:341,0
DA:347,0
DA:350,0
DA:352,0
DA:355,0
DA:357,0
DA:360,0
DA:366,0
LF:68
LH:0
BRDA:34,0,0,0
BRDA:34,0,1,0
BRDA:40,1,0,0
BRDA:40,1,1,0
BRDA:43,2,0,0
BRDA:43,2,1,0
BRDA:90,3,0,0
BRDA:90,3,1,0
BRDA:108,4,0,0
BRDA:108,4,1,0
BRDA:129,5,0,0
BRDA:129,5,1,0
BRDA:133,6,0,0
BRDA:133,6,1,0
BRDA:155,7,0,0
BRDA:155,7,1,0
BRDA:169,8,0,0
BRDA:169,8,1,0
BRDA:262,9,0,0
BRDA:262,9,1,0
BRDA:274,10,0,0
BRDA:274,10,1,0
BRDA:280,11,0,0
BRDA:280,11,1,0
BRDA:301,12,0,0
BRDA:301,12,1,0
BRDA:323,13,0,0
BRDA:323,13,1,0
BRDA:333,14,0,0
BRDA:333,14,1,0
BRDA:338,15,0,0
BRDA:338,15,1,0
BRDA:347,16,0,0
BRDA:347,16,1,0
BRDA:352,17,0,0
BRDA:352,17,1,0
BRDA:357,18,0,0
BRDA:357,18,1,0
BRF:38
BRH:0
end_of_record
TN:
SF:src/screens/ProfileScreen.tsx
FN:23,ProfileScreen
FN:33,(anonymous_1)
FN:34,(anonymous_2)
FN:59,(anonymous_3)
FN:74,(anonymous_4)
FN:90,(anonymous_5)
FN:243,(anonymous_6)
FN:255,(anonymous_7)
FN:261,(anonymous_8)
FN:282,(anonymous_9)
FN:304,(anonymous_10)
FN:314,(anonymous_11)
FN:319,(anonymous_12)
FN:328,(anonymous_13)
FN:333,(anonymous_14)
FN:338,(anonymous_15)
FNF:16
FNH:0
FNDA:0,ProfileScreen
FNDA:0,(anonymous_1)
FNDA:0,(anonymous_2)
FNDA:0,(anonymous_3)
FNDA:0,(anonymous_4)
FNDA:0,(anonymous_5)
FNDA:0,(anonymous_6)
FNDA:0,(anonymous_7)
FNDA:0,(anonymous_8)
FNDA:0,(anonymous_9)
FNDA:0,(anonymous_10)
FNDA:0,(anonymous_11)
FNDA:0,(anonymous_12)
FNDA:0,(anonymous_13)
FNDA:0,(anonymous_14)
FNDA:0,(anonymous_15)
DA:24,0
DA:25,0
DA:27,0
DA:28,0
DA:29,0
DA:30,0
DA:33,0
DA:34,0
DA:35,0
DA:37,0
DA:38,0
DA:39,0
DA:41,0
DA:42,0
DA:43,0
DA:44,0
DA:45,0
DA:48,0
DA:49,0
DA:51,0
DA:55,0
DA:59,0
DA:60,0
DA:61,0
DA:63,0
DA:68,0
DA:69,0
DA:74,0
DA:75,0
DA:90,0
DA:91,0
DA:93,0
DA:95,0
DA:96,0
DA:101,0
DA:102,0
DA:111,0
DA:112,0
DA:123,0
DA:241,0
DA:243,0
DA:246,0
DA:252,0
DA:255,0
DA:258,0
DA:261,0
DA:264,0
DA:269,0
DA:279,0
DA:282,0
DA:286,0
DA:292,0
DA:297,0
DA:301,0
DA:304,0
DA:308,0
DA:314,0
DA:317,0
DA:319,0
DA:322,0
DA:328,0
DA:331,0
DA:333,0
DA:336,0
DA:338,0
DA:341,0
DA:347,0
LF:67
LH:0
BRDA:35,0,0,0
BRDA:35,0,1,0
BRDA:41,1,0,0
BRDA:41,1,1,0
BRDA:44,2,0,0
BRDA:44,2,1,0
BRDA:91,3,0,0
BRDA:91,3,1,0
BRDA:111,4,0,0
BRDA:111,4,1,0
BRDA:135,5,0,0
BRDA:135,5,1,0
BRDA:139,6,0,0
BRDA:139,6,1,0
BRDA:243,7,0,0
BRDA:243,7,1,0
BRDA:255,8,0,0
BRDA:255,8,1,0
BRDA:261,9,0,0
BRDA:261,9,1,0
BRDA:282,10,0,0
BRDA:282,10,1,0
BRDA:304,11,0,0
BRDA:304,11,1,0
BRDA:314,12,0,0
BRDA:314,12,1,0
BRDA:319,13,0,0
BRDA:319,13,1,0
BRDA:328,14,0,0
BRDA:328,14,1,0
BRDA:333,15,0,0
BRDA:333,15,1,0
BRDA:338,16,0,0
BRDA:338,16,1,0
BRF:34
BRH:0
end_of_record
TN:
SF:src/screens/SignUpScreen.tsx
FN:11,SignUpScreen
FN:29,(anonymous_1)
FN:72,(anonymous_2)
FN:90,(anonymous_3)
FN:95,(anonymous_4)
FN:110,(anonymous_5)
FN:166,(anonymous_6)
FN:182,(anonymous_7)
FN:236,(anonymous_8)
FN:255,(anonymous_9)
FN:272,(anonymous_10)
FN:279,(anonymous_11)
FN:280,(anonymous_12)
FN:281,(anonymous_13)
FN:304,(anonymous_14)
FN:305,(anonymous_15)
FN:319,(anonymous_16)
FN:333,(anonymous_17)
FN:352,(anonymous_18)
FN:356,(anonymous_19)
FN:377,(anonymous_20)
FNF:21
FNH:0
FNDA:0,SignUpScreen
FNDA:0,(anonymous_1)
FNDA:0,(anonymous_2)
FNDA:0,(anonymous_3)
FNDA:0,(anonymous_4)
FNDA:0,(anonymous_5)
FNDA:0,(anonymous_6)
FNDA:0,(anonymous_7)
FNDA:0,(anonymous_8)
FNDA:0,(anonymous_9)
FNDA:0,(anonymous_10)
FNDA:0,(anonymous_11)
FNDA:0,(anonymous_12)
FNDA:0,(anonymous_13)
FNDA:0,(anonymous_14)
FNDA:0,(anonymous_15)
FNDA:0,(anonymous_16)
FNDA:0,(anonymous_17)
FNDA:0,(anonymous_18)
FNDA:0,(anonymous_19)
FNDA:0,(anonymous_20)
DA:12,0
DA:13,0
DA:14,0
DA:16,0
DA:17,0
DA:18,0
DA:19,0
DA:20,0
DA:21,0
DA:22,0
DA:29,0
DA:30,0
DA:31,0
DA:39,0
DA:40,0
DA:41,0
DA:42,0
DA:43,0
DA:44,0
DA:48,0
DA:49,0
DA:50,0
DA:51,0
DA:52,0
DA:53,0
DA:57,0
DA:58,0
DA:59,0
DA:63,0
DA:64,0
DA:65,0
DA:68,0
DA:69,0
DA:72,0
DA:73,0
DA:75,0
DA:76,0
DA:77,0
DA:78,0
DA:80,0
DA:81,0
DA:86,0
DA:90,0
DA:92,0
DA:95,0
DA:97,0
DA:100,0
DA:110,0
DA:166,0
DA:182,0
DA:236,0
DA:253,0
DA:255,0
DA:258,0
DA:264,0
DA:269,0
DA:272,0
DA:275,0
DA:279,0
DA:280,0
DA:281,0
DA:284,0
DA:290,0
DA:295,0
DA:300,0
DA:304,0
DA:305,0
DA:311,0
DA:316,0
DA:319,0
DA:326,0
DA:333,0
DA:336,0
DA:342,0
DA:349,0
DA:352,0
DA:355,0
DA:356,0
DA:361,0
DA:367,0
DA:375,0
DA:377,0
DA:380,0
DA:386,0
LF:84
LH:0
BRDA:39,0,0,0
BRDA:39,0,1,0
BRDA:42,1,0,0
BRDA:42,1,1,0
BRDA:48,2,0,0
BRDA:48,2,1,0
BRDA:51,3,0,0
BRDA:51,3,1,0
BRDA:57,4,0,0
BRDA:57,4,1,0
BRDA:63,5,0,0
BRDA:63,5,1,0
BRDA:63,6,0,0
BRDA:63,6,1,0
BRDA:73,7,0,0
BRDA:73,7,1,0
BRDA:83,8,0,0
BRDA:83,8,1,0
BRDA:103,9,0,0
BRDA:103,9,1,0
BRDA:127,10,0,0
BRDA:127,10,1,0
BRDA:143,11,0,0
BRDA:143,11,1,0
BRDA:159,12,0,0
BRDA:159,12,1,0
BRDA:170,13,0,0
BRDA:170,13,1,0
BRDA:186,14,0,0
BRDA:186,14,1,0
BRDA:194,15,0,0
BRDA:194,15,1,0
BRDA:204,16,0,0
BRDA:204,16,1,0
BRDA:255,17,0,0
BRDA:255,17,1,0
BRDA:272,18,0,0
BRDA:272,18,1,0
BRDA:279,19,0,0
BRDA:279,19,1,0
BRDA:280,20,0,0
BRDA:280,20,1,0
BRDA:281,21,0,0
BRDA:281,21,1,0
BRDA:304,22,0,0
BRDA:304,22,1,0
BRDA:305,23,0,0
BRDA:305,23,1,0
BRDA:319,24,0,0
BRDA:319,24,1,0
BRDA:333,25,0,0
BRDA:333,25,1,0
BRDA:352,26,0,0
BRDA:352,26,1,0
BRDA:356,27,0,0
BRDA:356,27,1,0
BRDA:377,28,0,0
BRDA:377,28,1,0
BRF:58
BRH:0
end_of_record
TN:
SF:src/screens/VideoIntroScreen.tsx
FN:34,VideoIntroScreen
FN:55,(anonymous_1)
FN:56,(anonymous_2)
FN:74,(anonymous_3)
FN:86,(anonymous_4)
FN:94,(anonymous_5)
FN:95,(anonymous_6)
FN:113,(anonymous_7)
FN:130,(anonymous_8)
FN:131,(anonymous_9)
FN:170,(anonymous_10)
FN:171,(anonymous_11)
FN:177,(anonymous_12)
FN:184,(anonymous_13)
FN:191,(anonymous_14)
FN:254,(anonymous_15)
FN:371,(anonymous_16)
FN:390,(anonymous_17)
FN:409,(anonymous_18)
FN:415,(anonymous_19)
FN:427,(anonymous_20)
FN:493,(anonymous_21)
FN:497,(anonymous_22)
FN:498,(anonymous_23)
FN:499,(anonymous_24)
FN:500,(anonymous_25)
FN:510,(anonymous_26)
FN:527,(anonymous_27)
FN:531,(anonymous_28)
FN:532,(anonymous_29)
FNF:30
FNH:0
FNDA:0,VideoIntroScreen
FNDA:0,(anonymous_1)
FNDA:0,(anonymous_2)
FNDA:0,(anonymous_3)
FNDA:0,(anonymous_4)
FNDA:0,(anonymous_5)
FNDA:0,(anonymous_6)
FNDA:0,(anonymous_7)
FNDA:0,(anonymous_8)
FNDA:0,(anonymous_9)
FNDA:0,(anonymous_10)
FNDA:0,(anonymous_11)
FNDA:0,(anonymous_12)
FNDA:0,(anonymous_13)
FNDA:0,(anonymous_14)
FNDA:0,(anonymous_15)
FNDA:0,(anonymous_16)
FNDA:0,(anonymous_17)
FNDA:0,(anonymous_18)
FNDA:0,(anonymous_19)
FNDA:0,(anonymous_20)
FNDA:0,(anonymous_21)
FNDA:0,(anonymous_22)
FNDA:0,(anonymous_23)
FNDA:0,(anonymous_24)
FNDA:0,(anonymous_25)
FNDA:0,(anonymous_26)
FNDA:0,(anonymous_27)
FNDA:0,(anonymous_28)
FNDA:0,(anonymous_29)
DA:30,0
DA:35,0
DA:36,0
DA:37,0
DA:38,0
DA:39,0
DA:40,0
DA:42,0
DA:43,0
DA:44,0
DA:45,0
DA:46,0
DA:47,0
DA:48,0
DA:50,0
DA:51,0
DA:52,0
DA:55,0
DA:56,0
DA:57,0
DA:60,0
DA:61,0
DA:62,0
DA:65,0
DA:68,0
DA:70,0
DA:71,0
DA:74,0
DA:78,0
DA:79,0
DA:83,0
DA:86,0
DA:87,0
DA:88,0
DA:94,0
DA:95,0
DA:96,0
DA:97,0
DA:98,0
DA:102,0
DA:104,0
DA:109,0
DA:113,0
DA:114,0
DA:116,0
DA:118,0
DA:119,0
DA:121,0
DA:122,0
DA:123,0
DA:127,0
DA:128,0
DA:130,0
DA:131,0
DA:133,0
DA:134,0
DA:135,0
DA:137,0
DA:139,0
DA:140,0
DA:142,0
DA:144,0
DA:148,0
DA:149,0
DA:155,0
DA:157,0
DA:158,0
DA:159,0
DA:161,0
DA:162,0
DA:163,0
DA:170,0
DA:171,0
DA:172,0
DA:177,0
DA:178,0
DA:179,0
DA:180,0
DA:184,0
DA:185,0
DA:186,0
DA:187,0
DA:191,0
DA:192,0
DA:194,0
DA:196,0
DA:197,0
DA:198,0
DA:199,0
DA:202,0
DA:203,0
DA:206,0
DA:209,0
DA:212,0
DA:214,0
DA:215,0
DA:217,0
DA:220,0
DA:221,0
DA:223,0
DA:228,0
DA:229,0
DA:238,0
DA:239,0
DA:250,0
DA:254,0
DA:369,0
DA:371,0
DA:374,0
DA:380,0
DA:387,0
DA:390,0
DA:393,0
DA:400,0
DA:407,0
DA:409,0
DA:412,0
DA:415,0
DA:418,0
DA:423,0
DA:427,0
DA:430,0
DA:438,0
DA:446,0
DA:457,0
DA:461,0
DA:472,0
DA:478,0
DA:486,0
DA:493,0
DA:496,0
DA:497,0
DA:498,0
DA:499,0
DA:500,0
DA:503,0
DA:510,0
DA:513,0
DA:523,0
DA:527,0
DA:531,0
DA:532,0
DA:535,0
DA:542,0
LF:144
LH:0
BRDA:65,0,0,0
BRDA:65,0,1,0
BRDA:70,1,0,0
BRDA:70,1,1,0
BRDA:87,2,0,0
BRDA:87,2,1,0
BRDA:96,3,0,0
BRDA:96,3,1,0
BRDA:114,4,0,0
BRDA:114,4,1,0
BRDA:116,5,0,0
BRDA:116,5,1,0
BRDA:121,6,0,0
BRDA:121,6,1,0
BRDA:133,7,0,0
BRDA:133,7,1,0
BRDA:134,8,0,0
BRDA:134,8,1,0
BRDA:139,9,0,0
BRDA:139,9,1,0
BRDA:161,10,0,0
BRDA:161,10,1,0
BRDA:172,11,0,0
BRDA:172,11,1,0
BRDA:192,12,0,0
BRDA:192,12,1,0
BRDA:192,13,0,0
BRDA:192,13,1,0
BRDA:214,14,0,0
BRDA:214,14,1,0
BRDA:228,15,0,0
BRDA:228,15,1,0
BRDA:238,16,0,0
BRDA:238,16,1,0
BRDA:271,17,0,0
BRDA:271,17,1,0
BRDA:281,18,0,0
BRDA:281,18,1,0
BRDA:296,19,0,0
BRDA:296,19,1,0
BRDA:306,20,0,0
BRDA:306,20,1,0
BRDA:328,21,0,0
BRDA:328,21,1,0
BRDA:352,22,0,0
BRDA:352,22,1,0
BRDA:354,23,0,0
BRDA:354,23,1,0
BRDA:371,24,0,0
BRDA:371,24,1,0
BRDA:390,25,0,0
BRDA:390,25,1,0
BRDA:409,26,0,0
BRDA:409,26,1,0
BRDA:415,27,0,0
BRDA:415,27,1,0
BRDA:427,28,0,0
BRDA:427,28,1,0
BRDA:493,29,0,0
BRDA:493,29,1,0
BRDA:497,30,0,0
BRDA:497,30,1,0
BRDA:498,31,0,0
BRDA:498,31,1,0
BRDA:499,32,0,0
BRDA:499,32,1,0
BRDA:500,33,0,0
BRDA:500,33,1,0
BRDA:510,34,0,0
BRDA:510,34,1,0
BRDA:527,35,0,0
BRDA:527,35,1,0
BRDA:531,36,0,0
BRDA:531,36,1,0
BRDA:532,37,0,0
BRDA:532,37,1,0
BRF:76
BRH:0
end_of_record
TN:
SF:src/screens/WelcomeScreen.tsx
FN:7,WelcomeScreen
FN:12,(anonymous_1)
FN:16,(anonymous_2)
FN:55,(anonymous_3)
FN:96,(anonymous_4)
FNF:5
FNH:0
FNDA:0,WelcomeScreen
FNDA:0,(anonymous_1)
FNDA:0,(anonymous_2)
FNDA:0,(anonymous_3)
FNDA:0,(anonymous_4)
DA:8,0
DA:9,0
DA:10,0
DA:12,0
DA:13,0
DA:16,0
DA:17,0
DA:20,0
DA:50,0
DA:55,0
DA:58,0
DA:65,0
DA:71,0
DA:76,0
DA:84,0
DA:88,0
DA:93,0
DA:96,0
LF:18
LH:0
BRDA:55,0,0,0
BRDA:55,0,1,0
BRDA:96,1,0,0
BRDA:96,1,1,0
BRF:4
BRH:0
end_of_record
TN:
SF:src/screens/__tests__/test-utils.tsx
FN:13,(anonymous_0)
FN:65,(anonymous_1)
FN:107,(anonymous_2)
FN:108,(anonymous_3)
FNF:4
FNH:0
FNDA:0,(anonymous_0)
FNDA:0,(anonymous_1)
FNDA:0,(anonymous_2)
FNDA:0,(anonymous_3)
DA:13,0
DA:17,0
DA:19,0
DA:32,0
DA:58,0
DA:63,0
DA:66,0
DA:67,0
DA:75,0
DA:87,0
DA:91,0
DA:97,0
DA:107,0
DA:108,0
LF:14
LH:0
BRDA:15,0,0,0
BRDA:107,1,0,0
BRF:2
BRH:0
end_of_record
TN:
SF:src/screens/profile-setup/PersonalInfoScreen.tsx
FN:22,PersonalInfoScreen
FN:43,(anonymous_1)
FN:49,(anonymous_2)
FN:96,(anonymous_3)
FN:100,(anonymous_4)
FN:104,(anonymous_5)
FN:108,(anonymous_6)
FN:166,(anonymous_7)
FN:179,(anonymous_8)
FN:192,(anonymous_9)
FN:205,(anonymous_10)
FN:264,(anonymous_11)
FN:275,(anonymous_12)
FN:281,(anonymous_13)
FN:299,(anonymous_14)
FN:306,(anonymous_15)
FN:307,(anonymous_16)
FN:308,(anonymous_17)
FN:333,(anonymous_18)
FN:334,(anonymous_19)
FN:338,(anonymous_20)
FN:339,(anonymous_21)
FN:356,(anonymous_22)
FN:357,(anonymous_23)
FN:373,(anonymous_24)
FN:382,(anonymous_25)
FNF:26
FNH:0
FNDA:0,PersonalInfoScreen
FNDA:0,(anonymous_1)
FNDA:0,(anonymous_2)
FNDA:0,(anonymous_3)
FNDA:0,(anonymous_4)
FNDA:0,(anonymous_5)
FNDA:0,(anonymous_6)
FNDA:0,(anonymous_7)
FNDA:0,(anonymous_8)
FNDA:0,(anonymous_9)
FNDA:0,(anonymous_10)
FNDA:0,(anonymous_11)
FNDA:0,(anonymous_12)
FNDA:0,(anonymous_13)
FNDA:0,(anonymous_14)
FNDA:0,(anonymous_15)
FNDA:0,(anonymous_16)
FNDA:0,(anonymous_17)
FNDA:0,(anonymous_18)
FNDA:0,(anonymous_19)
FNDA:0,(anonymous_20)
FNDA:0,(anonymous_21)
FNDA:0,(anonymous_22)
FNDA:0,(anonymous_23)
FNDA:0,(anonymous_24)
FNDA:0,(anonymous_25)
DA:23,0
DA:24,0
DA:25,0
DA:27,0
DA:34,0
DA:41,0
DA:43,0
DA:44,0
DA:45,0
DA:46,0
DA:49,0
DA:50,0
DA:52,0
DA:53,0
DA:54,0
DA:56,0
DA:57,0
DA:58,0
DA:63,0
DA:81,0
DA:84,0
DA:86,0
DA:90,0
DA:92,0
DA:96,0
DA:97,0
DA:100,0
DA:101,0
DA:104,0
DA:105,0
DA:108,0
DA:109,0
DA:112,0
DA:166,0
DA:179,0
DA:192,0
DA:205,0
DA:262,0
DA:264,0
DA:267,0
DA:272,0
DA:275,0
DA:279,0
DA:281,0
DA:285,0
DA:291,0
DA:296,0
DA:299,0
DA:302,0
DA:306,0
DA:307,0
DA:308,0
DA:311,0
DA:317,0
DA:327,0
DA:333,0
DA:334,0
DA:337,0
DA:338,0
DA:339,0
DA:342,0
DA:352,0
DA:356,0
DA:357,0
DA:363,0
DA:370,0
DA:373,0
DA:376,0
DA:382,0
DA:386,0
DA:392,0
LF:71
LH:0
BRDA:50,0,0,0
BRDA:50,0,1,0
BRDA:56,1,0,0
BRDA:56,1,1,0
BRDA:88,2,0,0
BRDA:88,2,1,0
BRDA:115,3,0,0
BRDA:115,3,1,0
BRDA:142,4,0,0
BRDA:142,4,1,0
BRDA:158,5,0,0
BRDA:158,5,1,0
BRDA:216,6,0,0
BRDA:216,6,1,0
BRDA:229,7,0,0
BRDA:229,7,1,0
BRDA:235,8,0,0
BRDA:235,8,1,0
BRDA:247,9,0,0
BRDA:247,9,1,0
BRDA:253,10,0,0
BRDA:253,10,1,0
BRDA:264,11,0,0
BRDA:264,11,1,0
BRDA:275,12,0,0
BRDA:275,12,1,0
BRDA:281,13,0,0
BRDA:281,13,1,0
BRDA:299,14,0,0
BRDA:299,14,1,0
BRDA:306,15,0,0
BRDA:306,15,1,0
BRDA:307,16,0,0
BRDA:307,16,1,0
BRDA:308,17,0,0
BRDA:308,17,1,0
BRDA:333,18,0,0
BRDA:333,18,1,0
BRDA:334,19,0,0
BRDA:334,19,1,0
BRDA:338,20,0,0
BRDA:338,20,1,0
BRDA:339,21,0,0
BRDA:339,21,1,0
BRDA:356,22,0,0
BRDA:356,22,1,0
BRDA:357,23,0,0
BRDA:357,23,1,0
BRDA:373,24,0,0
BRDA:373,24,1,0
BRDA:382,25,0,0
BRDA:382,25,1,0
BRF:52
BRH:0
end_of_record
TN:
SF:src/screens/profile-setup/PhotoUploadScreen.tsx
FN:34,PhotoUploadScreen
FN:46,(anonymous_1)
FN:48,(anonymous_2)
FN:57,(anonymous_3)
FN:58,(anonymous_4)
FN:69,(anonymous_5)
FN:92,(anonymous_6)
FN:93,(anonymous_7)
FN:93,(anonymous_8)
FN:96,(anonymous_9)
FN:116,(anonymous_10)
FN:118,(anonymous_11)
FN:119,(anonymous_12)
FN:130,(anonymous_13)
FN:143,(anonymous_14)
FN:238,(anonymous_15)
FN:242,(anonymous_16)
FN:304,(anonymous_17)
FN:315,(anonymous_18)
FN:321,(anonymous_19)
FN:384,(anonymous_20)
FN:394,(anonymous_21)
FN:418,(anonymous_22)
FNF:23
FNH:0
FNDA:0,PhotoUploadScreen
FNDA:0,(anonymous_1)
FNDA:0,(anonymous_2)
FNDA:0,(anonymous_3)
FNDA:0,(anonymous_4)
FNDA:0,(anonymous_5)
FNDA:0,(anonymous_6)
FNDA:0,(anonymous_7)
FNDA:0,(anonymous_8)
FNDA:0,(anonymous_9)
FNDA:0,(anonymous_10)
FNDA:0,(anonymous_11)
FNDA:0,(anonymous_12)
FNDA:0,(anonymous_13)
FNDA:0,(anonymous_14)
FNDA:0,(anonymous_15)
FNDA:0,(anonymous_16)
FNDA:0,(anonymous_17)
FNDA:0,(anonymous_18)
FNDA:0,(anonymous_19)
FNDA:0,(anonymous_20)
FNDA:0,(anonymous_21)
FNDA:0,(anonymous_22)
DA:35,0
DA:36,0
DA:37,0
DA:38,0
DA:39,0
DA:41,0
DA:42,0
DA:43,0
DA:46,0
DA:47,0
DA:48,0
DA:52,0
DA:57,0
DA:58,0
DA:59,0
DA:60,0
DA:61,0
DA:69,0
DA:70,0
DA:71,0
DA:79,0
DA:80,0
DA:84,0
DA:87,0
DA:88,0
DA:92,0
DA:93,0
DA:96,0
DA:97,0
DA:98,0
DA:99,0
DA:100,0
DA:101,0
DA:104,0
DA:105,0
DA:107,0
DA:109,0
DA:110,0
DA:111,0
DA:112,0
DA:116,0
DA:117,0
DA:118,0
DA:119,0
DA:122,0
DA:123,0
DA:126,0
DA:127,0
DA:129,0
DA:130,0
DA:143,0
DA:146,0
DA:148,0
DA:149,0
DA:152,0
DA:153,0
DA:159,0
DA:160,0
DA:165,0
DA:170,0
DA:173,0
DA:176,0
DA:178,0
DA:179,0
DA:180,0
DA:183,0
DA:184,0
DA:186,0
DA:187,0
DA:189,0
DA:190,0
DA:192,0
DA:193,0
DA:195,0
DA:196,0
DA:198,0
DA:199,0
DA:201,0
DA:202,0
DA:204,0
DA:210,0
DA:211,0
DA:216,0
DA:221,0
DA:223,0
DA:239,0
DA:242,0
DA:302,0
DA:304,0
DA:307,0
DA:312,0
DA:315,0
DA:319,0
DA:321,0
DA:325,0
DA:331,0
DA:339,0
DA:346,0
DA:351,0
DA:363,0
DA:369,0
DA:377,0
DA:382,0
DA:384,0
DA:388,0
DA:394,0
DA:398,0
DA:404,0
DA:409,0
DA:417,0
DA:418,0
DA:423,0
LF:112
LH:0
BRDA:47,0,0,0
BRDA:47,0,1,0
BRDA:47,1,0,0
BRDA:47,1,1,0
BRDA:60,2,0,0
BRDA:60,2,1,0
BRDA:79,3,0,0
BRDA:79,3,1,0
BRDA:79,4,0,0
BRDA:79,4,1,0
BRDA:79,4,2,0
BRDA:99,5,0,0
BRDA:99,5,1,0
BRDA:100,6,0,0
BRDA:100,6,1,0
BRDA:109,7,0,0
BRDA:109,7,1,0
BRDA:126,8,0,0
BRDA:126,8,1,0
BRDA:152,9,0,0
BRDA:152,9,1,0
BRDA:155,10,0,0
BRDA:155,10,1,0
BRDA:178,11,0,0
BRDA:178,11,1,0
BRDA:183,12,0,0
BRDA:183,12,1,0
BRDA:183,13,0,0
BRDA:183,13,1,0
BRDA:186,14,0,0
BRDA:186,14,1,0
BRDA:186,15,0,0
BRDA:186,15,1,0
BRDA:187,16,0,0
BRDA:187,16,1,0
BRDA:187,16,2,0
BRDA:187,16,3,0
BRDA:187,16,4,0
BRDA:187,16,5,0
BRDA:253,17,0,0
BRDA:253,17,1,0
BRDA:268,18,0,0
BRDA:268,18,1,0
BRDA:271,19,0,0
BRDA:271,19,1,0
BRDA:282,20,0,0
BRDA:282,20,1,0
BRDA:287,21,0,0
BRDA:287,21,1,0
BRDA:289,22,0,0
BRDA:289,22,1,0
BRDA:304,23,0,0
BRDA:304,23,1,0
BRDA:315,24,0,0
BRDA:315,24,1,0
BRDA:321,25,0,0
BRDA:321,25,1,0
BRDA:384,26,0,0
BRDA:384,26,1,0
BRDA:394,27,0,0
BRDA:394,27,1,0
BRF:61
BRH:0
end_of_record
TN:
SF:src/screens/profile-setup/PromptsSetupScreen.tsx
FN:31,PromptsSetupScreen
FN:64,(anonymous_1)
FN:67,(anonymous_2)
FN:79,(anonymous_3)
FN:80,(anonymous_4)
FN:82,(anonymous_5)
FN:87,(anonymous_6)
FN:94,(anonymous_7)
FN:99,(anonymous_8)
FN:103,(anonymous_9)
FN:104,(anonymous_10)
FN:104,(anonymous_11)
FN:107,(anonymous_12)
FN:130,(anonymous_13)
FN:163,(anonymous_14)
FN:175,(anonymous_15)
FN:192,(anonymous_16)
FN:197,(anonymous_17)
FN:201,(anonymous_18)
FN:221,(anonymous_19)
FN:222,(anonymous_20)
FN:289,(anonymous_21)
FN:327,(anonymous_22)
FN:339,(anonymous_23)
FN:350,(anonymous_24)
FN:356,(anonymous_25)
FN:374,(anonymous_26)
FN:386,(anonymous_27)
FNF:28
FNH:0
FNDA:0,PromptsSetupScreen
FNDA:0,(anonymous_1)
FNDA:0,(anonymous_2)
FNDA:0,(anonymous_3)
FNDA:0,(anonymous_4)
FNDA:0,(anonymous_5)
FNDA:0,(anonymous_6)
FNDA:0,(anonymous_7)
FNDA:0,(anonymous_8)
FNDA:0,(anonymous_9)
FNDA:0,(anonymous_10)
FNDA:0,(anonymous_11)
FNDA:0,(anonymous_12)
FNDA:0,(anonymous_13)
FNDA:0,(anonymous_14)
FNDA:0,(anonymous_15)
FNDA:0,(anonymous_16)
FNDA:0,(anonymous_17)
FNDA:0,(anonymous_18)
FNDA:0,(anonymous_19)
FNDA:0,(anonymous_20)
FNDA:0,(anonymous_21)
FNDA:0,(anonymous_22)
FNDA:0,(anonymous_23)
FNDA:0,(anonymous_24)
FNDA:0,(anonymous_25)
FNDA:0,(anonymous_26)
FNDA:0,(anonymous_27)
DA:32,0
DA:33,0
DA:34,0
DA:35,0
DA:38,0
DA:39,0
DA:42,0
DA:43,0
DA:44,0
DA:55,0
DA:58,0
DA:61,0
DA:64,0
DA:65,0
DA:67,0
DA:74,0
DA:79,0
DA:80,0
DA:81,0
DA:82,0
DA:87,0
DA:88,0
DA:89,0
DA:94,0
DA:95,0
DA:96,0
DA:99,0
DA:100,0
DA:103,0
DA:104,0
DA:107,0
DA:109,0
DA:110,0
DA:111,0
DA:115,0
DA:116,0
DA:117,0
DA:121,0
DA:122,0
DA:123,0
DA:126,0
DA:127,0
DA:130,0
DA:132,0
DA:133,0
DA:137,0
DA:139,0
DA:140,0
DA:142,0
DA:143,0
DA:144,0
DA:145,0
DA:149,0
DA:150,0
DA:151,0
DA:154,0
DA:155,0
DA:156,0
DA:159,0
DA:163,0
DA:166,0
DA:175,0
DA:178,0
DA:179,0
DA:180,0
DA:181,0
DA:184,0
DA:185,0
DA:186,0
DA:188,0
DA:192,0
DA:193,0
DA:194,0
DA:197,0
DA:198,0
DA:201,0
DA:202,0
DA:204,0
DA:205,0
DA:206,0
DA:207,0
DA:210,0
DA:212,0
DA:214,0
DA:215,0
DA:216,0
DA:217,0
DA:221,0
DA:222,0
DA:223,0
DA:233,0
DA:238,0
DA:244,0
DA:247,0
DA:249,0
DA:250,0
DA:251,0
DA:256,0
DA:260,0
DA:289,0
DA:327,0
DA:337,0
DA:339,0
DA:342,0
DA:347,0
DA:350,0
DA:354,0
DA:356,0
DA:360,0
DA:368,0
DA:374,0
DA:378,0
DA:384,0
DA:386,0
LF:114
LH:0
BRDA:65,0,0,0
BRDA:65,0,1,0
BRDA:65,1,0,0
BRDA:65,1,1,0
BRDA:88,2,0,0
BRDA:88,2,1,0
BRDA:109,3,0,0
BRDA:109,3,1,0
BRDA:115,4,0,0
BRDA:115,4,1,0
BRDA:115,5,0,0
BRDA:115,5,1,0
BRDA:121,6,0,0
BRDA:121,6,1,0
BRDA:121,7,0,0
BRDA:121,7,1,0
BRDA:132,8,0,0
BRDA:132,8,1,0
BRDA:142,9,0,0
BRDA:142,9,1,0
BRDA:150,10,0,0
BRDA:150,10,1,0
BRDA:163,11,0,0
BRDA:163,11,1,0
BRDA:180,12,0,0
BRDA:180,12,1,0
BRDA:184,13,0,0
BRDA:184,13,1,0
BRDA:205,14,0,0
BRDA:205,14,1,0
BRDA:206,15,0,0
BRDA:206,15,1,0
BRDA:214,16,0,0
BRDA:214,16,1,0
BRDA:226,17,0,0
BRDA:226,17,1,0
BRDA:227,18,0,0
BRDA:227,18,1,0
BRDA:228,19,0,0
BRDA:228,19,1,0
BRDA:249,20,0,0
BRDA:249,20,1,0
BRDA:282,21,0,0
BRDA:282,21,1,0
BRDA:304,22,0,0
BRDA:304,22,1,0
BRDA:308,23,0,0
BRDA:308,23,1,0
BRDA:311,24,0,0
BRDA:311,24,1,0
BRDA:311,25,0,0
BRDA:311,25,1,0
BRDA:319,26,0,0
BRDA:319,26,1,0
BRDA:339,27,0,0
BRDA:339,27,1,0
BRDA:350,28,0,0
BRDA:350,28,1,0
BRDA:356,29,0,0
BRDA:356,29,1,0
BRDA:374,30,0,0
BRDA:374,30,1,0
BRDA:386,31,0,0
BRDA:386,31,1,0
BRF:64
BRH:0
end_of_record
TN:
SF:src/screens/profile-setup/utils/validation.ts
FN:45,validatePersonalInfo
FN:102,validatePhotoUpload
FN:121,validatePromptAnswers
FN:131,(anonymous_3)
FNF:4
FNH:0
FNDA:0,validatePersonalInfo
FNDA:0,validatePhotoUpload
FNDA:0,validatePromptAnswers
FNDA:0,(anonymous_3)
DA:46,0
DA:53,0
DA:56,0
DA:57,0
DA:58,0
DA:62,0
DA:63,0
DA:64,0
DA:66,0
DA:67,0
DA:68,0
DA:69,0
DA:70,0
DA:71,0
DA:72,0
DA:73,0
DA:74,0
DA:75,0
DA:80,0
DA:81,0
DA:82,0
DA:86,0
DA:87,0
DA:88,0
DA:91,0
DA:103,0
DA:104,0
DA:110,0
DA:123,0
DA:124,0
DA:131,0
DA:132,0
DA:133,0
DA:139,0
LF:34
LH:0
BRDA:56,0,0,0
BRDA:56,0,1,0
BRDA:62,1,0,0
BRDA:62,1,1,0
BRDA:67,2,0,0
BRDA:67,2,1,0
BRDA:70,3,0,0
BRDA:70,3,1,0
BRDA:73,4,0,0
BRDA:73,4,1,0
BRDA:80,5,0,0
BRDA:80,5,1,0
BRDA:86,6,0,0
BRDA:86,6,1,0
BRDA:103,7,0,0
BRDA:103,7,1,0
BRDA:123,8,0,0
BRDA:123,8,1,0
BRDA:132,9,0,0
BRDA:132,9,1,0
BRF:20
BRH:0
end_of_record
TN:
SF:src/services/chat.ts
FN:18,isTestUser
FN:23,getOtherTestUserId
FN:30,initializeTestChat
FN:71,getUserChats
FN:81,(anonymous_4)
FN:92,(anonymous_5)
FN:120,sendMessage
FN:174,subscribeToMessages
FN:181,(anonymous_8)
FN:183,(anonymous_9)
FN:205,(anonymous_10)
FN:213,markMessagesAsRead
FN:232,(anonymous_12)
FN:254,markMessagesAsDelivered
FN:270,(anonymous_14)
FN:281,toggleReactionOnMessage
FN:304,(anonymous_16)
FN:306,(anonymous_17)
FN:315,(anonymous_18)
FN:331,cleanupTestChat
FN:340,(anonymous_20)
FNF:21
FNH:0
FNDA:0,isTestUser
FNDA:0,getOtherTestUserId
FNDA:0,initializeTestChat
FNDA:0,getUserChats
FNDA:0,(anonymous_4)
FNDA:0,(anonymous_5)
FNDA:0,sendMessage
FNDA:0,subscribeToMessages
FNDA:0,(anonymous_8)
FNDA:0,(anonymous_9)
FNDA:0,(anonymous_10)
FNDA:0,markMessagesAsRead
FNDA:0,(anonymous_12)
FNDA:0,markMessagesAsDelivered
FNDA:0,(anonymous_14)
FNDA:0,toggleReactionOnMessage
FNDA:0,(anonymous_16)
FNDA:0,(anonymous_17)
FNDA:0,(anonymous_18)
FNDA:0,cleanupTestChat
FNDA:0,(anonymous_20)
DA:7,0
DA:8,0
DA:9,0
DA:13,0
DA:19,0
DA:20,0
DA:24,0
DA:25,0
DA:26,0
DA:27,0
DA:31,0
DA:32,0
DA:33,0
DA:34,0
DA:35,0
DA:36,0
DA:39,0
DA:40,0
DA:42,0
DA:43,0
DA:51,0
DA:52,0
DA:59,0
DA:60,0
DA:62,0
DA:64,0
DA:66,0
DA:67,0
DA:72,0
DA:73,0
DA:74,0
DA:76,0
DA:77,0
DA:78,0
DA:80,0
DA:81,0
DA:82,0
DA:83,0
DA:92,0
DA:93,0
DA:94,0
DA:95,0
DA:96,0
DA:97,0
DA:98,0
DA:108,0
DA:110,0
DA:111,0
DA:124,0
DA:125,0
DA:126,0
DA:127,0
DA:128,0
DA:131,0
DA:132,0
DA:133,0
DA:135,0
DA:136,0
DA:137,0
DA:140,0
DA:141,0
DA:143,0
DA:151,0
DA:152,0
DA:153,0
DA:155,0
DA:163,0
DA:167,0
DA:169,0
DA:170,0
DA:178,0
DA:179,0
DA:181,0
DA:182,0
DA:183,0
DA:184,0
DA:185,0
DA:204,0
DA:206,0
DA:207,0
DA:209,0
DA:214,0
DA:215,0
DA:216,0
DA:218,0
DA:220,0
DA:228,0
DA:229,0
DA:230,0
DA:232,0
DA:233,0
DA:234,0
DA:235,0
DA:236,0
DA:240,0
DA:244,0
DA:245,0
DA:247,0
DA:249,0
DA:250,0
DA:255,0
DA:256,0
DA:257,0
DA:259,0
DA:260,0
DA:266,0
DA:267,0
DA:269,0
DA:270,0
DA:271,0
DA:273,0
DA:274,0
DA:276,0
DA:277,0
DA:287,0
DA:288,0
DA:289,0
DA:290,0
DA:292,0
DA:293,0
DA:295,0
DA:296,0
DA:297,0
DA:300,0
DA:301,0
DA:304,0
DA:305,0
DA:306,0
DA:307,0
DA:308,0
DA:314,0
DA:315,0
DA:316,0
DA:317,0
DA:320,0
DA:323,0
DA:324,0
DA:326,0
DA:327,0
DA:332,0
DA:333,0
DA:334,0
DA:336,0
DA:337,0
DA:338,0
DA:339,0
DA:340,0
DA:341,0
DA:342,0
DA:343,0
DA:344,0
DA:345,0
DA:347,0
DA:348,0
LF:154
LH:0
BRDA:20,0,0,0
BRDA:20,0,1,0
BRDA:25,1,0,0
BRDA:25,1,1,0
BRDA:26,2,0,0
BRDA:26,2,1,0
BRDA:32,3,0,0
BRDA:32,3,1,0
BRDA:34,4,0,0
BRDA:34,4,1,0
BRDA:42,5,0,0
BRDA:42,5,1,0
BRDA:74,6,0,0
BRDA:74,6,1,0
BRDA:88,7,0,0
BRDA:88,7,1,0
BRDA:92,8,0,0
BRDA:92,8,1,0
BRDA:92,9,0,0
BRDA:92,9,1,0
BRDA:94,10,0,0
BRDA:94,10,1,0
BRDA:96,11,0,0
BRDA:96,11,1,0
BRDA:126,12,0,0
BRDA:126,12,1,0
BRDA:126,13,0,0
BRDA:126,13,1,0
BRDA:131,14,0,0
BRDA:131,14,1,0
BRDA:131,15,0,0
BRDA:131,15,1,0
BRDA:131,15,2,0
BRDA:131,15,3,0
BRDA:135,16,0,0
BRDA:135,16,1,0
BRDA:135,17,0,0
BRDA:135,17,1,0
BRDA:135,17,2,0
BRDA:146,18,0,0
BRDA:146,18,1,0
BRDA:160,19,0,0
BRDA:160,19,1,0
BRDA:188,20,0,0
BRDA:188,20,1,0
BRDA:189,21,0,0
BRDA:189,21,1,0
BRDA:195,22,0,0
BRDA:195,22,1,0
BRDA:197,23,0,0
BRDA:197,23,1,0
BRDA:200,24,0,0
BRDA:200,24,1,0
BRDA:216,25,0,0
BRDA:216,25,1,0
BRDA:216,26,0,0
BRDA:216,26,1,0
BRDA:234,27,0,0
BRDA:234,27,1,0
BRDA:235,28,0,0
BRDA:235,28,1,0
BRDA:244,29,0,0
BRDA:244,29,1,0
BRDA:257,30,0,0
BRDA:257,30,1,0
BRDA:257,31,0,0
BRDA:257,31,1,0
BRDA:267,32,0,0
BRDA:267,32,1,0
BRDA:288,33,0,0
BRDA:288,33,1,0
BRDA:288,34,0,0
BRDA:288,34,1,0
BRDA:288,34,2,0
BRDA:288,34,3,0
BRDA:295,35,0,0
BRDA:295,35,1,0
BRDA:301,36,0,0
BRDA:301,36,1,0
BRDA:305,37,0,0
BRDA:305,37,1,0
BRDA:307,38,0,0
BRDA:307,38,1,0
BRDA:314,39,0,0
BRDA:314,39,1,0
BRDA:314,40,0,0
BRDA:314,40,1,0
BRDA:316,41,0,0
BRDA:316,41,1,0
BRDA:320,42,0,0
BRDA:320,42,1,0
BRDA:332,43,0,0
BRDA:332,43,1,0
BRF:93
BRH:0
end_of_record
TN:
SF:src/services/chatService.ts
FN:16,isTestUser
FN:21,getOtherTestUserId
FN:28,initializeTestChat
FN:69,getUserChats
FN:79,(anonymous_4)
FN:91,(anonymous_5)
FN:119,sendMessage
FN:157,(anonymous_7)
FN:192,subscribeToMessages
FN:199,(anonymous_9)
FN:200,(anonymous_10)
FN:233,(anonymous_11)
FN:240,markMessagesAsRead
FN:255,(anonymous_13)
FN:274,markMessagesAsDelivered
FN:289,(anonymous_15)
FN:298,toggleReactionOnMessage
FN:324,(anonymous_17)
FN:344,cleanupTestChat
FN:353,(anonymous_19)
FNF:20
FNH:0
FNDA:0,isTestUser
FNDA:0,getOtherTestUserId
FNDA:0,initializeTestChat
FNDA:0,getUserChats
FNDA:0,(anonymous_4)
FNDA:0,(anonymous_5)
FNDA:0,sendMessage
FNDA:0,(anonymous_7)
FNDA:0,subscribeToMessages
FNDA:0,(anonymous_9)
FNDA:0,(anonymous_10)
FNDA:0,(anonymous_11)
FNDA:0,markMessagesAsRead
FNDA:0,(anonymous_13)
FNDA:0,markMessagesAsDelivered
FNDA:0,(anonymous_15)
FNDA:0,toggleReactionOnMessage
FNDA:0,(anonymous_17)
FNDA:0,cleanupTestChat
FNDA:0,(anonymous_19)
DA:6,0
DA:7,0
DA:8,0
DA:12,0
DA:17,0
DA:18,0
DA:22,0
DA:23,0
DA:24,0
DA:25,0
DA:29,0
DA:30,0
DA:31,0
DA:32,0
DA:33,0
DA:34,0
DA:37,0
DA:38,0
DA:40,0
DA:41,0
DA:49,0
DA:50,0
DA:57,0
DA:58,0
DA:60,0
DA:62,0
DA:64,0
DA:65,0
DA:70,0
DA:71,0
DA:72,0
DA:74,0
DA:75,0
DA:76,0
DA:78,0
DA:79,0
DA:80,0
DA:81,0
DA:91,0
DA:92,0
DA:93,0
DA:94,0
DA:95,0
DA:96,0
DA:97,0
DA:108,0
DA:110,0
DA:111,0
DA:123,0
DA:124,0
DA:125,0
DA:126,0
DA:127,0
DA:130,0
DA:131,0
DA:132,0
DA:134,0
DA:135,0
DA:136,0
DA:139,0
DA:140,0
DA:142,0
DA:151,0
DA:152,0
DA:153,0
DA:154,0
DA:155,0
DA:156,0
DA:157,0
DA:159,0
DA:160,0
DA:161,0
DA:162,0
DA:165,0
DA:167,0
DA:168,0
DA:170,0
DA:178,0
DA:182,0
DA:184,0
DA:185,0
DA:186,0
DA:188,0
DA:196,0
DA:197,0
DA:199,0
DA:200,0
DA:201,0
DA:205,0
DA:206,0
DA:209,0
DA:210,0
DA:213,0
DA:232,0
DA:234,0
DA:235,0
DA:237,0
DA:241,0
DA:242,0
DA:243,0
DA:245,0
DA:246,0
DA:251,0
DA:252,0
DA:253,0
DA:255,0
DA:256,0
DA:257,0
DA:258,0
DA:259,0
DA:260,0
DA:264,0
DA:265,0
DA:267,0
DA:269,0
DA:270,0
DA:275,0
DA:276,0
DA:277,0
DA:279,0
DA:280,0
DA:285,0
DA:286,0
DA:288,0
DA:289,0
DA:290,0
DA:291,0
DA:293,0
DA:294,0
DA:304,0
DA:305,0
DA:306,0
DA:307,0
DA:309,0
DA:310,0
DA:312,0
DA:313,0
DA:314,0
DA:317,0
DA:318,0
DA:320,0
DA:321,0
DA:322,0
DA:323,0
DA:324,0
DA:325,0
DA:326,0
DA:328,0
DA:332,0
DA:333,0
DA:336,0
DA:337,0
DA:339,0
DA:340,0
DA:345,0
DA:346,0
DA:347,0
DA:349,0
DA:350,0
DA:351,0
DA:352,0
DA:353,0
DA:354,0
DA:355,0
DA:356,0
DA:357,0
DA:358,0
DA:360,0
DA:361,0
LF:169
LH:0
BRDA:18,0,0,0
BRDA:18,0,1,0
BRDA:23,1,0,0
BRDA:23,1,1,0
BRDA:24,2,0,0
BRDA:24,2,1,0
BRDA:30,3,0,0
BRDA:30,3,1,0
BRDA:32,4,0,0
BRDA:32,4,1,0
BRDA:40,5,0,0
BRDA:40,5,1,0
BRDA:72,6,0,0
BRDA:72,6,1,0
BRDA:83,7,0,0
BRDA:83,7,1,0
BRDA:84,8,0,0
BRDA:84,8,1,0
BRDA:86,9,0,0
BRDA:86,9,1,0
BRDA:91,10,0,0
BRDA:91,10,1,0
BRDA:91,11,0,0
BRDA:91,11,1,0
BRDA:93,12,0,0
BRDA:93,12,1,0
BRDA:95,13,0,0
BRDA:95,13,1,0
BRDA:99,14,0,0
BRDA:99,14,1,0
BRDA:100,15,0,0
BRDA:100,15,1,0
BRDA:125,16,0,0
BRDA:125,16,1,0
BRDA:125,17,0,0
BRDA:125,17,1,0
BRDA:130,18,0,0
BRDA:130,18,1,0
BRDA:130,19,0,0
BRDA:130,19,1,0
BRDA:130,19,2,0
BRDA:130,19,3,0
BRDA:134,20,0,0
BRDA:134,20,1,0
BRDA:134,21,0,0
BRDA:134,21,1,0
BRDA:134,21,2,0
BRDA:144,22,0,0
BRDA:144,22,1,0
BRDA:151,23,0,0
BRDA:151,23,1,0
BRDA:152,24,0,0
BRDA:152,24,1,0
BRDA:153,25,0,0
BRDA:153,25,1,0
BRDA:154,26,0,0
BRDA:154,26,1,0
BRDA:155,27,0,0
BRDA:155,27,1,0
BRDA:156,28,0,0
BRDA:156,28,1,0
BRDA:156,29,0,0
BRDA:156,29,1,0
BRDA:159,30,0,0
BRDA:159,30,1,0
BRDA:160,31,0,0
BRDA:160,31,1,0
BRDA:161,32,0,0
BRDA:161,32,1,0
BRDA:175,33,0,0
BRDA:175,33,1,0
BRDA:185,34,0,0
BRDA:185,34,1,0
BRDA:185,35,0,0
BRDA:185,35,1,0
BRDA:185,35,2,0
BRDA:205,36,0,0
BRDA:205,36,1,0
BRDA:205,37,0,0
BRDA:205,37,1,0
BRDA:216,38,0,0
BRDA:216,38,1,0
BRDA:217,39,0,0
BRDA:217,39,1,0
BRDA:226,40,0,0
BRDA:226,40,1,0
BRDA:228,41,0,0
BRDA:228,41,1,0
BRDA:229,42,0,0
BRDA:229,42,1,0
BRDA:243,43,0,0
BRDA:243,43,1,0
BRDA:243,44,0,0
BRDA:243,44,1,0
BRDA:257,45,0,0
BRDA:257,45,1,0
BRDA:257,46,0,0
BRDA:257,46,1,0
BRDA:258,47,0,0
BRDA:258,47,1,0
BRDA:264,48,0,0
BRDA:264,48,1,0
BRDA:277,49,0,0
BRDA:277,49,1,0
BRDA:277,50,0,0
BRDA:277,50,1,0
BRDA:286,51,0,0
BRDA:286,51,1,0
BRDA:305,52,0,0
BRDA:305,52,1,0
BRDA:305,53,0,0
BRDA:305,53,1,0
BRDA:305,53,2,0
BRDA:305,53,3,0
BRDA:312,54,0,0
BRDA:312,54,1,0
BRDA:318,55,0,0
BRDA:318,55,1,0
BRDA:322,56,0,0
BRDA:322,56,1,0
BRDA:325,57,0,0
BRDA:325,57,1,0
BRDA:332,58,0,0
BRDA:332,58,1,0
BRDA:333,59,0,0
BRDA:333,59,1,0
BRDA:345,60,0,0
BRDA:345,60,1,0
BRF:128
BRH:0
end_of_record
TN:
SF:src/services/firebase.ts
FNF:0
FNH:0
DA:10,0
DA:22,0
DA:24,0
DA:25,0
DA:27,0
DA:29,0
DA:33,0
DA:38,0
DA:44,0
DA:49,0
DA:51,0
DA:52,0
DA:53,0
DA:56,0
DA:59,0
DA:60,0
DA:61,0
DA:64,0
DA:66,0
DA:68,0
DA:69,0
DA:71,0
DA:74,0
LF:23
LH:0
BRDA:24,0,0,0
BRDA:24,0,1,0
BRDA:56,1,0,0
BRDA:56,1,1,0
BRDA:59,2,0,0
BRDA:59,2,1,0
BRDA:59,3,0,0
BRDA:59,3,1,0
BRF:8
BRH:0
end_of_record
TN:
SF:src/services/profileService.ts
FN:56,(anonymous_0)
FN:81,(anonymous_1)
FN:103,(anonymous_2)
FN:125,(anonymous_3)
FN:156,(anonymous_4)
FNF:5
FNH:0
FNDA:0,(anonymous_0)
FNDA:0,(anonymous_1)
FNDA:0,(anonymous_2)
FNDA:0,(anonymous_3)
FNDA:0,(anonymous_4)
DA:56,0
DA:57,0
DA:58,0
DA:61,0
DA:68,0
DA:69,0
DA:71,0
DA:72,0
DA:81,0
DA:82,0
DA:83,0
DA:84,0
DA:86,0
DA:87,0
DA:90,0
DA:92,0
DA:93,0
DA:103,0
DA:107,0
DA:108,0
DA:110,0
DA:115,0
DA:116,0
DA:125,0
DA:126,0
DA:128,0
DA:131,0
DA:132,0
DA:136,0
DA:143,0
DA:145,0
DA:148,0
DA:156,0
DA:157,0
DA:158,0
DA:159,0
DA:162,0
DA:163,0
DA:166,0
DA:168,0
DA:169,0
LF:41
LH:0
BRDA:86,0,0,0
BRDA:86,0,1,0
BRDA:126,1,0,0
BRDA:126,1,1,0
BRDA:131,2,0,0
BRDA:131,2,1,0
BRDA:132,3,0,0
BRDA:132,3,1,0
BRDA:137,4,0,0
BRDA:137,4,1,0
BRDA:137,4,2,0
BRDA:148,5,0,0
BRDA:148,5,1,0
BRDA:162,6,0,0
BRDA:162,6,1,0
BRDA:162,7,0,0
BRDA:162,7,1,0
BRF:17
BRH:0
end_of_record
TN:
SF:src/services/storage.ts
FN:11,(anonymous_0)
FN:38,(anonymous_1)
FN:65,(anonymous_2)
FN:81,(anonymous_3)
FN:102,(anonymous_4)
FNF:5
FNH:0
FNDA:0,(anonymous_0)
FNDA:0,(anonymous_1)
FNDA:0,(anonymous_2)
FNDA:0,(anonymous_3)
FNDA:0,(anonymous_4)
DA:11,0
DA:12,0
DA:14,0
DA:15,0
DA:18,0
DA:21,0
DA:24,0
DA:26,0
DA:28,0
DA:29,0
DA:38,0
DA:39,0
DA:42,0
DA:43,0
DA:47,0
DA:48,0
DA:52,0
DA:53,0
DA:58,0
DA:65,0
DA:66,0
DA:67,0
DA:68,0
DA:70,0
DA:71,0
DA:81,0
DA:82,0
DA:83,0
DA:89,0
DA:90,0
DA:92,0
DA:93,0
DA:102,0
DA:103,0
DA:104,0
DA:105,0
DA:107,0
DA:108,0
LF:38
LH:0
BRDA:39,0,0,0
BRDA:39,0,1,0
BRDA:42,1,0,0
BRDA:42,1,1,0
BRDA:47,2,0,0
BRDA:47,2,1,0
BRDA:52,3,0,0
BRDA:52,3,1,0
BRF:8
BRH:0
end_of_record
TN:
SF:src/services/testChatInitializer.ts
FN:11,initializeTestChatSystem
FN:13,(anonymous_1)
FN:37,isFeatureEnabled
FNF:3
FNH:0
FNDA:0,initializeTestChatSystem
FNDA:0,(anonymous_1)
FNDA:0,isFeatureEnabled
DA:13,0
DA:14,0
DA:15,0
DA:16,0
DA:17,0
DA:18,0
DA:19,0
DA:21,0
DA:24,0
DA:30,0
DA:38,0
DA:41,0
DA:45,0
LF:13
LH:0
BRDA:14,0,0,0
BRDA:14,0,1,0
BRDA:14,1,0,0
BRDA:14,1,1,0
BRDA:18,2,0,0
BRDA:18,2,1,0
BRDA:38,3,0,0
BRDA:38,3,1,0
BRF:8
BRH:0
end_of_record
TN:
SF:src/store/index.ts
FN:8,(anonymous_0)
FNF:1
FNH:0
FNDA:0,(anonymous_0)
DA:4,0
DA:9,0
LF:2
LH:0
BRF:0
BRH:0
end_of_record
TN:
SF:src/store/likesSlice.ts
FN:18,(anonymous_0)
FN:27,(anonymous_1)
FN:45,(anonymous_2)
FN:48,(anonymous_3)
FN:52,(anonymous_4)
FN:54,(anonymous_5)
FN:58,(anonymous_6)
FN:62,(anonymous_7)
FNF:8
FNH:0
FNDA:0,(anonymous_0)
FNDA:0,(anonymous_1)
FNDA:0,(anonymous_2)
FNDA:0,(anonymous_3)
FNDA:0,(anonymous_4)
FNDA:0,(anonymous_5)
FNDA:0,(anonymous_6)
FNDA:0,(anonymous_7)
DA:11,0
DA:18,0
DA:19,0
DA:20,0
DA:21,0
DA:25,0
DA:28,0
DA:29,0
DA:30,0
DA:36,0
DA:37,0
DA:41,0
DA:46,0
DA:49,0
DA:53,0
DA:55,0
DA:56,0
DA:59,0
DA:60,0
DA:63,0
DA:64,0
DA:69,0
LF:22
LH:0
BRDA:64,0,0,0
BRDA:64,0,1,0
BRF:2
BRH:0
end_of_record
TN:
SF:src/theme/ThemeContext.tsx
FN:55,(anonymous_0)
FN:60,ThemeProvider
FN:65,(anonymous_2)
FN:70,(anonymous_3)
FN:83,useTheme
FNF:5
FNH:0
FNDA:0,(anonymous_0)
FNDA:0,ThemeProvider
FNDA:0,(anonymous_2)
FNDA:0,(anonymous_3)
FNDA:0,useTheme
DA:24,0
DA:38,0
DA:53,0
DA:61,0
DA:62,0
DA:65,0
DA:66,0
DA:70,0
DA:73,0
DA:79,0
DA:84,0
DA:85,0
DA:86,0
DA:88,0
LF:14
LH:0
BRDA:76,0,0,0
BRDA:76,0,1,0
BRDA:85,1,0,0
BRDA:85,1,1,0
BRF:4
BRH:0
end_of_record
TN:
SF:src/types/chat.ts
FNF:0
FNH:0
LF:0
LH:0
BRF:0
BRH:0
end_of_record
TN:
SF:src/types/message.ts
FNF:0
FNH:0
LF:0
LH:0
BRF:0
BRH:0
end_of_record
TN:
SF:src/types/navigation.ts
FNF:0
FNH:0
LF:0
LH:0
BRF:0
BRH:0
end_of_record
TN:
SF:src/utils/animated-components.tsx
FN:13,(anonymous_0)
FNF:1
FNH:0
FNDA:0,(anonymous_0)
DA:13,0
DA:14,0
DA:24,0
LF:3
LH:0
BRDA:13,0,0,0
BRF:1
BRH:0
end_of_record
TN:
SF:src/utils/file-utils.ts
FN:8,getExtension
FN:17,getMimeType
FN:53,base64ToBlob
FN:75,getReadableFileSize
FN:88,sanitizeFilename
FNF:5
FNH:0
FNDA:0,getExtension
FNDA:0,getMimeType
FNDA:0,base64ToBlob
FNDA:0,getReadableFileSize
FNDA:0,sanitizeFilename
DA:9,0
DA:10,0
DA:11,0
DA:18,0
DA:19,0
DA:47,0
DA:54,0
DA:55,0
DA:57,0
DA:58,0
DA:60,0
DA:61,0
DA:62,0
DA:65,0
DA:66,0
DA:69,0
DA:76,0
DA:78,0
DA:79,0
DA:80,0
DA:82,0
DA:90,0
LF:22
LH:0
BRDA:9,0,0,0
BRDA:9,0,1,0
BRDA:11,1,0,0
BRDA:11,1,1,0
BRDA:11,2,0,0
BRDA:11,2,1,0
BRDA:47,3,0,0
BRDA:47,3,1,0
BRDA:76,4,0,0
BRDA:76,4,1,0
BRF:10
BRH:0
end_of_record
TN:
SF:src/utils/storage-test.ts
FN:10,(anonymous_0)
FN:92,(anonymous_1)
FNF:2
FNH:0
FNDA:0,(anonymous_0)
FNDA:0,(anonymous_1)
DA:10,0
DA:11,0
DA:12,0
DA:14,0
DA:15,0
DA:16,0
DA:18,0
DA:19,0
DA:21,0
DA:22,0
DA:25,0
DA:28,0
DA:33,0
DA:37,0
DA:40,0
DA:41,0
DA:42,0
DA:46,0
DA:47,0
DA:49,0
DA:52,0
DA:62,0
DA:65,0
DA:66,0
DA:67,0
DA:69,0
DA:80,0
DA:81,0
DA:82,0
DA:84,0
DA:85,0
DA:92,0
DA:93,0
DA:95,0
DA:96,0
DA:98,0
DA:99,0
DA:100,0
DA:102,0
DA:103,0
LF:40
LH:0
BRDA:14,0,0,0
BRDA:14,0,1,0
BRDA:21,1,0,0
BRDA:21,1,1,0
BRDA:41,2,0,0
BRDA:41,2,1,0
BRF:6
BRH:0
end_of_record
TN:
SF:src/utils/styled-components.ts
FNF:0
FNH:0
LF:0
LH:0
BRF:0
BRH:0
end_of_record
TN:
SF:src/utils/upload-service.ts
FN:27,(anonymous_0)
FN:157,(anonymous_1)
FN:167,(anonymous_2)
FNF:3
FNH:0
FNDA:0,(anonymous_0)
FNDA:0,(anonymous_1)
FNDA:0,(anonymous_2)
DA:27,0
DA:37,0
DA:40,0
DA:41,0
DA:42,0
DA:45,0
DA:46,0
DA:47,0
DA:48,0
DA:50,0
DA:51,0
DA:52,0
DA:57,0
DA:60,0
DA:61,0
DA:62,0
DA:63,0
DA:66,0
DA:67,0
DA:68,0
DA:73,0
DA:74,0
DA:76,0
DA:78,0
DA:83,0
DA:86,0
DA:87,0
DA:88,0
DA:90,0
DA:91,0
DA:95,0
DA:96,0
DA:97,0
DA:99,0
DA:100,0
DA:103,0
DA:115,0
DA:116,0
DA:118,0
DA:119,0
DA:123,0
DA:124,0
DA:125,0
DA:127,0
DA:128,0
DA:139,0
DA:143,0
DA:144,0
DA:145,0
DA:147,0
DA:149,0
DA:150,0
DA:151,0
DA:155,0
DA:156,0
DA:157,0
DA:161,0
DA:167,0
DA:172,0
DA:173,0
DA:175,0
DA:176,0
DA:177,0
DA:186,0
DA:189,0
DA:190,0
DA:193,0
DA:194,0
DA:195,0
DA:199,0
LF:70
LH:0
BRDA:33,0,0,0
BRDA:35,1,0,0
BRDA:36,2,0,0
BRDA:40,3,0,0
BRDA:40,3,1,0
BRDA:42,4,0,0
BRDA:42,4,1,0
BRDA:42,4,2,0
BRDA:47,5,0,0
BRDA:47,5,1,0
BRDA:53,6,0,0
BRDA:53,6,1,0
BRDA:62,7,0,0
BRDA:62,7,1,0
BRDA:67,8,0,0
BRDA:67,8,1,0
BRDA:73,9,0,0
BRDA:73,9,1,0
BRDA:87,10,0,0
BRDA:87,10,1,0
BRDA:90,11,0,0
BRDA:90,11,1,0
BRDA:149,12,0,0
BRDA:149,12,1,0
BRDA:189,13,0,0
BRDA:189,13,1,0
BRDA:194,14,0,0
BRDA:194,14,1,0
BRF:28
BRH:0
end_of_record
TN:
SF:src/utils/useAppTheme.ts
FN:9,useAppTheme
FNF:1
FNH:0
FNDA:0,useAppTheme
DA:10,0
DA:12,0
DA:13,0
DA:17,0
LF:4
LH:0
BRDA:12,0,0,0
BRDA:12,0,1,0
BRF:2
BRH:0
end_of_record
TN:
SF:src/utils/styled-components/types.ts
FNF:0
FNH:0
LF:0
LH:0
BRF:0
BRH:0
end_of_record
